loading dataset:  adult
select races:  ['White', 'Black', 'Asian-Pac-Islander']
loading dataset:  adult
select races:  ['White', 'Black', 'Asian-Pac-Islander']
loading dataset:  adult
select races:  ['White', 'Black', 'Asian-Pac-Islander']
loading dataset:  adult
select races:  ['White', 'Black', 'Asian-Pac-Islander']
loading dataset:  adult
select races:  ['White', 'Black', 'Asian-Pac-Islander']
batch_gamma_0.bash: line 11: --seed: command not found
loading dataset:  adult
select races:  ['White', 'Black', 'Asian-Pac-Islander']
loading dataset:  adult
select races:  ['White', 'Black', 'Asian-Pac-Islander']
loading dataset:  law
select races:  ['White', 'Black', 'Asian']
loading dataset:  law
select races:  ['White', 'Black', 'Asian']
loading dataset:  law
select races:  ['White', 'Black', 'Asian']
loading dataset:  law
select races:  ['White', 'Black', 'Asian']
loading dataset:  law
select races:  ['White', 'Black', 'Asian']
loading dataset:  law
select races:  ['White', 'Black', 'Asian']
loading dataset:  law
select races:  ['White', 'Black', 'Asian']
loading dataset:  law
select races:  ['White', 'Black', 'Asian']
loading dataset:  law
select races:  ['White', 'Black', 'Asian']
loading dataset:  law
select races:  ['White', 'Black', 'Asian']
loading dataset:  law
select races:  ['White', 'Black', 'Asian']
loading dataset:  law
select races:  ['White', 'Black', 'Asian']
loading dataset:  law
select races:  ['White', 'Black', 'Asian']
loading dataset:  law
select races:  ['White', 'Black', 'Asian']
loading dataset:  law
select races:  ['White', 'Black', 'Asian']
loading dataset:  law
select races:  ['White', 'Black', 'Asian']
loading dataset:  law
select races:  ['White', 'Black', 'Asian']
loading dataset:  law
select races:  ['White', 'Black', 'Asian']
loading dataset:  law
select races:  ['White', 'Black', 'Asian']
loading dataset:  law
select races:  ['White', 'Black', 'Asian']
loading dataset:  law
select races:  ['White', 'Black', 'Asian']
loading dataset:  law
select races:  ['White', 'Black', 'Asian']
loading dataset:  law
select races:  ['White', 'Black', 'Asian']
loading dataset:  law
select races:  ['White', 'Black', 'Asian']
loading dataset:  law
select races:  ['White', 'Black', 'Asian']
loading dataset:  adult
select races:  ['White', 'Black', 'Asian-Pac-Islander']
loading dataset:  law
select races:  ['White', 'Black', 'Asian']
loading dataset:  law
select races:  ['White', 'Black', 'Asian']
loading dataset:  adult
select races:  ['White', 'Black', 'Asian-Pac-Islander']
loading dataset:  adult
select races:  ['White', 'Black', 'Asian-Pac-Islander']
loading dataset:  adult
select races:  ['White', 'Black', 'Asian-Pac-Islander']
loading dataset:  adult
select races:  ['White', 'Black', 'Asian-Pac-Islander']
loading dataset:  law
select races:  ['White', 'Black', 'Asian']
loading dataset:  law
select races:  ['White', 'Black', 'Asian']
loading dataset:  law
select races:  ['White', 'Black', 'Asian']
loading dataset:  law
select races:  ['White', 'Black', 'Asian']
loading dataset:  adult
select races:  ['White', 'Black', 'Asian-Pac-Islander']
loading dataset:  adult
select races:  ['White', 'Black', 'Asian-Pac-Islander']
loading dataset:  adult
select races:  ['White', 'Black', 'Asian-Pac-Islander']
loading dataset:  adult
select races:  ['White', 'Black', 'Asian-Pac-Islander']
loading dataset:  adult
select races:  ['White', 'Black', 'Asian-Pac-Islander']
loading dataset:  adult
select races:  ['White', 'Black', 'Asian-Pac-Islander']
loading dataset:  adult
select races:  ['White', 'Black', 'Asian-Pac-Islander']
loading dataset:  adult
select races:  ['White', 'Black', 'Asian-Pac-Islander']
loading dataset:  adult
select races:  ['White', 'Black', 'Asian-Pac-Islander']
loading dataset:  adult
select races:  ['White', 'Black', 'Asian-Pac-Islander']
loading dataset:  adult
select races:  ['White', 'Black', 'Asian-Pac-Islander']
loading dataset:  adult
select races:  ['White', 'Black', 'Asian-Pac-Islander']
loading dataset:  adult
select races:  ['White', 'Black', 'Asian-Pac-Islander']
loading dataset:  adult
select races:  ['White', 'Black', 'Asian-Pac-Islander']
loading dataset:  adult
select races:  ['White', 'Black', 'Asian-Pac-Islander']
loading dataset:  adult
select races:  ['White', 'Black', 'Asian-Pac-Islander']
loading dataset:  adult
select races:  ['White', 'Black', 'Asian-Pac-Islander']
loading dataset:  adult
select races:  ['White', 'Black', 'Asian-Pac-Islander']
loading dataset:  adult
select races:  ['White', 'Black', 'Asian-Pac-Islander']
loading dataset:  adult
select races:  ['White', 'Black', 'Asian-Pac-Islander']
loading dataset:  adult
select races:  ['White', 'Black', 'Asian-Pac-Islander']
loading dataset:  adult
select races:  ['White', 'Black', 'Asian-Pac-Islander']
loading dataset:  adult
select races:  ['White', 'Black', 'Asian-Pac-Islander']
loading dataset:  adult
select races:  ['White', 'Black', 'Asian-Pac-Islander']
loading dataset:  adult
select races:  ['White', 'Black', 'Asian-Pac-Islander']
loading dataset:  adult
select races:  ['White', 'Black', 'Asian-Pac-Islander']
loading dataset:  adult
select races:  ['White', 'Black', 'Asian-Pac-Islander']
loading dataset:  adult
select races:  ['White', 'Black', 'Asian-Pac-Islander']
loading dataset:  adult
select races:  ['White', 'Black', 'Asian-Pac-Islander']
loading dataset:  adult
select races:  ['White', 'Black', 'Asian-Pac-Islander']
loading dataset:  adult
select races:  ['White', 'Black', 'Asian-Pac-Islander']
loading dataset:  adult
select races:  ['White', 'Black', 'Asian-Pac-Islander']
loading dataset:  adult
select races:  ['White', 'Black', 'Asian-Pac-Islander']
loading dataset:  adult
select races:  ['White', 'Black', 'Asian-Pac-Islander']
loading dataset:  adult
select races:  ['White', 'Black', 'Asian-Pac-Islander']
loading dataset:  adult
select races:  ['White', 'Black', 'Asian-Pac-Islander']
