2024-09-23 22:27:44,265: Namespace(cudanum=5, dataset='adult', synthetic=0, seed=51, training=1, pyromodel='models_save/cfpup.pt', pyroparam='models_save/cfpup_param.pt', lrcausalmodel=0.001, alpha=0.0, num_iterations_causalmodel=20000, epochs_vae=10, decoder_type='together', lr=0.002)
2024-09-23 22:27:44,267: Namespace(cudanum=5, dataset='adult', synthetic=0, seed=51, training=1, pyromodel='models_save/cfpup.pt', pyroparam='models_save/cfpup_param.pt', lrcausalmodel=0.001, alpha=0.0, num_iterations_causalmodel=20000, epochs_vae=10, decoder_type='together', lr=0.002)
2024-09-23 22:27:44,432: =========== evaluation for constant predictor ================: {'F1-score': 0.0, 'Accuracy': 0.7376614773103677}
2024-09-23 22:27:44,563: =========== evaluation for full predictor ================: {'F1-score': 0.6623181133968891, 'Accuracy': 0.7770785028155018}
2024-09-23 22:27:44,694: =========== evaluation for unaware predictor ================: {'F1-score': 0.6613306653326664, 'Accuracy': 0.7757535607817158}
2024-09-23 22:27:47,259: [iteration 0001] loss: 1230.2578
2024-09-23 22:28:07,969: [iteration 1001] loss: 664.1523
2024-09-23 22:28:29,548: [iteration 2001] loss: 347.5288
2024-09-23 22:28:50,637: [iteration 3001] loss: 193.0364
2024-09-23 22:29:11,271: [iteration 4001] loss: 132.2401
2024-09-23 22:29:32,540: [iteration 5001] loss: 110.6284
2024-09-23 22:29:53,622: [iteration 6001] loss: 99.0518
2024-09-23 22:30:14,374: [iteration 7001] loss: 90.0489
2024-09-23 22:30:35,665: [iteration 8001] loss: 82.6789
2024-09-23 22:30:56,848: [iteration 9001] loss: 76.6515
2024-09-23 22:31:17,682: [iteration 10001] loss: 71.6581
2024-09-23 22:31:41,607: [iteration 11001] loss: 67.6537
2024-09-23 22:32:04,142: [iteration 12001] loss: 64.3771
2024-09-23 22:32:26,780: [iteration 13001] loss: 61.8073
2024-09-23 22:32:50,280: [iteration 14001] loss: 59.6802
2024-09-23 22:33:12,216: [iteration 15001] loss: 57.9382
2024-09-23 22:33:34,832: [iteration 16001] loss: 56.4642
2024-09-23 22:33:57,764: [iteration 17001] loss: 55.2174
2024-09-23 22:34:20,435: [iteration 18001] loss: 54.1928
2024-09-23 22:34:42,922: [iteration 19001] loss: 53.3173
2024-09-23 22:35:05,931: saved causal model in: models_save/cfpup.pt
2024-09-23 22:35:05,966: =========== evaluation for cfp_u predictor ================: {'F1-score': 0.519294902334445, 'Accuracy': 0.665783371977476}
2024-09-23 22:35:06,019: elbo_loss:29819334.0, custom_loss:0.0
2024-09-23 22:35:06,030: [iteration 0001] loss: 1234.9084
2024-09-23 22:35:39,820: elbo_loss:13931684.0, custom_loss:0.0
2024-09-23 22:36:14,098: elbo_loss:5022708.0, custom_loss:0.0
2024-09-23 22:36:47,807: elbo_loss:2076986.875, custom_loss:0.0
2024-09-23 22:37:21,944: elbo_loss:1251176.125, custom_loss:0.0
2024-09-23 22:37:57,435: elbo_loss:874626.125, custom_loss:0.0
2024-09-23 22:38:29,618: elbo_loss:665067.4375, custom_loss:0.0
2024-09-23 22:39:04,915: elbo_loss:545571.875, custom_loss:0.0
2024-09-23 22:39:37,491: elbo_loss:473374.875, custom_loss:0.0
2024-09-23 22:40:12,359: elbo_loss:427367.09375, custom_loss:0.0
2024-09-23 22:40:45,547: elbo_loss:398593.1875, custom_loss:0.0
2024-09-23 22:40:45,556: [iteration 10001] loss: 16.5069
2024-09-23 22:41:20,275: elbo_loss:379774.1875, custom_loss:0.0
2024-09-23 22:41:52,007: elbo_loss:367424.96875, custom_loss:0.0
2024-09-23 22:42:25,233: elbo_loss:359862.78125, custom_loss:0.0
2024-09-23 22:42:58,230: elbo_loss:355056.125, custom_loss:0.0
2024-09-23 22:43:31,402: elbo_loss:352163.03125, custom_loss:0.0
2024-09-23 22:44:03,231: elbo_loss:350553.5625, custom_loss:0.0
2024-09-23 22:44:37,422: elbo_loss:349628.34375, custom_loss:0.0
2024-09-23 22:45:17,356: elbo_loss:349030.25, custom_loss:0.0
2024-09-23 22:46:09,013: elbo_loss:348719.90625, custom_loss:0.0
2024-09-23 22:47:01,341: saved causal model in: models_save/cfpup.pt
2024-09-23 22:47:01,365: =========== evaluation for cfp_up predictor ================: {'F1-score': 0.5240133143128863, 'Accuracy': 0.668433256045048}
2024-09-23 22:47:01,390: constant
2024-09-23 22:47:01,390: {'MMD': {'0_1': 0.0, '0_2': 0.0, '1_2': 0.0, 'Average': 0.0}, 'Wass': {'0_1': 0.6330676078796387, '0_2': 0.6330673098564148, '1_2': 0.6330673098564148, 'Average': 0.6330674091974894}}
2024-09-23 22:47:01,398: full
2024-09-23 22:47:01,398: {'MMD': {'0_1': 3057.072265625, '0_2': 1.2352060079574585, '1_2': 3181.2080078125, 'Average': 2079.8384931484857}, 'Wass': {'0_1': 29.018476486206055, '0_2': 11.004814147949219, '1_2': 32.309288024902344, 'Average': 24.110859553019207}}
2024-09-23 22:47:01,406: unaware
2024-09-23 22:47:01,406: {'MMD': {'0_1': 2739.38427734375, '0_2': 53.04776382446289, '1_2': 3554.844482421875, 'Average': 2115.758841196696}, 'Wass': {'0_1': 25.134410858154297, '0_2': 11.367884635925293, '1_2': 34.2845573425293, 'Average': 23.59561761220296}}
2024-09-23 22:47:01,414: cfpu
2024-09-23 22:47:01,414: {'MMD': {'0_1': 311.3264465332031, '0_2': 234.88394165039062, '1_2': 5.375542163848877, 'Average': 183.86197678248087}, 'Wass': {'0_1': 6.228665351867676, '0_2': 5.807301998138428, '1_2': 5.671657562255859, 'Average': 5.902541637420654}}
2024-09-23 22:47:01,422: cfpup
2024-09-23 22:47:01,422: {'MMD': {'0_1': 338.8665771484375, '0_2': 177.7064666748047, '1_2': 25.782733917236328, 'Average': 180.78525924682617}, 'Wass': {'0_1': 6.355048656463623, '0_2': 5.966738224029541, '1_2': 5.807612895965576, 'Average': 6.04313325881958}}
