2024-09-23 22:27:44,265: Namespace(cudanum=6, dataset='adult', synthetic=0, seed=52, training=1, pyromodel='models_save/cfpup.pt', pyroparam='models_save/cfpup_param.pt', lrcausalmodel=0.001, alpha=0.0, num_iterations_causalmodel=20000, epochs_vae=10, decoder_type='together', lr=0.002)
2024-09-23 22:27:44,266: Namespace(cudanum=6, dataset='adult', synthetic=0, seed=52, training=1, pyromodel='models_save/cfpup.pt', pyroparam='models_save/cfpup_param.pt', lrcausalmodel=0.001, alpha=0.0, num_iterations_causalmodel=20000, epochs_vae=10, decoder_type='together', lr=0.002)
2024-09-23 22:27:44,432: =========== evaluation for constant predictor ================: {'F1-score': 0.0, 'Accuracy': 0.7565419012918185}
2024-09-23 22:27:44,563: =========== evaluation for full predictor ================: {'F1-score': 0.6428571428571429, 'Accuracy': 0.7780722093408413}
2024-09-23 22:27:44,698: =========== evaluation for unaware predictor ================: {'F1-score': 0.6400862068965517, 'Accuracy': 0.7787346803577343}
2024-09-23 22:27:47,274: [iteration 0001] loss: 1229.9450
2024-09-23 22:28:08,062: [iteration 1001] loss: 663.9560
2024-09-23 22:28:29,690: [iteration 2001] loss: 347.3659
2024-09-23 22:28:50,966: [iteration 3001] loss: 192.8833
2024-09-23 22:29:11,793: [iteration 4001] loss: 132.1103
2024-09-23 22:29:33,248: [iteration 5001] loss: 110.5497
2024-09-23 22:29:54,563: [iteration 6001] loss: 99.0271
2024-09-23 22:30:15,516: [iteration 7001] loss: 90.0199
2024-09-23 22:30:37,085: [iteration 8001] loss: 82.7056
2024-09-23 22:30:58,467: [iteration 9001] loss: 76.6383
2024-09-23 22:31:19,376: [iteration 10001] loss: 71.6633
2024-09-23 22:31:41,199: [iteration 11001] loss: 67.6522
2024-09-23 22:32:02,041: [iteration 12001] loss: 64.3692
2024-09-23 22:32:23,165: [iteration 13001] loss: 61.7938
2024-09-23 22:32:43,827: [iteration 14001] loss: 59.6847
2024-09-23 22:33:05,409: [iteration 15001] loss: 57.9494
2024-09-23 22:33:26,534: [iteration 16001] loss: 56.4735
2024-09-23 22:33:46,800: [iteration 17001] loss: 55.2332
2024-09-23 22:34:09,052: [iteration 18001] loss: 54.2016
2024-09-23 22:34:30,214: [iteration 19001] loss: 53.3202
2024-09-23 22:34:50,434: saved causal model in: models_save/cfpup.pt
2024-09-23 22:34:50,466: =========== evaluation for cfp_u predictor ================: {'F1-score': 0.4932330827067669, 'Accuracy': 0.665120900960583}
2024-09-23 22:34:50,494: elbo_loss:29819638.0, custom_loss:0.0
2024-09-23 22:34:50,504: [iteration 0001] loss: 1234.9210
2024-09-23 22:35:23,955: elbo_loss:13935172.0, custom_loss:0.0
2024-09-23 22:35:55,088: elbo_loss:5020864.5, custom_loss:0.0
2024-09-23 22:36:28,221: elbo_loss:2073735.25, custom_loss:0.0
2024-09-23 22:36:59,682: elbo_loss:1249862.75, custom_loss:0.0
2024-09-23 22:37:32,014: elbo_loss:874992.625, custom_loss:0.0
2024-09-23 22:38:04,145: elbo_loss:664293.8125, custom_loss:0.0
2024-09-23 22:38:35,852: elbo_loss:544831.1875, custom_loss:0.0
2024-09-23 22:39:07,989: elbo_loss:472606.03125, custom_loss:0.0
2024-09-23 22:39:39,401: elbo_loss:427386.8125, custom_loss:0.0
2024-09-23 22:40:09,166: elbo_loss:398033.9375, custom_loss:0.0
2024-09-23 22:40:09,174: [iteration 10001] loss: 16.4838
2024-09-23 22:40:42,835: elbo_loss:379463.96875, custom_loss:0.0
2024-09-23 22:41:13,939: elbo_loss:367499.25, custom_loss:0.0
2024-09-23 22:41:46,354: elbo_loss:360006.0625, custom_loss:0.0
2024-09-23 22:42:17,090: elbo_loss:354944.3125, custom_loss:0.0
2024-09-23 22:42:47,029: elbo_loss:352118.5, custom_loss:0.0
2024-09-23 22:43:18,018: elbo_loss:350432.34375, custom_loss:0.0
2024-09-23 22:43:47,641: elbo_loss:349657.3125, custom_loss:0.0
2024-09-23 22:44:17,978: elbo_loss:349027.625, custom_loss:0.0
2024-09-23 22:44:48,191: elbo_loss:348578.78125, custom_loss:0.0
2024-09-23 22:45:32,311: saved causal model in: models_save/cfpup.pt
2024-09-23 22:45:32,332: =========== evaluation for cfp_up predictor ================: {'F1-score': 0.5040322580645161, 'Accuracy': 0.6740642596886386}
2024-09-23 22:45:32,350: constant
2024-09-23 22:45:32,350: {'MMD': {'0_1': 0.0, '0_2': 0.0, '1_2': 0.0, 'Average': 0.0}, 'Wass': {'0_1': 0.6330670714378357, '0_2': 0.6330670118331909, '1_2': 0.6330674290657043, 'Average': 0.6330671707789103}}
2024-09-23 22:45:32,357: full
2024-09-23 22:45:32,357: {'MMD': {'0_1': 3334.577392578125, '0_2': 388.73419189453125, '1_2': 6000.3837890625, 'Average': 3241.2317911783853}, 'Wass': {'0_1': 32.8209114074707, '0_2': 10.205000877380371, '1_2': 47.671817779541016, 'Average': 30.232576688130695}}
2024-09-23 22:45:32,365: unaware
2024-09-23 22:45:32,365: {'MMD': {'0_1': 3054.67431640625, '0_2': 640.6253051757812, '1_2': 6493.08642578125, 'Average': 3396.1286824544272}, 'Wass': {'0_1': 30.381572723388672, '0_2': 10.623675346374512, '1_2': 49.479190826416016, 'Average': 30.161479632059734}}
2024-09-23 22:45:32,372: cfpu
2024-09-23 22:45:32,372: {'MMD': {'0_1': 116.16207122802734, '0_2': 94.0198745727539, '1_2': 419.1943359375, 'Average': 209.7920939127604}, 'Wass': {'0_1': 5.250571250915527, '0_2': 5.403459548950195, '1_2': 8.0377779006958, 'Average': 6.230602900187175}}
2024-09-23 22:45:32,380: cfpup
2024-09-23 22:45:32,380: {'MMD': {'0_1': 294.0119323730469, '0_2': 2.989309310913086, '1_2': 237.70899963378906, 'Average': 178.23674710591635}, 'Wass': {'0_1': 6.239637851715088, '0_2': 4.906109809875488, '1_2': 6.709843158721924, 'Average': 5.951863606770833}}
