2024-09-23 22:27:44,039: Namespace(cudanum=3, dataset='adult', synthetic=0, seed=53, training=1, pyromodel='models_save/cfpup.pt', pyroparam='models_save/cfpup_param.pt', lrcausalmodel=0.001, alpha=-5000.0, num_iterations_causalmodel=20000, epochs_vae=10, decoder_type='together', lr=0.002)
2024-09-23 22:27:44,040: Namespace(cudanum=3, dataset='adult', synthetic=0, seed=53, training=1, pyromodel='models_save/cfpup.pt', pyroparam='models_save/cfpup_param.pt', lrcausalmodel=0.001, alpha=-5000.0, num_iterations_causalmodel=20000, epochs_vae=10, decoder_type='together', lr=0.002)
2024-09-23 22:27:44,204: =========== evaluation for constant predictor ================: {'F1-score': 0.0, 'Accuracy': 0.7456111295130838}
2024-09-23 22:27:44,340: =========== evaluation for full predictor ================: {'F1-score': 0.6514759192128431, 'Accuracy': 0.7770785028155018}
2024-09-23 22:27:44,462: =========== evaluation for unaware predictor ================: {'F1-score': 0.6518134715025907, 'Accuracy': 0.7774097383239483}
2024-09-23 22:27:46,323: [iteration 0001] loss: 1230.2229
2024-09-23 22:28:05,049: [iteration 1001] loss: 664.1058
2024-09-23 22:28:23,665: [iteration 2001] loss: 347.4398
2024-09-23 22:28:40,942: [iteration 3001] loss: 192.9700
2024-09-23 22:28:57,767: [iteration 4001] loss: 132.1185
2024-09-23 22:29:14,399: [iteration 5001] loss: 110.5446
2024-09-23 22:29:31,052: [iteration 6001] loss: 99.0967
2024-09-23 22:29:47,861: [iteration 7001] loss: 90.0680
2024-09-23 22:30:04,618: [iteration 8001] loss: 82.6746
2024-09-23 22:30:21,396: [iteration 9001] loss: 76.6243
2024-09-23 22:30:38,186: [iteration 10001] loss: 71.6654
2024-09-23 22:30:54,986: [iteration 11001] loss: 67.6011
2024-09-23 22:31:11,782: [iteration 12001] loss: 64.3965
2024-09-23 22:31:28,553: [iteration 13001] loss: 61.7795
2024-09-23 22:31:45,301: [iteration 14001] loss: 59.6711
2024-09-23 22:32:02,093: [iteration 15001] loss: 57.9173
2024-09-23 22:32:18,844: [iteration 16001] loss: 56.4675
2024-09-23 22:32:35,619: [iteration 17001] loss: 55.2199
2024-09-23 22:32:52,396: [iteration 18001] loss: 54.1837
2024-09-23 22:33:09,172: [iteration 19001] loss: 53.3179
2024-09-23 22:33:25,975: saved causal model in: models_save/cfpup.pt
2024-09-23 22:33:26,003: =========== evaluation for cfp_u predictor ================: {'F1-score': 0.5191654536632703, 'Accuracy': 0.671745611129513}
2024-09-23 22:33:26,030: elbo_loss:29819460.0, custom_loss:-1129.3115234375
2024-09-23 22:33:26,040: [iteration 0001] loss: 1234.8669
2024-09-23 22:33:51,196: elbo_loss:13933542.0, custom_loss:-32999.953125
2024-09-23 22:34:16,470: elbo_loss:5018431.5, custom_loss:-124846.1328125
2024-09-23 22:34:41,673: elbo_loss:2078475.25, custom_loss:-229738.84375
2024-09-23 22:35:06,847: elbo_loss:1261185.125, custom_loss:-328235.65625
2024-09-23 22:35:32,099: elbo_loss:887796.6875, custom_loss:-425591.65625
2024-09-23 22:35:57,334: elbo_loss:677500.375, custom_loss:-537213.375
2024-09-23 22:36:22,547: elbo_loss:556082.625, custom_loss:-670020.125
2024-09-23 22:36:47,803: elbo_loss:482079.53125, custom_loss:-828899.0
2024-09-23 22:37:13,430: elbo_loss:435611.96875, custom_loss:-1024294.875
2024-09-23 22:37:38,578: elbo_loss:406049.96875, custom_loss:-1254866.0
2024-09-23 22:37:38,586: [iteration 10001] loss: -35.1520
2024-09-23 22:38:03,702: elbo_loss:387846.4375, custom_loss:-1524354.5
2024-09-23 22:38:29,051: elbo_loss:376859.75, custom_loss:-1835022.875
2024-09-23 22:38:54,117: elbo_loss:371629.90625, custom_loss:-2182905.0
2024-09-23 22:39:19,256: elbo_loss:368033.15625, custom_loss:-2574856.25
2024-09-23 22:39:44,337: elbo_loss:366431.3125, custom_loss:-3009460.75
2024-09-23 22:40:09,383: elbo_loss:365981.9375, custom_loss:-3489651.75
2024-09-23 22:40:34,510: elbo_loss:365965.0, custom_loss:-4011223.25
2024-09-23 22:40:59,601: elbo_loss:367116.5, custom_loss:-4574139.0
2024-09-23 22:41:24,659: elbo_loss:368224.75, custom_loss:-5185978.5
2024-09-23 22:41:49,900: saved causal model in: models_save/cfpup.pt
2024-09-23 22:41:49,922: =========== evaluation for cfp_up predictor ================: {'F1-score': 0.5231984205330701, 'Accuracy': 0.6800264988406757}
2024-09-23 22:41:49,936: constant
2024-09-23 22:41:49,936: {'MMD': {'0_1': 0.0, '0_2': 0.0, '1_2': 0.0, 'Average': 0.0}, 'Wass': {'0_1': 0.6330670714378357, '0_2': 0.6330668330192566, '1_2': 0.6330673098564148, 'Average': 0.6330670714378357}}
2024-09-23 22:41:49,941: full
2024-09-23 22:41:49,941: {'MMD': {'0_1': 2955.6943359375, '0_2': 1.8143165111541748, '1_2': 3103.9677734375, 'Average': 2020.4921419620514}, 'Wass': {'0_1': 29.143178939819336, '0_2': 9.136466979980469, '1_2': 33.708335876464844, 'Average': 23.995993932088215}}
2024-09-23 22:41:49,946: unaware
2024-09-23 22:41:49,946: {'MMD': {'0_1': 2793.217529296875, '0_2': 15.015682220458984, '1_2': 3217.828369140625, 'Average': 2008.687193552653}, 'Wass': {'0_1': 27.604415893554688, '0_2': 9.060896873474121, '1_2': 34.21210479736328, 'Average': 23.625805854797363}}
2024-09-23 22:41:49,952: cfpu
2024-09-23 22:41:49,952: {'MMD': {'0_1': 542.4800415039062, '0_2': 0.016194067895412445, '1_2': 536.5682983398438, 'Average': 359.68817797054845}, 'Wass': {'0_1': 8.23331356048584, '0_2': 5.0369977951049805, '1_2': 8.472481727600098, 'Average': 7.247597694396973}}
2024-09-23 22:41:49,957: cfpup
2024-09-23 22:41:49,957: {'MMD': {'0_1': 543.4254150390625, '0_2': 46.148258209228516, '1_2': 906.2952880859375, 'Average': 498.6229871114095}, 'Wass': {'0_1': 8.748844146728516, '0_2': 6.355852127075195, '1_2': 15.09714412689209, 'Average': 10.067280133565268}}
