2024-09-23 22:27:44,062: Namespace(cudanum=2, dataset='adult', synthetic=0, seed=52, training=1, pyromodel='models_save/cfpup.pt', pyroparam='models_save/cfpup_param.pt', lrcausalmodel=0.001, alpha=-5000.0, num_iterations_causalmodel=20000, epochs_vae=10, decoder_type='together', lr=0.002)
2024-09-23 22:27:44,064: Namespace(cudanum=2, dataset='adult', synthetic=0, seed=52, training=1, pyromodel='models_save/cfpup.pt', pyroparam='models_save/cfpup_param.pt', lrcausalmodel=0.001, alpha=-5000.0, num_iterations_causalmodel=20000, epochs_vae=10, decoder_type='together', lr=0.002)
2024-09-23 22:27:44,231: =========== evaluation for constant predictor ================: {'F1-score': 0.0, 'Accuracy': 0.7565419012918185}
2024-09-23 22:27:44,365: =========== evaluation for full predictor ================: {'F1-score': 0.6428571428571429, 'Accuracy': 0.7780722093408413}
2024-09-23 22:27:44,491: =========== evaluation for unaware predictor ================: {'F1-score': 0.6400862068965517, 'Accuracy': 0.7787346803577343}
2024-09-23 22:27:46,374: [iteration 0001] loss: 1229.9450
2024-09-23 22:28:04,236: [iteration 1001] loss: 663.9560
2024-09-23 22:28:23,134: [iteration 2001] loss: 347.3659
2024-09-23 22:28:42,151: [iteration 3001] loss: 192.8833
2024-09-23 22:29:01,165: [iteration 4001] loss: 132.1103
2024-09-23 22:29:20,092: [iteration 5001] loss: 110.5497
2024-09-23 22:29:38,746: [iteration 6001] loss: 99.0271
2024-09-23 22:29:57,428: [iteration 7001] loss: 90.0199
2024-09-23 22:30:16,028: [iteration 8001] loss: 82.7056
2024-09-23 22:30:32,926: [iteration 9001] loss: 76.6383
2024-09-23 22:30:49,990: [iteration 10001] loss: 71.6633
2024-09-23 22:31:06,965: [iteration 11001] loss: 67.6522
2024-09-23 22:31:23,944: [iteration 12001] loss: 64.3692
2024-09-23 22:31:41,007: [iteration 13001] loss: 61.7938
2024-09-23 22:31:58,138: [iteration 14001] loss: 59.6847
2024-09-23 22:32:15,171: [iteration 15001] loss: 57.9494
2024-09-23 22:32:32,208: [iteration 16001] loss: 56.4735
2024-09-23 22:32:49,370: [iteration 17001] loss: 55.2332
2024-09-23 22:33:06,542: [iteration 18001] loss: 54.2016
2024-09-23 22:33:23,551: [iteration 19001] loss: 53.3202
2024-09-23 22:33:40,607: saved causal model in: models_save/cfpup.pt
2024-09-23 22:33:40,633: =========== evaluation for cfp_u predictor ================: {'F1-score': 0.4932330827067669, 'Accuracy': 0.665120900960583}
2024-09-23 22:33:40,662: elbo_loss:29819638.0, custom_loss:-1121.2342529296875
2024-09-23 22:33:40,673: [iteration 0001] loss: 1234.8746
2024-09-23 22:34:06,356: elbo_loss:13933354.0, custom_loss:-33084.515625
2024-09-23 22:34:32,302: elbo_loss:5016199.5, custom_loss:-125068.53125
2024-09-23 22:34:58,009: elbo_loss:2075137.5, custom_loss:-229844.765625
2024-09-23 22:35:23,708: elbo_loss:1259533.0, custom_loss:-329189.03125
2024-09-23 22:35:49,422: elbo_loss:887202.5625, custom_loss:-425365.9375
2024-09-23 22:36:15,114: elbo_loss:676070.0625, custom_loss:-536403.0
2024-09-23 22:36:40,751: elbo_loss:554916.9375, custom_loss:-667564.9375
2024-09-23 22:37:06,255: elbo_loss:481089.8125, custom_loss:-830340.125
2024-09-23 22:37:31,797: elbo_loss:434938.9375, custom_loss:-1023908.1875
2024-09-23 22:37:57,284: elbo_loss:405283.53125, custom_loss:-1255800.125
2024-09-23 22:37:57,293: [iteration 10001] loss: -35.2225
2024-09-23 22:38:22,796: elbo_loss:387645.84375, custom_loss:-1524080.0
2024-09-23 22:38:48,297: elbo_loss:377175.75, custom_loss:-1835278.0
2024-09-23 22:39:13,754: elbo_loss:370944.6875, custom_loss:-2188045.75
2024-09-23 22:39:39,366: elbo_loss:367373.59375, custom_loss:-2577996.25
2024-09-23 22:40:04,882: elbo_loss:366247.25, custom_loss:-3011542.25
2024-09-23 22:40:30,410: elbo_loss:365599.96875, custom_loss:-3493786.5
2024-09-23 22:40:55,944: elbo_loss:365955.46875, custom_loss:-4012237.5
2024-09-23 22:41:21,577: elbo_loss:366370.28125, custom_loss:-4583107.5
2024-09-23 22:41:47,435: elbo_loss:368279.875, custom_loss:-5188188.0
2024-09-23 22:42:11,984: saved causal model in: models_save/cfpup.pt
2024-09-23 22:42:12,005: =========== evaluation for cfp_up predictor ================: {'F1-score': 0.49671219018715224, 'Accuracy': 0.6704206690957271}
2024-09-23 22:42:12,017: constant
2024-09-23 22:42:12,017: {'MMD': {'0_1': 0.0, '0_2': 0.0, '1_2': 0.0, 'Average': 0.0}, 'Wass': {'0_1': 0.6330670714378357, '0_2': 0.6330670118331909, '1_2': 0.6330674290657043, 'Average': 0.6330671707789103}}
2024-09-23 22:42:12,022: full
2024-09-23 22:42:12,022: {'MMD': {'0_1': 3334.577392578125, '0_2': 388.73419189453125, '1_2': 6000.3837890625, 'Average': 3241.2317911783853}, 'Wass': {'0_1': 32.8209114074707, '0_2': 10.205000877380371, '1_2': 47.671817779541016, 'Average': 30.232576688130695}}
2024-09-23 22:42:12,027: unaware
2024-09-23 22:42:12,027: {'MMD': {'0_1': 3054.67431640625, '0_2': 640.6253051757812, '1_2': 6493.08642578125, 'Average': 3396.1286824544272}, 'Wass': {'0_1': 30.381572723388672, '0_2': 10.623675346374512, '1_2': 49.479190826416016, 'Average': 30.161479632059734}}
2024-09-23 22:42:12,031: cfpu
2024-09-23 22:42:12,031: {'MMD': {'0_1': 116.16207122802734, '0_2': 94.0198745727539, '1_2': 419.1943359375, 'Average': 209.7920939127604}, 'Wass': {'0_1': 5.250571250915527, '0_2': 5.403459548950195, '1_2': 8.0377779006958, 'Average': 6.230602900187175}}
2024-09-23 22:42:12,037: cfpup
2024-09-23 22:42:12,037: {'MMD': {'0_1': 395.6397705078125, '0_2': 41.60298538208008, '1_2': 693.8342895507812, 'Average': 377.0256818135579}, 'Wass': {'0_1': 8.76452922821045, '0_2': 5.2974019050598145, '1_2': 14.035079002380371, 'Average': 9.365670045216879}}
