2024-09-23 22:54:36,728: Namespace(cudanum=0, dataset='law', synthetic=0, seed=50, training=1, pyromodel='models_save/cfpup.pt', pyroparam='models_save/cfpup_param.pt', lrcausalmodel=0.001, alpha=15000.0, num_iterations_causalmodel=20000, epochs_vae=10, decoder_type='together', lr=0.002)
2024-09-23 22:54:36,730: Namespace(cudanum=0, dataset='law', synthetic=0, seed=50, training=1, pyromodel='models_save/cfpup.pt', pyroparam='models_save/cfpup_param.pt', lrcausalmodel=0.001, alpha=15000.0, num_iterations_causalmodel=20000, epochs_vae=10, decoder_type='together', lr=0.002)
2024-09-23 22:54:36,760: =========== evaluation for constant predictor ================: {'RMSE': 0.9218197901142571, 'MAE': 0.7359503518763207}
2024-09-23 22:54:36,763: =========== evaluation for full predictor ================: {'RMSE': 0.8688112374892244, 'MAE': 0.7003106479543398}
2024-09-23 22:54:36,765: =========== evaluation for unaware predictor ================: {'RMSE': 0.8813496379949248, 'MAE': 0.708820682441671}
2024-09-23 22:54:40,757: [iteration 0001] loss: 138.5821
2024-09-23 22:56:27,296: [iteration 1001] loss: 20.4735
2024-09-23 22:56:51,998: [iteration 2001] loss: 11.2897
2024-09-23 22:57:06,576: [iteration 3001] loss: 10.5234
2024-09-23 22:57:21,163: [iteration 4001] loss: 10.3778
2024-09-23 22:57:35,730: [iteration 5001] loss: 10.2690
2024-09-23 22:57:50,233: [iteration 6001] loss: 10.1395
2024-09-23 22:58:04,758: [iteration 7001] loss: 9.9673
2024-09-23 22:58:19,278: [iteration 8001] loss: 9.6988
2024-09-23 22:58:33,811: [iteration 9001] loss: 9.2359
2024-09-23 22:58:48,335: [iteration 10001] loss: 8.3417
2024-09-23 22:59:02,869: [iteration 11001] loss: 7.4356
2024-09-23 22:59:17,368: [iteration 12001] loss: 7.0831
2024-09-23 22:59:31,871: [iteration 13001] loss: 6.9111
2024-09-23 22:59:46,400: [iteration 14001] loss: 6.8162
2024-09-23 23:00:00,945: [iteration 15001] loss: 6.7642
2024-09-23 23:00:15,486: [iteration 16001] loss: 6.7362
2024-09-23 23:00:30,018: [iteration 17001] loss: 6.7166
2024-09-23 23:00:44,523: [iteration 18001] loss: 6.7067
2024-09-23 23:00:59,044: [iteration 19001] loss: 6.7013
2024-09-23 23:01:13,625: saved causal model in: models_save/cfpup.pt
2024-09-23 23:01:13,629: =========== evaluation for cfp_u predictor ================: {'RMSE': 0.9065620331664285, 'MAE': 0.724984163986291}
2024-09-23 23:01:13,659: elbo_loss:2341002.0, custom_loss:3383.313720703125
2024-09-23 23:01:13,666: [iteration 0001] loss: 143.5719
2024-09-23 23:01:39,094: elbo_loss:229028.25, custom_loss:3637.011474609375
2024-09-23 23:02:04,545: elbo_loss:191094.796875, custom_loss:3452.814453125
2024-09-23 23:02:29,980: elbo_loss:165889.421875, custom_loss:5393.29345703125
2024-09-23 23:02:55,487: elbo_loss:154538.8125, custom_loss:6119.48681640625
2024-09-23 23:03:20,872: elbo_loss:143874.421875, custom_loss:6231.95556640625
2024-09-23 23:03:45,834: elbo_loss:136122.5625, custom_loss:6349.185546875
2024-09-23 23:04:10,733: elbo_loss:129713.46875, custom_loss:6298.43896484375
2024-09-23 23:04:35,712: elbo_loss:125018.796875, custom_loss:6277.73486328125
2024-09-23 23:05:00,685: elbo_loss:122008.0703125, custom_loss:6066.4931640625
2024-09-23 23:05:28,756: elbo_loss:120400.734375, custom_loss:6193.52783203125
2024-09-23 23:05:28,764: [iteration 10001] loss: 7.7527
2024-09-23 23:06:00,882: elbo_loss:119251.9765625, custom_loss:6212.7890625
2024-09-23 23:06:32,671: elbo_loss:118733.71875, custom_loss:6234.27734375
2024-09-23 23:07:04,694: elbo_loss:118267.9296875, custom_loss:6213.37255859375
2024-09-23 23:07:36,650: elbo_loss:117890.84375, custom_loss:6317.7236328125
2024-09-23 23:08:08,390: elbo_loss:117664.7421875, custom_loss:6197.95263671875
2024-09-23 23:08:40,181: elbo_loss:117448.796875, custom_loss:6188.5888671875
2024-09-23 23:09:11,891: elbo_loss:117340.640625, custom_loss:6232.22265625
2024-09-23 23:09:43,726: elbo_loss:117305.640625, custom_loss:6173.35498046875
2024-09-23 23:10:15,585: elbo_loss:117232.2109375, custom_loss:6231.49560546875
2024-09-23 23:10:41,019: saved causal model in: models_save/cfpup.pt
2024-09-23 23:10:41,024: =========== evaluation for cfp_up predictor ================: {'RMSE': 0.8874951592939916, 'MAE': 0.7115425393907726}
2024-09-23 23:10:41,040: constant
2024-09-23 23:10:41,040: {'MMD': {'0_1': 6.167906029669323e-12, '0_2': 2.4671624118677293e-11, '1_2': 6.167906029669323e-12, 'Average': 1.2335812059338647e-11}, 'Wass': {'0_1': 0.6330671310424805, '0_2': 0.6330666542053223, '1_2': 0.6330677270889282, 'Average': 0.6330671707789103}}
2024-09-23 23:10:41,050: full
2024-09-23 23:10:41,050: {'MMD': {'0_1': 53657.1015625, '0_2': 59593.203125, '1_2': 155.67950439453125, 'Average': 37801.99473063151}, 'Wass': {'0_1': 140.08480834960938, '0_2': 147.27630615234375, '1_2': 11.067366600036621, 'Average': 99.47616036732991}}
2024-09-23 23:10:41,059: unaware
2024-09-23 23:10:41,059: {'MMD': {'0_1': 18768.1640625, '0_2': 560.9465942382812, '1_2': 12839.755859375, 'Average': 10722.955505371094}, 'Wass': {'0_1': 84.13741302490234, '0_2': 17.20222282409668, '1_2': 69.85633087158203, 'Average': 57.06532224019369}}
2024-09-23 23:10:41,068: cfpu
2024-09-23 23:10:41,068: {'MMD': {'0_1': 708.9691162109375, '0_2': 170.48858642578125, '1_2': 1574.7882080078125, 'Average': 818.0819702148438}, 'Wass': {'0_1': 17.427078247070312, '0_2': 7.599748611450195, '1_2': 24.897172927856445, 'Average': 16.641333262125652}}
2024-09-23 23:10:41,077: cfpup
2024-09-23 23:10:41,077: {'MMD': {'0_1': 33617.765625, '0_2': 102089.4375, '1_2': 18540.3359375, 'Average': 51415.846354166664}, 'Wass': {'0_1': 110.35931396484375, '0_2': 192.89817810058594, '1_2': 82.10053253173828, 'Average': 128.45267486572266}}
