2024-09-23 23:48:21,018: Namespace(cudanum=3, dataset='adult', synthetic=0, seed=53, training=1, pyromodel='models_save/cfpup.pt', pyroparam='models_save/cfpup_param.pt', lrcausalmodel=0.001, alpha=10000.0, num_iterations_causalmodel=20000, epochs_vae=10, decoder_type='together', lr=0.002)
2024-09-23 23:48:21,020: Namespace(cudanum=3, dataset='adult', synthetic=0, seed=53, training=1, pyromodel='models_save/cfpup.pt', pyroparam='models_save/cfpup_param.pt', lrcausalmodel=0.001, alpha=10000.0, num_iterations_causalmodel=20000, epochs_vae=10, decoder_type='together', lr=0.002)
2024-09-23 23:48:21,197: =========== evaluation for constant predictor ================: {'F1-score': 0.0, 'Accuracy': 0.7456111295130838}
2024-09-23 23:48:21,339: =========== evaluation for full predictor ================: {'F1-score': 0.6514759192128431, 'Accuracy': 0.7770785028155018}
2024-09-23 23:48:21,472: =========== evaluation for unaware predictor ================: {'F1-score': 0.6518134715025907, 'Accuracy': 0.7774097383239483}
2024-09-23 23:48:23,702: [iteration 0001] loss: 1230.2229
2024-09-23 23:48:52,529: [iteration 1001] loss: 664.1058
2024-09-23 23:49:20,813: [iteration 2001] loss: 347.4398
2024-09-23 23:49:48,379: [iteration 3001] loss: 192.9700
2024-09-23 23:50:15,902: [iteration 4001] loss: 132.1185
2024-09-23 23:50:44,552: [iteration 5001] loss: 110.5446
2024-09-23 23:51:11,936: [iteration 6001] loss: 99.0967
2024-09-23 23:51:39,317: [iteration 7001] loss: 90.0680
2024-09-23 23:52:06,319: [iteration 8001] loss: 82.6746
2024-09-23 23:52:33,107: [iteration 9001] loss: 76.6243
2024-09-23 23:52:59,822: [iteration 10001] loss: 71.6654
2024-09-23 23:53:26,509: [iteration 11001] loss: 67.6011
2024-09-23 23:53:53,191: [iteration 12001] loss: 64.3965
2024-09-23 23:54:19,934: [iteration 13001] loss: 61.7795
2024-09-23 23:54:46,625: [iteration 14001] loss: 59.6711
2024-09-23 23:55:13,416: [iteration 15001] loss: 57.9173
2024-09-23 23:55:40,117: [iteration 16001] loss: 56.4675
2024-09-23 23:56:06,850: [iteration 17001] loss: 55.2199
2024-09-23 23:56:33,533: [iteration 18001] loss: 54.1837
2024-09-23 23:57:00,166: [iteration 19001] loss: 53.3179
2024-09-23 23:57:26,858: saved causal model in: models_save/cfpup.pt
2024-09-23 23:57:26,890: =========== evaluation for cfp_u predictor ================: {'F1-score': 0.5191654536632703, 'Accuracy': 0.671745611129513}
2024-09-23 23:57:26,941: elbo_loss:29819460.0, custom_loss:2258.623046875
2024-09-23 23:57:26,952: [iteration 0001] loss: 1235.0072
2024-09-23 23:58:05,577: elbo_loss:13934563.0, custom_loss:6820.72216796875
2024-09-23 23:58:43,532: elbo_loss:5023842.5, custom_loss:10640.82421875
2024-09-23 23:59:21,469: elbo_loss:2080040.875, custom_loss:13213.1083984375
2024-09-23 23:59:59,569: elbo_loss:1256319.25, custom_loss:15530.4208984375
2024-09-24 00:00:37,624: elbo_loss:883013.375, custom_loss:17535.2734375
2024-09-24 00:01:16,328: elbo_loss:674557.4375, custom_loss:18704.296875
2024-09-24 00:01:55,047: elbo_loss:554869.0, custom_loss:18658.818359375
2024-09-24 00:02:32,759: elbo_loss:481770.96875, custom_loss:18237.693359375
2024-09-24 00:03:10,463: elbo_loss:436014.34375, custom_loss:17721.8828125
2024-09-24 00:03:48,730: elbo_loss:406326.65625, custom_loss:17004.271484375
2024-09-24 00:03:48,740: [iteration 10001] loss: 17.5314
2024-09-24 00:04:28,024: elbo_loss:387619.875, custom_loss:16415.09375
2024-09-24 00:05:03,539: elbo_loss:375470.0625, custom_loss:16020.357421875
2024-09-24 00:05:29,771: elbo_loss:367728.375, custom_loss:15583.21484375
2024-09-24 00:05:56,050: elbo_loss:363246.6875, custom_loss:15062.5791015625
2024-09-24 00:06:22,214: elbo_loss:360518.25, custom_loss:14498.96484375
2024-09-24 00:06:48,291: elbo_loss:358769.0, custom_loss:14309.697265625
2024-09-24 00:07:14,330: elbo_loss:358079.59375, custom_loss:13783.9296875
2024-09-24 00:07:40,330: elbo_loss:357755.21875, custom_loss:13396.962890625
2024-09-24 00:08:06,468: elbo_loss:357859.21875, custom_loss:13317.9208984375
2024-09-24 00:08:32,485: saved causal model in: models_save/cfpup.pt
2024-09-24 00:08:32,506: =========== evaluation for cfp_up predictor ================: {'F1-score': 0.5235294117647059, 'Accuracy': 0.6780390857899967}
2024-09-24 00:08:32,524: constant
2024-09-24 00:08:32,524: {'MMD': {'0_1': 0.0, '0_2': 0.0, '1_2': 0.0, 'Average': 0.0}, 'Wass': {'0_1': 0.6330670714378357, '0_2': 0.6330668330192566, '1_2': 0.6330673098564148, 'Average': 0.6330670714378357}}
2024-09-24 00:08:32,529: full
2024-09-24 00:08:32,529: {'MMD': {'0_1': 2955.6943359375, '0_2': 1.8143165111541748, '1_2': 3103.9677734375, 'Average': 2020.4921419620514}, 'Wass': {'0_1': 29.143178939819336, '0_2': 9.136466979980469, '1_2': 33.708335876464844, 'Average': 23.995993932088215}}
2024-09-24 00:08:32,534: unaware
2024-09-24 00:08:32,534: {'MMD': {'0_1': 2793.217529296875, '0_2': 15.015682220458984, '1_2': 3217.828369140625, 'Average': 2008.687193552653}, 'Wass': {'0_1': 27.604415893554688, '0_2': 9.060896873474121, '1_2': 34.21210479736328, 'Average': 23.625805854797363}}
2024-09-24 00:08:32,540: cfpu
2024-09-24 00:08:32,540: {'MMD': {'0_1': 542.4800415039062, '0_2': 0.016194067895412445, '1_2': 536.5682983398438, 'Average': 359.68817797054845}, 'Wass': {'0_1': 8.23331356048584, '0_2': 5.0369977951049805, '1_2': 8.472481727600098, 'Average': 7.247597694396973}}
2024-09-24 00:08:32,545: cfpup
2024-09-24 00:08:32,545: {'MMD': {'0_1': 384.7768859863281, '0_2': 8.812464714050293, '1_2': 510.05108642578125, 'Average': 301.2134790420532}, 'Wass': {'0_1': 6.516324043273926, '0_2': 5.80804967880249, '1_2': 8.141801834106445, 'Average': 6.82205851872762}}
