2024-09-24 00:14:57,477: Namespace(cudanum=1, dataset='law', synthetic=0, seed=50, training=1, pyromodel='models_save/cfpup.pt', pyroparam='models_save/cfpup_param.pt', lrcausalmodel=0.001, alpha=300000000.0, num_iterations_causalmodel=20000, epochs_vae=10, decoder_type='together', lr=0.002)
2024-09-24 00:14:57,479: Namespace(cudanum=1, dataset='law', synthetic=0, seed=50, training=1, pyromodel='models_save/cfpup.pt', pyroparam='models_save/cfpup_param.pt', lrcausalmodel=0.001, alpha=300000000.0, num_iterations_causalmodel=20000, epochs_vae=10, decoder_type='together', lr=0.002)
2024-09-24 00:14:57,509: =========== evaluation for constant predictor ================: {'RMSE': 0.9218197901142571, 'MAE': 0.7359503518763207}
2024-09-24 00:14:57,512: =========== evaluation for full predictor ================: {'RMSE': 0.8688112374892244, 'MAE': 0.7003106479543398}
2024-09-24 00:14:57,514: =========== evaluation for unaware predictor ================: {'RMSE': 0.8813496379949248, 'MAE': 0.708820682441671}
2024-09-24 00:14:59,055: [iteration 0001] loss: 138.5821
2024-09-24 00:15:11,431: [iteration 1001] loss: 20.4735
2024-09-24 00:15:23,766: [iteration 2001] loss: 11.2897
2024-09-24 00:15:35,514: [iteration 3001] loss: 10.5234
2024-09-24 00:15:47,053: [iteration 4001] loss: 10.3778
2024-09-24 00:15:58,401: [iteration 5001] loss: 10.2690
2024-09-24 00:16:09,912: [iteration 6001] loss: 10.1395
2024-09-24 00:16:21,167: [iteration 7001] loss: 9.9673
2024-09-24 00:16:32,530: [iteration 8001] loss: 9.6988
2024-09-24 00:16:43,995: [iteration 9001] loss: 9.2359
2024-09-24 00:16:55,320: [iteration 10001] loss: 8.3417
2024-09-24 00:17:06,604: [iteration 11001] loss: 7.4356
2024-09-24 00:17:17,990: [iteration 12001] loss: 7.0831
2024-09-24 00:17:29,365: [iteration 13001] loss: 6.9111
2024-09-24 00:17:40,671: [iteration 14001] loss: 6.8162
2024-09-24 00:17:51,952: [iteration 15001] loss: 6.7642
2024-09-24 00:18:03,223: [iteration 16001] loss: 6.7362
2024-09-24 00:18:14,485: [iteration 17001] loss: 6.7166
2024-09-24 00:18:25,797: [iteration 18001] loss: 6.7067
2024-09-24 00:18:37,087: [iteration 19001] loss: 6.7013
2024-09-24 00:18:48,384: saved causal model in: models_save/cfpup.pt
2024-09-24 00:18:48,388: =========== evaluation for cfp_u predictor ================: {'RMSE': 0.9065620331664285, 'MAE': 0.724984163986291}
2024-09-24 00:18:48,415: elbo_loss:2341002.0, custom_loss:67666272.0
2024-09-24 00:18:48,421: [iteration 0001] loss: 4287.2970
2024-09-24 00:19:08,312: elbo_loss:404451.375, custom_loss:3380556.5
2024-09-24 00:19:28,117: elbo_loss:267758.84375, custom_loss:1905542.875
2024-09-24 00:19:47,947: elbo_loss:265309.28125, custom_loss:1153442.25
2024-09-24 00:20:07,200: elbo_loss:272181.90625, custom_loss:743011.625
2024-09-24 00:20:26,201: elbo_loss:278499.0625, custom_loss:472260.53125
2024-09-24 00:20:45,284: elbo_loss:280147.1875, custom_loss:316901.03125
2024-09-24 00:21:04,362: elbo_loss:270598.59375, custom_loss:211121.109375
2024-09-24 00:21:23,393: elbo_loss:272324.15625, custom_loss:143596.921875
2024-09-24 00:21:42,365: elbo_loss:275662.71875, custom_loss:97746.078125
2024-09-24 00:22:01,404: elbo_loss:278490.53125, custom_loss:69889.984375
2024-09-24 00:22:01,410: [iteration 10001] loss: 21.3351
2024-09-24 00:22:21,291: elbo_loss:281265.65625, custom_loss:51616.6640625
2024-09-24 00:22:40,325: elbo_loss:283585.65625, custom_loss:39008.75
2024-09-24 00:22:59,225: elbo_loss:285399.40625, custom_loss:30987.8515625
2024-09-24 00:23:18,179: elbo_loss:286046.1875, custom_loss:26688.619140625
2024-09-24 00:23:37,144: elbo_loss:285443.40625, custom_loss:24025.3203125
2024-09-24 00:23:56,190: elbo_loss:284103.46875, custom_loss:22640.5078125
2024-09-24 00:24:15,199: elbo_loss:281927.75, custom_loss:22348.888671875
2024-09-24 00:24:34,182: elbo_loss:279974.5, custom_loss:21854.4765625
2024-09-24 00:24:53,115: elbo_loss:277456.75, custom_loss:22283.685546875
2024-09-24 00:25:12,081: saved causal model in: models_save/cfpup.pt
2024-09-24 00:25:12,086: =========== evaluation for cfp_up predictor ================: {'RMSE': 0.9214129898980198, 'MAE': 0.7354007471189354}
2024-09-24 00:25:12,100: constant
2024-09-24 00:25:12,100: {'MMD': {'0_1': 6.167906029669323e-12, '0_2': 2.4671624118677293e-11, '1_2': 6.167906029669323e-12, 'Average': 1.2335812059338647e-11}, 'Wass': {'0_1': 0.6330671310424805, '0_2': 0.6330666542053223, '1_2': 0.6330677270889282, 'Average': 0.6330671707789103}}
2024-09-24 00:25:12,108: full
2024-09-24 00:25:12,108: {'MMD': {'0_1': 53657.1015625, '0_2': 59593.203125, '1_2': 155.67950439453125, 'Average': 37801.99473063151}, 'Wass': {'0_1': 140.08480834960938, '0_2': 147.27630615234375, '1_2': 11.067366600036621, 'Average': 99.47616036732991}}
2024-09-24 00:25:12,113: unaware
2024-09-24 00:25:12,113: {'MMD': {'0_1': 18768.1640625, '0_2': 560.9465942382812, '1_2': 12839.755859375, 'Average': 10722.955505371094}, 'Wass': {'0_1': 84.13741302490234, '0_2': 17.20222282409668, '1_2': 69.85633087158203, 'Average': 57.06532224019369}}
2024-09-24 00:25:12,120: cfpu
2024-09-24 00:25:12,120: {'MMD': {'0_1': 708.9691162109375, '0_2': 170.48858642578125, '1_2': 1574.7882080078125, 'Average': 818.0819702148438}, 'Wass': {'0_1': 17.427078247070312, '0_2': 7.599748611450195, '1_2': 24.897172927856445, 'Average': 16.641333262125652}}
2024-09-24 00:25:12,126: cfpup
2024-09-24 00:25:12,126: {'MMD': {'0_1': 11.586380004882812, '0_2': 1.8888351917266846, '1_2': 4.118985652923584, 'Average': 5.864733616511027}, 'Wass': {'0_1': 2.2299695014953613, '0_2': 1.8983298540115356, '1_2': 1.9133774042129517, 'Average': 2.0138922532399497}}
