2024-09-23 22:44:56,050: Namespace(cudanum=7, dataset='law', synthetic=0, seed=53, training=1, pyromodel='models_save/cfpup.pt', pyroparam='models_save/cfpup_param.pt', lrcausalmodel=0.001, alpha=10000.0, num_iterations_causalmodel=20000, epochs_vae=10, decoder_type='together', lr=0.002)
2024-09-23 22:44:56,052: Namespace(cudanum=7, dataset='law', synthetic=0, seed=53, training=1, pyromodel='models_save/cfpup.pt', pyroparam='models_save/cfpup_param.pt', lrcausalmodel=0.001, alpha=10000.0, num_iterations_causalmodel=20000, epochs_vae=10, decoder_type='together', lr=0.002)
2024-09-23 22:44:56,083: =========== evaluation for constant predictor ================: {'RMSE': 0.9324225082657746, 'MAE': 0.7516095706256555}
2024-09-23 22:44:56,087: =========== evaluation for full predictor ================: {'RMSE': 0.8802753975493797, 'MAE': 0.7099425986240434}
2024-09-23 22:44:56,089: =========== evaluation for unaware predictor ================: {'RMSE': 0.8905317575182867, 'MAE': 0.7188799247202043}
2024-09-23 22:44:58,026: [iteration 0001] loss: 138.5853
2024-09-23 22:45:07,605: [iteration 1001] loss: 20.5103
2024-09-23 22:45:17,962: [iteration 2001] loss: 11.2809
2024-09-23 22:45:26,218: [iteration 3001] loss: 10.5171
2024-09-23 22:45:37,301: [iteration 4001] loss: 10.3750
2024-09-23 22:45:46,904: [iteration 5001] loss: 10.2697
2024-09-23 22:45:56,574: [iteration 6001] loss: 10.1422
2024-09-23 22:46:06,252: [iteration 7001] loss: 9.9624
2024-09-23 22:46:15,896: [iteration 8001] loss: 9.7002
2024-09-23 22:46:25,410: [iteration 9001] loss: 9.2330
2024-09-23 22:46:34,917: [iteration 10001] loss: 8.3409
2024-09-23 22:46:44,376: [iteration 11001] loss: 7.4340
2024-09-23 22:46:53,774: [iteration 12001] loss: 7.0868
2024-09-23 22:47:01,533: [iteration 13001] loss: 6.9100
2024-09-23 22:47:13,227: [iteration 14001] loss: 6.8184
2024-09-23 22:47:22,828: [iteration 15001] loss: 6.7635
2024-09-23 22:47:32,351: [iteration 16001] loss: 6.7355
2024-09-23 22:47:41,825: [iteration 17001] loss: 6.7177
2024-09-23 22:47:50,222: [iteration 18001] loss: 6.7066
2024-09-23 22:48:01,198: [iteration 19001] loss: 6.7006
2024-09-23 22:48:10,818: saved causal model in: models_save/cfpup.pt
2024-09-23 22:48:10,827: =========== evaluation for cfp_u predictor ================: {'RMSE': 0.924496471238705, 'MAE': 0.7424087763252238}
2024-09-23 22:48:10,876: elbo_loss:2340415.75, custom_loss:2226.166015625
2024-09-23 22:48:10,882: [iteration 0001] loss: 143.4651
2024-09-23 22:48:27,645: elbo_loss:228917.21875, custom_loss:2802.490966796875
2024-09-23 22:48:44,180: elbo_loss:190233.125, custom_loss:2566.144775390625
2024-09-23 22:49:01,006: elbo_loss:164748.9375, custom_loss:4275.06005859375
2024-09-23 22:49:17,171: elbo_loss:153057.484375, custom_loss:5018.2841796875
2024-09-23 22:49:32,997: elbo_loss:142585.15625, custom_loss:5106.9521484375
2024-09-23 22:49:50,248: elbo_loss:134594.1875, custom_loss:5251.7548828125
2024-09-23 22:50:06,905: elbo_loss:128411.9375, custom_loss:5300.517578125
2024-09-23 22:50:23,543: elbo_loss:123598.1796875, custom_loss:5154.84521484375
2024-09-23 22:50:40,153: elbo_loss:120575.3828125, custom_loss:5286.6728515625
2024-09-23 22:50:57,011: elbo_loss:119017.6484375, custom_loss:5235.82177734375
2024-09-23 22:50:57,016: [iteration 10001] loss: 7.6094
2024-09-23 22:51:13,700: elbo_loss:118125.1640625, custom_loss:5245.17041015625
2024-09-23 22:51:30,371: elbo_loss:117549.078125, custom_loss:5259.404296875
2024-09-23 22:51:46,994: elbo_loss:117008.96875, custom_loss:5161.62744140625
2024-09-23 22:52:03,190: elbo_loss:116636.8125, custom_loss:5260.169921875
2024-09-23 22:52:28,600: elbo_loss:116312.9375, custom_loss:5191.376953125
2024-09-23 22:52:53,136: elbo_loss:116230.5703125, custom_loss:5194.1357421875
2024-09-23 22:53:16,156: elbo_loss:116079.78125, custom_loss:5103.77490234375
2024-09-23 22:53:43,212: elbo_loss:116080.3359375, custom_loss:5267.70068359375
2024-09-23 22:54:08,104: elbo_loss:115949.6953125, custom_loss:5280.26416015625
2024-09-23 22:54:32,414: saved causal model in: models_save/cfpup.pt
2024-09-23 22:54:32,430: =========== evaluation for cfp_up predictor ================: {'RMSE': 0.9040914919993487, 'MAE': 0.7258767792811649}
2024-09-23 22:54:32,602: constant
2024-09-23 22:54:32,602: {'MMD': {'0_1': 2.4671624118677293e-11, '0_2': 0.0, '1_2': 2.4671624118677293e-11, 'Average': 1.644774941245153e-11}, 'Wass': {'0_1': 0.6330670714378357, '0_2': 0.6330674886703491, '1_2': 0.6330678462982178, 'Average': 0.6330674688021342}}
2024-09-23 22:54:32,703: full
2024-09-23 22:54:32,703: {'MMD': {'0_1': 59799.859375, '0_2': 54732.87109375, '1_2': 112.13794708251953, 'Average': 38214.95613861084}, 'Wass': {'0_1': 147.3225860595703, '0_2': 141.32972717285156, '1_2': 12.729878425598145, 'Average': 100.46073055267334}}
2024-09-23 22:54:32,804: unaware
2024-09-23 22:54:32,804: {'MMD': {'0_1': 22801.908203125, '0_2': 106.93193054199219, '1_2': 19785.859375, 'Average': 14231.566502888998}, 'Wass': {'0_1': 91.73051452636719, '0_2': 16.082115173339844, '1_2': 86.12759399414062, 'Average': 64.64674123128255}}
2024-09-23 22:54:32,898: cfpu
2024-09-23 22:54:32,898: {'MMD': {'0_1': 1233.43359375, '0_2': 201.94686889648438, '1_2': 2433.554931640625, 'Average': 1289.6451314290364}, 'Wass': {'0_1': 21.66105842590332, '0_2': 7.212674617767334, '1_2': 30.614519119262695, 'Average': 19.82941738764445}}
2024-09-23 22:54:32,986: cfpup
2024-09-23 22:54:32,986: {'MMD': {'0_1': 34458.46484375, '0_2': 101598.2734375, '1_2': 17719.580078125, 'Average': 51258.772786458336}, 'Wass': {'0_1': 112.15074157714844, '0_2': 192.59410095214844, '1_2': 80.54840850830078, 'Average': 128.43108367919922}}
