2024-09-23 23:21:27,636: Namespace(cudanum=1, dataset='adult', synthetic=0, seed=51, training=1, pyromodel='models_save/cfpup.pt', pyroparam='models_save/cfpup_param.pt', lrcausalmodel=0.001, alpha=0.0, num_iterations_causalmodel=20000, epochs_vae=10, decoder_type='together', lr=0.002)
2024-09-23 23:21:27,637: Namespace(cudanum=1, dataset='adult', synthetic=0, seed=51, training=1, pyromodel='models_save/cfpup.pt', pyroparam='models_save/cfpup_param.pt', lrcausalmodel=0.001, alpha=0.0, num_iterations_causalmodel=20000, epochs_vae=10, decoder_type='together', lr=0.002)
2024-09-23 23:21:27,809: =========== evaluation for constant predictor ================: {'F1-score': 0.0, 'Accuracy': 0.7376614773103677}
2024-09-23 23:21:27,951: =========== evaluation for full predictor ================: {'F1-score': 0.6623181133968891, 'Accuracy': 0.7770785028155018}
2024-09-23 23:21:28,085: =========== evaluation for unaware predictor ================: {'F1-score': 0.6613306653326664, 'Accuracy': 0.7757535607817158}
2024-09-23 23:21:30,777: [iteration 0001] loss: 1230.2578
2024-09-23 23:22:05,264: [iteration 1001] loss: 664.1523
2024-09-23 23:22:39,466: [iteration 2001] loss: 347.5288
2024-09-23 23:23:13,589: [iteration 3001] loss: 193.0364
2024-09-23 23:23:47,929: [iteration 4001] loss: 132.2401
2024-09-23 23:24:22,247: [iteration 5001] loss: 110.6284
2024-09-23 23:24:56,588: [iteration 6001] loss: 99.0518
2024-09-23 23:25:30,867: [iteration 7001] loss: 90.0489
2024-09-23 23:26:05,147: [iteration 8001] loss: 82.6789
2024-09-23 23:26:39,433: [iteration 9001] loss: 76.6515
2024-09-23 23:27:13,725: [iteration 10001] loss: 71.6581
2024-09-23 23:27:41,129: [iteration 11001] loss: 67.6537
2024-09-23 23:28:06,866: [iteration 12001] loss: 64.3771
2024-09-23 23:28:32,562: [iteration 13001] loss: 61.8073
2024-09-23 23:28:58,311: [iteration 14001] loss: 59.6802
2024-09-23 23:29:24,071: [iteration 15001] loss: 57.9382
2024-09-23 23:29:41,545: [iteration 16001] loss: 56.4642
2024-09-23 23:29:57,871: [iteration 17001] loss: 55.2174
2024-09-23 23:30:14,271: [iteration 18001] loss: 54.1928
2024-09-23 23:30:30,654: [iteration 19001] loss: 53.3173
2024-09-23 23:30:46,926: saved causal model in: models_save/cfpup.pt
2024-09-23 23:30:46,959: =========== evaluation for cfp_u predictor ================: {'F1-score': 0.519294902334445, 'Accuracy': 0.665783371977476}
2024-09-23 23:30:46,991: elbo_loss:29819334.0, custom_loss:0.0
2024-09-23 23:30:47,001: [iteration 0001] loss: 1234.9084
2024-09-23 23:31:11,714: elbo_loss:13931684.0, custom_loss:0.0
2024-09-23 23:31:36,412: elbo_loss:5022708.0, custom_loss:0.0
2024-09-23 23:32:00,851: elbo_loss:2076986.875, custom_loss:0.0
2024-09-23 23:32:25,586: elbo_loss:1251176.125, custom_loss:0.0
2024-09-23 23:32:50,251: elbo_loss:874626.125, custom_loss:0.0
2024-09-23 23:33:14,993: elbo_loss:665067.4375, custom_loss:0.0
2024-09-23 23:33:39,578: elbo_loss:545571.875, custom_loss:0.0
2024-09-23 23:34:04,211: elbo_loss:473374.875, custom_loss:0.0
2024-09-23 23:34:28,617: elbo_loss:427367.09375, custom_loss:0.0
2024-09-23 23:34:52,970: elbo_loss:398593.1875, custom_loss:0.0
2024-09-23 23:34:52,978: [iteration 10001] loss: 16.5069
2024-09-23 23:35:17,191: elbo_loss:379774.1875, custom_loss:0.0
2024-09-23 23:35:41,409: elbo_loss:367424.96875, custom_loss:0.0
2024-09-23 23:36:05,542: elbo_loss:359862.78125, custom_loss:0.0
2024-09-23 23:36:29,821: elbo_loss:355056.125, custom_loss:0.0
2024-09-23 23:36:54,032: elbo_loss:352163.03125, custom_loss:0.0
2024-09-23 23:37:18,190: elbo_loss:350553.5625, custom_loss:0.0
2024-09-23 23:37:42,402: elbo_loss:349628.34375, custom_loss:0.0
2024-09-23 23:38:06,607: elbo_loss:349030.25, custom_loss:0.0
2024-09-23 23:38:30,843: elbo_loss:348719.90625, custom_loss:0.0
2024-09-23 23:38:55,050: saved causal model in: models_save/cfpup.pt
2024-09-23 23:38:55,071: =========== evaluation for cfp_up predictor ================: {'F1-score': 0.5240133143128863, 'Accuracy': 0.668433256045048}
2024-09-23 23:38:55,091: constant
2024-09-23 23:38:55,091: {'MMD': {'0_1': 0.0, '0_2': 0.0, '1_2': 0.0, 'Average': 0.0}, 'Wass': {'0_1': 0.6330676078796387, '0_2': 0.6330673098564148, '1_2': 0.6330673098564148, 'Average': 0.6330674091974894}}
2024-09-23 23:38:55,096: full
2024-09-23 23:38:55,096: {'MMD': {'0_1': 3057.072265625, '0_2': 1.2352060079574585, '1_2': 3181.2080078125, 'Average': 2079.8384931484857}, 'Wass': {'0_1': 29.018476486206055, '0_2': 11.004814147949219, '1_2': 32.309288024902344, 'Average': 24.110859553019207}}
2024-09-23 23:38:55,101: unaware
2024-09-23 23:38:55,101: {'MMD': {'0_1': 2739.38427734375, '0_2': 53.04776382446289, '1_2': 3554.844482421875, 'Average': 2115.758841196696}, 'Wass': {'0_1': 25.134410858154297, '0_2': 11.367884635925293, '1_2': 34.2845573425293, 'Average': 23.59561761220296}}
2024-09-23 23:38:55,106: cfpu
2024-09-23 23:38:55,106: {'MMD': {'0_1': 311.3264465332031, '0_2': 234.88394165039062, '1_2': 5.375542163848877, 'Average': 183.86197678248087}, 'Wass': {'0_1': 6.228665351867676, '0_2': 5.807301998138428, '1_2': 5.671657562255859, 'Average': 5.902541637420654}}
2024-09-23 23:38:55,111: cfpup
2024-09-23 23:38:55,111: {'MMD': {'0_1': 338.8665771484375, '0_2': 177.7064666748047, '1_2': 25.782733917236328, 'Average': 180.78525924682617}, 'Wass': {'0_1': 6.355048656463623, '0_2': 5.966738224029541, '1_2': 5.807612895965576, 'Average': 6.04313325881958}}
