2024-09-23 22:54:36,643: Namespace(cudanum=1, dataset='law', synthetic=0, seed=51, training=1, pyromodel='models_save/cfpup.pt', pyroparam='models_save/cfpup_param.pt', lrcausalmodel=0.001, alpha=15000.0, num_iterations_causalmodel=20000, epochs_vae=10, decoder_type='together', lr=0.002)
2024-09-23 22:54:36,644: Namespace(cudanum=1, dataset='law', synthetic=0, seed=51, training=1, pyromodel='models_save/cfpup.pt', pyroparam='models_save/cfpup_param.pt', lrcausalmodel=0.001, alpha=15000.0, num_iterations_causalmodel=20000, epochs_vae=10, decoder_type='together', lr=0.002)
2024-09-23 22:54:36,676: =========== evaluation for constant predictor ================: {'RMSE': 0.9165065931854675, 'MAE': 0.7382822818910539}
2024-09-23 22:54:36,680: =========== evaluation for full predictor ================: {'RMSE': 0.8616290672684878, 'MAE': 0.6912660632121225}
2024-09-23 22:54:36,682: =========== evaluation for unaware predictor ================: {'RMSE': 0.8731503900374782, 'MAE': 0.7014632909714762}
2024-09-23 22:54:38,192: [iteration 0001] loss: 138.5914
2024-09-23 22:54:49,520: [iteration 1001] loss: 20.3986
2024-09-23 22:55:00,906: [iteration 2001] loss: 11.2947
2024-09-23 22:55:11,824: [iteration 3001] loss: 10.5161
2024-09-23 22:55:22,698: [iteration 4001] loss: 10.3777
2024-09-23 22:55:33,526: [iteration 5001] loss: 10.2696
2024-09-23 22:55:44,361: [iteration 6001] loss: 10.1399
2024-09-23 22:55:55,245: [iteration 7001] loss: 9.9647
2024-09-23 22:56:06,117: [iteration 8001] loss: 9.6983
2024-09-23 22:56:17,016: [iteration 9001] loss: 9.2370
2024-09-23 22:56:27,891: [iteration 10001] loss: 8.3439
2024-09-23 22:56:40,030: [iteration 11001] loss: 7.4383
2024-09-23 22:56:54,313: [iteration 12001] loss: 7.0852
2024-09-23 22:57:08,612: [iteration 13001] loss: 6.9142
2024-09-23 22:57:22,982: [iteration 14001] loss: 6.8191
2024-09-23 22:57:37,331: [iteration 15001] loss: 6.7655
2024-09-23 22:57:51,702: [iteration 16001] loss: 6.7338
2024-09-23 22:58:06,071: [iteration 17001] loss: 6.7177
2024-09-23 22:58:20,470: [iteration 18001] loss: 6.7067
2024-09-23 22:58:34,897: [iteration 19001] loss: 6.7007
2024-09-23 22:58:49,277: saved causal model in: models_save/cfpup.pt
2024-09-23 22:58:49,281: =========== evaluation for cfp_u predictor ================: {'RMSE': 0.9041357630711065, 'MAE': 0.7235046259865502}
2024-09-23 22:58:49,312: elbo_loss:2340797.5, custom_loss:3316.323486328125
2024-09-23 22:58:49,320: [iteration 0001] loss: 143.5553
2024-09-23 22:59:14,729: elbo_loss:229471.796875, custom_loss:3689.411376953125
2024-09-23 22:59:40,142: elbo_loss:191158.1875, custom_loss:3497.760498046875
2024-09-23 23:00:05,539: elbo_loss:166061.984375, custom_loss:5509.53125
2024-09-23 23:00:30,924: elbo_loss:154451.65625, custom_loss:6103.375
2024-09-23 23:00:56,372: elbo_loss:144157.6875, custom_loss:6283.82470703125
2024-09-23 23:01:21,795: elbo_loss:136175.78125, custom_loss:6228.640625
2024-09-23 23:01:47,244: elbo_loss:129763.078125, custom_loss:6309.46337890625
2024-09-23 23:02:12,761: elbo_loss:124838.4453125, custom_loss:6326.677734375
2024-09-23 23:02:35,632: elbo_loss:122001.1875, custom_loss:6300.81884765625
2024-09-23 23:02:54,747: elbo_loss:120378.03125, custom_loss:6301.625
2024-09-23 23:02:54,753: [iteration 10001] loss: 7.7580
2024-09-23 23:03:13,535: elbo_loss:119446.078125, custom_loss:6169.380859375
2024-09-23 23:03:32,295: elbo_loss:118727.5234375, custom_loss:6290.15087890625
2024-09-23 23:03:50,946: elbo_loss:118247.4609375, custom_loss:6251.10546875
2024-09-23 23:04:09,585: elbo_loss:117971.4375, custom_loss:6324.7470703125
2024-09-23 23:04:28,327: elbo_loss:117689.234375, custom_loss:6259.9970703125
2024-09-23 23:04:47,121: elbo_loss:117467.2109375, custom_loss:6264.75341796875
2024-09-23 23:05:05,835: elbo_loss:117338.5, custom_loss:6238.79248046875
2024-09-23 23:05:28,257: elbo_loss:117496.2734375, custom_loss:6232.1533203125
2024-09-23 23:05:53,529: elbo_loss:117304.4453125, custom_loss:6152.4072265625
2024-09-23 23:06:18,803: saved causal model in: models_save/cfpup.pt
2024-09-23 23:06:18,807: =========== evaluation for cfp_up predictor ================: {'RMSE': 0.8813854326057666, 'MAE': 0.7088286420306689}
2024-09-23 23:06:18,824: constant
2024-09-23 23:06:18,824: {'MMD': {'0_1': 0.0, '0_2': 0.0, '1_2': 0.0, 'Average': 0.0}, 'Wass': {'0_1': 0.6330674290657043, '0_2': 0.6330674290657043, '1_2': 0.6330679059028625, 'Average': 0.6330675880114237}}
2024-09-23 23:06:18,834: full
2024-09-23 23:06:18,834: {'MMD': {'0_1': 59300.640625, '0_2': 62880.62890625, '1_2': 52.45928955078125, 'Average': 40744.57627360026}, 'Wass': {'0_1': 146.76121520996094, '0_2': 151.1345977783203, '1_2': 10.48568344116211, 'Average': 102.79383214314778}}
2024-09-23 23:06:18,843: unaware
2024-09-23 23:06:18,843: {'MMD': {'0_1': 22743.830078125, '0_2': 947.4186401367188, '1_2': 14407.2978515625, 'Average': 12699.51552327474}, 'Wass': {'0_1': 91.71358489990234, '0_2': 21.829490661621094, '1_2': 73.65870666503906, 'Average': 62.400594075520836}}
2024-09-23 23:06:18,852: cfpu
2024-09-23 23:06:18,852: {'MMD': {'0_1': 1275.7952880859375, '0_2': 154.432373046875, '1_2': 2317.9755859375, 'Average': 1249.4010823567708}, 'Wass': {'0_1': 22.246158599853516, '0_2': 8.512269973754883, '1_2': 29.392629623413086, 'Average': 20.050352732340496}}
2024-09-23 23:06:18,861: cfpup
2024-09-23 23:06:18,861: {'MMD': {'0_1': 34872.765625, '0_2': 101372.1015625, '1_2': 17331.025390625, 'Average': 51191.964192708336}, 'Wass': {'0_1': 112.66360473632812, '0_2': 192.3941650390625, '1_2': 79.78890228271484, 'Average': 128.2822240193685}}
