2024-09-23 23:59:39,128: Namespace(cudanum=1, dataset='law', synthetic=0, seed=50, training=1, pyromodel='models_save/cfpup.pt', pyroparam='models_save/cfpup_param.pt', lrcausalmodel=0.001, alpha=500000000.0, num_iterations_causalmodel=20000, epochs_vae=10, decoder_type='together', lr=0.002)
2024-09-23 23:59:39,129: Namespace(cudanum=1, dataset='law', synthetic=0, seed=50, training=1, pyromodel='models_save/cfpup.pt', pyroparam='models_save/cfpup_param.pt', lrcausalmodel=0.001, alpha=500000000.0, num_iterations_causalmodel=20000, epochs_vae=10, decoder_type='together', lr=0.002)
2024-09-23 23:59:39,162: =========== evaluation for constant predictor ================: {'RMSE': 0.9218197901142571, 'MAE': 0.7359503518763207}
2024-09-23 23:59:39,166: =========== evaluation for full predictor ================: {'RMSE': 0.8688112374892244, 'MAE': 0.7003106479543398}
2024-09-23 23:59:39,168: =========== evaluation for unaware predictor ================: {'RMSE': 0.8813496379949248, 'MAE': 0.708820682441671}
2024-09-23 23:59:40,880: [iteration 0001] loss: 138.5821
2024-09-23 23:59:56,772: [iteration 1001] loss: 20.4735
2024-09-24 00:00:11,794: [iteration 2001] loss: 11.2897
2024-09-24 00:00:26,934: [iteration 3001] loss: 10.5234
2024-09-24 00:00:42,185: [iteration 4001] loss: 10.3778
2024-09-24 00:00:57,254: [iteration 5001] loss: 10.2690
2024-09-24 00:01:12,305: [iteration 6001] loss: 10.1395
2024-09-24 00:01:27,367: [iteration 7001] loss: 9.9673
2024-09-24 00:01:42,331: [iteration 8001] loss: 9.6988
2024-09-24 00:01:57,249: [iteration 9001] loss: 9.2359
2024-09-24 00:02:12,227: [iteration 10001] loss: 8.3417
2024-09-24 00:02:27,171: [iteration 11001] loss: 7.4356
2024-09-24 00:02:42,105: [iteration 12001] loss: 7.0831
2024-09-24 00:02:57,026: [iteration 13001] loss: 6.9111
2024-09-24 00:03:12,031: [iteration 14001] loss: 6.8162
2024-09-24 00:03:26,945: [iteration 15001] loss: 6.7642
2024-09-24 00:03:41,888: [iteration 16001] loss: 6.7362
2024-09-24 00:03:56,882: [iteration 17001] loss: 6.7166
2024-09-24 00:04:11,791: [iteration 18001] loss: 6.7067
2024-09-24 00:04:26,723: [iteration 19001] loss: 6.7013
2024-09-24 00:04:41,716: saved causal model in: models_save/cfpup.pt
2024-09-24 00:04:41,721: =========== evaluation for cfp_u predictor ================: {'RMSE': 0.9065620331664285, 'MAE': 0.724984163986291}
2024-09-24 00:04:41,755: elbo_loss:2341002.0, custom_loss:112777120.0
2024-09-24 00:04:41,763: [iteration 0001] loss: 7049.9185
2024-09-24 00:05:07,460: elbo_loss:404471.40625, custom_loss:5629867.0
2024-09-24 00:05:33,382: elbo_loss:267831.21875, custom_loss:3169873.75
2024-09-24 00:05:59,249: elbo_loss:265449.90625, custom_loss:1915673.625
2024-09-24 00:06:25,151: elbo_loss:272428.21875, custom_loss:1231165.25
2024-09-24 00:06:50,936: elbo_loss:278979.34375, custom_loss:779795.8125
2024-09-24 00:07:16,731: elbo_loss:281520.46875, custom_loss:520665.375
2024-09-24 00:07:42,700: elbo_loss:271780.0625, custom_loss:344465.28125
2024-09-24 00:08:08,578: elbo_loss:273305.875, custom_loss:232030.15625
2024-09-24 00:08:34,419: elbo_loss:276958.78125, custom_loss:155578.515625
2024-09-24 00:09:00,244: elbo_loss:280367.96875, custom_loss:108799.8671875
2024-09-24 00:09:00,251: [iteration 10001] loss: 23.8329
2024-09-24 00:09:25,988: elbo_loss:284024.1875, custom_loss:77767.96875
2024-09-24 00:09:51,841: elbo_loss:287571.375, custom_loss:56183.19140625
2024-09-24 00:10:13,329: elbo_loss:290963.625, custom_loss:42026.2421875
2024-09-24 00:10:32,540: elbo_loss:293457.0625, custom_loss:33738.53125
2024-09-24 00:10:51,906: elbo_loss:294749.25, custom_loss:28329.986328125
2024-09-24 00:11:11,182: elbo_loss:295094.21875, custom_loss:25186.146484375
2024-09-24 00:11:30,460: elbo_loss:294293.09375, custom_loss:24073.38671875
2024-09-24 00:11:55,775: elbo_loss:293479.21875, custom_loss:23081.0
2024-09-24 00:12:22,125: elbo_loss:292017.53125, custom_loss:23377.916015625
2024-09-24 00:12:48,612: saved causal model in: models_save/cfpup.pt
2024-09-24 00:12:48,616: =========== evaluation for cfp_up predictor ================: {'RMSE': 0.9217201449143807, 'MAE': 0.7356584799086108}
2024-09-24 00:12:48,634: constant
2024-09-24 00:12:48,634: {'MMD': {'0_1': 6.167906029669323e-12, '0_2': 2.4671624118677293e-11, '1_2': 6.167906029669323e-12, 'Average': 1.2335812059338647e-11}, 'Wass': {'0_1': 0.6330671310424805, '0_2': 0.6330666542053223, '1_2': 0.6330677270889282, 'Average': 0.6330671707789103}}
2024-09-24 00:12:48,644: full
2024-09-24 00:12:48,644: {'MMD': {'0_1': 53657.1015625, '0_2': 59593.203125, '1_2': 155.67950439453125, 'Average': 37801.99473063151}, 'Wass': {'0_1': 140.08480834960938, '0_2': 147.27630615234375, '1_2': 11.067366600036621, 'Average': 99.47616036732991}}
2024-09-24 00:12:48,654: unaware
2024-09-24 00:12:48,654: {'MMD': {'0_1': 18768.1640625, '0_2': 560.9465942382812, '1_2': 12839.755859375, 'Average': 10722.955505371094}, 'Wass': {'0_1': 84.13741302490234, '0_2': 17.20222282409668, '1_2': 69.85633087158203, 'Average': 57.06532224019369}}
2024-09-24 00:12:48,663: cfpu
2024-09-24 00:12:48,663: {'MMD': {'0_1': 708.9691162109375, '0_2': 170.48858642578125, '1_2': 1574.7882080078125, 'Average': 818.0819702148438}, 'Wass': {'0_1': 17.427078247070312, '0_2': 7.599748611450195, '1_2': 24.897172927856445, 'Average': 16.641333262125652}}
2024-09-24 00:12:48,673: cfpup
2024-09-24 00:12:48,673: {'MMD': {'0_1': 4.360606670379639, '0_2': 0.5282262563705444, '1_2': 1.8534501791000366, 'Average': 2.2474277019500732}, 'Wass': {'0_1': 1.8057230710983276, '0_2': 1.5911381244659424, '1_2': 1.6095556020736694, 'Average': 1.6688055992126465}}
