2024-09-23 23:21:27,738: Namespace(cudanum=6, dataset='adult', synthetic=0, seed=52, training=1, pyromodel='models_save/cfpup.pt', pyroparam='models_save/cfpup_param.pt', lrcausalmodel=0.001, alpha=5000.0, num_iterations_causalmodel=20000, epochs_vae=10, decoder_type='together', lr=0.002)
2024-09-23 23:21:27,740: Namespace(cudanum=6, dataset='adult', synthetic=0, seed=52, training=1, pyromodel='models_save/cfpup.pt', pyroparam='models_save/cfpup_param.pt', lrcausalmodel=0.001, alpha=5000.0, num_iterations_causalmodel=20000, epochs_vae=10, decoder_type='together', lr=0.002)
2024-09-23 23:21:27,914: =========== evaluation for constant predictor ================: {'F1-score': 0.0, 'Accuracy': 0.7565419012918185}
2024-09-23 23:21:28,058: =========== evaluation for full predictor ================: {'F1-score': 0.6428571428571429, 'Accuracy': 0.7780722093408413}
2024-09-23 23:21:28,195: =========== evaluation for unaware predictor ================: {'F1-score': 0.6400862068965517, 'Accuracy': 0.7787346803577343}
2024-09-23 23:21:31,198: [iteration 0001] loss: 1229.9450
2024-09-23 23:22:17,529: [iteration 1001] loss: 663.9560
2024-09-23 23:23:02,450: [iteration 2001] loss: 347.3659
2024-09-23 23:23:49,242: [iteration 3001] loss: 192.8833
2024-09-23 23:24:25,365: [iteration 4001] loss: 132.1103
2024-09-23 23:24:58,923: [iteration 5001] loss: 110.5497
2024-09-23 23:25:34,436: [iteration 6001] loss: 99.0271
2024-09-23 23:26:08,957: [iteration 7001] loss: 90.0199
2024-09-23 23:26:43,191: [iteration 8001] loss: 82.7056
2024-09-23 23:27:18,008: [iteration 9001] loss: 76.6383
2024-09-23 23:27:52,388: [iteration 10001] loss: 71.6633
2024-09-23 23:28:27,040: [iteration 11001] loss: 67.6522
2024-09-23 23:29:01,652: [iteration 12001] loss: 64.3692
2024-09-23 23:29:36,300: [iteration 13001] loss: 61.7938
2024-09-23 23:30:10,564: [iteration 14001] loss: 59.6847
2024-09-23 23:30:45,372: [iteration 15001] loss: 57.9494
2024-09-23 23:31:18,642: [iteration 16001] loss: 56.4735
2024-09-23 23:31:52,741: [iteration 17001] loss: 55.2332
2024-09-23 23:32:26,559: [iteration 18001] loss: 54.2016
2024-09-23 23:33:00,716: [iteration 19001] loss: 53.3202
2024-09-23 23:33:34,623: saved causal model in: models_save/cfpup.pt
2024-09-23 23:33:34,654: =========== evaluation for cfp_u predictor ================: {'F1-score': 0.4932330827067669, 'Accuracy': 0.665120900960583}
2024-09-23 23:33:34,714: elbo_loss:29819638.0, custom_loss:1121.2342529296875
2024-09-23 23:33:34,727: [iteration 0001] loss: 1234.9675
2024-09-23 23:34:23,822: elbo_loss:13934811.0, custom_loss:4637.65625
2024-09-23 23:35:13,021: elbo_loss:5021313.0, custom_loss:7870.005859375
2024-09-23 23:36:02,992: elbo_loss:2075003.375, custom_loss:10180.9169921875
2024-09-23 23:36:51,507: elbo_loss:1251434.0, custom_loss:11954.98828125
2024-09-23 23:37:39,975: elbo_loss:877468.5, custom_loss:12856.857421875
2024-09-23 23:38:27,802: elbo_loss:667317.375, custom_loss:13561.173828125
2024-09-23 23:39:16,261: elbo_loss:548009.25, custom_loss:13705.4404296875
2024-09-23 23:40:05,187: elbo_loss:475699.375, custom_loss:13294.732421875
2024-09-23 23:40:53,424: elbo_loss:430370.46875, custom_loss:13080.1318359375
2024-09-23 23:41:41,605: elbo_loss:400993.8125, custom_loss:12714.2998046875
2024-09-23 23:41:41,615: [iteration 10001] loss: 17.1329
2024-09-23 23:42:30,610: elbo_loss:382349.0625, custom_loss:12365.8671875
2024-09-23 23:43:17,620: elbo_loss:370468.8125, custom_loss:11973.9921875
2024-09-23 23:44:09,755: elbo_loss:363185.875, custom_loss:11660.9765625
2024-09-23 23:45:06,171: elbo_loss:358350.09375, custom_loss:11315.892578125
2024-09-23 23:46:12,343: elbo_loss:355549.8125, custom_loss:11089.5927734375
2024-09-23 23:47:18,782: elbo_loss:354231.65625, custom_loss:10866.119140625
2024-09-23 23:48:09,359: elbo_loss:353504.875, custom_loss:10561.744140625
2024-09-23 23:49:09,944: elbo_loss:353217.4375, custom_loss:10578.65234375
2024-09-23 23:50:18,761: elbo_loss:352917.5, custom_loss:10478.6787109375
2024-09-23 23:51:25,788: saved causal model in: models_save/cfpup.pt
2024-09-23 23:51:25,812: =========== evaluation for cfp_up predictor ================: {'F1-score': 0.5015105740181269, 'Accuracy': 0.6720768466379596}
2024-09-23 23:51:25,848: constant
2024-09-23 23:51:25,848: {'MMD': {'0_1': 0.0, '0_2': 0.0, '1_2': 0.0, 'Average': 0.0}, 'Wass': {'0_1': 0.6330670714378357, '0_2': 0.6330670118331909, '1_2': 0.6330674290657043, 'Average': 0.6330671707789103}}
2024-09-23 23:51:25,857: full
2024-09-23 23:51:25,857: {'MMD': {'0_1': 3334.577392578125, '0_2': 388.73419189453125, '1_2': 6000.3837890625, 'Average': 3241.2317911783853}, 'Wass': {'0_1': 32.8209114074707, '0_2': 10.205000877380371, '1_2': 47.671817779541016, 'Average': 30.232576688130695}}
2024-09-23 23:51:25,868: unaware
2024-09-23 23:51:25,868: {'MMD': {'0_1': 3054.67431640625, '0_2': 640.6253051757812, '1_2': 6493.08642578125, 'Average': 3396.1286824544272}, 'Wass': {'0_1': 30.381572723388672, '0_2': 10.623675346374512, '1_2': 49.479190826416016, 'Average': 30.161479632059734}}
2024-09-23 23:51:25,878: cfpu
2024-09-23 23:51:25,878: {'MMD': {'0_1': 116.16207122802734, '0_2': 94.0198745727539, '1_2': 419.1943359375, 'Average': 209.7920939127604}, 'Wass': {'0_1': 5.250571250915527, '0_2': 5.403459548950195, '1_2': 8.0377779006958, 'Average': 6.230602900187175}}
2024-09-23 23:51:25,896: cfpup
2024-09-23 23:51:25,896: {'MMD': {'0_1': 288.1143798828125, '0_2': 0.680736243724823, '1_2': 260.785888671875, 'Average': 183.19366826613745}, 'Wass': {'0_1': 6.25234842300415, '0_2': 4.8682661056518555, '1_2': 6.997189044952393, 'Average': 6.039267857869466}}
