2024-09-23 23:48:21,168: Namespace(cudanum=2, dataset='adult', synthetic=0, seed=52, training=1, pyromodel='models_save/cfpup.pt', pyroparam='models_save/cfpup_param.pt', lrcausalmodel=0.001, alpha=10000.0, num_iterations_causalmodel=20000, epochs_vae=10, decoder_type='together', lr=0.002)
2024-09-23 23:48:21,170: Namespace(cudanum=2, dataset='adult', synthetic=0, seed=52, training=1, pyromodel='models_save/cfpup.pt', pyroparam='models_save/cfpup_param.pt', lrcausalmodel=0.001, alpha=10000.0, num_iterations_causalmodel=20000, epochs_vae=10, decoder_type='together', lr=0.002)
2024-09-23 23:48:21,359: =========== evaluation for constant predictor ================: {'F1-score': 0.0, 'Accuracy': 0.7565419012918185}
2024-09-23 23:48:21,506: =========== evaluation for full predictor ================: {'F1-score': 0.6428571428571429, 'Accuracy': 0.7780722093408413}
2024-09-23 23:48:21,644: =========== evaluation for unaware predictor ================: {'F1-score': 0.6400862068965517, 'Accuracy': 0.7787346803577343}
2024-09-23 23:48:24,410: [iteration 0001] loss: 1229.9450
2024-09-23 23:48:51,670: [iteration 1001] loss: 663.9560
2024-09-23 23:49:18,475: [iteration 2001] loss: 347.3659
2024-09-23 23:49:45,394: [iteration 3001] loss: 192.8833
2024-09-23 23:50:12,558: [iteration 4001] loss: 132.1103
2024-09-23 23:50:40,102: [iteration 5001] loss: 110.5497
2024-09-23 23:51:07,040: [iteration 6001] loss: 99.0271
2024-09-23 23:51:34,021: [iteration 7001] loss: 90.0199
2024-09-23 23:52:00,380: [iteration 8001] loss: 82.7056
2024-09-23 23:52:26,698: [iteration 9001] loss: 76.6383
2024-09-23 23:52:53,005: [iteration 10001] loss: 71.6633
2024-09-23 23:53:19,235: [iteration 11001] loss: 67.6522
2024-09-23 23:53:45,450: [iteration 12001] loss: 64.3692
2024-09-23 23:54:11,803: [iteration 13001] loss: 61.7938
2024-09-23 23:54:38,054: [iteration 14001] loss: 59.6847
2024-09-23 23:55:04,312: [iteration 15001] loss: 57.9494
2024-09-23 23:55:30,591: [iteration 16001] loss: 56.4735
2024-09-23 23:55:56,898: [iteration 17001] loss: 55.2332
2024-09-23 23:56:23,153: [iteration 18001] loss: 54.2016
2024-09-23 23:56:49,383: [iteration 19001] loss: 53.3202
2024-09-23 23:57:15,651: saved causal model in: models_save/cfpup.pt
2024-09-23 23:57:15,684: =========== evaluation for cfp_u predictor ================: {'F1-score': 0.4932330827067669, 'Accuracy': 0.665120900960583}
2024-09-23 23:57:15,728: elbo_loss:29819638.0, custom_loss:2242.468505859375
2024-09-23 23:57:15,740: [iteration 0001] loss: 1235.0139
2024-09-23 23:57:53,706: elbo_loss:13934110.0, custom_loss:6830.5654296875
2024-09-23 23:58:31,037: elbo_loss:5021268.0, custom_loss:10610.37109375
2024-09-23 23:59:09,197: elbo_loss:2076560.625, custom_loss:13252.37109375
2024-09-23 23:59:47,371: elbo_loss:1254535.625, custom_loss:15825.7119140625
2024-09-24 00:00:23,879: elbo_loss:882168.5, custom_loss:17505.80859375
2024-09-24 00:01:02,142: elbo_loss:672813.625, custom_loss:18541.111328125
2024-09-24 00:01:41,070: elbo_loss:553655.1875, custom_loss:18680.736328125
2024-09-24 00:02:20,010: elbo_loss:481205.40625, custom_loss:18005.95703125
2024-09-24 00:02:58,097: elbo_loss:435692.3125, custom_loss:17682.681640625
2024-09-24 00:03:36,962: elbo_loss:406168.46875, custom_loss:17147.734375
2024-09-24 00:03:36,971: [iteration 10001] loss: 17.5308
2024-09-24 00:04:15,794: elbo_loss:387359.78125, custom_loss:16644.9296875
2024-09-24 00:04:49,528: elbo_loss:375404.84375, custom_loss:16050.197265625
2024-09-24 00:05:14,506: elbo_loss:368073.03125, custom_loss:15551.55859375
2024-09-24 00:05:39,755: elbo_loss:363205.25, custom_loss:14977.6240234375
2024-09-24 00:06:04,954: elbo_loss:360275.03125, custom_loss:14566.24609375
2024-09-24 00:06:30,179: elbo_loss:358992.53125, custom_loss:14147.4736328125
2024-09-24 00:06:55,389: elbo_loss:358174.28125, custom_loss:13640.5419921875
2024-09-24 00:07:20,662: elbo_loss:357921.75, custom_loss:13570.0537109375
2024-09-24 00:07:45,960: elbo_loss:357582.0, custom_loss:13353.6826171875
2024-09-24 00:08:11,275: saved causal model in: models_save/cfpup.pt
2024-09-24 00:08:11,297: =========== evaluation for cfp_up predictor ================: {'F1-score': 0.5002521432173475, 'Accuracy': 0.671745611129513}
2024-09-24 00:08:11,310: constant
2024-09-24 00:08:11,310: {'MMD': {'0_1': 0.0, '0_2': 0.0, '1_2': 0.0, 'Average': 0.0}, 'Wass': {'0_1': 0.6330670714378357, '0_2': 0.6330670118331909, '1_2': 0.6330674290657043, 'Average': 0.6330671707789103}}
2024-09-24 00:08:11,315: full
2024-09-24 00:08:11,315: {'MMD': {'0_1': 3334.577392578125, '0_2': 388.73419189453125, '1_2': 6000.3837890625, 'Average': 3241.2317911783853}, 'Wass': {'0_1': 32.8209114074707, '0_2': 10.205000877380371, '1_2': 47.671817779541016, 'Average': 30.232576688130695}}
2024-09-24 00:08:11,320: unaware
2024-09-24 00:08:11,320: {'MMD': {'0_1': 3054.67431640625, '0_2': 640.6253051757812, '1_2': 6493.08642578125, 'Average': 3396.1286824544272}, 'Wass': {'0_1': 30.381572723388672, '0_2': 10.623675346374512, '1_2': 49.479190826416016, 'Average': 30.161479632059734}}
2024-09-24 00:08:11,325: cfpu
2024-09-24 00:08:11,325: {'MMD': {'0_1': 116.16207122802734, '0_2': 94.0198745727539, '1_2': 419.1943359375, 'Average': 209.7920939127604}, 'Wass': {'0_1': 5.250571250915527, '0_2': 5.403459548950195, '1_2': 8.0377779006958, 'Average': 6.230602900187175}}
2024-09-24 00:08:11,330: cfpup
2024-09-24 00:08:11,330: {'MMD': {'0_1': 285.0537109375, '0_2': 0.10149756819009781, '1_2': 274.39739990234375, 'Average': 186.51753613601127}, 'Wass': {'0_1': 6.264121055603027, '0_2': 4.863901138305664, '1_2': 7.196329593658447, 'Average': 6.10811726252238}}
