2024-09-23 22:44:56,157: Namespace(cudanum=5, dataset='law', synthetic=0, seed=51, training=1, pyromodel='models_save/cfpup.pt', pyroparam='models_save/cfpup_param.pt', lrcausalmodel=0.001, alpha=10000.0, num_iterations_causalmodel=20000, epochs_vae=10, decoder_type='together', lr=0.002)
2024-09-23 22:44:56,159: Namespace(cudanum=5, dataset='law', synthetic=0, seed=51, training=1, pyromodel='models_save/cfpup.pt', pyroparam='models_save/cfpup_param.pt', lrcausalmodel=0.001, alpha=10000.0, num_iterations_causalmodel=20000, epochs_vae=10, decoder_type='together', lr=0.002)
2024-09-23 22:44:56,191: =========== evaluation for constant predictor ================: {'RMSE': 0.9165065931854675, 'MAE': 0.7382822818910539}
2024-09-23 22:44:56,194: =========== evaluation for full predictor ================: {'RMSE': 0.8616290672684878, 'MAE': 0.6912660632121225}
2024-09-23 22:44:56,196: =========== evaluation for unaware predictor ================: {'RMSE': 0.8731503900374782, 'MAE': 0.7014632909714762}
2024-09-23 22:44:58,207: [iteration 0001] loss: 138.5914
2024-09-23 22:45:13,750: [iteration 1001] loss: 20.3986
2024-09-23 22:45:29,677: [iteration 2001] loss: 11.2947
2024-09-23 22:45:43,555: [iteration 3001] loss: 10.5161
2024-09-23 22:45:58,323: [iteration 4001] loss: 10.3777
2024-09-23 22:46:13,102: [iteration 5001] loss: 10.2696
2024-09-23 22:46:27,918: [iteration 6001] loss: 10.1399
2024-09-23 22:46:42,364: [iteration 7001] loss: 9.9647
2024-09-23 22:46:58,776: [iteration 8001] loss: 9.6983
2024-09-23 22:47:07,838: [iteration 9001] loss: 9.2370
2024-09-23 22:47:17,330: [iteration 10001] loss: 8.3439
2024-09-23 22:47:26,808: [iteration 11001] loss: 7.4383
2024-09-23 22:47:36,197: [iteration 12001] loss: 7.0852
2024-09-23 22:47:45,526: [iteration 13001] loss: 6.9142
2024-09-23 22:47:55,543: [iteration 14001] loss: 6.8191
2024-09-23 22:48:04,850: [iteration 15001] loss: 6.7655
2024-09-23 22:48:14,304: [iteration 16001] loss: 6.7338
2024-09-23 22:48:23,760: [iteration 17001] loss: 6.7177
2024-09-23 22:48:33,150: [iteration 18001] loss: 6.7067
2024-09-23 22:48:42,495: [iteration 19001] loss: 6.7007
2024-09-23 22:48:51,705: saved causal model in: models_save/cfpup.pt
2024-09-23 22:48:51,713: =========== evaluation for cfp_u predictor ================: {'RMSE': 0.9041357630711065, 'MAE': 0.7235046259865502}
2024-09-23 22:48:51,731: elbo_loss:2340797.5, custom_loss:2210.88232421875
2024-09-23 22:48:51,737: [iteration 0001] loss: 143.4876
2024-09-23 22:49:08,425: elbo_loss:229261.15625, custom_loss:2768.88818359375
2024-09-23 22:49:24,224: elbo_loss:190495.875, custom_loss:2552.130126953125
2024-09-23 22:49:41,787: elbo_loss:165002.75, custom_loss:4350.46240234375
2024-09-23 22:49:57,347: elbo_loss:153307.921875, custom_loss:5019.07568359375
2024-09-23 22:50:13,724: elbo_loss:142911.40625, custom_loss:5220.79638671875
2024-09-23 22:50:29,960: elbo_loss:134866.625, custom_loss:5195.744140625
2024-09-23 22:50:48,712: elbo_loss:128414.1640625, custom_loss:5272.40380859375
2024-09-23 22:51:03,027: elbo_loss:123502.28125, custom_loss:5294.19482421875
2024-09-23 22:51:19,464: elbo_loss:120664.0859375, custom_loss:5273.2939453125
2024-09-23 22:51:35,902: elbo_loss:119052.3984375, custom_loss:5272.21484375
2024-09-23 22:51:35,907: [iteration 10001] loss: 7.6137
2024-09-23 22:51:52,126: elbo_loss:118118.09375, custom_loss:5161.44921875
2024-09-23 22:52:11,451: elbo_loss:117421.7890625, custom_loss:5266.1298828125
2024-09-23 22:52:36,369: elbo_loss:116945.421875, custom_loss:5228.95458984375
2024-09-23 22:53:01,473: elbo_loss:116666.234375, custom_loss:5291.60791015625
2024-09-23 22:53:27,111: elbo_loss:116387.2421875, custom_loss:5240.35205078125
2024-09-23 22:53:52,361: elbo_loss:116182.6484375, custom_loss:5241.783203125
2024-09-23 22:54:17,425: elbo_loss:116057.0703125, custom_loss:5219.45166015625
2024-09-23 22:54:45,368: elbo_loss:116179.796875, custom_loss:5211.95068359375
2024-09-23 22:55:18,953: elbo_loss:116006.4609375, custom_loss:5145.40087890625
2024-09-23 22:55:53,203: saved causal model in: models_save/cfpup.pt
2024-09-23 22:55:53,208: =========== evaluation for cfp_up predictor ================: {'RMSE': 0.8813713356224511, 'MAE': 0.708827710051334}
2024-09-23 22:55:53,230: constant
2024-09-23 22:55:53,230: {'MMD': {'0_1': 0.0, '0_2': 0.0, '1_2': 0.0, 'Average': 0.0}, 'Wass': {'0_1': 0.6330674290657043, '0_2': 0.6330674290657043, '1_2': 0.6330679059028625, 'Average': 0.6330675880114237}}
2024-09-23 22:55:53,240: full
2024-09-23 22:55:53,240: {'MMD': {'0_1': 59300.640625, '0_2': 62880.62890625, '1_2': 52.45928955078125, 'Average': 40744.57627360026}, 'Wass': {'0_1': 146.76121520996094, '0_2': 151.1345977783203, '1_2': 10.48568344116211, 'Average': 102.79383214314778}}
2024-09-23 22:55:53,250: unaware
2024-09-23 22:55:53,251: {'MMD': {'0_1': 22743.830078125, '0_2': 947.4186401367188, '1_2': 14407.2978515625, 'Average': 12699.51552327474}, 'Wass': {'0_1': 91.71358489990234, '0_2': 21.829490661621094, '1_2': 73.65870666503906, 'Average': 62.400594075520836}}
2024-09-23 22:55:53,278: cfpu
2024-09-23 22:55:53,278: {'MMD': {'0_1': 1275.7952880859375, '0_2': 154.432373046875, '1_2': 2317.9755859375, 'Average': 1249.4010823567708}, 'Wass': {'0_1': 22.246158599853516, '0_2': 8.512269973754883, '1_2': 29.392629623413086, 'Average': 20.050352732340496}}
2024-09-23 22:55:53,305: cfpup
2024-09-23 22:55:53,305: {'MMD': {'0_1': 34874.44140625, '0_2': 101389.4609375, '1_2': 17337.021484375, 'Average': 51200.307942708336}, 'Wass': {'0_1': 112.66680908203125, '0_2': 192.41085815429688, '1_2': 79.8036117553711, 'Average': 128.29375966389975}}
