2024-09-24 00:14:57,424: Namespace(cudanum=2, dataset='law', synthetic=0, seed=50, training=1, pyromodel='models_save/cfpup.pt', pyroparam='models_save/cfpup_param.pt', lrcausalmodel=0.001, alpha=200000000.0, num_iterations_causalmodel=20000, epochs_vae=10, decoder_type='together', lr=0.002)
2024-09-24 00:14:57,426: Namespace(cudanum=2, dataset='law', synthetic=0, seed=50, training=1, pyromodel='models_save/cfpup.pt', pyroparam='models_save/cfpup_param.pt', lrcausalmodel=0.001, alpha=200000000.0, num_iterations_causalmodel=20000, epochs_vae=10, decoder_type='together', lr=0.002)
2024-09-24 00:14:57,456: =========== evaluation for constant predictor ================: {'RMSE': 0.9218197901142571, 'MAE': 0.7359503518763207}
2024-09-24 00:14:57,459: =========== evaluation for full predictor ================: {'RMSE': 0.8688112374892244, 'MAE': 0.7003106479543398}
2024-09-24 00:14:57,462: =========== evaluation for unaware predictor ================: {'RMSE': 0.8813496379949248, 'MAE': 0.708820682441671}
2024-09-24 00:14:58,956: [iteration 0001] loss: 138.5821
2024-09-24 00:15:11,299: [iteration 1001] loss: 20.4735
2024-09-24 00:15:23,315: [iteration 2001] loss: 11.2897
2024-09-24 00:15:35,632: [iteration 3001] loss: 10.5234
2024-09-24 00:15:47,578: [iteration 4001] loss: 10.3778
2024-09-24 00:15:59,100: [iteration 5001] loss: 10.2690
2024-09-24 00:16:10,659: [iteration 6001] loss: 10.1395
2024-09-24 00:16:22,172: [iteration 7001] loss: 9.9673
2024-09-24 00:16:33,646: [iteration 8001] loss: 9.6988
2024-09-24 00:16:45,144: [iteration 9001] loss: 9.2359
2024-09-24 00:16:56,664: [iteration 10001] loss: 8.3417
2024-09-24 00:17:08,191: [iteration 11001] loss: 7.4356
2024-09-24 00:17:19,704: [iteration 12001] loss: 7.0831
2024-09-24 00:17:31,220: [iteration 13001] loss: 6.9111
2024-09-24 00:17:42,762: [iteration 14001] loss: 6.8162
2024-09-24 00:17:54,272: [iteration 15001] loss: 6.7642
2024-09-24 00:18:05,779: [iteration 16001] loss: 6.7362
2024-09-24 00:18:17,294: [iteration 17001] loss: 6.7166
2024-09-24 00:18:28,777: [iteration 18001] loss: 6.7067
2024-09-24 00:18:39,942: [iteration 19001] loss: 6.7013
2024-09-24 00:18:51,162: saved causal model in: models_save/cfpup.pt
2024-09-24 00:18:51,173: =========== evaluation for cfp_u predictor ================: {'RMSE': 0.9065620331664285, 'MAE': 0.724984163986291}
2024-09-24 00:18:51,196: elbo_loss:2341002.0, custom_loss:45110848.0
2024-09-24 00:18:51,203: [iteration 0001] loss: 2905.9862
2024-09-24 00:19:10,520: elbo_loss:404428.625, custom_loss:2255903.25
2024-09-24 00:19:29,860: elbo_loss:267668.03125, custom_loss:1273382.0
2024-09-24 00:19:49,154: elbo_loss:265132.25, custom_loss:772335.4375
2024-09-24 00:20:08,526: elbo_loss:271868.75, custom_loss:498949.46875
2024-09-24 00:20:27,936: elbo_loss:277869.1875, custom_loss:318514.90625
2024-09-24 00:20:47,235: elbo_loss:278279.9375, custom_loss:215041.015625
2024-09-24 00:21:06,731: elbo_loss:269310.46875, custom_loss:144454.421875
2024-09-24 00:21:26,319: elbo_loss:271156.0625, custom_loss:99402.46875
2024-09-24 00:21:45,962: elbo_loss:274107.53125, custom_loss:68885.6484375
2024-09-24 00:22:05,361: elbo_loss:276250.8125, custom_loss:50543.82421875
2024-09-24 00:22:05,367: [iteration 10001] loss: 20.0131
2024-09-24 00:22:24,769: elbo_loss:278022.53125, custom_loss:38723.5078125
2024-09-24 00:22:44,121: elbo_loss:279016.1875, custom_loss:30684.919921875
2024-09-24 00:23:03,529: elbo_loss:279257.5, custom_loss:25790.69140625
2024-09-24 00:23:22,851: elbo_loss:278255.875, custom_loss:23483.91796875
2024-09-24 00:23:42,199: elbo_loss:276132.59375, custom_loss:22080.9140625
2024-09-24 00:24:01,858: elbo_loss:273462.21875, custom_loss:21394.673828125
2024-09-24 00:24:21,466: elbo_loss:269993.5, custom_loss:21317.603515625
2024-09-24 00:24:41,118: elbo_loss:266498.125, custom_loss:20947.431640625
2024-09-24 00:25:00,653: elbo_loss:261793.296875, custom_loss:21278.943359375
2024-09-24 00:25:20,291: saved causal model in: models_save/cfpup.pt
2024-09-24 00:25:20,296: =========== evaluation for cfp_up predictor ================: {'RMSE': 0.9205862703682042, 'MAE': 0.7346108754800157}
2024-09-24 00:25:20,309: constant
2024-09-24 00:25:20,310: {'MMD': {'0_1': 6.167906029669323e-12, '0_2': 2.4671624118677293e-11, '1_2': 6.167906029669323e-12, 'Average': 1.2335812059338647e-11}, 'Wass': {'0_1': 0.6330671310424805, '0_2': 0.6330666542053223, '1_2': 0.6330677270889282, 'Average': 0.6330671707789103}}
2024-09-24 00:25:20,317: full
2024-09-24 00:25:20,317: {'MMD': {'0_1': 53657.1015625, '0_2': 59593.203125, '1_2': 155.67950439453125, 'Average': 37801.99473063151}, 'Wass': {'0_1': 140.08480834960938, '0_2': 147.27630615234375, '1_2': 11.067366600036621, 'Average': 99.47616036732991}}
2024-09-24 00:25:20,325: unaware
2024-09-24 00:25:20,325: {'MMD': {'0_1': 18768.1640625, '0_2': 560.9465942382812, '1_2': 12839.755859375, 'Average': 10722.955505371094}, 'Wass': {'0_1': 84.13741302490234, '0_2': 17.20222282409668, '1_2': 69.85633087158203, 'Average': 57.06532224019369}}
2024-09-24 00:25:20,332: cfpu
2024-09-24 00:25:20,332: {'MMD': {'0_1': 708.9691162109375, '0_2': 170.48858642578125, '1_2': 1574.7882080078125, 'Average': 818.0819702148438}, 'Wass': {'0_1': 17.427078247070312, '0_2': 7.599748611450195, '1_2': 24.897172927856445, 'Average': 16.641333262125652}}
2024-09-24 00:25:20,339: cfpup
2024-09-24 00:25:20,339: {'MMD': {'0_1': 43.871829986572266, '0_2': 10.919024467468262, '1_2': 11.017000198364258, 'Average': 21.935951550801594}, 'Wass': {'0_1': 3.2044179439544678, '0_2': 2.569613456726074, '1_2': 2.5068836212158203, 'Average': 2.7603050072987876}}
