2024-09-23 23:48:21,171: Namespace(cudanum=4, dataset='adult', synthetic=0, seed=50, training=1, pyromodel='models_save/cfpup.pt', pyroparam='models_save/cfpup_param.pt', lrcausalmodel=0.001, alpha=15000.0, num_iterations_causalmodel=20000, epochs_vae=10, decoder_type='together', lr=0.002)
2024-09-23 23:48:21,173: Namespace(cudanum=4, dataset='adult', synthetic=0, seed=50, training=1, pyromodel='models_save/cfpup.pt', pyroparam='models_save/cfpup_param.pt', lrcausalmodel=0.001, alpha=15000.0, num_iterations_causalmodel=20000, epochs_vae=10, decoder_type='together', lr=0.002)
2024-09-23 23:48:21,355: =========== evaluation for constant predictor ================: {'F1-score': 0.0, 'Accuracy': 0.7479297780722094}
2024-09-23 23:48:21,506: =========== evaluation for full predictor ================: {'F1-score': 0.631578947368421, 'Accuracy': 0.7658164955283207}
2024-09-23 23:48:21,643: =========== evaluation for unaware predictor ================: {'F1-score': 0.6308654848800834, 'Accuracy': 0.7654852600198742}
2024-09-23 23:48:24,943: [iteration 0001] loss: 1230.2366
2024-09-23 23:49:12,828: [iteration 1001] loss: 664.1250
2024-09-23 23:49:56,486: [iteration 2001] loss: 347.4303
2024-09-23 23:50:30,623: [iteration 3001] loss: 193.0704
2024-09-23 23:51:03,670: [iteration 4001] loss: 132.1601
2024-09-23 23:51:38,617: [iteration 5001] loss: 110.5378
2024-09-23 23:52:11,028: [iteration 6001] loss: 99.0102
2024-09-23 23:52:44,765: [iteration 7001] loss: 90.0419
2024-09-23 23:53:18,874: [iteration 8001] loss: 82.7015
2024-09-23 23:53:53,092: [iteration 9001] loss: 76.6208
2024-09-23 23:54:28,001: [iteration 10001] loss: 71.6938
2024-09-23 23:55:01,279: [iteration 11001] loss: 67.6263
2024-09-23 23:55:37,120: [iteration 12001] loss: 64.3714
2024-09-23 23:56:09,114: [iteration 13001] loss: 61.7784
2024-09-23 23:56:42,883: [iteration 14001] loss: 59.6589
2024-09-23 23:57:16,589: [iteration 15001] loss: 57.9294
2024-09-23 23:57:50,082: [iteration 16001] loss: 56.4512
2024-09-23 23:58:23,367: [iteration 17001] loss: 55.2183
2024-09-23 23:58:56,745: [iteration 18001] loss: 54.1779
2024-09-23 23:59:29,815: [iteration 19001] loss: 53.3192
2024-09-24 00:00:03,162: saved causal model in: models_save/cfpup.pt
2024-09-24 00:00:03,194: =========== evaluation for cfp_u predictor ================: {'F1-score': 0.5172074729596854, 'Accuracy': 0.6747267307055317}
2024-09-24 00:00:03,252: elbo_loss:29815190.0, custom_loss:3364.122802734375
2024-09-24 00:00:03,265: [iteration 0001] loss: 1234.8761
2024-09-24 00:00:51,960: elbo_loss:13930933.0, custom_loss:9041.4091796875
2024-09-24 00:01:40,921: elbo_loss:5023029.0, custom_loss:13440.6416015625
2024-09-24 00:02:28,971: elbo_loss:2079535.375, custom_loss:16058.7783203125
2024-09-24 00:03:17,071: elbo_loss:1258981.0, custom_loss:18192.251953125
2024-09-24 00:04:05,636: elbo_loss:887823.0, custom_loss:20252.869140625
2024-09-24 00:04:53,552: elbo_loss:678211.875, custom_loss:20984.212890625
2024-09-24 00:05:41,707: elbo_loss:560747.625, custom_loss:20861.005859375
2024-09-24 00:06:30,033: elbo_loss:487663.3125, custom_loss:20343.58203125
2024-09-24 00:07:19,256: elbo_loss:441216.9375, custom_loss:19485.763671875
2024-09-24 00:08:06,581: elbo_loss:411316.8125, custom_loss:18747.50390625
2024-09-24 00:08:06,590: [iteration 10001] loss: 17.8103
2024-09-24 00:08:54,747: elbo_loss:392402.96875, custom_loss:18243.416015625
2024-09-24 00:09:44,236: elbo_loss:380196.0625, custom_loss:17701.697265625
2024-09-24 00:10:31,020: elbo_loss:372764.03125, custom_loss:17179.169921875
2024-09-24 00:11:18,873: elbo_loss:367567.9375, custom_loss:16517.58203125
2024-09-24 00:12:17,889: elbo_loss:364588.09375, custom_loss:16119.818359375
2024-09-24 00:13:22,807: elbo_loss:363009.875, custom_loss:15324.087890625
2024-09-24 00:14:12,116: elbo_loss:362391.59375, custom_loss:15032.2294921875
2024-09-24 00:15:01,225: elbo_loss:361740.46875, custom_loss:14684.89453125
2024-09-24 00:15:50,220: elbo_loss:361476.0, custom_loss:14465.201171875
2024-09-24 00:16:40,076: saved causal model in: models_save/cfpup.pt
2024-09-24 00:16:40,098: =========== evaluation for cfp_up predictor ================: {'F1-score': 0.5144278606965174, 'Accuracy': 0.6767141437562106}
2024-09-24 00:16:40,116: constant
2024-09-24 00:16:40,116: {'MMD': {'0_1': 0.0, '0_2': 0.0, '1_2': 0.0, 'Average': 0.0}, 'Wass': {'0_1': 0.6330670118331909, '0_2': 0.6330671310424805, '1_2': 0.63306725025177, 'Average': 0.6330671310424805}}
2024-09-24 00:16:40,124: full
2024-09-24 00:16:40,124: {'MMD': {'0_1': 4340.544921875, '0_2': 50.874267578125, '1_2': 3451.58544921875, 'Average': 2614.3348795572915}, 'Wass': {'0_1': 40.65032196044922, '0_2': 10.698570251464844, '1_2': 36.297035217285156, 'Average': 29.215309143066406}}
2024-09-24 00:16:40,131: unaware
2024-09-24 00:16:40,131: {'MMD': {'0_1': 3888.5908203125, '0_2': 1.843010663986206, '1_2': 4059.74658203125, 'Average': 2650.0601376692453}, 'Wass': {'0_1': 38.00033950805664, '0_2': 11.054993629455566, '1_2': 39.1689567565918, 'Average': 29.408096631368}}
2024-09-24 00:16:40,148: cfpu
2024-09-24 00:16:40,149: {'MMD': {'0_1': 599.7843627929688, '0_2': 64.73094177246094, '1_2': 270.4361267089844, 'Average': 311.6504770914714}, 'Wass': {'0_1': 9.006092071533203, '0_2': 5.379504680633545, '1_2': 7.374401569366455, 'Average': 7.253332773844401}}
2024-09-24 00:16:40,156: cfpup
2024-09-24 00:16:40,156: {'MMD': {'0_1': 586.8456420898438, '0_2': 125.93296813964844, '1_2': 169.0757293701172, 'Average': 293.9514465332031}, 'Wass': {'0_1': 9.211490631103516, '0_2': 5.110000133514404, '1_2': 5.496395587921143, 'Average': 6.6059621175130205}}
