2024-09-23 23:48:21,059: Namespace(cudanum=6, dataset='adult', synthetic=0, seed=52, training=1, pyromodel='models_save/cfpup.pt', pyroparam='models_save/cfpup_param.pt', lrcausalmodel=0.001, alpha=15000.0, num_iterations_causalmodel=20000, epochs_vae=10, decoder_type='together', lr=0.002)
2024-09-23 23:48:21,061: Namespace(cudanum=6, dataset='adult', synthetic=0, seed=52, training=1, pyromodel='models_save/cfpup.pt', pyroparam='models_save/cfpup_param.pt', lrcausalmodel=0.001, alpha=15000.0, num_iterations_causalmodel=20000, epochs_vae=10, decoder_type='together', lr=0.002)
2024-09-23 23:48:21,236: =========== evaluation for constant predictor ================: {'F1-score': 0.0, 'Accuracy': 0.7565419012918185}
2024-09-23 23:48:21,382: =========== evaluation for full predictor ================: {'F1-score': 0.6428571428571429, 'Accuracy': 0.7780722093408413}
2024-09-23 23:48:21,518: =========== evaluation for unaware predictor ================: {'F1-score': 0.6400862068965517, 'Accuracy': 0.7787346803577343}
2024-09-23 23:48:24,479: [iteration 0001] loss: 1229.9450
2024-09-23 23:49:09,317: [iteration 1001] loss: 663.9560
2024-09-23 23:49:57,854: [iteration 2001] loss: 347.3659
2024-09-23 23:50:44,271: [iteration 3001] loss: 192.8833
2024-09-23 23:51:28,847: [iteration 4001] loss: 132.1103
2024-09-23 23:52:04,218: [iteration 5001] loss: 110.5497
2024-09-23 23:52:39,280: [iteration 6001] loss: 99.0271
2024-09-23 23:53:14,663: [iteration 7001] loss: 90.0199
2024-09-23 23:53:50,098: [iteration 8001] loss: 82.7056
2024-09-23 23:54:23,385: [iteration 9001] loss: 76.6383
2024-09-23 23:55:00,015: [iteration 10001] loss: 71.6633
2024-09-23 23:55:34,151: [iteration 11001] loss: 67.6522
2024-09-23 23:56:09,811: [iteration 12001] loss: 64.3692
2024-09-23 23:56:44,527: [iteration 13001] loss: 61.7938
2024-09-23 23:57:19,938: [iteration 14001] loss: 59.6847
2024-09-23 23:57:54,507: [iteration 15001] loss: 57.9494
2024-09-23 23:58:29,389: [iteration 16001] loss: 56.4735
2024-09-23 23:59:03,693: [iteration 17001] loss: 55.2332
2024-09-23 23:59:38,512: [iteration 18001] loss: 54.2016
2024-09-24 00:00:12,757: [iteration 19001] loss: 53.3202
2024-09-24 00:00:47,648: saved causal model in: models_save/cfpup.pt
2024-09-24 00:00:47,684: =========== evaluation for cfp_u predictor ================: {'F1-score': 0.4932330827067669, 'Accuracy': 0.665120900960583}
2024-09-24 00:00:47,765: elbo_loss:29819638.0, custom_loss:3363.702880859375
2024-09-24 00:00:47,777: [iteration 0001] loss: 1235.0603
2024-09-24 00:01:35,706: elbo_loss:13933508.0, custom_loss:8977.6279296875
2024-09-24 00:02:27,912: elbo_loss:5021282.5, custom_loss:13436.3291015625
2024-09-24 00:03:17,563: elbo_loss:2078014.125, custom_loss:15920.1337890625
2024-09-24 00:04:07,343: elbo_loss:1257393.375, custom_loss:18469.919921875
2024-09-24 00:04:56,258: elbo_loss:886537.625, custom_loss:20110.13671875
2024-09-24 00:05:45,592: elbo_loss:677973.125, custom_loss:20920.720703125
2024-09-24 00:06:34,965: elbo_loss:559026.0625, custom_loss:20845.38671875
2024-09-24 00:07:24,534: elbo_loss:486522.75, custom_loss:19971.8359375
2024-09-24 00:08:13,542: elbo_loss:440878.71875, custom_loss:19573.4765625
2024-09-24 00:09:03,585: elbo_loss:411204.0, custom_loss:18956.712890625
2024-09-24 00:09:03,595: [iteration 10001] loss: 17.8143
2024-09-24 00:09:53,633: elbo_loss:392206.46875, custom_loss:18387.07421875
2024-09-24 00:10:42,575: elbo_loss:380104.875, custom_loss:17700.8984375
2024-09-24 00:11:32,411: elbo_loss:372620.75, custom_loss:17123.76171875
2024-09-24 00:12:39,000: elbo_loss:367620.125, custom_loss:16442.732421875
2024-09-24 00:13:45,555: elbo_loss:364508.25, custom_loss:15953.90234375
2024-09-24 00:14:52,502: elbo_loss:363145.75, custom_loss:15451.9111328125
2024-09-24 00:15:49,675: elbo_loss:362193.84375, custom_loss:14869.53125
2024-09-24 00:16:41,053: elbo_loss:361879.40625, custom_loss:14770.1181640625
2024-09-24 00:17:33,120: elbo_loss:361448.21875, custom_loss:14515.859375
2024-09-24 00:18:25,181: saved causal model in: models_save/cfpup.pt
2024-09-24 00:18:25,204: =========== evaluation for cfp_up predictor ================: {'F1-score': 0.5, 'Accuracy': 0.6714143756210665}
2024-09-24 00:18:25,223: constant
2024-09-24 00:18:25,223: {'MMD': {'0_1': 0.0, '0_2': 0.0, '1_2': 0.0, 'Average': 0.0}, 'Wass': {'0_1': 0.6330670714378357, '0_2': 0.6330670118331909, '1_2': 0.6330674290657043, 'Average': 0.6330671707789103}}
2024-09-24 00:18:25,230: full
2024-09-24 00:18:25,230: {'MMD': {'0_1': 3334.577392578125, '0_2': 388.73419189453125, '1_2': 6000.3837890625, 'Average': 3241.2317911783853}, 'Wass': {'0_1': 32.8209114074707, '0_2': 10.205000877380371, '1_2': 47.671817779541016, 'Average': 30.232576688130695}}
2024-09-24 00:18:25,238: unaware
2024-09-24 00:18:25,239: {'MMD': {'0_1': 3054.67431640625, '0_2': 640.6253051757812, '1_2': 6493.08642578125, 'Average': 3396.1286824544272}, 'Wass': {'0_1': 30.381572723388672, '0_2': 10.623675346374512, '1_2': 49.479190826416016, 'Average': 30.161479632059734}}
2024-09-24 00:18:25,283: cfpu
2024-09-24 00:18:25,283: {'MMD': {'0_1': 116.16207122802734, '0_2': 94.0198745727539, '1_2': 419.1943359375, 'Average': 209.7920939127604}, 'Wass': {'0_1': 5.250571250915527, '0_2': 5.403459548950195, '1_2': 8.0377779006958, 'Average': 6.230602900187175}}
2024-09-24 00:18:25,291: cfpup
2024-09-24 00:18:25,291: {'MMD': {'0_1': 282.7895812988281, '0_2': 5.700131850971957e-07, '1_2': 282.7641906738281, 'Average': 188.51792418088982}, 'Wass': {'0_1': 6.263413906097412, '0_2': 4.865764617919922, '1_2': 7.322475433349609, 'Average': 6.1505513191223145}}
