2024-09-23 23:48:21,108: Namespace(cudanum=1, dataset='adult', synthetic=0, seed=51, training=1, pyromodel='models_save/cfpup.pt', pyroparam='models_save/cfpup_param.pt', lrcausalmodel=0.001, alpha=10000.0, num_iterations_causalmodel=20000, epochs_vae=10, decoder_type='together', lr=0.002)
2024-09-23 23:48:21,110: Namespace(cudanum=1, dataset='adult', synthetic=0, seed=51, training=1, pyromodel='models_save/cfpup.pt', pyroparam='models_save/cfpup_param.pt', lrcausalmodel=0.001, alpha=10000.0, num_iterations_causalmodel=20000, epochs_vae=10, decoder_type='together', lr=0.002)
2024-09-23 23:48:21,299: =========== evaluation for constant predictor ================: {'F1-score': 0.0, 'Accuracy': 0.7376614773103677}
2024-09-23 23:48:21,445: =========== evaluation for full predictor ================: {'F1-score': 0.6623181133968891, 'Accuracy': 0.7770785028155018}
2024-09-23 23:48:21,576: =========== evaluation for unaware predictor ================: {'F1-score': 0.6613306653326664, 'Accuracy': 0.7757535607817158}
2024-09-23 23:48:24,552: [iteration 0001] loss: 1230.2578
2024-09-23 23:48:59,758: [iteration 1001] loss: 664.1523
2024-09-23 23:49:34,667: [iteration 2001] loss: 347.5288
2024-09-23 23:50:09,735: [iteration 3001] loss: 193.0364
2024-09-23 23:50:44,713: [iteration 4001] loss: 132.2401
2024-09-23 23:51:20,002: [iteration 5001] loss: 110.6284
2024-09-23 23:51:55,181: [iteration 6001] loss: 99.0518
2024-09-23 23:52:30,101: [iteration 7001] loss: 90.0489
2024-09-23 23:53:01,146: [iteration 8001] loss: 82.6789
2024-09-23 23:53:27,841: [iteration 9001] loss: 76.6515
2024-09-23 23:53:54,493: [iteration 10001] loss: 71.6581
2024-09-23 23:54:21,209: [iteration 11001] loss: 67.6537
2024-09-23 23:54:47,653: [iteration 12001] loss: 64.3771
2024-09-23 23:55:13,846: [iteration 13001] loss: 61.8073
2024-09-23 23:55:39,995: [iteration 14001] loss: 59.6802
2024-09-23 23:56:06,216: [iteration 15001] loss: 57.9382
2024-09-23 23:56:32,450: [iteration 16001] loss: 56.4642
2024-09-23 23:56:58,641: [iteration 17001] loss: 55.2174
2024-09-23 23:57:24,920: [iteration 18001] loss: 54.1928
2024-09-23 23:57:51,103: [iteration 19001] loss: 53.3173
2024-09-23 23:58:17,351: saved causal model in: models_save/cfpup.pt
2024-09-23 23:58:17,391: =========== evaluation for cfp_u predictor ================: {'F1-score': 0.519294902334445, 'Accuracy': 0.665783371977476}
2024-09-23 23:58:17,437: elbo_loss:29819334.0, custom_loss:2238.00146484375
2024-09-23 23:58:17,448: [iteration 0001] loss: 1235.0011
2024-09-23 23:58:54,962: elbo_loss:13930912.0, custom_loss:6761.34423828125
2024-09-23 23:59:32,479: elbo_loss:5023408.0, custom_loss:10643.0234375
2024-09-24 00:00:20,314: elbo_loss:2079883.75, custom_loss:13335.626953125
2024-09-24 00:01:11,162: elbo_loss:1255863.375, custom_loss:15512.4345703125
2024-09-24 00:02:02,003: elbo_loss:882034.375, custom_loss:17532.0625
2024-09-24 00:02:52,839: elbo_loss:673683.9375, custom_loss:18615.677734375
2024-09-24 00:03:43,669: elbo_loss:554466.625, custom_loss:18624.486328125
2024-09-24 00:04:34,427: elbo_loss:482000.75, custom_loss:18314.462890625
2024-09-24 00:05:25,317: elbo_loss:435600.0625, custom_loss:17661.470703125
2024-09-24 00:06:16,204: elbo_loss:406735.65625, custom_loss:17129.88671875
2024-09-24 00:06:16,215: [iteration 10001] loss: 17.5535
2024-09-24 00:07:07,132: elbo_loss:387831.0, custom_loss:16506.947265625
2024-09-24 00:07:58,035: elbo_loss:375439.125, custom_loss:15739.7529296875
2024-09-24 00:08:48,891: elbo_loss:368078.625, custom_loss:15463.625
2024-09-24 00:09:39,897: elbo_loss:363220.90625, custom_loss:15119.3447265625
2024-09-24 00:10:23,366: elbo_loss:360585.0625, custom_loss:14436.0029296875
2024-09-24 00:11:01,994: elbo_loss:359116.21875, custom_loss:14074.18359375
2024-09-24 00:11:42,957: elbo_loss:358298.9375, custom_loss:13851.263671875
2024-09-24 00:12:34,215: elbo_loss:357864.34375, custom_loss:13511.3955078125
2024-09-24 00:13:16,855: elbo_loss:357850.21875, custom_loss:13281.1650390625
2024-09-24 00:13:56,344: saved causal model in: models_save/cfpup.pt
2024-09-24 00:13:56,366: =========== evaluation for cfp_up predictor ================: {'F1-score': 0.520952380952381, 'Accuracy': 0.6667770785028155}
2024-09-24 00:13:56,385: constant
2024-09-24 00:13:56,385: {'MMD': {'0_1': 0.0, '0_2': 0.0, '1_2': 0.0, 'Average': 0.0}, 'Wass': {'0_1': 0.6330676078796387, '0_2': 0.6330673098564148, '1_2': 0.6330673098564148, 'Average': 0.6330674091974894}}
2024-09-24 00:13:56,393: full
2024-09-24 00:13:56,393: {'MMD': {'0_1': 3057.072265625, '0_2': 1.2352060079574585, '1_2': 3181.2080078125, 'Average': 2079.8384931484857}, 'Wass': {'0_1': 29.018476486206055, '0_2': 11.004814147949219, '1_2': 32.309288024902344, 'Average': 24.110859553019207}}
2024-09-24 00:13:56,401: unaware
2024-09-24 00:13:56,401: {'MMD': {'0_1': 2739.38427734375, '0_2': 53.04776382446289, '1_2': 3554.844482421875, 'Average': 2115.758841196696}, 'Wass': {'0_1': 25.134410858154297, '0_2': 11.367884635925293, '1_2': 34.2845573425293, 'Average': 23.59561761220296}}
2024-09-24 00:13:56,408: cfpu
2024-09-24 00:13:56,408: {'MMD': {'0_1': 311.3264465332031, '0_2': 234.88394165039062, '1_2': 5.375542163848877, 'Average': 183.86197678248087}, 'Wass': {'0_1': 6.228665351867676, '0_2': 5.807301998138428, '1_2': 5.671657562255859, 'Average': 5.902541637420654}}
2024-09-24 00:13:56,416: cfpup
2024-09-24 00:13:56,416: {'MMD': {'0_1': 341.0667724609375, '0_2': 152.29348754882812, '1_2': 37.543418884277344, 'Average': 176.967892964681}, 'Wass': {'0_1': 6.395105838775635, '0_2': 5.8041582107543945, '1_2': 5.732467174530029, 'Average': 5.977243741353353}}
