2024-09-23 23:16:21,124: Namespace(cudanum=1, dataset='law', synthetic=0, seed=50, training=1, pyromodel='models_save/cfpup.pt', pyroparam='models_save/cfpup_param.pt', lrcausalmodel=0.001, alpha=100000000.0, num_iterations_causalmodel=20000, epochs_vae=10, decoder_type='together', lr=0.002)
2024-09-23 23:16:21,126: Namespace(cudanum=1, dataset='law', synthetic=0, seed=50, training=1, pyromodel='models_save/cfpup.pt', pyroparam='models_save/cfpup_param.pt', lrcausalmodel=0.001, alpha=100000000.0, num_iterations_causalmodel=20000, epochs_vae=10, decoder_type='together', lr=0.002)
2024-09-23 23:16:21,157: =========== evaluation for constant predictor ================: {'RMSE': 0.9218197901142571, 'MAE': 0.7359503518763207}
2024-09-23 23:16:21,161: =========== evaluation for full predictor ================: {'RMSE': 0.8688112374892244, 'MAE': 0.7003106479543398}
2024-09-23 23:16:21,163: =========== evaluation for unaware predictor ================: {'RMSE': 0.8813496379949248, 'MAE': 0.708820682441671}
2024-09-23 23:16:22,579: [iteration 0001] loss: 138.5821
2024-09-23 23:16:30,251: [iteration 1001] loss: 20.4735
2024-09-23 23:16:37,571: [iteration 2001] loss: 11.2897
2024-09-23 23:16:44,884: [iteration 3001] loss: 10.5234
2024-09-23 23:16:52,205: [iteration 4001] loss: 10.3778
2024-09-23 23:16:59,619: [iteration 5001] loss: 10.2690
2024-09-23 23:17:07,066: [iteration 6001] loss: 10.1395
2024-09-23 23:17:14,493: [iteration 7001] loss: 9.9673
2024-09-23 23:17:21,947: [iteration 8001] loss: 9.6988
2024-09-23 23:17:29,389: [iteration 9001] loss: 9.2359
2024-09-23 23:17:36,804: [iteration 10001] loss: 8.3417
2024-09-23 23:17:44,223: [iteration 11001] loss: 7.4356
2024-09-23 23:17:53,326: [iteration 12001] loss: 7.0831
2024-09-23 23:18:04,321: [iteration 13001] loss: 6.9111
2024-09-23 23:18:15,328: [iteration 14001] loss: 6.8162
2024-09-23 23:18:26,387: [iteration 15001] loss: 6.7642
2024-09-23 23:18:37,425: [iteration 16001] loss: 6.7362
2024-09-23 23:18:48,521: [iteration 17001] loss: 6.7166
2024-09-23 23:18:59,591: [iteration 18001] loss: 6.7067
2024-09-23 23:19:10,649: [iteration 19001] loss: 6.7013
2024-09-23 23:19:21,740: saved causal model in: models_save/cfpup.pt
2024-09-23 23:19:21,748: =========== evaluation for cfp_u predictor ================: {'RMSE': 0.9065620331664285, 'MAE': 0.724984163986291}
2024-09-23 23:19:21,771: elbo_loss:2341002.0, custom_loss:22555424.0
2024-09-23 23:19:21,778: [iteration 0001] loss: 1524.6755
2024-09-23 23:19:41,686: elbo_loss:404369.78125, custom_loss:1131261.625
2024-09-23 23:20:01,588: elbo_loss:267391.375, custom_loss:641241.125
2024-09-23 23:20:21,482: elbo_loss:264589.5, custom_loss:391261.1875
2024-09-23 23:20:41,360: elbo_loss:270884.59375, custom_loss:254936.71875
2024-09-23 23:21:01,242: elbo_loss:275739.3125, custom_loss:164832.9375
2024-09-23 23:21:21,105: elbo_loss:271852.84375, custom_loss:113215.1484375
2024-09-23 23:21:45,072: elbo_loss:266200.6875, custom_loss:77762.984375
2024-09-23 23:22:10,802: elbo_loss:267992.5, custom_loss:55246.078125
2024-09-23 23:22:36,638: elbo_loss:269837.5625, custom_loss:40156.98046875
2024-09-23 23:23:02,645: elbo_loss:270181.71875, custom_loss:31455.77734375
2024-09-23 23:23:02,652: [iteration 10001] loss: 18.4725
2024-09-23 23:23:28,440: elbo_loss:269476.09375, custom_loss:26222.65625
2024-09-23 23:23:54,244: elbo_loss:267455.03125, custom_loss:22823.001953125
2024-09-23 23:24:20,016: elbo_loss:264404.3125, custom_loss:20962.923828125
2024-09-23 23:24:45,807: elbo_loss:259976.296875, custom_loss:20371.501953125
2024-09-23 23:25:11,579: elbo_loss:253943.140625, custom_loss:19783.35546875
2024-09-23 23:25:37,359: elbo_loss:245237.875, custom_loss:19177.482421875
2024-09-23 23:26:03,087: elbo_loss:225900.015625, custom_loss:17578.970703125
2024-09-23 23:26:28,850: elbo_loss:209761.046875, custom_loss:14844.787109375
2024-09-23 23:26:54,630: elbo_loss:202108.8125, custom_loss:14055.0693359375
2024-09-23 23:27:20,361: saved causal model in: models_save/cfpup.pt
2024-09-23 23:27:20,366: =========== evaluation for cfp_up predictor ================: {'RMSE': 0.9031646120390548, 'MAE': 0.7259497489846595}
2024-09-23 23:27:20,383: constant
2024-09-23 23:27:20,383: {'MMD': {'0_1': 6.167906029669323e-12, '0_2': 2.4671624118677293e-11, '1_2': 6.167906029669323e-12, 'Average': 1.2335812059338647e-11}, 'Wass': {'0_1': 0.6330671310424805, '0_2': 0.6330666542053223, '1_2': 0.6330677270889282, 'Average': 0.6330671707789103}}
2024-09-23 23:27:20,393: full
2024-09-23 23:27:20,393: {'MMD': {'0_1': 53657.1015625, '0_2': 59593.203125, '1_2': 155.67950439453125, 'Average': 37801.99473063151}, 'Wass': {'0_1': 140.08480834960938, '0_2': 147.27630615234375, '1_2': 11.067366600036621, 'Average': 99.47616036732991}}
2024-09-23 23:27:20,404: unaware
2024-09-23 23:27:20,404: {'MMD': {'0_1': 18768.1640625, '0_2': 560.9465942382812, '1_2': 12839.755859375, 'Average': 10722.955505371094}, 'Wass': {'0_1': 84.13741302490234, '0_2': 17.20222282409668, '1_2': 69.85633087158203, 'Average': 57.06532224019369}}
2024-09-23 23:27:20,412: cfpu
2024-09-23 23:27:20,412: {'MMD': {'0_1': 708.9691162109375, '0_2': 170.48858642578125, '1_2': 1574.7882080078125, 'Average': 818.0819702148438}, 'Wass': {'0_1': 17.427078247070312, '0_2': 7.599748611450195, '1_2': 24.897172927856445, 'Average': 16.641333262125652}}
2024-09-23 23:27:20,421: cfpup
2024-09-23 23:27:20,422: {'MMD': {'0_1': 1555.7301025390625, '0_2': 22.420392990112305, '1_2': 1951.674560546875, 'Average': 1176.6083520253499}, 'Wass': {'0_1': 23.517623901367188, '0_2': 6.113090515136719, '1_2': 26.58502960205078, 'Average': 18.73858133951823}}
