2024-09-23 22:44:55,937: Namespace(cudanum=2, dataset='law', synthetic=0, seed=52, training=1, pyromodel='models_save/cfpup.pt', pyroparam='models_save/cfpup_param.pt', lrcausalmodel=0.001, alpha=5000.0, num_iterations_causalmodel=20000, epochs_vae=10, decoder_type='together', lr=0.002)
2024-09-23 22:44:55,938: Namespace(cudanum=2, dataset='law', synthetic=0, seed=52, training=1, pyromodel='models_save/cfpup.pt', pyroparam='models_save/cfpup_param.pt', lrcausalmodel=0.001, alpha=5000.0, num_iterations_causalmodel=20000, epochs_vae=10, decoder_type='together', lr=0.002)
2024-09-23 22:44:55,969: =========== evaluation for constant predictor ================: {'RMSE': 0.9380202069098637, 'MAE': 0.7533386257686507}
2024-09-23 22:44:55,972: =========== evaluation for full predictor ================: {'RMSE': 0.8879168501592303, 'MAE': 0.7140008795976593}
2024-09-23 22:44:55,974: =========== evaluation for unaware predictor ================: {'RMSE': 0.9044340820794905, 'MAE': 0.7261595665285413}
2024-09-23 22:44:57,500: [iteration 0001] loss: 138.5773
2024-09-23 22:45:05,718: [iteration 1001] loss: 20.4856
2024-09-23 22:45:13,902: [iteration 2001] loss: 11.2865
2024-09-23 22:45:22,304: [iteration 3001] loss: 10.5169
2024-09-23 22:45:30,563: [iteration 4001] loss: 10.3776
2024-09-23 22:45:38,663: [iteration 5001] loss: 10.2702
2024-09-23 22:45:46,111: [iteration 6001] loss: 10.1403
2024-09-23 22:45:53,537: [iteration 7001] loss: 9.9658
2024-09-23 22:46:00,987: [iteration 8001] loss: 9.6995
2024-09-23 22:46:08,471: [iteration 9001] loss: 9.2351
2024-09-23 22:46:15,955: [iteration 10001] loss: 8.3388
2024-09-23 22:46:23,435: [iteration 11001] loss: 7.4358
2024-09-23 22:46:30,908: [iteration 12001] loss: 7.0835
2024-09-23 22:46:38,377: [iteration 13001] loss: 6.9114
2024-09-23 22:46:45,835: [iteration 14001] loss: 6.8170
2024-09-23 22:46:53,265: [iteration 15001] loss: 6.7654
2024-09-23 22:47:00,677: [iteration 16001] loss: 6.7352
2024-09-23 22:47:08,082: [iteration 17001] loss: 6.7173
2024-09-23 22:47:15,515: [iteration 18001] loss: 6.7066
2024-09-23 22:47:22,938: [iteration 19001] loss: 6.7005
2024-09-23 22:47:30,360: saved causal model in: models_save/cfpup.pt
2024-09-23 22:47:30,365: =========== evaluation for cfp_u predictor ================: {'RMSE': 0.9290422374936457, 'MAE': 0.7449951962405682}
2024-09-23 22:47:30,381: elbo_loss:2340609.25, custom_loss:1123.96142578125
2024-09-23 22:47:30,387: [iteration 0001] loss: 143.4095
2024-09-23 22:47:43,195: elbo_loss:229963.125, custom_loss:1853.050537109375
2024-09-23 22:47:56,150: elbo_loss:190402.484375, custom_loss:1462.7430419921875
2024-09-23 22:48:09,130: elbo_loss:164317.09375, custom_loss:2621.16845703125
2024-09-23 22:48:22,172: elbo_loss:152675.953125, custom_loss:3194.863525390625
2024-09-23 22:48:35,320: elbo_loss:141804.875, custom_loss:3406.47900390625
2024-09-23 22:48:48,275: elbo_loss:133482.015625, custom_loss:3487.5263671875
2024-09-23 22:49:01,270: elbo_loss:126980.9140625, custom_loss:3564.15234375
2024-09-23 22:49:14,441: elbo_loss:122037.40625, custom_loss:3500.767578125
2024-09-23 22:49:27,384: elbo_loss:119268.5234375, custom_loss:3423.330078125
2024-09-23 22:49:40,292: elbo_loss:117698.90625, custom_loss:3563.947021484375
2024-09-23 22:49:40,297: [iteration 10001] loss: 7.4262
2024-09-23 22:49:53,268: elbo_loss:116715.8671875, custom_loss:3486.158935546875
2024-09-23 22:50:06,233: elbo_loss:116159.9921875, custom_loss:3529.625
2024-09-23 22:50:19,175: elbo_loss:115640.859375, custom_loss:3549.005615234375
2024-09-23 22:50:32,140: elbo_loss:115315.71875, custom_loss:3486.390380859375
2024-09-23 22:50:45,119: elbo_loss:115196.046875, custom_loss:3485.882080078125
2024-09-23 22:50:58,103: elbo_loss:114920.328125, custom_loss:3490.025146484375
2024-09-23 22:51:11,110: elbo_loss:114844.4375, custom_loss:3488.09033203125
2024-09-23 22:51:24,098: elbo_loss:114747.1796875, custom_loss:3448.677734375
2024-09-23 22:51:37,032: elbo_loss:114700.9296875, custom_loss:3423.012451171875
2024-09-23 22:51:49,947: saved causal model in: models_save/cfpup.pt
2024-09-23 22:51:49,952: =========== evaluation for cfp_up predictor ================: {'RMSE': 0.9041682181145496, 'MAE': 0.7260810066480098}
2024-09-23 22:51:49,962: constant
2024-09-23 22:51:49,962: {'MMD': {'0_1': 2.4671624118677293e-11, '0_2': 0.0, '1_2': 2.4671624118677293e-11, 'Average': 1.644774941245153e-11}, 'Wass': {'0_1': 0.6330670118331909, '0_2': 0.6330671906471252, '1_2': 0.6330678462982178, 'Average': 0.6330673495928446}}
2024-09-23 22:51:49,967: full
2024-09-23 22:51:49,967: {'MMD': {'0_1': 55155.90234375, '0_2': 57464.6171875, '1_2': 23.66668701171875, 'Average': 37548.062072753906}, 'Wass': {'0_1': 141.5445098876953, '0_2': 144.46713256835938, '1_2': 8.400877952575684, 'Average': 98.13750680287679}}
2024-09-23 22:51:49,972: unaware
2024-09-23 22:51:49,972: {'MMD': {'0_1': 19198.18359375, '0_2': 142.2633819580078, '1_2': 16035.1796875, 'Average': 11791.87555440267}, 'Wass': {'0_1': 84.48802947998047, '0_2': 13.073013305664062, '1_2': 77.47370910644531, 'Average': 58.34491729736328}}
2024-09-23 22:51:49,976: cfpu
2024-09-23 22:51:49,977: {'MMD': {'0_1': 779.4944458007812, '0_2': 344.31549072265625, '1_2': 2159.94140625, 'Average': 1094.5837809244792}, 'Wass': {'0_1': 17.14409828186035, '0_2': 8.743489265441895, '1_2': 28.772157669067383, 'Average': 18.21991507212321}}
2024-09-23 22:51:49,981: cfpup
2024-09-23 22:51:49,981: {'MMD': {'0_1': 33364.89453125, '0_2': 104963.5234375, '1_2': 19971.3828125, 'Average': 52766.600260416664}, 'Wass': {'0_1': 110.35710906982422, '0_2': 195.72145080566406, '1_2': 85.0505142211914, 'Average': 130.37635803222656}}
