2024-09-23 23:48:21,124: Namespace(cudanum=0, dataset='adult', synthetic=0, seed=50, training=1, pyromodel='models_save/cfpup.pt', pyroparam='models_save/cfpup_param.pt', lrcausalmodel=0.001, alpha=10000.0, num_iterations_causalmodel=20000, epochs_vae=10, decoder_type='together', lr=0.002)
2024-09-23 23:48:21,125: Namespace(cudanum=0, dataset='adult', synthetic=0, seed=50, training=1, pyromodel='models_save/cfpup.pt', pyroparam='models_save/cfpup_param.pt', lrcausalmodel=0.001, alpha=10000.0, num_iterations_causalmodel=20000, epochs_vae=10, decoder_type='together', lr=0.002)
2024-09-23 23:48:21,293: =========== evaluation for constant predictor ================: {'F1-score': 0.0, 'Accuracy': 0.7479297780722094}
2024-09-23 23:48:21,436: =========== evaluation for full predictor ================: {'F1-score': 0.631578947368421, 'Accuracy': 0.7658164955283207}
2024-09-23 23:48:21,571: =========== evaluation for unaware predictor ================: {'F1-score': 0.6308654848800834, 'Accuracy': 0.7654852600198742}
2024-09-23 23:48:24,425: [iteration 0001] loss: 1230.2366
2024-09-23 23:48:51,232: [iteration 1001] loss: 664.1250
2024-09-23 23:49:17,697: [iteration 2001] loss: 347.4303
2024-09-23 23:49:44,046: [iteration 3001] loss: 193.0704
2024-09-23 23:50:10,430: [iteration 4001] loss: 132.1601
2024-09-23 23:50:36,809: [iteration 5001] loss: 110.5378
2024-09-23 23:51:03,148: [iteration 6001] loss: 99.0102
2024-09-23 23:51:29,091: [iteration 7001] loss: 90.0419
2024-09-23 23:51:55,036: [iteration 8001] loss: 82.7015
2024-09-23 23:52:20,995: [iteration 9001] loss: 76.6208
2024-09-23 23:52:47,370: [iteration 10001] loss: 71.6938
2024-09-23 23:53:13,593: [iteration 11001] loss: 67.6263
2024-09-23 23:53:39,592: [iteration 12001] loss: 64.3714
2024-09-23 23:54:05,633: [iteration 13001] loss: 61.7784
2024-09-23 23:54:31,659: [iteration 14001] loss: 59.6589
2024-09-23 23:54:57,706: [iteration 15001] loss: 57.9294
2024-09-23 23:55:23,759: [iteration 16001] loss: 56.4512
2024-09-23 23:55:49,882: [iteration 17001] loss: 55.2183
2024-09-23 23:56:15,722: [iteration 18001] loss: 54.1779
2024-09-23 23:56:41,688: [iteration 19001] loss: 53.3192
2024-09-23 23:57:07,823: saved causal model in: models_save/cfpup.pt
2024-09-23 23:57:07,849: =========== evaluation for cfp_u predictor ================: {'F1-score': 0.5172074729596854, 'Accuracy': 0.6747267307055317}
2024-09-23 23:57:07,892: elbo_loss:29815190.0, custom_loss:2242.74853515625
2024-09-23 23:57:07,905: [iteration 0001] loss: 1234.8297
2024-09-23 23:57:46,105: elbo_loss:13931443.0, custom_loss:6865.8681640625
2024-09-23 23:58:24,458: elbo_loss:5022883.5, custom_loss:10599.8564453125
2024-09-23 23:59:01,827: elbo_loss:2078036.0, custom_loss:13354.416015625
2024-09-23 23:59:39,121: elbo_loss:1256105.625, custom_loss:15583.8408203125
2024-09-24 00:00:17,314: elbo_loss:883399.1875, custom_loss:17620.337890625
2024-09-24 00:00:56,129: elbo_loss:673008.25, custom_loss:18599.0625
2024-09-24 00:01:34,329: elbo_loss:555342.0, custom_loss:18693.779296875
2024-09-24 00:02:12,229: elbo_loss:482324.375, custom_loss:18331.58203125
2024-09-24 00:02:49,058: elbo_loss:436019.34375, custom_loss:17607.501953125
2024-09-24 00:03:26,930: elbo_loss:406285.84375, custom_loss:16960.17578125
2024-09-24 00:03:26,940: [iteration 10001] loss: 17.5279
2024-09-24 00:03:59,146: elbo_loss:387522.84375, custom_loss:16515.328125
2024-09-24 00:04:24,863: elbo_loss:375489.84375, custom_loss:16038.5751953125
2024-09-24 00:04:50,376: elbo_loss:368210.1875, custom_loss:15608.876953125
2024-09-24 00:05:15,904: elbo_loss:363179.5, custom_loss:15039.294921875
2024-09-24 00:05:41,288: elbo_loss:360335.4375, custom_loss:14709.06640625
2024-09-24 00:06:06,879: elbo_loss:358872.09375, custom_loss:14021.591796875
2024-09-24 00:06:32,162: elbo_loss:358347.34375, custom_loss:13777.8671875
2024-09-24 00:06:57,345: elbo_loss:357799.28125, custom_loss:13485.7587890625
2024-09-24 00:07:22,472: elbo_loss:357617.1875, custom_loss:13298.7724609375
2024-09-24 00:07:47,688: saved causal model in: models_save/cfpup.pt
2024-09-24 00:07:47,709: =========== evaluation for cfp_up predictor ================: {'F1-score': 0.5159045725646123, 'Accuracy': 0.6773766147731036}
2024-09-24 00:07:47,722: constant
2024-09-24 00:07:47,722: {'MMD': {'0_1': 0.0, '0_2': 0.0, '1_2': 0.0, 'Average': 0.0}, 'Wass': {'0_1': 0.6330670118331909, '0_2': 0.6330671310424805, '1_2': 0.63306725025177, 'Average': 0.6330671310424805}}
2024-09-24 00:07:47,727: full
2024-09-24 00:07:47,727: {'MMD': {'0_1': 4340.544921875, '0_2': 50.874267578125, '1_2': 3451.58544921875, 'Average': 2614.3348795572915}, 'Wass': {'0_1': 40.65032196044922, '0_2': 10.698570251464844, '1_2': 36.297035217285156, 'Average': 29.215309143066406}}
2024-09-24 00:07:47,732: unaware
2024-09-24 00:07:47,732: {'MMD': {'0_1': 3888.5908203125, '0_2': 1.843010663986206, '1_2': 4059.74658203125, 'Average': 2650.0601376692453}, 'Wass': {'0_1': 38.00033950805664, '0_2': 11.054993629455566, '1_2': 39.1689567565918, 'Average': 29.408096631368}}
2024-09-24 00:07:47,737: cfpu
2024-09-24 00:07:47,737: {'MMD': {'0_1': 599.7843627929688, '0_2': 64.73094177246094, '1_2': 270.4361267089844, 'Average': 311.6504770914714}, 'Wass': {'0_1': 9.006092071533203, '0_2': 5.379504680633545, '1_2': 7.374401569366455, 'Average': 7.253332773844401}}
2024-09-24 00:07:47,742: cfpup
2024-09-24 00:07:47,742: {'MMD': {'0_1': 592.51220703125, '0_2': 132.77996826171875, '1_2': 164.31536865234375, 'Average': 296.5358479817708}, 'Wass': {'0_1': 9.304283142089844, '0_2': 5.134459018707275, '1_2': 5.496779918670654, 'Average': 6.645174026489258}}
