2024-09-23 23:11:36,080: Namespace(cudanum=1, dataset='law', synthetic=0, seed=50, training=1, pyromodel='models_save/cfpup.pt', pyroparam='models_save/cfpup_param.pt', lrcausalmodel=0.001, alpha=100000000.0, num_iterations_causalmodel=10000, epochs_vae=10, decoder_type='together', lr=0.002)
2024-09-23 23:11:36,081: Namespace(cudanum=1, dataset='law', synthetic=0, seed=50, training=1, pyromodel='models_save/cfpup.pt', pyroparam='models_save/cfpup_param.pt', lrcausalmodel=0.001, alpha=100000000.0, num_iterations_causalmodel=10000, epochs_vae=10, decoder_type='together', lr=0.002)
2024-09-23 23:11:36,114: =========== evaluation for constant predictor ================: {'RMSE': 0.9218197901142571, 'MAE': 0.7359503518763207}
2024-09-23 23:11:36,118: =========== evaluation for full predictor ================: {'RMSE': 0.8688112374892244, 'MAE': 0.7003106479543398}
2024-09-23 23:11:36,120: =========== evaluation for unaware predictor ================: {'RMSE': 0.8813496379949248, 'MAE': 0.708820682441671}
2024-09-23 23:11:37,542: [iteration 0001] loss: 138.5821
2024-09-23 23:11:49,512: [iteration 1001] loss: 20.4735
2024-09-23 23:12:01,669: [iteration 2001] loss: 11.2897
2024-09-23 23:12:12,986: [iteration 3001] loss: 10.5234
2024-09-23 23:12:24,089: [iteration 4001] loss: 10.3778
2024-09-23 23:12:35,187: [iteration 5001] loss: 10.2690
2024-09-23 23:12:46,253: [iteration 6001] loss: 10.1395
2024-09-23 23:12:57,339: [iteration 7001] loss: 9.9673
2024-09-23 23:13:08,421: [iteration 8001] loss: 9.6988
2024-09-23 23:13:19,508: [iteration 9001] loss: 9.2359
2024-09-23 23:13:30,587: saved causal model in: models_save/cfpup.pt
2024-09-23 23:13:30,595: =========== evaluation for cfp_u predictor ================: {'RMSE': 0.8766364552206737, 'MAE': 0.7028085970154706}
2024-09-23 23:13:30,618: elbo_loss:2340693.75, custom_loss:22162664.0
2024-09-23 23:13:30,625: [iteration 0001] loss: 1500.6037
2024-09-23 23:13:49,627: elbo_loss:406333.6875, custom_loss:1131101.0
2024-09-23 23:14:08,657: elbo_loss:267790.09375, custom_loss:633693.8125
2024-09-23 23:14:27,651: elbo_loss:265023.15625, custom_loss:389955.0625
2024-09-23 23:14:41,227: elbo_loss:271165.5625, custom_loss:248282.3125
2024-09-23 23:14:54,016: elbo_loss:277375.5625, custom_loss:166535.734375
2024-09-23 23:15:06,835: elbo_loss:281744.5, custom_loss:110247.6015625
2024-09-23 23:15:19,672: elbo_loss:278588.4375, custom_loss:77887.3359375
2024-09-23 23:15:32,603: elbo_loss:269260.4375, custom_loss:55581.640625
2024-09-23 23:15:45,405: elbo_loss:268905.875, custom_loss:41374.56640625
2024-09-23 23:15:58,226: saved causal model in: models_save/cfpup.pt
2024-09-23 23:15:58,230: =========== evaluation for cfp_up predictor ================: {'RMSE': 0.9195811506479731, 'MAE': 0.7341604515254483}
2024-09-23 23:15:58,240: constant
2024-09-23 23:15:58,240: {'MMD': {'0_1': 6.167906029669323e-12, '0_2': 2.4671624118677293e-11, '1_2': 6.167906029669323e-12, 'Average': 1.2335812059338647e-11}, 'Wass': {'0_1': 0.6330671310424805, '0_2': 0.6330666542053223, '1_2': 0.6330677270889282, 'Average': 0.6330671707789103}}
2024-09-23 23:15:58,245: full
2024-09-23 23:15:58,245: {'MMD': {'0_1': 53657.1015625, '0_2': 59593.203125, '1_2': 155.67950439453125, 'Average': 37801.99473063151}, 'Wass': {'0_1': 140.08480834960938, '0_2': 147.27630615234375, '1_2': 11.067366600036621, 'Average': 99.47616036732991}}
2024-09-23 23:15:58,249: unaware
2024-09-23 23:15:58,250: {'MMD': {'0_1': 18768.1640625, '0_2': 560.9465942382812, '1_2': 12839.755859375, 'Average': 10722.955505371094}, 'Wass': {'0_1': 84.13741302490234, '0_2': 17.20222282409668, '1_2': 69.85633087158203, 'Average': 57.06532224019369}}
2024-09-23 23:15:58,254: cfpu
2024-09-23 23:15:58,254: {'MMD': {'0_1': 25188.033203125, '0_2': 28773.939453125, '1_2': 119.27783203125, 'Average': 18027.08349609375}, 'Wass': {'0_1': 96.12206268310547, '0_2': 102.54302215576172, '1_2': 10.008374214172363, 'Average': 69.55781968434651}}
2024-09-23 23:15:58,259: cfpup
2024-09-23 23:15:58,259: {'MMD': {'0_1': 7.545323848724365, '0_2': 2.5040104389190674, '1_2': 1.3559871912002563, 'Average': 3.8017738262812295}, 'Wass': {'0_1': 1.7306933403015137, '0_2': 1.8252594470977783, '1_2': 1.594233512878418, 'Average': 1.7167287667592366}}
