2024-09-23 23:21:27,561: Namespace(cudanum=7, dataset='adult', synthetic=0, seed=53, training=1, pyromodel='models_save/cfpup.pt', pyroparam='models_save/cfpup_param.pt', lrcausalmodel=0.001, alpha=5000.0, num_iterations_causalmodel=20000, epochs_vae=10, decoder_type='together', lr=0.002)
2024-09-23 23:21:27,562: Namespace(cudanum=7, dataset='adult', synthetic=0, seed=53, training=1, pyromodel='models_save/cfpup.pt', pyroparam='models_save/cfpup_param.pt', lrcausalmodel=0.001, alpha=5000.0, num_iterations_causalmodel=20000, epochs_vae=10, decoder_type='together', lr=0.002)
2024-09-23 23:21:27,740: =========== evaluation for constant predictor ================: {'F1-score': 0.0, 'Accuracy': 0.7456111295130838}
2024-09-23 23:21:27,885: =========== evaluation for full predictor ================: {'F1-score': 0.6514759192128431, 'Accuracy': 0.7770785028155018}
2024-09-23 23:21:28,018: =========== evaluation for unaware predictor ================: {'F1-score': 0.6518134715025907, 'Accuracy': 0.7774097383239483}
2024-09-23 23:21:30,528: [iteration 0001] loss: 1230.2229
2024-09-23 23:22:04,455: [iteration 1001] loss: 664.1058
2024-09-23 23:22:37,464: [iteration 2001] loss: 347.4398
2024-09-23 23:23:08,458: [iteration 3001] loss: 192.9700
2024-09-23 23:23:43,667: [iteration 4001] loss: 132.1185
2024-09-23 23:24:15,374: [iteration 5001] loss: 110.5446
2024-09-23 23:24:49,902: [iteration 6001] loss: 99.0967
2024-09-23 23:25:23,462: [iteration 7001] loss: 90.0680
2024-09-23 23:25:55,618: [iteration 8001] loss: 82.6746
2024-09-23 23:26:30,110: [iteration 9001] loss: 76.6243
2024-09-23 23:27:02,251: [iteration 10001] loss: 71.6654
2024-09-23 23:27:36,818: [iteration 11001] loss: 67.6011
2024-09-23 23:28:09,623: [iteration 12001] loss: 64.3965
2024-09-23 23:28:43,466: [iteration 13001] loss: 61.7795
2024-09-23 23:29:16,369: [iteration 14001] loss: 59.6711
2024-09-23 23:29:49,392: [iteration 15001] loss: 57.9173
2024-09-23 23:30:22,331: [iteration 16001] loss: 56.4675
2024-09-23 23:30:55,381: [iteration 17001] loss: 55.2199
2024-09-23 23:31:28,183: [iteration 18001] loss: 54.1837
2024-09-23 23:32:01,367: [iteration 19001] loss: 53.3179
2024-09-23 23:32:34,272: saved causal model in: models_save/cfpup.pt
2024-09-23 23:32:34,313: =========== evaluation for cfp_u predictor ================: {'F1-score': 0.5191654536632703, 'Accuracy': 0.671745611129513}
2024-09-23 23:32:34,370: elbo_loss:29819460.0, custom_loss:1129.3115234375
2024-09-23 23:32:34,386: [iteration 0001] loss: 1234.9605
2024-09-23 23:33:21,456: elbo_loss:13935204.0, custom_loss:4630.79052734375
2024-09-23 23:34:07,662: elbo_loss:5023782.0, custom_loss:7882.89111328125
2024-09-23 23:34:54,515: elbo_loss:2078460.0, custom_loss:10157.3837890625
2024-09-23 23:35:41,322: elbo_loss:1253178.625, custom_loss:11741.9775390625
2024-09-23 23:36:27,833: elbo_loss:878253.0, custom_loss:12885.2412109375
2024-09-23 23:37:12,666: elbo_loss:669002.6875, custom_loss:13686.6484375
2024-09-23 23:38:00,775: elbo_loss:549195.0625, custom_loss:13713.4375
2024-09-23 23:38:47,941: elbo_loss:476315.0625, custom_loss:13444.4697265625
2024-09-23 23:39:32,452: elbo_loss:430692.21875, custom_loss:13110.8798828125
2024-09-23 23:40:21,295: elbo_loss:401168.1875, custom_loss:12612.24609375
2024-09-23 23:40:21,307: [iteration 10001] loss: 17.1359
2024-09-23 23:41:07,860: elbo_loss:382556.3125, custom_loss:12202.908203125
2024-09-23 23:41:54,610: elbo_loss:370482.96875, custom_loss:11954.1611328125
2024-09-23 23:42:42,521: elbo_loss:362888.34375, custom_loss:11672.3466796875
2024-09-23 23:43:30,107: elbo_loss:358463.9375, custom_loss:11373.9833984375
2024-09-23 23:44:16,712: elbo_loss:355732.53125, custom_loss:11032.5546875
2024-09-23 23:45:03,485: elbo_loss:354063.09375, custom_loss:10966.66015625
2024-09-23 23:45:51,559: elbo_loss:353393.0, custom_loss:10672.046875
2024-09-23 23:46:39,762: elbo_loss:353084.15625, custom_loss:10453.4970703125
2024-09-23 23:47:28,898: elbo_loss:353150.28125, custom_loss:10447.2978515625
2024-09-23 23:48:17,633: saved causal model in: models_save/cfpup.pt
2024-09-23 23:48:17,655: =========== evaluation for cfp_up predictor ================: {'F1-score': 0.5279138099902057, 'Accuracy': 0.6806889698575688}
2024-09-23 23:48:17,690: constant
2024-09-23 23:48:17,690: {'MMD': {'0_1': 0.0, '0_2': 0.0, '1_2': 0.0, 'Average': 0.0}, 'Wass': {'0_1': 0.6330670714378357, '0_2': 0.6330668330192566, '1_2': 0.6330673098564148, 'Average': 0.6330670714378357}}
2024-09-23 23:48:17,697: full
2024-09-23 23:48:17,698: {'MMD': {'0_1': 2955.6943359375, '0_2': 1.8143165111541748, '1_2': 3103.9677734375, 'Average': 2020.4921419620514}, 'Wass': {'0_1': 29.143178939819336, '0_2': 9.136466979980469, '1_2': 33.708335876464844, 'Average': 23.995993932088215}}
2024-09-23 23:48:17,706: unaware
2024-09-23 23:48:17,706: {'MMD': {'0_1': 2793.217529296875, '0_2': 15.015682220458984, '1_2': 3217.828369140625, 'Average': 2008.687193552653}, 'Wass': {'0_1': 27.604415893554688, '0_2': 9.060896873474121, '1_2': 34.21210479736328, 'Average': 23.625805854797363}}
2024-09-23 23:48:17,713: cfpu
2024-09-23 23:48:17,713: {'MMD': {'0_1': 542.4800415039062, '0_2': 0.016194067895412445, '1_2': 536.5682983398438, 'Average': 359.68817797054845}, 'Wass': {'0_1': 8.23331356048584, '0_2': 5.0369977951049805, '1_2': 8.472481727600098, 'Average': 7.247597694396973}}
2024-09-23 23:48:17,723: cfpup
2024-09-23 23:48:17,723: {'MMD': {'0_1': 388.8654479980469, '0_2': 6.545056343078613, '1_2': 496.3093566894531, 'Average': 297.23995367685956}, 'Wass': {'0_1': 6.549647331237793, '0_2': 5.817583084106445, '1_2': 8.007344245910645, 'Average': 6.791524887084961}}
