2024-09-23 23:42:16,041: Namespace(cudanum=1, dataset='law', synthetic=0, seed=50, training=1, pyromodel='models_save/cfpup.pt', pyroparam='models_save/cfpup_param.pt', lrcausalmodel=0.001, alpha=1000000000.0, num_iterations_causalmodel=20000, epochs_vae=10, decoder_type='together', lr=0.002)
2024-09-23 23:42:16,043: Namespace(cudanum=1, dataset='law', synthetic=0, seed=50, training=1, pyromodel='models_save/cfpup.pt', pyroparam='models_save/cfpup_param.pt', lrcausalmodel=0.001, alpha=1000000000.0, num_iterations_causalmodel=20000, epochs_vae=10, decoder_type='together', lr=0.002)
2024-09-23 23:42:16,073: =========== evaluation for constant predictor ================: {'RMSE': 0.9218197901142571, 'MAE': 0.7359503518763207}
2024-09-23 23:42:16,077: =========== evaluation for full predictor ================: {'RMSE': 0.8688112374892244, 'MAE': 0.7003106479543398}
2024-09-23 23:42:16,079: =========== evaluation for unaware predictor ================: {'RMSE': 0.8813496379949248, 'MAE': 0.708820682441671}
2024-09-23 23:42:17,346: [iteration 0001] loss: 138.5821
2024-09-23 23:42:25,159: [iteration 1001] loss: 20.4735
2024-09-23 23:42:33,215: [iteration 2001] loss: 11.2897
2024-09-23 23:42:40,948: [iteration 3001] loss: 10.5234
2024-09-23 23:42:48,576: [iteration 4001] loss: 10.3778
2024-09-23 23:42:56,408: [iteration 5001] loss: 10.2690
2024-09-23 23:43:04,059: [iteration 6001] loss: 10.1395
2024-09-23 23:43:11,695: [iteration 7001] loss: 9.9673
2024-09-23 23:43:19,382: [iteration 8001] loss: 9.6988
2024-09-23 23:43:27,096: [iteration 9001] loss: 9.2359
2024-09-23 23:43:34,725: [iteration 10001] loss: 8.3417
2024-09-23 23:43:42,404: [iteration 11001] loss: 7.4356
2024-09-23 23:43:50,087: [iteration 12001] loss: 7.0831
2024-09-23 23:43:57,756: [iteration 13001] loss: 6.9111
2024-09-23 23:44:05,455: [iteration 14001] loss: 6.8162
2024-09-23 23:44:13,165: [iteration 15001] loss: 6.7642
2024-09-23 23:44:20,858: [iteration 16001] loss: 6.7362
2024-09-23 23:44:28,542: [iteration 17001] loss: 6.7166
2024-09-23 23:44:36,228: [iteration 18001] loss: 6.7067
2024-09-23 23:44:45,524: [iteration 19001] loss: 6.7013
2024-09-23 23:44:57,279: saved causal model in: models_save/cfpup.pt
2024-09-23 23:44:57,289: =========== evaluation for cfp_u predictor ================: {'RMSE': 0.9065620331664285, 'MAE': 0.724984163986291}
2024-09-23 23:44:57,323: elbo_loss:2341002.0, custom_loss:225554240.0
2024-09-23 23:44:57,330: [iteration 0001] loss: 13956.4730
2024-09-23 23:45:17,370: elbo_loss:404486.5, custom_loss:11253146.0
2024-09-23 23:45:37,443: elbo_loss:267885.1875, custom_loss:6330717.0
2024-09-23 23:45:57,857: elbo_loss:265554.78125, custom_loss:3821277.5
2024-09-23 23:46:18,277: elbo_loss:272610.78125, custom_loss:2451588.75
2024-09-23 23:46:38,748: elbo_loss:279327.28125, custom_loss:1548689.125
2024-09-23 23:46:59,181: elbo_loss:282482.0, custom_loss:1030140.0
2024-09-23 23:47:19,622: elbo_loss:272791.21875, custom_loss:677856.0625
2024-09-23 23:47:40,065: elbo_loss:274071.8125, custom_loss:453180.53125
2024-09-23 23:48:00,560: elbo_loss:277962.25, custom_loss:300311.125
2024-09-23 23:48:21,294: elbo_loss:281827.65625, custom_loss:206367.609375
2024-09-23 23:48:21,300: [iteration 10001] loss: 29.8974
2024-09-23 23:48:47,869: elbo_loss:286193.28125, custom_loss:143653.0
2024-09-23 23:49:14,552: elbo_loss:290769.6875, custom_loss:99903.90625
2024-09-23 23:49:41,346: elbo_loss:295579.3125, custom_loss:70729.3984375
2024-09-23 23:50:08,114: elbo_loss:299921.375, custom_loss:52777.52734375
2024-09-23 23:50:34,834: elbo_loss:303434.5625, custom_loss:40563.8359375
2024-09-23 23:51:01,553: elbo_loss:306153.0, custom_loss:32729.126953125
2024-09-23 23:51:28,244: elbo_loss:307565.9375, custom_loss:28820.443359375
2024-09-23 23:51:54,953: elbo_loss:308528.71875, custom_loss:26011.8359375
2024-09-23 23:52:21,753: elbo_loss:308337.21875, custom_loss:25427.71484375
2024-09-23 23:52:48,712: saved causal model in: models_save/cfpup.pt
2024-09-23 23:52:48,717: =========== evaluation for cfp_up predictor ================: {'RMSE': 0.9218497922226206, 'MAE': 0.7357604076494403}
2024-09-23 23:52:48,746: constant
2024-09-23 23:52:48,747: {'MMD': {'0_1': 6.167906029669323e-12, '0_2': 2.4671624118677293e-11, '1_2': 6.167906029669323e-12, 'Average': 1.2335812059338647e-11}, 'Wass': {'0_1': 0.6330671310424805, '0_2': 0.6330666542053223, '1_2': 0.6330677270889282, 'Average': 0.6330671707789103}}
2024-09-23 23:52:48,757: full
2024-09-23 23:52:48,757: {'MMD': {'0_1': 53657.1015625, '0_2': 59593.203125, '1_2': 155.67950439453125, 'Average': 37801.99473063151}, 'Wass': {'0_1': 140.08480834960938, '0_2': 147.27630615234375, '1_2': 11.067366600036621, 'Average': 99.47616036732991}}
2024-09-23 23:52:48,767: unaware
2024-09-23 23:52:48,767: {'MMD': {'0_1': 18768.1640625, '0_2': 560.9465942382812, '1_2': 12839.755859375, 'Average': 10722.955505371094}, 'Wass': {'0_1': 84.13741302490234, '0_2': 17.20222282409668, '1_2': 69.85633087158203, 'Average': 57.06532224019369}}
2024-09-23 23:52:48,776: cfpu
2024-09-23 23:52:48,776: {'MMD': {'0_1': 708.9691162109375, '0_2': 170.48858642578125, '1_2': 1574.7882080078125, 'Average': 818.0819702148438}, 'Wass': {'0_1': 17.427078247070312, '0_2': 7.599748611450195, '1_2': 24.897172927856445, 'Average': 16.641333262125652}}
2024-09-23 23:52:48,786: cfpup
2024-09-23 23:52:48,786: {'MMD': {'0_1': 2.135796308517456, '0_2': 0.20682348310947418, '1_2': 1.0133602619171143, 'Average': 1.1186600178480148}, 'Wass': {'0_1': 1.583937168121338, '0_2': 1.4259685277938843, '1_2': 1.44314444065094, 'Average': 1.484350045522054}}
