2024-09-23 23:21:27,654: Namespace(cudanum=5, dataset='adult', synthetic=0, seed=51, training=1, pyromodel='models_save/cfpup.pt', pyroparam='models_save/cfpup_param.pt', lrcausalmodel=0.001, alpha=5000.0, num_iterations_causalmodel=20000, epochs_vae=10, decoder_type='together', lr=0.002)
2024-09-23 23:21:27,656: Namespace(cudanum=5, dataset='adult', synthetic=0, seed=51, training=1, pyromodel='models_save/cfpup.pt', pyroparam='models_save/cfpup_param.pt', lrcausalmodel=0.001, alpha=5000.0, num_iterations_causalmodel=20000, epochs_vae=10, decoder_type='together', lr=0.002)
2024-09-23 23:21:27,847: =========== evaluation for constant predictor ================: {'F1-score': 0.0, 'Accuracy': 0.7376614773103677}
2024-09-23 23:21:27,992: =========== evaluation for full predictor ================: {'F1-score': 0.6623181133968891, 'Accuracy': 0.7770785028155018}
2024-09-23 23:21:28,126: =========== evaluation for unaware predictor ================: {'F1-score': 0.6613306653326664, 'Accuracy': 0.7757535607817158}
2024-09-23 23:21:31,277: [iteration 0001] loss: 1230.2578
2024-09-23 23:22:17,579: [iteration 1001] loss: 664.1523
2024-09-23 23:23:03,087: [iteration 2001] loss: 347.5288
2024-09-23 23:23:49,455: [iteration 3001] loss: 193.0364
2024-09-23 23:24:34,296: [iteration 4001] loss: 132.2401
2024-09-23 23:25:09,257: [iteration 5001] loss: 110.6284
2024-09-23 23:25:44,224: [iteration 6001] loss: 99.0518
2024-09-23 23:26:19,505: [iteration 7001] loss: 90.0489
2024-09-23 23:26:54,149: [iteration 8001] loss: 82.6789
2024-09-23 23:27:29,171: [iteration 9001] loss: 76.6515
2024-09-23 23:28:03,993: [iteration 10001] loss: 71.6581
2024-09-23 23:28:39,079: [iteration 11001] loss: 67.6537
2024-09-23 23:29:13,785: [iteration 12001] loss: 64.3771
2024-09-23 23:29:48,741: [iteration 13001] loss: 61.8073
2024-09-23 23:30:23,503: [iteration 14001] loss: 59.6802
2024-09-23 23:30:58,131: [iteration 15001] loss: 57.9382
2024-09-23 23:31:32,211: [iteration 16001] loss: 56.4642
2024-09-23 23:32:06,863: [iteration 17001] loss: 55.2174
2024-09-23 23:32:40,849: [iteration 18001] loss: 54.1928
2024-09-23 23:33:15,439: [iteration 19001] loss: 53.3173
2024-09-23 23:33:49,003: saved causal model in: models_save/cfpup.pt
2024-09-23 23:33:49,041: =========== evaluation for cfp_u predictor ================: {'F1-score': 0.519294902334445, 'Accuracy': 0.665783371977476}
2024-09-23 23:33:49,088: elbo_loss:29819334.0, custom_loss:1119.000732421875
2024-09-23 23:33:49,101: [iteration 0001] loss: 1234.9548
2024-09-23 23:34:39,424: elbo_loss:13931487.0, custom_loss:4594.0087890625
2024-09-23 23:35:28,743: elbo_loss:5023315.5, custom_loss:7894.93017578125
2024-09-23 23:36:18,310: elbo_loss:2078296.5, custom_loss:10255.8544921875
2024-09-23 23:37:07,219: elbo_loss:1252748.625, custom_loss:11736.572265625
2024-09-23 23:37:57,194: elbo_loss:877261.5, custom_loss:12888.771484375
2024-09-23 23:38:47,074: elbo_loss:668144.6875, custom_loss:13622.1484375
2024-09-23 23:39:37,082: elbo_loss:548792.0625, custom_loss:13688.2744140625
2024-09-23 23:40:26,876: elbo_loss:476490.5625, custom_loss:13490.3681640625
2024-09-23 23:41:16,888: elbo_loss:430309.34375, custom_loss:13069.8125
2024-09-23 23:42:07,263: elbo_loss:401558.5, custom_loss:12700.8974609375
2024-09-23 23:42:07,274: [iteration 10001] loss: 17.1557
2024-09-23 23:42:55,828: elbo_loss:382758.53125, custom_loss:12276.482421875
2024-09-23 23:43:45,565: elbo_loss:370481.75, custom_loss:11762.7763671875
2024-09-23 23:44:36,502: elbo_loss:363142.40625, custom_loss:11591.6689453125
2024-09-23 23:45:40,551: elbo_loss:358392.40625, custom_loss:11399.1025390625
2024-09-23 23:46:46,552: elbo_loss:355781.75, custom_loss:10997.115234375
2024-09-23 23:47:53,092: elbo_loss:354355.75, custom_loss:10801.0283203125
2024-09-23 23:48:51,942: elbo_loss:353597.5, custom_loss:10696.0419921875
2024-09-23 23:49:59,848: elbo_loss:353186.03125, custom_loss:10528.7197265625
2024-09-23 23:51:07,362: elbo_loss:353158.03125, custom_loss:10424.4091796875
2024-09-23 23:52:15,714: saved causal model in: models_save/cfpup.pt
2024-09-23 23:52:15,736: =========== evaluation for cfp_up predictor ================: {'F1-score': 0.5221957040572792, 'Accuracy': 0.668433256045048}
2024-09-23 23:52:15,777: constant
2024-09-23 23:52:15,777: {'MMD': {'0_1': 0.0, '0_2': 0.0, '1_2': 0.0, 'Average': 0.0}, 'Wass': {'0_1': 0.6330676078796387, '0_2': 0.6330673098564148, '1_2': 0.6330673098564148, 'Average': 0.6330674091974894}}
2024-09-23 23:52:15,788: full
2024-09-23 23:52:15,788: {'MMD': {'0_1': 3057.072265625, '0_2': 1.2352060079574585, '1_2': 3181.2080078125, 'Average': 2079.8384931484857}, 'Wass': {'0_1': 29.018476486206055, '0_2': 11.004814147949219, '1_2': 32.309288024902344, 'Average': 24.110859553019207}}
2024-09-23 23:52:15,798: unaware
2024-09-23 23:52:15,799: {'MMD': {'0_1': 2739.38427734375, '0_2': 53.04776382446289, '1_2': 3554.844482421875, 'Average': 2115.758841196696}, 'Wass': {'0_1': 25.134410858154297, '0_2': 11.367884635925293, '1_2': 34.2845573425293, 'Average': 23.59561761220296}}
2024-09-23 23:52:15,809: cfpu
2024-09-23 23:52:15,809: {'MMD': {'0_1': 311.3264465332031, '0_2': 234.88394165039062, '1_2': 5.375542163848877, 'Average': 183.86197678248087}, 'Wass': {'0_1': 6.228665351867676, '0_2': 5.807301998138428, '1_2': 5.671657562255859, 'Average': 5.902541637420654}}
2024-09-23 23:52:15,837: cfpup
2024-09-23 23:52:15,837: {'MMD': {'0_1': 339.94781494140625, '0_2': 160.99496459960938, '1_2': 33.05439758300781, 'Average': 177.99905904134116}, 'Wass': {'0_1': 6.379092693328857, '0_2': 5.847903728485107, '1_2': 5.756539344787598, 'Average': 5.9945119222005205}}
