2024-09-23 23:21:27,742: Namespace(cudanum=4, dataset='adult', synthetic=0, seed=50, training=1, pyromodel='models_save/cfpup.pt', pyroparam='models_save/cfpup_param.pt', lrcausalmodel=0.001, alpha=5000.0, num_iterations_causalmodel=20000, epochs_vae=10, decoder_type='together', lr=0.002)
2024-09-23 23:21:27,744: Namespace(cudanum=4, dataset='adult', synthetic=0, seed=50, training=1, pyromodel='models_save/cfpup.pt', pyroparam='models_save/cfpup_param.pt', lrcausalmodel=0.001, alpha=5000.0, num_iterations_causalmodel=20000, epochs_vae=10, decoder_type='together', lr=0.002)
2024-09-23 23:21:27,920: =========== evaluation for constant predictor ================: {'F1-score': 0.0, 'Accuracy': 0.7479297780722094}
2024-09-23 23:21:28,066: =========== evaluation for full predictor ================: {'F1-score': 0.631578947368421, 'Accuracy': 0.7658164955283207}
2024-09-23 23:21:28,203: =========== evaluation for unaware predictor ================: {'F1-score': 0.6308654848800834, 'Accuracy': 0.7654852600198742}
2024-09-23 23:21:31,094: [iteration 0001] loss: 1230.2366
2024-09-23 23:22:16,971: [iteration 1001] loss: 664.1250
2024-09-23 23:22:56,500: [iteration 2001] loss: 347.4303
2024-09-23 23:23:30,769: [iteration 3001] loss: 193.0704
2024-09-23 23:24:04,607: [iteration 4001] loss: 132.1601
2024-09-23 23:24:38,618: [iteration 5001] loss: 110.5378
2024-09-23 23:25:12,406: [iteration 6001] loss: 99.0102
2024-09-23 23:25:46,422: [iteration 7001] loss: 90.0419
2024-09-23 23:26:20,759: [iteration 8001] loss: 82.7015
2024-09-23 23:26:54,632: [iteration 9001] loss: 76.6208
2024-09-23 23:27:28,819: [iteration 10001] loss: 71.6938
2024-09-23 23:28:02,764: [iteration 11001] loss: 67.6263
2024-09-23 23:28:36,845: [iteration 12001] loss: 64.3714
2024-09-23 23:29:11,022: [iteration 13001] loss: 61.7784
2024-09-23 23:29:44,727: [iteration 14001] loss: 59.6589
2024-09-23 23:30:18,675: [iteration 15001] loss: 57.9294
2024-09-23 23:30:52,016: [iteration 16001] loss: 56.4512
2024-09-23 23:31:25,768: [iteration 17001] loss: 55.2183
2024-09-23 23:31:59,484: [iteration 18001] loss: 54.1779
2024-09-23 23:32:33,127: [iteration 19001] loss: 53.3192
2024-09-23 23:33:06,999: saved causal model in: models_save/cfpup.pt
2024-09-23 23:33:07,025: =========== evaluation for cfp_u predictor ================: {'F1-score': 0.5172074729596854, 'Accuracy': 0.6747267307055317}
2024-09-23 23:33:07,091: elbo_loss:29815190.0, custom_loss:1121.374267578125
2024-09-23 23:33:07,103: [iteration 0001] loss: 1234.7833
2024-09-23 23:33:56,317: elbo_loss:13931988.0, custom_loss:4651.61181640625
2024-09-23 23:34:44,891: elbo_loss:5022742.0, custom_loss:7854.07080078125
2024-09-23 23:35:30,817: elbo_loss:2076403.5, custom_loss:10238.5595703125
2024-09-23 23:36:19,040: elbo_loss:1252986.5, custom_loss:11779.099609375
2024-09-23 23:37:08,459: elbo_loss:878604.25, custom_loss:12940.0361328125
2024-09-23 23:37:54,937: elbo_loss:667445.75, custom_loss:13602.9423828125
2024-09-23 23:38:42,422: elbo_loss:549633.5625, custom_loss:13724.26953125
2024-09-23 23:39:31,260: elbo_loss:476785.65625, custom_loss:13516.5615234375
2024-09-23 23:40:17,682: elbo_loss:430674.4375, custom_loss:13027.326171875
2024-09-23 23:41:05,092: elbo_loss:401114.59375, custom_loss:12578.380859375
2024-09-23 23:41:05,102: [iteration 10001] loss: 17.1323
2024-09-23 23:41:52,882: elbo_loss:382460.625, custom_loss:12271.328125
2024-09-23 23:42:41,869: elbo_loss:370545.71875, custom_loss:11955.7646484375
2024-09-23 23:43:29,074: elbo_loss:363309.375, custom_loss:11705.4248046875
2024-09-23 23:44:17,131: elbo_loss:358378.71875, custom_loss:11355.17578125
2024-09-23 23:45:14,013: elbo_loss:355574.84375, custom_loss:11183.3349609375
2024-09-23 23:46:14,333: elbo_loss:354142.125, custom_loss:10763.16015625
2024-09-23 23:47:03,287: elbo_loss:353624.21875, custom_loss:10651.80859375
2024-09-23 23:47:52,335: elbo_loss:353122.09375, custom_loss:10506.8935546875
2024-09-23 23:48:48,715: elbo_loss:352959.0, custom_loss:10426.408203125
2024-09-23 23:49:55,789: saved causal model in: models_save/cfpup.pt
2024-09-23 23:49:55,811: =========== evaluation for cfp_up predictor ================: {'F1-score': 0.5184079601990049, 'Accuracy': 0.6793640278237827}
2024-09-23 23:49:55,847: constant
2024-09-23 23:49:55,847: {'MMD': {'0_1': 0.0, '0_2': 0.0, '1_2': 0.0, 'Average': 0.0}, 'Wass': {'0_1': 0.6330670118331909, '0_2': 0.6330671310424805, '1_2': 0.63306725025177, 'Average': 0.6330671310424805}}
2024-09-23 23:49:55,857: full
2024-09-23 23:49:55,857: {'MMD': {'0_1': 4340.544921875, '0_2': 50.874267578125, '1_2': 3451.58544921875, 'Average': 2614.3348795572915}, 'Wass': {'0_1': 40.65032196044922, '0_2': 10.698570251464844, '1_2': 36.297035217285156, 'Average': 29.215309143066406}}
2024-09-23 23:49:55,868: unaware
2024-09-23 23:49:55,868: {'MMD': {'0_1': 3888.5908203125, '0_2': 1.843010663986206, '1_2': 4059.74658203125, 'Average': 2650.0601376692453}, 'Wass': {'0_1': 38.00033950805664, '0_2': 11.054993629455566, '1_2': 39.1689567565918, 'Average': 29.408096631368}}
2024-09-23 23:49:55,890: cfpu
2024-09-23 23:49:55,890: {'MMD': {'0_1': 599.7843627929688, '0_2': 64.73094177246094, '1_2': 270.4361267089844, 'Average': 311.6504770914714}, 'Wass': {'0_1': 9.006092071533203, '0_2': 5.379504680633545, '1_2': 7.374401569366455, 'Average': 7.253332773844401}}
2024-09-23 23:49:55,901: cfpup
2024-09-23 23:49:55,901: {'MMD': {'0_1': 600.5690307617188, '0_2': 144.54351806640625, '1_2': 155.84738159179688, 'Average': 300.3199768066406}, 'Wass': {'0_1': 9.4285888671875, '0_2': 5.1740031242370605, '1_2': 5.503204822540283, 'Average': 6.701932271321614}}
