2024-09-23 23:48:21,156: Namespace(cudanum=5, dataset='adult', synthetic=0, seed=51, training=1, pyromodel='models_save/cfpup.pt', pyroparam='models_save/cfpup_param.pt', lrcausalmodel=0.001, alpha=15000.0, num_iterations_causalmodel=20000, epochs_vae=10, decoder_type='together', lr=0.002)
2024-09-23 23:48:21,159: Namespace(cudanum=5, dataset='adult', synthetic=0, seed=51, training=1, pyromodel='models_save/cfpup.pt', pyroparam='models_save/cfpup_param.pt', lrcausalmodel=0.001, alpha=15000.0, num_iterations_causalmodel=20000, epochs_vae=10, decoder_type='together', lr=0.002)
2024-09-23 23:48:21,349: =========== evaluation for constant predictor ================: {'F1-score': 0.0, 'Accuracy': 0.7376614773103677}
2024-09-23 23:48:21,494: =========== evaluation for full predictor ================: {'F1-score': 0.6623181133968891, 'Accuracy': 0.7770785028155018}
2024-09-23 23:48:21,624: =========== evaluation for unaware predictor ================: {'F1-score': 0.6613306653326664, 'Accuracy': 0.7757535607817158}
2024-09-23 23:48:24,643: [iteration 0001] loss: 1230.2578
2024-09-23 23:49:13,125: [iteration 1001] loss: 664.1523
2024-09-23 23:49:57,574: [iteration 2001] loss: 347.5288
2024-09-23 23:50:43,788: [iteration 3001] loss: 193.0364
2024-09-23 23:51:29,832: [iteration 4001] loss: 132.2401
2024-09-23 23:52:16,522: [iteration 5001] loss: 110.6284
2024-09-23 23:52:50,870: [iteration 6001] loss: 99.0518
2024-09-23 23:53:27,737: [iteration 7001] loss: 90.0489
2024-09-23 23:54:03,464: [iteration 8001] loss: 82.6789
2024-09-23 23:54:39,124: [iteration 9001] loss: 76.6515
2024-09-23 23:55:14,545: [iteration 10001] loss: 71.6581
2024-09-23 23:55:50,099: [iteration 11001] loss: 67.6537
2024-09-23 23:56:25,402: [iteration 12001] loss: 64.3771
2024-09-23 23:57:01,050: [iteration 13001] loss: 61.8073
2024-09-23 23:57:36,396: [iteration 14001] loss: 59.6802
2024-09-23 23:58:12,297: [iteration 15001] loss: 57.9382
2024-09-23 23:58:46,665: [iteration 16001] loss: 56.4642
2024-09-23 23:59:23,144: [iteration 17001] loss: 55.2174
2024-09-23 23:59:56,169: [iteration 18001] loss: 54.1928
2024-09-24 00:00:30,794: [iteration 19001] loss: 53.3173
2024-09-24 00:01:05,173: saved causal model in: models_save/cfpup.pt
2024-09-24 00:01:05,209: =========== evaluation for cfp_u predictor ================: {'F1-score': 0.519294902334445, 'Accuracy': 0.665783371977476}
2024-09-24 00:01:05,269: elbo_loss:29819334.0, custom_loss:3357.001953125
2024-09-24 00:01:05,289: [iteration 0001] loss: 1235.0475
2024-09-24 00:01:56,308: elbo_loss:13930381.0, custom_loss:8885.9052734375
2024-09-24 00:02:46,720: elbo_loss:5023503.5, custom_loss:13475.0546875
2024-09-24 00:03:37,505: elbo_loss:2081359.0, custom_loss:16013.8193359375
2024-09-24 00:04:28,437: elbo_loss:1258737.25, custom_loss:18101.978515625
2024-09-24 00:05:19,140: elbo_loss:886444.9375, custom_loss:20134.119140625
2024-09-24 00:06:09,510: elbo_loss:678877.3125, custom_loss:21007.810546875
2024-09-24 00:06:58,237: elbo_loss:559858.4375, custom_loss:20766.115234375
2024-09-24 00:07:48,623: elbo_loss:487318.0, custom_loss:20333.169921875
2024-09-24 00:08:40,283: elbo_loss:440765.6875, custom_loss:19547.470703125
2024-09-24 00:09:32,220: elbo_loss:411771.59375, custom_loss:18937.17578125
2024-09-24 00:09:32,238: [iteration 10001] loss: 17.8369
2024-09-24 00:10:24,497: elbo_loss:392717.65625, custom_loss:18218.634765625
2024-09-24 00:11:15,940: elbo_loss:380140.1875, custom_loss:17337.18359375
2024-09-24 00:12:16,549: elbo_loss:372653.84375, custom_loss:17029.68359375
2024-09-24 00:13:23,493: elbo_loss:367624.6875, custom_loss:16623.52734375
2024-09-24 00:14:31,482: elbo_loss:364857.25, custom_loss:15802.9375
2024-09-24 00:15:36,874: elbo_loss:363268.28125, custom_loss:15379.8974609375
2024-09-24 00:16:40,792: elbo_loss:362324.84375, custom_loss:15124.9765625
2024-09-24 00:17:32,822: elbo_loss:361804.03125, custom_loss:14710.8916015625
2024-09-24 00:18:24,751: elbo_loss:361725.15625, custom_loss:14433.1884765625
2024-09-24 00:19:16,247: saved causal model in: models_save/cfpup.pt
2024-09-24 00:19:16,272: =========== evaluation for cfp_up predictor ================: {'F1-score': 0.5197524988100904, 'Accuracy': 0.665783371977476}
2024-09-24 00:19:16,297: constant
2024-09-24 00:19:16,298: {'MMD': {'0_1': 0.0, '0_2': 0.0, '1_2': 0.0, 'Average': 0.0}, 'Wass': {'0_1': 0.6330676078796387, '0_2': 0.6330673098564148, '1_2': 0.6330673098564148, 'Average': 0.6330674091974894}}
2024-09-24 00:19:16,306: full
2024-09-24 00:19:16,306: {'MMD': {'0_1': 3057.072265625, '0_2': 1.2352060079574585, '1_2': 3181.2080078125, 'Average': 2079.8384931484857}, 'Wass': {'0_1': 29.018476486206055, '0_2': 11.004814147949219, '1_2': 32.309288024902344, 'Average': 24.110859553019207}}
2024-09-24 00:19:16,313: unaware
2024-09-24 00:19:16,313: {'MMD': {'0_1': 2739.38427734375, '0_2': 53.04776382446289, '1_2': 3554.844482421875, 'Average': 2115.758841196696}, 'Wass': {'0_1': 25.134410858154297, '0_2': 11.367884635925293, '1_2': 34.2845573425293, 'Average': 23.59561761220296}}
2024-09-24 00:19:16,320: cfpu
2024-09-24 00:19:16,320: {'MMD': {'0_1': 311.3264465332031, '0_2': 234.88394165039062, '1_2': 5.375542163848877, 'Average': 183.86197678248087}, 'Wass': {'0_1': 6.228665351867676, '0_2': 5.807301998138428, '1_2': 5.671657562255859, 'Average': 5.902541637420654}}
2024-09-24 00:19:16,328: cfpup
2024-09-24 00:19:16,328: {'MMD': {'0_1': 340.9559631347656, '0_2': 146.93434143066406, '1_2': 40.23802947998047, 'Average': 176.04277801513672}, 'Wass': {'0_1': 6.397520065307617, '0_2': 5.777476787567139, '1_2': 5.719161033630371, 'Average': 5.964719295501709}}
