2024-09-23 22:54:36,744: Namespace(cudanum=3, dataset='law', synthetic=0, seed=53, training=1, pyromodel='models_save/cfpup.pt', pyroparam='models_save/cfpup_param.pt', lrcausalmodel=0.001, alpha=15000.0, num_iterations_causalmodel=20000, epochs_vae=10, decoder_type='together', lr=0.002)
2024-09-23 22:54:36,745: Namespace(cudanum=3, dataset='law', synthetic=0, seed=53, training=1, pyromodel='models_save/cfpup.pt', pyroparam='models_save/cfpup_param.pt', lrcausalmodel=0.001, alpha=15000.0, num_iterations_causalmodel=20000, epochs_vae=10, decoder_type='together', lr=0.002)
2024-09-23 22:54:36,776: =========== evaluation for constant predictor ================: {'RMSE': 0.9324225082657746, 'MAE': 0.7516095706256555}
2024-09-23 22:54:36,779: =========== evaluation for full predictor ================: {'RMSE': 0.8802753975493797, 'MAE': 0.7099425986240434}
2024-09-23 22:54:36,782: =========== evaluation for unaware predictor ================: {'RMSE': 0.8905317575182867, 'MAE': 0.7188799247202043}
2024-09-23 22:54:38,976: [iteration 0001] loss: 138.5853
2024-09-23 22:54:50,837: [iteration 1001] loss: 20.5103
2024-09-23 22:55:02,268: [iteration 2001] loss: 11.2809
2024-09-23 22:55:13,692: [iteration 3001] loss: 10.5171
2024-09-23 22:55:25,139: [iteration 4001] loss: 10.3750
2024-09-23 22:55:36,593: [iteration 5001] loss: 10.2697
2024-09-23 22:55:48,018: [iteration 6001] loss: 10.1422
2024-09-23 22:55:59,450: [iteration 7001] loss: 9.9624
2024-09-23 22:56:10,871: [iteration 8001] loss: 9.7002
2024-09-23 22:56:22,290: [iteration 9001] loss: 9.2330
2024-09-23 22:56:33,710: [iteration 10001] loss: 8.3409
2024-09-23 22:56:45,166: [iteration 11001] loss: 7.4340
2024-09-23 22:56:56,564: [iteration 12001] loss: 7.0868
2024-09-23 22:57:08,003: [iteration 13001] loss: 6.9100
2024-09-23 22:57:19,436: [iteration 14001] loss: 6.8184
2024-09-23 22:57:30,880: [iteration 15001] loss: 6.7635
2024-09-23 22:57:42,311: [iteration 16001] loss: 6.7355
2024-09-23 22:57:53,745: [iteration 17001] loss: 6.7177
2024-09-23 22:58:05,177: [iteration 18001] loss: 6.7066
2024-09-23 22:58:16,599: [iteration 19001] loss: 6.7006
2024-09-23 22:58:28,037: saved causal model in: models_save/cfpup.pt
2024-09-23 22:58:28,047: =========== evaluation for cfp_u predictor ================: {'RMSE': 0.924496471238705, 'MAE': 0.7424087763252238}
2024-09-23 22:58:28,080: elbo_loss:2340415.75, custom_loss:3339.2490234375
2024-09-23 22:58:28,086: [iteration 0001] loss: 143.5333
2024-09-23 22:58:47,675: elbo_loss:229107.578125, custom_loss:3738.408447265625
2024-09-23 22:59:06,767: elbo_loss:190891.53125, custom_loss:3513.775390625
2024-09-23 22:59:25,762: elbo_loss:165785.921875, custom_loss:5410.515625
2024-09-23 22:59:44,962: elbo_loss:154192.59375, custom_loss:6104.20458984375
2024-09-23 23:00:03,997: elbo_loss:143816.1875, custom_loss:6143.74951171875
2024-09-23 23:00:23,028: elbo_loss:135882.40625, custom_loss:6297.68408203125
2024-09-23 23:00:42,204: elbo_loss:129753.6328125, custom_loss:6341.72998046875
2024-09-23 23:00:59,996: elbo_loss:124945.0546875, custom_loss:6164.4111328125
2024-09-23 23:01:13,658: elbo_loss:121892.6484375, custom_loss:6313.4326171875
2024-09-23 23:01:27,342: elbo_loss:120332.0, custom_loss:6253.1591796875
2024-09-23 23:01:27,348: [iteration 10001] loss: 7.7522
2024-09-23 23:01:40,965: elbo_loss:119450.15625, custom_loss:6266.08349609375
2024-09-23 23:01:54,547: elbo_loss:118875.75, custom_loss:6284.64794921875
2024-09-23 23:02:08,110: elbo_loss:118319.3359375, custom_loss:6166.24462890625
2024-09-23 23:02:21,683: elbo_loss:117934.015625, custom_loss:6282.453125
2024-09-23 23:02:35,242: elbo_loss:117588.453125, custom_loss:6203.10302734375
2024-09-23 23:02:48,855: elbo_loss:117514.5625, custom_loss:6206.35693359375
2024-09-23 23:03:02,455: elbo_loss:117367.2265625, custom_loss:6100.43603515625
2024-09-23 23:03:16,064: elbo_loss:117379.484375, custom_loss:6299.71435546875
2024-09-23 23:03:29,643: elbo_loss:117232.8828125, custom_loss:6310.2314453125
2024-09-23 23:03:43,241: saved causal model in: models_save/cfpup.pt
2024-09-23 23:03:43,246: =========== evaluation for cfp_up predictor ================: {'RMSE': 0.9040998739275491, 'MAE': 0.725887570947292}
2024-09-23 23:03:43,265: constant
2024-09-23 23:03:43,265: {'MMD': {'0_1': 2.4671624118677293e-11, '0_2': 0.0, '1_2': 2.4671624118677293e-11, 'Average': 1.644774941245153e-11}, 'Wass': {'0_1': 0.6330670714378357, '0_2': 0.6330674886703491, '1_2': 0.6330678462982178, 'Average': 0.6330674688021342}}
2024-09-23 23:03:43,271: full
2024-09-23 23:03:43,271: {'MMD': {'0_1': 59799.859375, '0_2': 54732.87109375, '1_2': 112.13794708251953, 'Average': 38214.95613861084}, 'Wass': {'0_1': 147.3225860595703, '0_2': 141.32972717285156, '1_2': 12.729878425598145, 'Average': 100.46073055267334}}
2024-09-23 23:03:43,276: unaware
2024-09-23 23:03:43,276: {'MMD': {'0_1': 22801.908203125, '0_2': 106.93193054199219, '1_2': 19785.859375, 'Average': 14231.566502888998}, 'Wass': {'0_1': 91.73051452636719, '0_2': 16.082115173339844, '1_2': 86.12759399414062, 'Average': 64.64674123128255}}
2024-09-23 23:03:43,281: cfpu
2024-09-23 23:03:43,281: {'MMD': {'0_1': 1233.43359375, '0_2': 201.94686889648438, '1_2': 2433.554931640625, 'Average': 1289.6451314290364}, 'Wass': {'0_1': 21.66105842590332, '0_2': 7.212674617767334, '1_2': 30.614519119262695, 'Average': 19.82941738764445}}
2024-09-23 23:03:43,286: cfpup
2024-09-23 23:03:43,286: {'MMD': {'0_1': 34460.625, '0_2': 101581.6015625, '1_2': 17711.0703125, 'Average': 51251.098958333336}, 'Wass': {'0_1': 112.1531753540039, '0_2': 192.57835388183594, '1_2': 80.53048706054688, 'Average': 128.42067209879556}}
