2024-09-23 22:54:36,500: Namespace(cudanum=5, dataset='adult', synthetic=0, seed=51, training=1, pyromodel='models_save/cfpup.pt', pyroparam='models_save/cfpup_param.pt', lrcausalmodel=0.001, alpha=-5000.0, num_iterations_causalmodel=20000, epochs_vae=10, decoder_type='together', lr=0.002)
2024-09-23 22:54:36,502: Namespace(cudanum=5, dataset='adult', synthetic=0, seed=51, training=1, pyromodel='models_save/cfpup.pt', pyroparam='models_save/cfpup_param.pt', lrcausalmodel=0.001, alpha=-5000.0, num_iterations_causalmodel=20000, epochs_vae=10, decoder_type='together', lr=0.002)
2024-09-23 22:54:36,674: =========== evaluation for constant predictor ================: {'F1-score': 0.0, 'Accuracy': 0.7376614773103677}
2024-09-23 22:54:36,812: =========== evaluation for full predictor ================: {'F1-score': 0.6623181133968891, 'Accuracy': 0.7770785028155018}
2024-09-23 22:54:36,941: =========== evaluation for unaware predictor ================: {'F1-score': 0.6613306653326664, 'Accuracy': 0.7757535607817158}
2024-09-23 22:54:39,251: [iteration 0001] loss: 1230.2578
2024-09-23 22:55:24,846: [iteration 1001] loss: 664.1523
2024-09-23 22:56:06,413: [iteration 2001] loss: 347.5288
2024-09-23 22:56:41,117: [iteration 3001] loss: 193.0364
2024-09-23 22:57:16,344: [iteration 4001] loss: 132.2401
2024-09-23 22:57:50,443: [iteration 5001] loss: 110.6284
2024-09-23 22:58:25,030: [iteration 6001] loss: 99.0518
2024-09-23 22:58:59,151: [iteration 7001] loss: 90.0489
2024-09-23 22:59:33,848: [iteration 8001] loss: 82.6789
2024-09-23 23:00:07,835: [iteration 9001] loss: 76.6515
2024-09-23 23:00:42,222: [iteration 10001] loss: 71.6581
2024-09-23 23:01:15,922: [iteration 11001] loss: 67.6537
2024-09-23 23:01:50,121: [iteration 12001] loss: 64.3771
2024-09-23 23:02:25,839: [iteration 13001] loss: 61.8073
2024-09-23 23:02:58,171: [iteration 14001] loss: 59.6802
2024-09-23 23:03:32,379: [iteration 15001] loss: 57.9382
2024-09-23 23:04:05,900: [iteration 16001] loss: 56.4642
2024-09-23 23:04:40,295: [iteration 17001] loss: 55.2174
2024-09-23 23:05:13,605: [iteration 18001] loss: 54.1928
2024-09-23 23:05:58,566: [iteration 19001] loss: 53.3173
2024-09-23 23:06:37,905: saved causal model in: models_save/cfpup.pt
2024-09-23 23:06:37,940: =========== evaluation for cfp_u predictor ================: {'F1-score': 0.519294902334445, 'Accuracy': 0.665783371977476}
2024-09-23 23:06:38,016: elbo_loss:29819334.0, custom_loss:-1119.000732421875
2024-09-23 23:06:38,030: [iteration 0001] loss: 1234.8621
2024-09-23 23:07:28,036: elbo_loss:13929713.0, custom_loss:-32724.775390625
2024-09-23 23:08:18,645: elbo_loss:5017876.0, custom_loss:-124720.4375
2024-09-23 23:09:09,199: elbo_loss:2078197.375, custom_loss:-229983.515625
2024-09-23 23:09:58,974: elbo_loss:1260883.25, custom_loss:-327950.625
2024-09-23 23:10:49,275: elbo_loss:886667.6875, custom_loss:-425160.0625
2024-09-23 23:11:38,722: elbo_loss:676961.5, custom_loss:-536481.0
2024-09-23 23:12:27,767: elbo_loss:555732.625, custom_loss:-667871.625
2024-09-23 23:13:17,886: elbo_loss:481881.0, custom_loss:-826717.375
2024-09-23 23:14:07,372: elbo_loss:434964.25, custom_loss:-1023654.125
2024-09-23 23:14:56,984: elbo_loss:406187.1875, custom_loss:-1254001.125
2024-09-23 23:14:56,994: [iteration 10001] loss: -35.1105
2024-09-23 23:15:46,087: elbo_loss:388039.84375, custom_loss:-1522710.125
2024-09-23 23:16:35,927: elbo_loss:377018.4375, custom_loss:-1832894.875
2024-09-23 23:17:26,004: elbo_loss:371180.65625, custom_loss:-2181533.75
2024-09-23 23:18:24,615: elbo_loss:367885.53125, custom_loss:-2573908.0
2024-09-23 23:19:30,037: elbo_loss:366184.65625, custom_loss:-3009580.5
2024-09-23 23:20:20,794: elbo_loss:366162.46875, custom_loss:-3486873.25
2024-09-23 23:21:12,432: elbo_loss:366313.71875, custom_loss:-4005259.0
2024-09-23 23:22:14,997: elbo_loss:366706.4375, custom_loss:-4576530.0
2024-09-23 23:23:22,126: elbo_loss:368376.40625, custom_loss:-5183315.5
2024-09-23 23:24:29,822: saved causal model in: models_save/cfpup.pt
2024-09-23 23:24:29,846: =========== evaluation for cfp_up predictor ================: {'F1-score': 0.5164992826398852, 'Accuracy': 0.665120900960583}
2024-09-23 23:24:29,885: constant
2024-09-23 23:24:29,885: {'MMD': {'0_1': 0.0, '0_2': 0.0, '1_2': 0.0, 'Average': 0.0}, 'Wass': {'0_1': 0.6330676078796387, '0_2': 0.6330673098564148, '1_2': 0.6330673098564148, 'Average': 0.6330674091974894}}
2024-09-23 23:24:29,895: full
2024-09-23 23:24:29,895: {'MMD': {'0_1': 3057.072265625, '0_2': 1.2352060079574585, '1_2': 3181.2080078125, 'Average': 2079.8384931484857}, 'Wass': {'0_1': 29.018476486206055, '0_2': 11.004814147949219, '1_2': 32.309288024902344, 'Average': 24.110859553019207}}
2024-09-23 23:24:29,908: unaware
2024-09-23 23:24:29,908: {'MMD': {'0_1': 2739.38427734375, '0_2': 53.04776382446289, '1_2': 3554.844482421875, 'Average': 2115.758841196696}, 'Wass': {'0_1': 25.134410858154297, '0_2': 11.367884635925293, '1_2': 34.2845573425293, 'Average': 23.59561761220296}}
2024-09-23 23:24:29,927: cfpu
2024-09-23 23:24:29,928: {'MMD': {'0_1': 311.3264465332031, '0_2': 234.88394165039062, '1_2': 5.375542163848877, 'Average': 183.86197678248087}, 'Wass': {'0_1': 6.228665351867676, '0_2': 5.807301998138428, '1_2': 5.671657562255859, 'Average': 5.902541637420654}}
2024-09-23 23:24:29,938: cfpup
2024-09-23 23:24:29,938: {'MMD': {'0_1': 561.388671875, '0_2': 50.935791015625, '1_2': 274.12469482421875, 'Average': 295.48305257161456}, 'Wass': {'0_1': 10.630152702331543, '0_2': 5.421446800231934, '1_2': 8.941658973693848, 'Average': 8.331086158752441}}
