2024-09-23 22:54:36,743: Namespace(cudanum=7, dataset='adult', synthetic=0, seed=53, training=1, pyromodel='models_save/cfpup.pt', pyroparam='models_save/cfpup_param.pt', lrcausalmodel=0.001, alpha=-5000.0, num_iterations_causalmodel=20000, epochs_vae=10, decoder_type='together', lr=0.002)
2024-09-23 22:54:36,745: Namespace(cudanum=7, dataset='adult', synthetic=0, seed=53, training=1, pyromodel='models_save/cfpup.pt', pyroparam='models_save/cfpup_param.pt', lrcausalmodel=0.001, alpha=-5000.0, num_iterations_causalmodel=20000, epochs_vae=10, decoder_type='together', lr=0.002)
2024-09-23 22:54:36,918: =========== evaluation for constant predictor ================: {'F1-score': 0.0, 'Accuracy': 0.7456111295130838}
2024-09-23 22:54:37,059: =========== evaluation for full predictor ================: {'F1-score': 0.6514759192128431, 'Accuracy': 0.7770785028155018}
2024-09-23 22:54:37,191: =========== evaluation for unaware predictor ================: {'F1-score': 0.6518134715025907, 'Accuracy': 0.7774097383239483}
2024-09-23 22:54:39,315: [iteration 0001] loss: 1230.2229
2024-09-23 22:55:14,111: [iteration 1001] loss: 664.1058
2024-09-23 22:55:49,005: [iteration 2001] loss: 347.4398
2024-09-23 22:56:22,304: [iteration 3001] loss: 192.9700
2024-09-23 22:56:55,316: [iteration 4001] loss: 132.1185
2024-09-23 22:57:28,076: [iteration 5001] loss: 110.5446
2024-09-23 22:57:59,766: [iteration 6001] loss: 99.0967
2024-09-23 22:58:33,251: [iteration 7001] loss: 90.0680
2024-09-23 22:59:05,581: [iteration 8001] loss: 82.6746
2024-09-23 22:59:38,563: [iteration 9001] loss: 76.6243
2024-09-23 23:00:11,098: [iteration 10001] loss: 71.6654
2024-09-23 23:00:44,028: [iteration 11001] loss: 67.6011
2024-09-23 23:01:16,402: [iteration 12001] loss: 64.3965
2024-09-23 23:01:49,273: [iteration 13001] loss: 61.7795
2024-09-23 23:02:21,335: [iteration 14001] loss: 59.6711
2024-09-23 23:02:54,341: [iteration 15001] loss: 57.9173
2024-09-23 23:03:26,965: [iteration 16001] loss: 56.4675
2024-09-23 23:03:59,309: [iteration 17001] loss: 55.2199
2024-09-23 23:04:32,095: [iteration 18001] loss: 54.1837
2024-09-23 23:05:04,444: [iteration 19001] loss: 53.3179
2024-09-23 23:05:34,261: saved causal model in: models_save/cfpup.pt
2024-09-23 23:05:34,294: =========== evaluation for cfp_u predictor ================: {'F1-score': 0.5191654536632703, 'Accuracy': 0.671745611129513}
2024-09-23 23:05:34,354: elbo_loss:29819460.0, custom_loss:-1129.3115234375
2024-09-23 23:05:34,368: [iteration 0001] loss: 1234.8669
2024-09-23 23:06:21,589: elbo_loss:13933542.0, custom_loss:-32999.953125
2024-09-23 23:07:10,642: elbo_loss:5018431.5, custom_loss:-124846.1328125
2024-09-23 23:08:01,131: elbo_loss:2078475.25, custom_loss:-229738.84375
2024-09-23 23:08:50,681: elbo_loss:1261185.125, custom_loss:-328235.65625
2024-09-23 23:09:38,944: elbo_loss:887796.6875, custom_loss:-425591.65625
2024-09-23 23:10:25,973: elbo_loss:677500.375, custom_loss:-537213.375
2024-09-23 23:11:12,387: elbo_loss:556082.625, custom_loss:-670020.125
2024-09-23 23:11:59,110: elbo_loss:482079.53125, custom_loss:-828899.0
2024-09-23 23:12:45,854: elbo_loss:435611.96875, custom_loss:-1024294.875
2024-09-23 23:13:32,245: elbo_loss:406049.96875, custom_loss:-1254866.0
2024-09-23 23:13:32,254: [iteration 10001] loss: -35.1520
2024-09-23 23:14:18,957: elbo_loss:387846.4375, custom_loss:-1524354.5
2024-09-23 23:15:05,589: elbo_loss:376859.75, custom_loss:-1835022.875
2024-09-23 23:15:51,996: elbo_loss:371629.90625, custom_loss:-2182905.0
2024-09-23 23:16:38,826: elbo_loss:368033.15625, custom_loss:-2574856.25
2024-09-23 23:17:25,828: elbo_loss:366431.3125, custom_loss:-3009460.75
2024-09-23 23:18:08,974: elbo_loss:365981.9375, custom_loss:-3489651.75
2024-09-23 23:18:58,449: elbo_loss:365965.0, custom_loss:-4011223.25
2024-09-23 23:19:46,952: elbo_loss:367116.5, custom_loss:-4574139.0
2024-09-23 23:20:33,756: elbo_loss:368224.75, custom_loss:-5185978.5
2024-09-23 23:21:24,167: saved causal model in: models_save/cfpup.pt
2024-09-23 23:21:24,198: =========== evaluation for cfp_up predictor ================: {'F1-score': 0.5231984205330701, 'Accuracy': 0.6800264988406757}
2024-09-23 23:21:24,226: constant
2024-09-23 23:21:24,226: {'MMD': {'0_1': 0.0, '0_2': 0.0, '1_2': 0.0, 'Average': 0.0}, 'Wass': {'0_1': 0.6330670714378357, '0_2': 0.6330668330192566, '1_2': 0.6330673098564148, 'Average': 0.6330670714378357}}
2024-09-23 23:21:24,234: full
2024-09-23 23:21:24,234: {'MMD': {'0_1': 2955.6943359375, '0_2': 1.8143165111541748, '1_2': 3103.9677734375, 'Average': 2020.4921419620514}, 'Wass': {'0_1': 29.143178939819336, '0_2': 9.136466979980469, '1_2': 33.708335876464844, 'Average': 23.995993932088215}}
2024-09-23 23:21:24,242: unaware
2024-09-23 23:21:24,243: {'MMD': {'0_1': 2793.217529296875, '0_2': 15.015682220458984, '1_2': 3217.828369140625, 'Average': 2008.687193552653}, 'Wass': {'0_1': 27.604415893554688, '0_2': 9.060896873474121, '1_2': 34.21210479736328, 'Average': 23.625805854797363}}
2024-09-23 23:21:24,250: cfpu
2024-09-23 23:21:24,250: {'MMD': {'0_1': 542.4800415039062, '0_2': 0.016194067895412445, '1_2': 536.5682983398438, 'Average': 359.68817797054845}, 'Wass': {'0_1': 8.23331356048584, '0_2': 5.0369977951049805, '1_2': 8.472481727600098, 'Average': 7.247597694396973}}
2024-09-23 23:21:24,257: cfpup
2024-09-23 23:21:24,257: {'MMD': {'0_1': 543.4254150390625, '0_2': 46.148258209228516, '1_2': 906.2952880859375, 'Average': 498.6229871114095}, 'Wass': {'0_1': 8.748844146728516, '0_2': 6.355852127075195, '1_2': 15.09714412689209, 'Average': 10.067280133565268}}
