2024-09-23 22:54:36,573: Namespace(cudanum=2, dataset='law', synthetic=0, seed=52, training=1, pyromodel='models_save/cfpup.pt', pyroparam='models_save/cfpup_param.pt', lrcausalmodel=0.001, alpha=15000.0, num_iterations_causalmodel=20000, epochs_vae=10, decoder_type='together', lr=0.002)
2024-09-23 22:54:36,575: Namespace(cudanum=2, dataset='law', synthetic=0, seed=52, training=1, pyromodel='models_save/cfpup.pt', pyroparam='models_save/cfpup_param.pt', lrcausalmodel=0.001, alpha=15000.0, num_iterations_causalmodel=20000, epochs_vae=10, decoder_type='together', lr=0.002)
2024-09-23 22:54:36,606: =========== evaluation for constant predictor ================: {'RMSE': 0.9380202069098637, 'MAE': 0.7533386257686507}
2024-09-23 22:54:36,609: =========== evaluation for full predictor ================: {'RMSE': 0.8879168501592303, 'MAE': 0.7140008795976593}
2024-09-23 22:54:36,611: =========== evaluation for unaware predictor ================: {'RMSE': 0.9044340820794905, 'MAE': 0.7261595665285413}
2024-09-23 22:54:38,105: [iteration 0001] loss: 138.5773
2024-09-23 22:54:49,373: [iteration 1001] loss: 20.4856
2024-09-23 22:55:00,219: [iteration 2001] loss: 11.2865
2024-09-23 22:55:10,948: [iteration 3001] loss: 10.5169
2024-09-23 22:55:21,664: [iteration 4001] loss: 10.3776
2024-09-23 22:55:32,375: [iteration 5001] loss: 10.2702
2024-09-23 22:55:43,114: [iteration 6001] loss: 10.1403
2024-09-23 22:55:53,854: [iteration 7001] loss: 9.9658
2024-09-23 22:56:04,610: [iteration 8001] loss: 9.6995
2024-09-23 22:56:15,364: [iteration 9001] loss: 9.2351
2024-09-23 22:56:26,117: [iteration 10001] loss: 8.3388
2024-09-23 22:56:36,874: [iteration 11001] loss: 7.4358
2024-09-23 22:56:47,679: [iteration 12001] loss: 7.0835
2024-09-23 22:56:58,450: [iteration 13001] loss: 6.9114
2024-09-23 22:57:09,118: [iteration 14001] loss: 6.8170
2024-09-23 22:57:19,823: [iteration 15001] loss: 6.7654
2024-09-23 22:57:30,538: [iteration 16001] loss: 6.7352
2024-09-23 22:57:41,259: [iteration 17001] loss: 6.7173
2024-09-23 22:57:51,987: [iteration 18001] loss: 6.7066
2024-09-23 22:58:02,720: [iteration 19001] loss: 6.7005
2024-09-23 22:58:13,635: saved causal model in: models_save/cfpup.pt
2024-09-23 22:58:13,640: =========== evaluation for cfp_u predictor ================: {'RMSE': 0.9290422374936457, 'MAE': 0.7449951962405682}
2024-09-23 22:58:13,661: elbo_loss:2340609.25, custom_loss:3371.88427734375
2024-09-23 22:58:13,668: [iteration 0001] loss: 143.5471
2024-09-23 22:58:32,337: elbo_loss:230376.5, custom_loss:3662.126953125
2024-09-23 22:58:50,821: elbo_loss:191666.203125, custom_loss:3440.375732421875
2024-09-23 22:59:09,304: elbo_loss:166367.65625, custom_loss:5436.73974609375
2024-09-23 22:59:27,445: elbo_loss:154903.296875, custom_loss:5981.9482421875
2024-09-23 22:59:45,590: elbo_loss:144246.28125, custom_loss:6176.86181640625
2024-09-23 23:00:03,745: elbo_loss:136054.375, custom_loss:6256.29833984375
2024-09-23 23:00:21,916: elbo_loss:129627.78125, custom_loss:6368.62841796875
2024-09-23 23:00:40,030: elbo_loss:124623.09375, custom_loss:6234.7705078125
2024-09-23 23:00:53,290: elbo_loss:121920.6640625, custom_loss:6088.056640625
2024-09-23 23:01:05,840: elbo_loss:120322.484375, custom_loss:6334.06787109375
2024-09-23 23:01:05,845: [iteration 10001] loss: 7.7565
2024-09-23 23:01:18,407: elbo_loss:119300.0078125, custom_loss:6198.28271484375
2024-09-23 23:01:30,982: elbo_loss:118799.7578125, custom_loss:6273.98779296875
2024-09-23 23:01:43,557: elbo_loss:118222.375, custom_loss:6311.58203125
2024-09-23 23:01:56,166: elbo_loss:117903.171875, custom_loss:6198.16064453125
2024-09-23 23:02:08,738: elbo_loss:117842.4296875, custom_loss:6194.54541015625
2024-09-23 23:02:21,313: elbo_loss:117491.3046875, custom_loss:6200.86181640625
2024-09-23 23:02:33,891: elbo_loss:117454.46875, custom_loss:6208.8447265625
2024-09-23 23:02:46,481: elbo_loss:117312.765625, custom_loss:6138.50634765625
2024-09-23 23:02:59,034: elbo_loss:117259.5390625, custom_loss:6089.01806640625
2024-09-23 23:03:11,625: saved causal model in: models_save/cfpup.pt
2024-09-23 23:03:11,629: =========== evaluation for cfp_up predictor ================: {'RMSE': 0.9041483023891962, 'MAE': 0.7260731922368081}
2024-09-23 23:03:11,639: constant
2024-09-23 23:03:11,639: {'MMD': {'0_1': 2.4671624118677293e-11, '0_2': 0.0, '1_2': 2.4671624118677293e-11, 'Average': 1.644774941245153e-11}, 'Wass': {'0_1': 0.6330670118331909, '0_2': 0.6330671906471252, '1_2': 0.6330678462982178, 'Average': 0.6330673495928446}}
2024-09-23 23:03:11,643: full
2024-09-23 23:03:11,643: {'MMD': {'0_1': 55155.90234375, '0_2': 57464.6171875, '1_2': 23.66668701171875, 'Average': 37548.062072753906}, 'Wass': {'0_1': 141.5445098876953, '0_2': 144.46713256835938, '1_2': 8.400877952575684, 'Average': 98.13750680287679}}
2024-09-23 23:03:11,648: unaware
2024-09-23 23:03:11,648: {'MMD': {'0_1': 19198.18359375, '0_2': 142.2633819580078, '1_2': 16035.1796875, 'Average': 11791.87555440267}, 'Wass': {'0_1': 84.48802947998047, '0_2': 13.073013305664062, '1_2': 77.47370910644531, 'Average': 58.34491729736328}}
2024-09-23 23:03:11,653: cfpu
2024-09-23 23:03:11,653: {'MMD': {'0_1': 779.4944458007812, '0_2': 344.31549072265625, '1_2': 2159.94140625, 'Average': 1094.5837809244792}, 'Wass': {'0_1': 17.14409828186035, '0_2': 8.743489265441895, '1_2': 28.772157669067383, 'Average': 18.21991507212321}}
2024-09-23 23:03:11,657: cfpup
2024-09-23 23:03:11,657: {'MMD': {'0_1': 33378.0, '0_2': 104734.265625, '1_2': 19861.33984375, 'Average': 52657.868489583336}, 'Wass': {'0_1': 110.36909484863281, '0_2': 195.504638671875, '1_2': 84.81342315673828, 'Average': 130.2290522257487}}
