2024-09-23 22:44:56,184: Namespace(cudanum=3, dataset='law', synthetic=0, seed=53, training=1, pyromodel='models_save/cfpup.pt', pyroparam='models_save/cfpup_param.pt', lrcausalmodel=0.001, alpha=5000.0, num_iterations_causalmodel=20000, epochs_vae=10, decoder_type='together', lr=0.002)
2024-09-23 22:44:56,185: Namespace(cudanum=3, dataset='law', synthetic=0, seed=53, training=1, pyromodel='models_save/cfpup.pt', pyroparam='models_save/cfpup_param.pt', lrcausalmodel=0.001, alpha=5000.0, num_iterations_causalmodel=20000, epochs_vae=10, decoder_type='together', lr=0.002)
2024-09-23 22:44:56,216: =========== evaluation for constant predictor ================: {'RMSE': 0.9324225082657746, 'MAE': 0.7516095706256555}
2024-09-23 22:44:56,220: =========== evaluation for full predictor ================: {'RMSE': 0.8802753975493797, 'MAE': 0.7099425986240434}
2024-09-23 22:44:56,222: =========== evaluation for unaware predictor ================: {'RMSE': 0.8905317575182867, 'MAE': 0.7188799247202043}
2024-09-23 22:44:58,144: [iteration 0001] loss: 138.5853
2024-09-23 22:45:05,762: [iteration 1001] loss: 20.5103
2024-09-23 22:45:13,231: [iteration 2001] loss: 11.2809
2024-09-23 22:45:20,700: [iteration 3001] loss: 10.5171
2024-09-23 22:45:28,162: [iteration 4001] loss: 10.3750
2024-09-23 22:45:35,594: [iteration 5001] loss: 10.2697
2024-09-23 22:45:43,046: [iteration 6001] loss: 10.1422
2024-09-23 22:45:50,495: [iteration 7001] loss: 9.9624
2024-09-23 22:45:57,959: [iteration 8001] loss: 9.7002
2024-09-23 22:46:05,407: [iteration 9001] loss: 9.2330
2024-09-23 22:46:12,860: [iteration 10001] loss: 8.3409
2024-09-23 22:46:20,324: [iteration 11001] loss: 7.4340
2024-09-23 22:46:27,803: [iteration 12001] loss: 7.0868
2024-09-23 22:46:35,236: [iteration 13001] loss: 6.9100
2024-09-23 22:46:42,689: [iteration 14001] loss: 6.8184
2024-09-23 22:46:50,141: [iteration 15001] loss: 6.7635
2024-09-23 22:46:57,590: [iteration 16001] loss: 6.7355
2024-09-23 22:47:05,099: [iteration 17001] loss: 6.7177
2024-09-23 22:47:12,536: [iteration 18001] loss: 6.7066
2024-09-23 22:47:19,985: [iteration 19001] loss: 6.7006
2024-09-23 22:47:27,421: saved causal model in: models_save/cfpup.pt
2024-09-23 22:47:27,428: =========== evaluation for cfp_u predictor ================: {'RMSE': 0.924496471238705, 'MAE': 0.7424087763252238}
2024-09-23 22:47:27,443: elbo_loss:2340415.75, custom_loss:1113.0830078125
2024-09-23 22:47:27,448: [iteration 0001] loss: 143.3969
2024-09-23 22:47:40,574: elbo_loss:228717.0, custom_loss:1886.0513916015625
2024-09-23 22:47:53,602: elbo_loss:189634.15625, custom_loss:1499.63916015625
2024-09-23 22:48:06,588: elbo_loss:163762.265625, custom_loss:2614.29736328125
2024-09-23 22:48:19,567: elbo_loss:151956.109375, custom_loss:3259.935302734375
2024-09-23 22:48:32,553: elbo_loss:141384.375, custom_loss:3392.071044921875
2024-09-23 22:48:45,524: elbo_loss:133341.234375, custom_loss:3509.052978515625
2024-09-23 22:48:58,468: elbo_loss:127096.9140625, custom_loss:3557.177001953125
2024-09-23 22:49:11,445: elbo_loss:122279.875, custom_loss:3460.8173828125
2024-09-23 22:49:24,395: elbo_loss:119291.46875, custom_loss:3556.79931640625
2024-09-23 22:49:37,336: elbo_loss:117727.125, custom_loss:3522.683349609375
2024-09-23 22:49:37,341: [iteration 10001] loss: 7.4254
2024-09-23 22:49:50,267: elbo_loss:116813.015625, custom_loss:3527.22412109375
2024-09-23 22:50:03,254: elbo_loss:116224.984375, custom_loss:3535.757568359375
2024-09-23 22:50:16,213: elbo_loss:115709.6953125, custom_loss:3472.057861328125
2024-09-23 22:50:29,144: elbo_loss:115357.5546875, custom_loss:3539.72900390625
2024-09-23 22:50:42,089: elbo_loss:115064.4765625, custom_loss:3491.595703125
2024-09-23 22:50:55,038: elbo_loss:114962.484375, custom_loss:3493.896240234375
2024-09-23 22:51:08,027: elbo_loss:114806.8046875, custom_loss:3431.897705078125
2024-09-23 22:51:20,970: elbo_loss:114785.6796875, custom_loss:3539.129150390625
2024-09-23 22:51:33,942: elbo_loss:114680.0546875, custom_loss:3551.619384765625
2024-09-23 22:51:46,862: saved causal model in: models_save/cfpup.pt
2024-09-23 22:51:46,866: =========== evaluation for cfp_up predictor ================: {'RMSE': 0.9041083641399624, 'MAE': 0.7258891804496613}
2024-09-23 22:51:46,876: constant
2024-09-23 22:51:46,876: {'MMD': {'0_1': 2.4671624118677293e-11, '0_2': 0.0, '1_2': 2.4671624118677293e-11, 'Average': 1.644774941245153e-11}, 'Wass': {'0_1': 0.6330670714378357, '0_2': 0.6330674886703491, '1_2': 0.6330678462982178, 'Average': 0.6330674688021342}}
2024-09-23 22:51:46,882: full
2024-09-23 22:51:46,882: {'MMD': {'0_1': 59799.859375, '0_2': 54732.87109375, '1_2': 112.13794708251953, 'Average': 38214.95613861084}, 'Wass': {'0_1': 147.3225860595703, '0_2': 141.32972717285156, '1_2': 12.729878425598145, 'Average': 100.46073055267334}}
2024-09-23 22:51:46,886: unaware
2024-09-23 22:51:46,886: {'MMD': {'0_1': 22801.908203125, '0_2': 106.93193054199219, '1_2': 19785.859375, 'Average': 14231.566502888998}, 'Wass': {'0_1': 91.73051452636719, '0_2': 16.082115173339844, '1_2': 86.12759399414062, 'Average': 64.64674123128255}}
2024-09-23 22:51:46,891: cfpu
2024-09-23 22:51:46,891: {'MMD': {'0_1': 1233.43359375, '0_2': 201.94686889648438, '1_2': 2433.554931640625, 'Average': 1289.6451314290364}, 'Wass': {'0_1': 21.66105842590332, '0_2': 7.212674617767334, '1_2': 30.614519119262695, 'Average': 19.82941738764445}}
2024-09-23 22:51:46,896: cfpup
2024-09-23 22:51:46,896: {'MMD': {'0_1': 34424.7734375, '0_2': 101733.3125, '1_2': 17800.220703125, 'Average': 51319.435546875}, 'Wass': {'0_1': 112.0993881225586, '0_2': 192.72264099121094, '1_2': 80.73241424560547, 'Average': 128.51814778645834}}
