2024-09-24 00:14:57,492: Namespace(cudanum=0, dataset='law', synthetic=0, seed=50, training=1, pyromodel='models_save/cfpup.pt', pyroparam='models_save/cfpup_param.pt', lrcausalmodel=0.001, alpha=400000000.0, num_iterations_causalmodel=20000, epochs_vae=10, decoder_type='together', lr=0.002)
2024-09-24 00:14:57,494: Namespace(cudanum=0, dataset='law', synthetic=0, seed=50, training=1, pyromodel='models_save/cfpup.pt', pyroparam='models_save/cfpup_param.pt', lrcausalmodel=0.001, alpha=400000000.0, num_iterations_causalmodel=20000, epochs_vae=10, decoder_type='together', lr=0.002)
2024-09-24 00:14:57,527: =========== evaluation for constant predictor ================: {'RMSE': 0.9218197901142571, 'MAE': 0.7359503518763207}
2024-09-24 00:14:57,531: =========== evaluation for full predictor ================: {'RMSE': 0.8688112374892244, 'MAE': 0.7003106479543398}
2024-09-24 00:14:57,533: =========== evaluation for unaware predictor ================: {'RMSE': 0.8813496379949248, 'MAE': 0.708820682441671}
2024-09-24 00:14:59,076: [iteration 0001] loss: 138.5821
2024-09-24 00:15:11,326: [iteration 1001] loss: 20.4735
2024-09-24 00:15:23,700: [iteration 2001] loss: 11.2897
2024-09-24 00:15:35,945: [iteration 3001] loss: 10.5234
2024-09-24 00:15:47,743: [iteration 4001] loss: 10.3778
2024-09-24 00:15:59,478: [iteration 5001] loss: 10.2690
2024-09-24 00:16:11,375: [iteration 6001] loss: 10.1395
2024-09-24 00:16:23,655: [iteration 7001] loss: 9.9673
2024-09-24 00:16:35,435: [iteration 8001] loss: 9.6988
2024-09-24 00:16:47,179: [iteration 9001] loss: 9.2359
2024-09-24 00:16:58,906: [iteration 10001] loss: 8.3417
2024-09-24 00:17:10,626: [iteration 11001] loss: 7.4356
2024-09-24 00:17:22,375: [iteration 12001] loss: 7.0831
2024-09-24 00:17:34,163: [iteration 13001] loss: 6.9111
2024-09-24 00:17:45,938: [iteration 14001] loss: 6.8162
2024-09-24 00:17:57,684: [iteration 15001] loss: 6.7642
2024-09-24 00:18:09,407: [iteration 16001] loss: 6.7362
2024-09-24 00:18:21,147: [iteration 17001] loss: 6.7166
2024-09-24 00:18:32,917: [iteration 18001] loss: 6.7067
2024-09-24 00:18:44,495: [iteration 19001] loss: 6.7013
2024-09-24 00:18:55,856: saved causal model in: models_save/cfpup.pt
2024-09-24 00:18:55,862: =========== evaluation for cfp_u predictor ================: {'RMSE': 0.9065620331664285, 'MAE': 0.724984163986291}
2024-09-24 00:18:55,897: elbo_loss:2341002.0, custom_loss:90221696.0
2024-09-24 00:18:55,904: [iteration 0001] loss: 5668.6078
2024-09-24 00:19:15,128: elbo_loss:404463.9375, custom_loss:4505210.0
2024-09-24 00:19:34,115: elbo_loss:267804.125, custom_loss:2537706.75
2024-09-24 00:19:53,237: elbo_loss:265397.28125, custom_loss:1534556.0
2024-09-24 00:20:12,366: elbo_loss:272336.25, custom_loss:987085.25
2024-09-24 00:20:31,571: elbo_loss:278801.5625, custom_loss:626024.8125
2024-09-24 00:20:50,599: elbo_loss:281018.0625, custom_loss:418779.0625
2024-09-24 00:21:09,372: elbo_loss:271317.8125, custom_loss:277791.4375
2024-09-24 00:21:28,100: elbo_loss:272932.625, custom_loss:187809.0625
2024-09-24 00:21:46,758: elbo_loss:276467.21875, custom_loss:126652.0234375
2024-09-24 00:22:05,745: elbo_loss:279654.8125, custom_loss:89325.0078125
2024-09-24 00:22:05,751: [iteration 10001] loss: 22.5966
2024-09-24 00:22:24,814: elbo_loss:282972.125, custom_loss:64658.2578125
2024-09-24 00:22:43,967: elbo_loss:286040.3125, custom_loss:47544.484375
2024-09-24 00:23:03,088: elbo_loss:288801.78125, custom_loss:36438.02734375
2024-09-24 00:23:22,259: elbo_loss:290530.71875, custom_loss:30133.427734375
2024-09-24 00:23:41,356: elbo_loss:291002.96875, custom_loss:26107.873046875
2024-09-24 00:24:00,397: elbo_loss:290591.65625, custom_loss:23875.115234375
2024-09-24 00:24:19,503: elbo_loss:289174.59375, custom_loss:23218.71484375
2024-09-24 00:24:38,588: elbo_loss:287884.59375, custom_loss:22502.220703125
2024-09-24 00:24:57,670: elbo_loss:286033.25, custom_loss:22891.98828125
2024-09-24 00:25:16,751: saved causal model in: models_save/cfpup.pt
2024-09-24 00:25:16,757: =========== evaluation for cfp_up predictor ================: {'RMSE': 0.9216276002800758, 'MAE': 0.7355774516494804}
2024-09-24 00:25:16,780: constant
2024-09-24 00:25:16,780: {'MMD': {'0_1': 6.167906029669323e-12, '0_2': 2.4671624118677293e-11, '1_2': 6.167906029669323e-12, 'Average': 1.2335812059338647e-11}, 'Wass': {'0_1': 0.6330671310424805, '0_2': 0.6330666542053223, '1_2': 0.6330677270889282, 'Average': 0.6330671707789103}}
2024-09-24 00:25:16,787: full
2024-09-24 00:25:16,787: {'MMD': {'0_1': 53657.1015625, '0_2': 59593.203125, '1_2': 155.67950439453125, 'Average': 37801.99473063151}, 'Wass': {'0_1': 140.08480834960938, '0_2': 147.27630615234375, '1_2': 11.067366600036621, 'Average': 99.47616036732991}}
2024-09-24 00:25:16,795: unaware
2024-09-24 00:25:16,795: {'MMD': {'0_1': 18768.1640625, '0_2': 560.9465942382812, '1_2': 12839.755859375, 'Average': 10722.955505371094}, 'Wass': {'0_1': 84.13741302490234, '0_2': 17.20222282409668, '1_2': 69.85633087158203, 'Average': 57.06532224019369}}
2024-09-24 00:25:16,801: cfpu
2024-09-24 00:25:16,801: {'MMD': {'0_1': 708.9691162109375, '0_2': 170.48858642578125, '1_2': 1574.7882080078125, 'Average': 818.0819702148438}, 'Wass': {'0_1': 17.427078247070312, '0_2': 7.599748611450195, '1_2': 24.897172927856445, 'Average': 16.641333262125652}}
2024-09-24 00:25:16,807: cfpup
2024-09-24 00:25:16,807: {'MMD': {'0_1': 6.261368274688721, '0_2': 0.8474105000495911, '1_2': 2.501849412918091, 'Average': 3.203542729218801}, 'Wass': {'0_1': 1.9438402652740479, '0_2': 1.692360281944275, '1_2': 1.7106105089187622, 'Average': 1.782270352045695}}
