2024-09-23 23:21:27,592: Namespace(cudanum=3, dataset='adult', synthetic=0, seed=53, training=1, pyromodel='models_save/cfpup.pt', pyroparam='models_save/cfpup_param.pt', lrcausalmodel=0.001, alpha=0.0, num_iterations_causalmodel=20000, epochs_vae=10, decoder_type='together', lr=0.002)
2024-09-23 23:21:27,594: Namespace(cudanum=3, dataset='adult', synthetic=0, seed=53, training=1, pyromodel='models_save/cfpup.pt', pyroparam='models_save/cfpup_param.pt', lrcausalmodel=0.001, alpha=0.0, num_iterations_causalmodel=20000, epochs_vae=10, decoder_type='together', lr=0.002)
2024-09-23 23:21:27,771: =========== evaluation for constant predictor ================: {'F1-score': 0.0, 'Accuracy': 0.7456111295130838}
2024-09-23 23:21:27,916: =========== evaluation for full predictor ================: {'F1-score': 0.6514759192128431, 'Accuracy': 0.7770785028155018}
2024-09-23 23:21:28,050: =========== evaluation for unaware predictor ================: {'F1-score': 0.6518134715025907, 'Accuracy': 0.7774097383239483}
2024-09-23 23:21:30,685: [iteration 0001] loss: 1230.2229
2024-09-23 23:21:58,387: [iteration 1001] loss: 664.1058
2024-09-23 23:22:25,306: [iteration 2001] loss: 347.4398
2024-09-23 23:22:51,656: [iteration 3001] loss: 192.9700
2024-09-23 23:23:18,246: [iteration 4001] loss: 132.1185
2024-09-23 23:23:44,833: [iteration 5001] loss: 110.5446
2024-09-23 23:24:11,339: [iteration 6001] loss: 99.0967
2024-09-23 23:24:37,854: [iteration 7001] loss: 90.0680
2024-09-23 23:25:04,691: [iteration 8001] loss: 82.6746
2024-09-23 23:25:31,636: [iteration 9001] loss: 76.6243
2024-09-23 23:25:58,069: [iteration 10001] loss: 71.6654
2024-09-23 23:26:20,141: [iteration 11001] loss: 67.6011
2024-09-23 23:26:37,506: [iteration 12001] loss: 64.3965
2024-09-23 23:26:54,885: [iteration 13001] loss: 61.7795
2024-09-23 23:27:12,215: [iteration 14001] loss: 59.6711
2024-09-23 23:27:29,667: [iteration 15001] loss: 57.9173
2024-09-23 23:27:47,105: [iteration 16001] loss: 56.4675
2024-09-23 23:28:04,552: [iteration 17001] loss: 55.2199
2024-09-23 23:28:22,024: [iteration 18001] loss: 54.1837
2024-09-23 23:28:39,508: [iteration 19001] loss: 53.3179
2024-09-23 23:28:56,983: saved causal model in: models_save/cfpup.pt
2024-09-23 23:28:57,014: =========== evaluation for cfp_u predictor ================: {'F1-score': 0.5191654536632703, 'Accuracy': 0.671745611129513}
2024-09-23 23:28:57,044: elbo_loss:29819460.0, custom_loss:0.0
2024-09-23 23:28:57,055: [iteration 0001] loss: 1234.9137
2024-09-23 23:29:23,366: elbo_loss:13935447.0, custom_loss:0.0
2024-09-23 23:29:49,636: elbo_loss:5023197.0, custom_loss:0.0
2024-09-23 23:30:15,820: elbo_loss:2077173.25, custom_loss:0.0
2024-09-23 23:30:42,073: elbo_loss:1251543.625, custom_loss:0.0
2024-09-23 23:31:08,158: elbo_loss:875680.0, custom_loss:0.0
2024-09-23 23:31:34,394: elbo_loss:665863.875, custom_loss:0.0
2024-09-23 23:32:00,578: elbo_loss:545993.6875, custom_loss:0.0
2024-09-23 23:32:26,798: elbo_loss:473344.59375, custom_loss:0.0
2024-09-23 23:32:52,987: elbo_loss:427685.5625, custom_loss:0.0
2024-09-23 23:33:19,214: elbo_loss:398248.71875, custom_loss:0.0
2024-09-23 23:33:19,222: [iteration 10001] loss: 16.4927
2024-09-23 23:33:45,399: elbo_loss:379571.34375, custom_loss:0.0
2024-09-23 23:34:11,613: elbo_loss:367415.5625, custom_loss:0.0
2024-09-23 23:34:37,831: elbo_loss:359817.125, custom_loss:0.0
2024-09-23 23:35:04,146: elbo_loss:355217.96875, custom_loss:0.0
2024-09-23 23:35:30,484: elbo_loss:352171.75, custom_loss:0.0
2024-09-23 23:35:56,537: elbo_loss:350403.53125, custom_loss:0.0
2024-09-23 23:36:22,606: elbo_loss:349485.46875, custom_loss:0.0
2024-09-23 23:36:48,693: elbo_loss:348964.625, custom_loss:0.0
2024-09-23 23:37:14,775: elbo_loss:348698.625, custom_loss:0.0
2024-09-23 23:37:40,889: saved causal model in: models_save/cfpup.pt
2024-09-23 23:37:40,910: =========== evaluation for cfp_up predictor ================: {'F1-score': 0.52734375, 'Accuracy': 0.6793640278237827}
2024-09-23 23:37:40,927: constant
2024-09-23 23:37:40,927: {'MMD': {'0_1': 0.0, '0_2': 0.0, '1_2': 0.0, 'Average': 0.0}, 'Wass': {'0_1': 0.6330670714378357, '0_2': 0.6330668330192566, '1_2': 0.6330673098564148, 'Average': 0.6330670714378357}}
2024-09-23 23:37:40,933: full
2024-09-23 23:37:40,933: {'MMD': {'0_1': 2955.6943359375, '0_2': 1.8143165111541748, '1_2': 3103.9677734375, 'Average': 2020.4921419620514}, 'Wass': {'0_1': 29.143178939819336, '0_2': 9.136466979980469, '1_2': 33.708335876464844, 'Average': 23.995993932088215}}
2024-09-23 23:37:40,938: unaware
2024-09-23 23:37:40,938: {'MMD': {'0_1': 2793.217529296875, '0_2': 15.015682220458984, '1_2': 3217.828369140625, 'Average': 2008.687193552653}, 'Wass': {'0_1': 27.604415893554688, '0_2': 9.060896873474121, '1_2': 34.21210479736328, 'Average': 23.625805854797363}}
2024-09-23 23:37:40,943: cfpu
2024-09-23 23:37:40,943: {'MMD': {'0_1': 542.4800415039062, '0_2': 0.016194067895412445, '1_2': 536.5682983398438, 'Average': 359.68817797054845}, 'Wass': {'0_1': 8.23331356048584, '0_2': 5.0369977951049805, '1_2': 8.472481727600098, 'Average': 7.247597694396973}}
2024-09-23 23:37:40,948: cfpup
2024-09-23 23:37:40,948: {'MMD': {'0_1': 396.9426574707031, '0_2': 3.245727300643921, '1_2': 471.9760437011719, 'Average': 290.7214761575063}, 'Wass': {'0_1': 6.610235691070557, '0_2': 5.833417892456055, '1_2': 7.803885459899902, 'Average': 6.749179681142171}}
