2024-09-23 22:54:36,694: Namespace(cudanum=4, dataset='adult', synthetic=0, seed=50, training=1, pyromodel='models_save/cfpup.pt', pyroparam='models_save/cfpup_param.pt', lrcausalmodel=0.001, alpha=-5000.0, num_iterations_causalmodel=20000, epochs_vae=10, decoder_type='together', lr=0.002)
2024-09-23 22:54:36,696: Namespace(cudanum=4, dataset='adult', synthetic=0, seed=50, training=1, pyromodel='models_save/cfpup.pt', pyroparam='models_save/cfpup_param.pt', lrcausalmodel=0.001, alpha=-5000.0, num_iterations_causalmodel=20000, epochs_vae=10, decoder_type='together', lr=0.002)
2024-09-23 22:54:36,863: =========== evaluation for constant predictor ================: {'F1-score': 0.0, 'Accuracy': 0.7479297780722094}
2024-09-23 22:54:37,011: =========== evaluation for full predictor ================: {'F1-score': 0.631578947368421, 'Accuracy': 0.7658164955283207}
2024-09-23 22:54:37,151: =========== evaluation for unaware predictor ================: {'F1-score': 0.6308654848800834, 'Accuracy': 0.7654852600198742}
2024-09-23 22:54:39,820: [iteration 0001] loss: 1230.2366
2024-09-23 22:55:20,539: [iteration 1001] loss: 664.1250
2024-09-23 22:55:54,422: [iteration 2001] loss: 347.4303
2024-09-23 22:56:29,020: [iteration 3001] loss: 193.0704
2024-09-23 22:57:02,664: [iteration 4001] loss: 132.1601
2024-09-23 22:57:36,284: [iteration 5001] loss: 110.5378
2024-09-23 22:58:09,623: [iteration 6001] loss: 99.0102
2024-09-23 22:58:43,445: [iteration 7001] loss: 90.0419
2024-09-23 22:59:17,811: [iteration 8001] loss: 82.7015
2024-09-23 22:59:51,052: [iteration 9001] loss: 76.6208
2024-09-23 23:00:26,457: [iteration 10001] loss: 71.6938
2024-09-23 23:00:58,001: [iteration 11001] loss: 67.6263
2024-09-23 23:01:31,550: [iteration 12001] loss: 64.3714
2024-09-23 23:02:05,467: [iteration 13001] loss: 61.7784
2024-09-23 23:02:38,959: [iteration 14001] loss: 59.6589
2024-09-23 23:03:14,507: [iteration 15001] loss: 57.9294
2024-09-23 23:03:46,259: [iteration 16001] loss: 56.4512
2024-09-23 23:04:19,888: [iteration 17001] loss: 55.2183
2024-09-23 23:04:53,721: [iteration 18001] loss: 54.1779
2024-09-23 23:05:28,134: [iteration 19001] loss: 53.3192
2024-09-23 23:06:02,109: saved causal model in: models_save/cfpup.pt
2024-09-23 23:06:02,137: =========== evaluation for cfp_u predictor ================: {'F1-score': 0.5172074729596854, 'Accuracy': 0.6747267307055317}
2024-09-23 23:06:02,197: elbo_loss:29815190.0, custom_loss:-1121.374267578125
2024-09-23 23:06:02,209: [iteration 0001] loss: 1234.6904
2024-09-23 23:06:51,182: elbo_loss:13930133.0, custom_loss:-32958.7890625
2024-09-23 23:07:41,921: elbo_loss:5017151.5, custom_loss:-124690.1875
2024-09-23 23:08:30,151: elbo_loss:2076329.875, custom_loss:-229509.625
2024-09-23 23:09:19,123: elbo_loss:1261076.625, custom_loss:-328107.21875
2024-09-23 23:10:08,229: elbo_loss:888050.1875, custom_loss:-425635.09375
2024-09-23 23:10:56,281: elbo_loss:676056.4375, custom_loss:-536012.6875
2024-09-23 23:11:44,081: elbo_loss:556339.625, custom_loss:-668320.4375
2024-09-23 23:12:33,462: elbo_loss:482303.90625, custom_loss:-829174.0625
2024-09-23 23:13:19,673: elbo_loss:435405.65625, custom_loss:-1022706.3125
2024-09-23 23:14:07,370: elbo_loss:405647.4375, custom_loss:-1254275.875
2024-09-23 23:14:07,380: [iteration 10001] loss: -35.1443
2024-09-23 23:14:55,437: elbo_loss:387723.0, custom_loss:-1523255.5
2024-09-23 23:15:43,188: elbo_loss:377340.65625, custom_loss:-1834602.0
2024-09-23 23:16:30,894: elbo_loss:371231.84375, custom_loss:-2183706.75
2024-09-23 23:17:19,670: elbo_loss:367731.125, custom_loss:-2576667.5
2024-09-23 23:18:12,732: elbo_loss:366211.78125, custom_loss:-3007728.0
2024-09-23 23:19:01,085: elbo_loss:365571.5625, custom_loss:-3490623.5
2024-09-23 23:19:51,332: elbo_loss:366114.6875, custom_loss:-4009410.5
2024-09-23 23:20:41,320: elbo_loss:366802.96875, custom_loss:-4573665.0
2024-09-23 23:21:33,478: elbo_loss:367947.96875, custom_loss:-5188507.5
2024-09-23 23:22:39,523: saved causal model in: models_save/cfpup.pt
2024-09-23 23:22:39,546: =========== evaluation for cfp_up predictor ================: {'F1-score': 0.5214356929212363, 'Accuracy': 0.6820139118913547}
2024-09-23 23:22:39,587: constant
2024-09-23 23:22:39,587: {'MMD': {'0_1': 0.0, '0_2': 0.0, '1_2': 0.0, 'Average': 0.0}, 'Wass': {'0_1': 0.6330670118331909, '0_2': 0.6330671310424805, '1_2': 0.63306725025177, 'Average': 0.6330671310424805}}
2024-09-23 23:22:39,599: full
2024-09-23 23:22:39,599: {'MMD': {'0_1': 4340.544921875, '0_2': 50.874267578125, '1_2': 3451.58544921875, 'Average': 2614.3348795572915}, 'Wass': {'0_1': 40.65032196044922, '0_2': 10.698570251464844, '1_2': 36.297035217285156, 'Average': 29.215309143066406}}
2024-09-23 23:22:39,612: unaware
2024-09-23 23:22:39,612: {'MMD': {'0_1': 3888.5908203125, '0_2': 1.843010663986206, '1_2': 4059.74658203125, 'Average': 2650.0601376692453}, 'Wass': {'0_1': 38.00033950805664, '0_2': 11.054993629455566, '1_2': 39.1689567565918, 'Average': 29.408096631368}}
2024-09-23 23:22:39,629: cfpu
2024-09-23 23:22:39,629: {'MMD': {'0_1': 599.7843627929688, '0_2': 64.73094177246094, '1_2': 270.4361267089844, 'Average': 311.6504770914714}, 'Wass': {'0_1': 9.006092071533203, '0_2': 5.379504680633545, '1_2': 7.374401569366455, 'Average': 7.253332773844401}}
2024-09-23 23:22:39,640: cfpup
2024-09-23 23:22:39,640: {'MMD': {'0_1': 733.6470947265625, '0_2': 14.754371643066406, '1_2': 540.3197631835938, 'Average': 429.57374318440753}, 'Wass': {'0_1': 12.649527549743652, '0_2': 6.0352959632873535, '1_2': 10.236706733703613, 'Average': 9.640510082244873}}
