2024-09-23 22:56:33,757: Namespace(cudanum=1, dataset='law', synthetic=0, seed=50, training=1, pyromodel='models_save/cfpup.pt', pyroparam='models_save/cfpup_param.pt', lrcausalmodel=0.001, alpha=100000.0, num_iterations_causalmodel=20000, epochs_vae=10, decoder_type='together', lr=0.002)
2024-09-23 22:56:33,759: Namespace(cudanum=1, dataset='law', synthetic=0, seed=50, training=1, pyromodel='models_save/cfpup.pt', pyroparam='models_save/cfpup_param.pt', lrcausalmodel=0.001, alpha=100000.0, num_iterations_causalmodel=20000, epochs_vae=10, decoder_type='together', lr=0.002)
2024-09-23 22:56:33,789: =========== evaluation for constant predictor ================: {'RMSE': 0.9218197901142571, 'MAE': 0.7359503518763207}
2024-09-23 22:56:33,792: =========== evaluation for full predictor ================: {'RMSE': 0.8688112374892244, 'MAE': 0.7003106479543398}
2024-09-23 22:56:33,794: =========== evaluation for unaware predictor ================: {'RMSE': 0.8813496379949248, 'MAE': 0.708820682441671}
2024-09-23 22:56:35,270: [iteration 0001] loss: 138.5821
2024-09-23 22:56:50,625: [iteration 1001] loss: 20.4735
2024-09-23 22:57:06,020: [iteration 2001] loss: 11.2897
2024-09-23 22:57:20,721: [iteration 3001] loss: 10.5234
2024-09-23 22:57:35,328: [iteration 4001] loss: 10.3778
2024-09-23 22:57:49,809: [iteration 5001] loss: 10.2690
2024-09-23 22:58:04,231: [iteration 6001] loss: 10.1395
2024-09-23 22:58:18,635: [iteration 7001] loss: 9.9673
2024-09-23 22:58:33,087: [iteration 8001] loss: 9.6988
2024-09-23 22:58:47,506: [iteration 9001] loss: 9.2359
2024-09-23 22:59:02,020: [iteration 10001] loss: 8.3417
2024-09-23 22:59:16,584: [iteration 11001] loss: 7.4356
2024-09-23 22:59:31,152: [iteration 12001] loss: 7.0831
2024-09-23 22:59:45,716: [iteration 13001] loss: 6.9111
2024-09-23 23:00:00,274: [iteration 14001] loss: 6.8162
2024-09-23 23:00:14,820: [iteration 15001] loss: 6.7642
2024-09-23 23:00:29,403: [iteration 16001] loss: 6.7362
2024-09-23 23:00:44,030: [iteration 17001] loss: 6.7166
2024-09-23 23:00:58,664: [iteration 18001] loss: 6.7067
2024-09-23 23:01:13,295: [iteration 19001] loss: 6.7013
2024-09-23 23:01:27,907: saved causal model in: models_save/cfpup.pt
2024-09-23 23:01:27,918: =========== evaluation for cfp_u predictor ================: {'RMSE': 0.9065620331664285, 'MAE': 0.724984163986291}
2024-09-23 23:01:27,962: elbo_loss:2341002.0, custom_loss:22555.423828125
2024-09-23 23:01:27,970: [iteration 0001] loss: 144.7460
2024-09-23 23:01:53,452: elbo_loss:233959.046875, custom_loss:14406.119140625
2024-09-23 23:02:18,970: elbo_loss:201537.125, custom_loss:8967.5400390625
2024-09-23 23:02:40,407: elbo_loss:177294.234375, custom_loss:9629.34765625
2024-09-23 23:02:59,554: elbo_loss:165788.25, custom_loss:9782.787109375
2024-09-23 23:03:18,329: elbo_loss:155938.5, custom_loss:9629.21484375
2024-09-23 23:03:37,082: elbo_loss:148869.515625, custom_loss:9677.2412109375
2024-09-23 23:03:55,723: elbo_loss:142756.796875, custom_loss:9546.966796875
2024-09-23 23:04:14,372: elbo_loss:138222.265625, custom_loss:9488.296875
2024-09-23 23:04:33,289: elbo_loss:134927.3125, custom_loss:9162.388671875
2024-09-23 23:04:51,946: elbo_loss:133088.1875, custom_loss:9319.1728515625
2024-09-23 23:04:51,951: [iteration 10001] loss: 8.7211
2024-09-23 23:05:10,676: elbo_loss:131746.5625, custom_loss:9375.4814453125
2024-09-23 23:05:34,870: elbo_loss:131174.984375, custom_loss:9395.4833984375
2024-09-23 23:06:00,241: elbo_loss:130637.8671875, custom_loss:9376.3388671875
2024-09-23 23:06:24,076: elbo_loss:130181.0078125, custom_loss:9516.4755859375
2024-09-23 23:06:43,920: elbo_loss:129920.1796875, custom_loss:9380.1767578125
2024-09-23 23:07:03,761: elbo_loss:129627.3046875, custom_loss:9343.607421875
2024-09-23 23:07:23,738: elbo_loss:129503.703125, custom_loss:9403.5830078125
2024-09-23 23:07:43,738: elbo_loss:129462.703125, custom_loss:9342.6611328125
2024-09-23 23:08:03,757: elbo_loss:129389.578125, custom_loss:9438.1259765625
2024-09-23 23:08:23,911: saved causal model in: models_save/cfpup.pt
2024-09-23 23:08:23,916: =========== evaluation for cfp_up predictor ================: {'RMSE': 0.8880789750358364, 'MAE': 0.7118789244958369}
2024-09-23 23:08:23,944: constant
2024-09-23 23:08:23,944: {'MMD': {'0_1': 6.167906029669323e-12, '0_2': 2.4671624118677293e-11, '1_2': 6.167906029669323e-12, 'Average': 1.2335812059338647e-11}, 'Wass': {'0_1': 0.6330671310424805, '0_2': 0.6330666542053223, '1_2': 0.6330677270889282, 'Average': 0.6330671707789103}}
2024-09-23 23:08:23,952: full
2024-09-23 23:08:23,952: {'MMD': {'0_1': 53657.1015625, '0_2': 59593.203125, '1_2': 155.67950439453125, 'Average': 37801.99473063151}, 'Wass': {'0_1': 140.08480834960938, '0_2': 147.27630615234375, '1_2': 11.067366600036621, 'Average': 99.47616036732991}}
2024-09-23 23:08:23,960: unaware
2024-09-23 23:08:23,960: {'MMD': {'0_1': 18768.1640625, '0_2': 560.9465942382812, '1_2': 12839.755859375, 'Average': 10722.955505371094}, 'Wass': {'0_1': 84.13741302490234, '0_2': 17.20222282409668, '1_2': 69.85633087158203, 'Average': 57.06532224019369}}
2024-09-23 23:08:23,967: cfpu
2024-09-23 23:08:23,967: {'MMD': {'0_1': 708.9691162109375, '0_2': 170.48858642578125, '1_2': 1574.7882080078125, 'Average': 818.0819702148438}, 'Wass': {'0_1': 17.427078247070312, '0_2': 7.599748611450195, '1_2': 24.897172927856445, 'Average': 16.641333262125652}}
2024-09-23 23:08:23,974: cfpup
2024-09-23 23:08:23,974: {'MMD': {'0_1': 33251.61328125, '0_2': 103322.96875, '1_2': 19345.658203125, 'Average': 51973.413411458336}, 'Wass': {'0_1': 109.7786636352539, '0_2': 194.12847900390625, '1_2': 83.9100341796875, 'Average': 129.27239227294922}}
