2024-09-23 22:44:56,078: Namespace(cudanum=1, dataset='law', synthetic=0, seed=51, training=1, pyromodel='models_save/cfpup.pt', pyroparam='models_save/cfpup_param.pt', lrcausalmodel=0.001, alpha=5000.0, num_iterations_causalmodel=20000, epochs_vae=10, decoder_type='together', lr=0.002)
2024-09-23 22:44:56,080: Namespace(cudanum=1, dataset='law', synthetic=0, seed=51, training=1, pyromodel='models_save/cfpup.pt', pyroparam='models_save/cfpup_param.pt', lrcausalmodel=0.001, alpha=5000.0, num_iterations_causalmodel=20000, epochs_vae=10, decoder_type='together', lr=0.002)
2024-09-23 22:44:56,111: =========== evaluation for constant predictor ================: {'RMSE': 0.9165065931854675, 'MAE': 0.7382822818910539}
2024-09-23 22:44:56,115: =========== evaluation for full predictor ================: {'RMSE': 0.8616290672684878, 'MAE': 0.6912660632121225}
2024-09-23 22:44:56,117: =========== evaluation for unaware predictor ================: {'RMSE': 0.8731503900374782, 'MAE': 0.7014632909714762}
2024-09-23 22:44:58,067: [iteration 0001] loss: 138.5914
2024-09-23 22:45:05,779: [iteration 1001] loss: 20.3986
2024-09-23 22:45:13,599: [iteration 2001] loss: 11.2947
2024-09-23 22:45:21,183: [iteration 3001] loss: 10.5161
2024-09-23 22:45:28,717: [iteration 4001] loss: 10.3777
2024-09-23 22:45:36,282: [iteration 5001] loss: 10.2696
2024-09-23 22:45:43,848: [iteration 6001] loss: 10.1399
2024-09-23 22:45:51,422: [iteration 7001] loss: 9.9647
2024-09-23 22:45:58,981: [iteration 8001] loss: 9.6983
2024-09-23 22:46:06,585: [iteration 9001] loss: 9.2370
2024-09-23 22:46:14,170: [iteration 10001] loss: 8.3439
2024-09-23 22:46:21,761: [iteration 11001] loss: 7.4383
2024-09-23 22:46:29,297: [iteration 12001] loss: 7.0852
2024-09-23 22:46:36,862: [iteration 13001] loss: 6.9142
2024-09-23 22:46:44,444: [iteration 14001] loss: 6.8191
2024-09-23 22:46:52,033: [iteration 15001] loss: 6.7655
2024-09-23 22:46:59,626: [iteration 16001] loss: 6.7338
2024-09-23 22:47:07,187: [iteration 17001] loss: 6.7177
2024-09-23 22:47:14,776: [iteration 18001] loss: 6.7067
2024-09-23 22:47:22,329: [iteration 19001] loss: 6.7007
2024-09-23 22:47:29,851: saved causal model in: models_save/cfpup.pt
2024-09-23 22:47:29,856: =========== evaluation for cfp_u predictor ================: {'RMSE': 0.9041357630711065, 'MAE': 0.7235046259865502}
2024-09-23 22:47:29,883: elbo_loss:2340797.5, custom_loss:1105.441162109375
2024-09-23 22:47:29,889: [iteration 0001] loss: 143.4199
2024-09-23 22:47:42,991: elbo_loss:229040.65625, custom_loss:1867.0634765625
2024-09-23 22:47:56,151: elbo_loss:189893.46875, custom_loss:1486.830322265625
2024-09-23 22:48:09,371: elbo_loss:163991.15625, custom_loss:2657.3544921875
2024-09-23 22:48:22,512: elbo_loss:152193.25, custom_loss:3261.33935546875
2024-09-23 22:48:35,628: elbo_loss:141687.546875, custom_loss:3463.91943359375
2024-09-23 22:48:48,783: elbo_loss:133579.828125, custom_loss:3472.82666015625
2024-09-23 22:49:01,972: elbo_loss:127085.1171875, custom_loss:3535.8203125
2024-09-23 22:49:15,157: elbo_loss:122201.15625, custom_loss:3559.171142578125
2024-09-23 22:49:28,290: elbo_loss:119344.8984375, custom_loss:3545.947265625
2024-09-23 22:49:41,594: elbo_loss:117745.03125, custom_loss:3542.473876953125
2024-09-23 22:49:41,599: [iteration 10001] loss: 7.4277
2024-09-23 22:49:54,823: elbo_loss:116800.0390625, custom_loss:3468.953125
2024-09-23 22:50:08,064: elbo_loss:116135.7265625, custom_loss:3542.91162109375
2024-09-23 22:50:21,280: elbo_loss:115660.4296875, custom_loss:3513.6220703125
2024-09-23 22:50:34,462: elbo_loss:115372.203125, custom_loss:3556.925537109375
2024-09-23 22:50:47,680: elbo_loss:115094.0234375, custom_loss:3525.755126953125
2024-09-23 22:51:00,760: elbo_loss:114917.8828125, custom_loss:3524.415283203125
2024-09-23 22:51:13,985: elbo_loss:114793.265625, custom_loss:3509.30908203125
2024-09-23 22:51:27,199: elbo_loss:114856.5, custom_loss:3502.096435546875
2024-09-23 22:51:40,397: elbo_loss:114711.0546875, custom_loss:3458.208251953125
2024-09-23 22:51:53,508: saved causal model in: models_save/cfpup.pt
2024-09-23 22:51:53,513: =========== evaluation for cfp_up predictor ================: {'RMSE': 0.8813905831324016, 'MAE': 0.7088880020869671}
2024-09-23 22:51:53,534: constant
2024-09-23 22:51:53,534: {'MMD': {'0_1': 0.0, '0_2': 0.0, '1_2': 0.0, 'Average': 0.0}, 'Wass': {'0_1': 0.6330674290657043, '0_2': 0.6330674290657043, '1_2': 0.6330679059028625, 'Average': 0.6330675880114237}}
2024-09-23 22:51:53,539: full
2024-09-23 22:51:53,539: {'MMD': {'0_1': 59300.640625, '0_2': 62880.62890625, '1_2': 52.45928955078125, 'Average': 40744.57627360026}, 'Wass': {'0_1': 146.76121520996094, '0_2': 151.1345977783203, '1_2': 10.48568344116211, 'Average': 102.79383214314778}}
2024-09-23 22:51:53,543: unaware
2024-09-23 22:51:53,543: {'MMD': {'0_1': 22743.830078125, '0_2': 947.4186401367188, '1_2': 14407.2978515625, 'Average': 12699.51552327474}, 'Wass': {'0_1': 91.71358489990234, '0_2': 21.829490661621094, '1_2': 73.65870666503906, 'Average': 62.400594075520836}}
2024-09-23 22:51:53,548: cfpu
2024-09-23 22:51:53,548: {'MMD': {'0_1': 1275.7952880859375, '0_2': 154.432373046875, '1_2': 2317.9755859375, 'Average': 1249.4010823567708}, 'Wass': {'0_1': 22.246158599853516, '0_2': 8.512269973754883, '1_2': 29.392629623413086, 'Average': 20.050352732340496}}
2024-09-23 22:51:53,553: cfpup
2024-09-23 22:51:53,553: {'MMD': {'0_1': 34844.76953125, '0_2': 101520.765625, '1_2': 17412.294921875, 'Average': 51259.276692708336}, 'Wass': {'0_1': 112.62252044677734, '0_2': 192.53541564941406, '1_2': 79.98121643066406, 'Average': 128.3797175089518}}
