2024-09-23 23:48:21,059: Namespace(cudanum=7, dataset='adult', synthetic=0, seed=53, training=1, pyromodel='models_save/cfpup.pt', pyroparam='models_save/cfpup_param.pt', lrcausalmodel=0.001, alpha=15000.0, num_iterations_causalmodel=20000, epochs_vae=10, decoder_type='together', lr=0.002)
2024-09-23 23:48:21,061: Namespace(cudanum=7, dataset='adult', synthetic=0, seed=53, training=1, pyromodel='models_save/cfpup.pt', pyroparam='models_save/cfpup_param.pt', lrcausalmodel=0.001, alpha=15000.0, num_iterations_causalmodel=20000, epochs_vae=10, decoder_type='together', lr=0.002)
2024-09-23 23:48:21,237: =========== evaluation for constant predictor ================: {'F1-score': 0.0, 'Accuracy': 0.7456111295130838}
2024-09-23 23:48:21,380: =========== evaluation for full predictor ================: {'F1-score': 0.6514759192128431, 'Accuracy': 0.7770785028155018}
2024-09-23 23:48:21,513: =========== evaluation for unaware predictor ================: {'F1-score': 0.6518134715025907, 'Accuracy': 0.7774097383239483}
2024-09-23 23:48:24,313: [iteration 0001] loss: 1230.2229
2024-09-23 23:48:58,603: [iteration 1001] loss: 664.1058
2024-09-23 23:49:32,328: [iteration 2001] loss: 347.4398
2024-09-23 23:50:05,260: [iteration 3001] loss: 192.9700
2024-09-23 23:50:38,428: [iteration 4001] loss: 132.1185
2024-09-23 23:51:11,359: [iteration 5001] loss: 110.5446
2024-09-23 23:51:44,451: [iteration 6001] loss: 99.0967
2024-09-23 23:52:17,926: [iteration 7001] loss: 90.0680
2024-09-23 23:52:50,617: [iteration 8001] loss: 82.6746
2024-09-23 23:53:24,622: [iteration 9001] loss: 76.6243
2024-09-23 23:53:58,062: [iteration 10001] loss: 71.6654
2024-09-23 23:54:28,913: [iteration 11001] loss: 67.6011
2024-09-23 23:55:04,811: [iteration 12001] loss: 64.3965
2024-09-23 23:55:36,950: [iteration 13001] loss: 61.7795
2024-09-23 23:56:10,938: [iteration 14001] loss: 59.6711
2024-09-23 23:56:43,372: [iteration 15001] loss: 57.9173
2024-09-23 23:57:16,586: [iteration 16001] loss: 56.4675
2024-09-23 23:57:49,159: [iteration 17001] loss: 55.2199
2024-09-23 23:58:21,959: [iteration 18001] loss: 54.1837
2024-09-23 23:58:54,771: [iteration 19001] loss: 53.3179
2024-09-23 23:59:25,015: saved causal model in: models_save/cfpup.pt
2024-09-23 23:59:25,051: =========== evaluation for cfp_u predictor ================: {'F1-score': 0.5191654536632703, 'Accuracy': 0.671745611129513}
2024-09-23 23:59:25,097: elbo_loss:29819460.0, custom_loss:3387.934326171875
2024-09-23 23:59:25,109: [iteration 0001] loss: 1235.0540
2024-09-24 00:00:14,571: elbo_loss:13933974.0, custom_loss:8969.1748046875
2024-09-24 00:01:02,179: elbo_loss:5023936.0, custom_loss:13481.8583984375
2024-09-24 00:01:49,648: elbo_loss:2081514.625, custom_loss:15872.1611328125
2024-09-24 00:02:37,295: elbo_loss:1259202.875, custom_loss:18128.5703125
2024-09-24 00:03:24,448: elbo_loss:887418.875, custom_loss:20143.162109375
2024-09-24 00:04:10,982: elbo_loss:679748.625, custom_loss:21104.505859375
2024-09-24 00:04:57,403: elbo_loss:560262.875, custom_loss:20818.44921875
2024-09-24 00:05:44,227: elbo_loss:487064.40625, custom_loss:20243.2890625
2024-09-24 00:06:31,211: elbo_loss:441191.09375, custom_loss:19616.607421875
2024-09-24 00:07:15,814: elbo_loss:411353.53125, custom_loss:18793.833984375
2024-09-24 00:07:15,823: [iteration 10001] loss: 17.8137
2024-09-24 00:08:04,513: elbo_loss:392498.3125, custom_loss:18129.07421875
2024-09-24 00:08:51,336: elbo_loss:380201.0, custom_loss:17665.017578125
2024-09-24 00:09:38,369: elbo_loss:372253.125, custom_loss:17169.046875
2024-09-24 00:10:25,136: elbo_loss:367624.375, custom_loss:16536.94921875
2024-09-24 00:11:11,482: elbo_loss:364786.40625, custom_loss:15884.5869140625
2024-09-24 00:11:56,040: elbo_loss:362896.9375, custom_loss:15651.7607421875
2024-09-24 00:12:43,845: elbo_loss:362103.71875, custom_loss:15020.703125
2024-09-24 00:13:30,915: elbo_loss:361694.46875, custom_loss:14571.6142578125
2024-09-24 00:14:17,973: elbo_loss:361748.40625, custom_loss:14480.2685546875
2024-09-24 00:15:06,230: saved causal model in: models_save/cfpup.pt
2024-09-24 00:15:06,254: =========== evaluation for cfp_up predictor ================: {'F1-score': 0.5233186057928326, 'Accuracy': 0.6783703212984432}
2024-09-24 00:15:06,272: constant
2024-09-24 00:15:06,272: {'MMD': {'0_1': 0.0, '0_2': 0.0, '1_2': 0.0, 'Average': 0.0}, 'Wass': {'0_1': 0.6330670714378357, '0_2': 0.6330668330192566, '1_2': 0.6330673098564148, 'Average': 0.6330670714378357}}
2024-09-24 00:15:06,280: full
2024-09-24 00:15:06,280: {'MMD': {'0_1': 2955.6943359375, '0_2': 1.8143165111541748, '1_2': 3103.9677734375, 'Average': 2020.4921419620514}, 'Wass': {'0_1': 29.143178939819336, '0_2': 9.136466979980469, '1_2': 33.708335876464844, 'Average': 23.995993932088215}}
2024-09-24 00:15:06,288: unaware
2024-09-24 00:15:06,288: {'MMD': {'0_1': 2793.217529296875, '0_2': 15.015682220458984, '1_2': 3217.828369140625, 'Average': 2008.687193552653}, 'Wass': {'0_1': 27.604415893554688, '0_2': 9.060896873474121, '1_2': 34.21210479736328, 'Average': 23.625805854797363}}
2024-09-24 00:15:06,296: cfpu
2024-09-24 00:15:06,296: {'MMD': {'0_1': 542.4800415039062, '0_2': 0.016194067895412445, '1_2': 536.5682983398438, 'Average': 359.68817797054845}, 'Wass': {'0_1': 8.23331356048584, '0_2': 5.0369977951049805, '1_2': 8.472481727600098, 'Average': 7.247597694396973}}
2024-09-24 00:15:06,304: cfpup
2024-09-24 00:15:06,304: {'MMD': {'0_1': 381.70416259765625, '0_2': 10.345969200134277, '1_2': 517.7338256835938, 'Average': 303.2613191604614}, 'Wass': {'0_1': 6.493338108062744, '0_2': 5.799105167388916, '1_2': 8.212852478027344, 'Average': 6.835098584493001}}
