2024-09-23 22:52:00,808: Namespace(cudanum=2, dataset='law', synthetic=1, seed=52, training=1, pyromodel='models_save/cfpup.pt', pyroparam='models_save/cfpup_param.pt', lrcausalmodel=0.001, alpha=-5000.0, num_iterations_causalmodel=20000, epochs_vae=10, decoder_type='together', lr=0.002)
2024-09-23 22:52:00,810: Namespace(cudanum=2, dataset='law', synthetic=1, seed=52, training=1, pyromodel='models_save/cfpup.pt', pyroparam='models_save/cfpup_param.pt', lrcausalmodel=0.001, alpha=-5000.0, num_iterations_causalmodel=20000, epochs_vae=10, decoder_type='together', lr=0.002)
2024-09-23 22:52:00,844: =========== evaluation for constant predictor ================: {'RMSE': 0.9380202069098637, 'MAE': 0.7533386257686507}
2024-09-23 22:52:00,847: =========== evaluation for full predictor ================: {'RMSE': 0.8879168501592303, 'MAE': 0.7140008795976593}
2024-09-23 22:52:00,849: =========== evaluation for unaware predictor ================: {'RMSE': 0.9044340820794905, 'MAE': 0.7261595665285413}
2024-09-23 22:52:02,540: [iteration 0001] loss: 138.5773
2024-09-23 22:52:09,736: [iteration 1001] loss: 20.4856
2024-09-23 22:52:17,021: [iteration 2001] loss: 11.2865
2024-09-23 22:52:24,713: [iteration 3001] loss: 10.5169
2024-09-23 22:52:31,992: [iteration 4001] loss: 10.3776
2024-09-23 22:52:39,209: [iteration 5001] loss: 10.2702
2024-09-23 22:52:46,423: [iteration 6001] loss: 10.1403
2024-09-23 22:52:53,725: [iteration 7001] loss: 9.9658
2024-09-23 22:53:00,995: [iteration 8001] loss: 9.6995
2024-09-23 22:53:08,249: [iteration 9001] loss: 9.2351
2024-09-23 22:53:15,459: [iteration 10001] loss: 8.3388
2024-09-23 22:53:22,709: [iteration 11001] loss: 7.4358
2024-09-23 22:53:29,964: [iteration 12001] loss: 7.0835
2024-09-23 22:53:37,262: [iteration 13001] loss: 6.9114
2024-09-23 22:53:44,555: [iteration 14001] loss: 6.8170
2024-09-23 22:53:51,834: [iteration 15001] loss: 6.7654
2024-09-23 22:53:59,127: [iteration 16001] loss: 6.7352
2024-09-23 22:54:06,391: [iteration 17001] loss: 6.7173
2024-09-23 22:54:13,653: [iteration 18001] loss: 6.7066
2024-09-23 22:54:20,913: [iteration 19001] loss: 6.7005
2024-09-23 22:54:28,177: saved causal model in: models_save/cfpup.pt
2024-09-23 22:54:28,185: =========== evaluation for cfp_u predictor ================: {'RMSE': 0.9290422374936457, 'MAE': 0.7449951962405682}
2024-09-23 22:54:28,200: elbo_loss:2340609.25, custom_loss:-1123.96142578125
2024-09-23 22:54:28,205: [iteration 0001] loss: 143.2718
2024-09-23 22:54:43,053: elbo_loss:230335.890625, custom_loss:-28036.9921875
2024-09-23 22:55:02,378: elbo_loss:189740.75, custom_loss:-72622.0546875
2024-09-23 22:55:21,752: elbo_loss:163130.390625, custom_loss:-136242.328125
2024-09-23 22:55:41,140: elbo_loss:152735.0, custom_loss:-217758.984375
2024-09-23 22:56:00,471: elbo_loss:139752.8125, custom_loss:-315790.59375
2024-09-23 22:56:19,796: elbo_loss:129477.3515625, custom_loss:-431387.75
2024-09-23 22:56:39,095: elbo_loss:122604.484375, custom_loss:-564850.6875
2024-09-23 22:56:58,503: elbo_loss:119284.4921875, custom_loss:-720404.375
2024-09-23 22:57:17,927: elbo_loss:117563.625, custom_loss:-896036.9375
2024-09-23 22:57:37,289: elbo_loss:116845.578125, custom_loss:-1097318.5
2024-09-23 22:57:37,295: [iteration 10001] loss: -60.0449
2024-09-23 22:57:56,656: elbo_loss:116588.375, custom_loss:-1321757.75
2024-09-23 22:58:16,030: elbo_loss:116253.1171875, custom_loss:-1574489.875
2024-09-23 22:58:34,540: elbo_loss:116258.2421875, custom_loss:-1852240.5
2024-09-23 22:58:53,025: elbo_loss:116275.796875, custom_loss:-2160946.25
2024-09-23 22:59:11,474: elbo_loss:116203.34375, custom_loss:-2503596.5
2024-09-23 22:59:29,610: elbo_loss:116367.8125, custom_loss:-2873267.0
2024-09-23 22:59:47,759: elbo_loss:116280.8671875, custom_loss:-3279478.5
2024-09-23 23:00:05,915: elbo_loss:116583.390625, custom_loss:-3726367.5
2024-09-23 23:00:24,081: elbo_loss:116574.7109375, custom_loss:-4195833.5
2024-09-23 23:00:42,202: saved causal model in: models_save/cfpup.pt
2024-09-23 23:00:42,207: =========== evaluation for cfp_up predictor ================: {'RMSE': 0.9016436071948162, 'MAE': 0.7242613267348341}
2024-09-23 23:00:42,219: Epoch: 0001, loss_train: -9.6585, loss_test: -2.1210, time: 0.0094s
2024-09-23 23:00:42,260: saved VAE model in: models_save/vae.pt
2024-09-23 23:00:42,272: constant
2024-09-23 23:00:42,272: {'MMD': {'0_1': 0.0, '0_2': 0.0, '1_2': 0.0, 'Average': 0.0}, 'Wass': {'0_1': 0.6330674886703491, '0_2': 0.6330674886703491, '1_2': 0.6330674886703491, 'Average': 0.6330674886703491}}
2024-09-23 23:00:42,280: full
2024-09-23 23:00:42,280: {'MMD': {'0_1': 4084.9921875, '0_2': 16266.3603515625, '1_2': 4048.22900390625, 'Average': 8133.19384765625}, 'Wass': {'0_1': 39.170433044433594, '0_2': 76.97119140625, '1_2': 39.03358459472656, 'Average': 51.72506968180338}}
2024-09-23 23:00:42,287: unaware
2024-09-23 23:00:42,287: {'MMD': {'0_1': 3223.018798828125, '0_2': 12965.330078125, '1_2': 3259.697509765625, 'Average': 6482.68212890625}, 'Wass': {'0_1': 35.052669525146484, '0_2': 69.19680786132812, '1_2': 35.318702697753906, 'Average': 46.522726694742836}}
2024-09-23 23:00:42,295: cfpu
2024-09-23 23:00:42,295: {'MMD': {'0_1': 0.022728584706783295, '0_2': 0.6374810934066772, '1_2': 0.4194687604904175, 'Average': 0.3598928128679593}, 'Wass': {'0_1': 5.76190710067749, '0_2': 5.762978553771973, '1_2': 5.930630683898926, 'Average': 5.81850544611613}}
2024-09-23 23:00:42,302: cfpup
2024-09-23 23:00:42,302: {'MMD': {'0_1': 0.06658896803855896, '0_2': 1.8667688369750977, '1_2': 1.2282160520553589, 'Average': 1.0538579523563385}, 'Wass': {'0_1': 9.69045639038086, '0_2': 9.694446563720703, '1_2': 9.982779502868652, 'Average': 9.789227485656738}}
