2024-09-24 00:11:34,296: Namespace(cudanum=3, dataset='adult', synthetic=1, seed=53, training=1, pyromodel='models_save/cfpup.pt', pyroparam='models_save/cfpup_param.pt', lrcausalmodel=0.001, alpha=10000.0, num_iterations_causalmodel=20000, epochs_vae=10, decoder_type='together', lr=0.002)
2024-09-24 00:11:34,298: Namespace(cudanum=3, dataset='adult', synthetic=1, seed=53, training=1, pyromodel='models_save/cfpup.pt', pyroparam='models_save/cfpup_param.pt', lrcausalmodel=0.001, alpha=10000.0, num_iterations_causalmodel=20000, epochs_vae=10, decoder_type='together', lr=0.002)
2024-09-24 00:11:34,483: =========== evaluation for constant predictor ================: {'F1-score': 0.0, 'Accuracy': 0.7456111295130838}
2024-09-24 00:11:34,624: =========== evaluation for full predictor ================: {'F1-score': 0.6514759192128431, 'Accuracy': 0.7770785028155018}
2024-09-24 00:11:34,757: =========== evaluation for unaware predictor ================: {'F1-score': 0.6518134715025907, 'Accuracy': 0.7774097383239483}
2024-09-24 00:11:37,241: [iteration 0001] loss: 1230.2229
2024-09-24 00:11:54,725: [iteration 1001] loss: 664.1058
2024-09-24 00:12:13,300: [iteration 2001] loss: 347.4398
2024-09-24 00:12:31,573: [iteration 3001] loss: 192.9700
2024-09-24 00:12:49,139: [iteration 4001] loss: 132.1185
2024-09-24 00:13:06,652: [iteration 5001] loss: 110.5446
2024-09-24 00:13:24,121: [iteration 6001] loss: 99.0967
2024-09-24 00:13:41,609: [iteration 7001] loss: 90.0680
2024-09-24 00:13:59,128: [iteration 8001] loss: 82.6746
2024-09-24 00:14:16,720: [iteration 9001] loss: 76.6243
2024-09-24 00:14:34,235: [iteration 10001] loss: 71.6654
2024-09-24 00:14:51,716: [iteration 11001] loss: 67.6011
2024-09-24 00:15:09,211: [iteration 12001] loss: 64.3965
2024-09-24 00:15:26,667: [iteration 13001] loss: 61.7795
2024-09-24 00:15:44,216: [iteration 14001] loss: 59.6711
2024-09-24 00:16:01,619: [iteration 15001] loss: 57.9173
2024-09-24 00:16:19,042: [iteration 16001] loss: 56.4675
2024-09-24 00:16:36,508: [iteration 17001] loss: 55.2199
2024-09-24 00:16:53,983: [iteration 18001] loss: 54.1837
2024-09-24 00:17:11,412: [iteration 19001] loss: 53.3179
2024-09-24 00:17:28,988: saved causal model in: models_save/cfpup.pt
2024-09-24 00:17:29,024: =========== evaluation for cfp_u predictor ================: {'F1-score': 0.5191654536632703, 'Accuracy': 0.671745611129513}
2024-09-24 00:17:29,052: elbo_loss:29819460.0, custom_loss:2258.623046875
2024-09-24 00:17:29,063: [iteration 0001] loss: 1235.0072
2024-09-24 00:17:55,283: elbo_loss:13934563.0, custom_loss:6820.72216796875
2024-09-24 00:18:21,467: elbo_loss:5023842.5, custom_loss:10640.82421875
2024-09-24 00:18:47,617: elbo_loss:2080040.875, custom_loss:13213.1083984375
2024-09-24 00:19:13,819: elbo_loss:1256319.25, custom_loss:15530.4208984375
2024-09-24 00:19:39,959: elbo_loss:883013.375, custom_loss:17535.2734375
2024-09-24 00:20:05,940: elbo_loss:674557.4375, custom_loss:18704.296875
2024-09-24 00:20:31,900: elbo_loss:554869.0, custom_loss:18658.818359375
2024-09-24 00:20:57,803: elbo_loss:481770.96875, custom_loss:18237.693359375
2024-09-24 00:21:23,661: elbo_loss:436014.34375, custom_loss:17721.8828125
2024-09-24 00:21:49,555: elbo_loss:406326.65625, custom_loss:17004.271484375
2024-09-24 00:21:49,563: [iteration 10001] loss: 17.5314
2024-09-24 00:22:15,469: elbo_loss:387619.875, custom_loss:16415.09375
2024-09-24 00:22:41,394: elbo_loss:375470.0625, custom_loss:16020.357421875
2024-09-24 00:23:07,336: elbo_loss:367728.375, custom_loss:15583.21484375
2024-09-24 00:23:33,351: elbo_loss:363246.6875, custom_loss:15062.5791015625
2024-09-24 00:23:59,284: elbo_loss:360518.25, custom_loss:14498.96484375
2024-09-24 00:24:25,226: elbo_loss:358769.0, custom_loss:14309.697265625
2024-09-24 00:24:51,172: elbo_loss:358079.59375, custom_loss:13783.9296875
2024-09-24 00:25:17,099: elbo_loss:357755.21875, custom_loss:13396.962890625
2024-09-24 00:25:42,988: elbo_loss:357859.21875, custom_loss:13317.9208984375
2024-09-24 00:26:08,775: saved causal model in: models_save/cfpup.pt
2024-09-24 00:26:08,796: =========== evaluation for cfp_up predictor ================: {'F1-score': 0.5235294117647059, 'Accuracy': 0.6780390857899967}
2024-09-24 00:26:08,813: Epoch: 0001, loss_train: 905.9478, loss_test: nan, time: 0.0155s
2024-09-24 00:26:08,853: saved VAE model in: models_save/vae.pt
2024-09-24 00:26:08,866: constant
2024-09-24 00:26:08,866: {'MMD': {'0_1': 0.0, '0_2': 0.0, '1_2': 0.0, 'Average': 0.0}, 'Wass': {'0_1': 0.6330673694610596, '0_2': 0.6330673694610596, '1_2': 0.6330673694610596, 'Average': 0.6330673694610596}}
2024-09-24 00:26:08,874: full
2024-09-24 00:26:08,874: {'MMD': {'0_1': 0.5387731194496155, '0_2': 1.6217447519302368, '1_2': 0.2910234034061432, 'Average': 0.8171804249286652}, 'Wass': {'0_1': 0.895332932472229, '0_2': 1.090993881225586, '1_2': 0.8193156719207764, 'Average': 0.9352141618728638}}
2024-09-24 00:26:08,882: unaware
2024-09-24 00:26:08,882: {'MMD': {'0_1': 0.5240123271942139, '0_2': 1.562969446182251, '1_2': 0.276992529630661, 'Average': 0.7879914343357086}, 'Wass': {'0_1': 0.905799150466919, '0_2': 1.0977275371551514, '1_2': 0.8320668935775757, 'Average': 0.945197860399882}}
2024-09-24 00:26:08,889: cfpu
2024-09-24 00:26:08,889: {'MMD': {'0_1': 0.47552892565727234, '0_2': 4.799424648284912, '1_2': 2.2535197734832764, 'Average': 2.509491115808487}, 'Wass': {'0_1': 5.13876485824585, '0_2': 5.161806583404541, '1_2': 5.136585235595703, 'Average': 5.145718892415364}}
2024-09-24 00:26:08,897: cfpup
2024-09-24 00:26:08,897: {'MMD': {'0_1': 0.11187782138586044, '0_2': 1.3050380945205688, '1_2': 0.6527044773101807, 'Average': 0.6898734644055367}, 'Wass': {'0_1': 4.949840068817139, '0_2': 4.955735206604004, '1_2': 4.958425998687744, 'Average': 4.954667091369629}}
