2024-09-23 23:17:47,914: Namespace(cudanum=4, dataset='adult', synthetic=1, seed=50, training=1, pyromodel='models_save/cfpup.pt', pyroparam='models_save/cfpup_param.pt', lrcausalmodel=0.001, alpha=-5000.0, num_iterations_causalmodel=20000, epochs_vae=10, decoder_type='together', lr=0.002)
2024-09-23 23:17:47,915: Namespace(cudanum=4, dataset='adult', synthetic=1, seed=50, training=1, pyromodel='models_save/cfpup.pt', pyroparam='models_save/cfpup_param.pt', lrcausalmodel=0.001, alpha=-5000.0, num_iterations_causalmodel=20000, epochs_vae=10, decoder_type='together', lr=0.002)
2024-09-23 23:17:48,086: =========== evaluation for constant predictor ================: {'F1-score': 0.0, 'Accuracy': 0.7479297780722094}
2024-09-23 23:17:48,231: =========== evaluation for full predictor ================: {'F1-score': 0.631578947368421, 'Accuracy': 0.7658164955283207}
2024-09-23 23:17:48,369: =========== evaluation for unaware predictor ================: {'F1-score': 0.6308654848800834, 'Accuracy': 0.7654852600198742}
2024-09-23 23:17:50,559: [iteration 0001] loss: 1230.2366
2024-09-23 23:18:28,801: [iteration 1001] loss: 664.1250
2024-09-23 23:19:03,227: [iteration 2001] loss: 347.4303
2024-09-23 23:19:36,731: [iteration 3001] loss: 193.0704
2024-09-23 23:20:10,506: [iteration 4001] loss: 132.1601
2024-09-23 23:20:43,932: [iteration 5001] loss: 110.5378
2024-09-23 23:21:18,099: [iteration 6001] loss: 99.0102
2024-09-23 23:21:59,880: [iteration 7001] loss: 90.0419
2024-09-23 23:22:43,764: [iteration 8001] loss: 82.7015
2024-09-23 23:23:17,766: [iteration 9001] loss: 76.6208
2024-09-23 23:23:51,854: [iteration 10001] loss: 71.6938
2024-09-23 23:24:25,774: [iteration 11001] loss: 67.6263
2024-09-23 23:25:01,461: [iteration 12001] loss: 64.3714
2024-09-23 23:25:33,659: [iteration 13001] loss: 61.7784
2024-09-23 23:26:07,675: [iteration 14001] loss: 59.6589
2024-09-23 23:26:41,920: [iteration 15001] loss: 57.9294
2024-09-23 23:27:15,826: [iteration 16001] loss: 56.4512
2024-09-23 23:27:50,019: [iteration 17001] loss: 55.2183
2024-09-23 23:28:23,896: [iteration 18001] loss: 54.1779
2024-09-23 23:28:58,251: [iteration 19001] loss: 53.3192
2024-09-23 23:29:33,074: saved causal model in: models_save/cfpup.pt
2024-09-23 23:29:33,113: =========== evaluation for cfp_u predictor ================: {'F1-score': 0.5172074729596854, 'Accuracy': 0.6747267307055317}
2024-09-23 23:29:33,163: elbo_loss:29815190.0, custom_loss:-1121.374267578125
2024-09-23 23:29:33,175: [iteration 0001] loss: 1234.6904
2024-09-23 23:30:22,108: elbo_loss:13930133.0, custom_loss:-32958.7890625
2024-09-23 23:31:11,946: elbo_loss:5017151.5, custom_loss:-124690.1875
2024-09-23 23:32:01,689: elbo_loss:2076329.875, custom_loss:-229509.625
2024-09-23 23:32:51,243: elbo_loss:1261076.625, custom_loss:-328107.21875
2024-09-23 23:33:39,628: elbo_loss:888050.1875, custom_loss:-425635.09375
2024-09-23 23:34:27,859: elbo_loss:676056.4375, custom_loss:-536012.6875
2024-09-23 23:35:15,290: elbo_loss:556339.625, custom_loss:-668320.4375
2024-09-23 23:36:03,843: elbo_loss:482303.90625, custom_loss:-829174.0625
2024-09-23 23:36:51,604: elbo_loss:435405.65625, custom_loss:-1022706.3125
2024-09-23 23:37:39,801: elbo_loss:405647.4375, custom_loss:-1254275.875
2024-09-23 23:37:39,811: [iteration 10001] loss: -35.1443
2024-09-23 23:38:26,874: elbo_loss:387723.0, custom_loss:-1523255.5
2024-09-23 23:39:14,674: elbo_loss:377340.65625, custom_loss:-1834602.0
2024-09-23 23:40:02,347: elbo_loss:371231.84375, custom_loss:-2183706.75
2024-09-23 23:40:50,224: elbo_loss:367731.125, custom_loss:-2576667.5
2024-09-23 23:41:37,989: elbo_loss:366211.78125, custom_loss:-3007728.0
2024-09-23 23:42:25,812: elbo_loss:365571.5625, custom_loss:-3490623.5
2024-09-23 23:43:16,456: elbo_loss:366114.6875, custom_loss:-4009410.5
2024-09-23 23:44:01,956: elbo_loss:366802.96875, custom_loss:-4573665.0
2024-09-23 23:44:53,294: elbo_loss:367947.96875, custom_loss:-5188507.5
2024-09-23 23:45:58,277: saved causal model in: models_save/cfpup.pt
2024-09-23 23:45:58,299: =========== evaluation for cfp_up predictor ================: {'F1-score': 0.5214356929212363, 'Accuracy': 0.6820139118913547}
2024-09-23 23:45:58,353: Epoch: 0001, loss_train: 581.1390, loss_test: nan, time: 0.0204s
2024-09-23 23:45:58,398: saved VAE model in: models_save/vae.pt
2024-09-23 23:45:58,420: constant
2024-09-23 23:45:58,421: {'MMD': {'0_1': 0.0, '0_2': 0.0, '1_2': 0.0, 'Average': 0.0}, 'Wass': {'0_1': 0.6330673694610596, '0_2': 0.6330673694610596, '1_2': 0.6330673694610596, 'Average': 0.6330673694610596}}
2024-09-23 23:45:58,434: full
2024-09-23 23:45:58,434: {'MMD': {'0_1': 0.06659458577632904, '0_2': 0.2936892509460449, '1_2': 0.08058319985866547, 'Average': 0.14695567886034647}, 'Wass': {'0_1': 0.6972025632858276, '0_2': 0.7683845162391663, '1_2': 0.6985747218132019, 'Average': 0.7213872671127319}}
2024-09-23 23:45:58,448: unaware
2024-09-23 23:45:58,449: {'MMD': {'0_1': 0.0048997486010193825, '0_2': 0.007436454761773348, '1_2': 0.00026362971402704716, 'Average': 0.004199944358939926}, 'Wass': {'0_1': 0.67537522315979, '0_2': 0.6773897409439087, '1_2': 0.6749709248542786, 'Average': 0.6759119629859924}}
2024-09-23 23:45:58,461: cfpu
2024-09-23 23:45:58,461: {'MMD': {'0_1': 4.18928337097168, '0_2': 2.70556378364563, '1_2': 0.16153496503829956, 'Average': 2.3521273732185364}, 'Wass': {'0_1': 3.8371365070343018, '0_2': 3.890584707260132, '1_2': 3.857485294342041, 'Average': 3.8617355028788247}}
2024-09-23 23:45:58,485: cfpup
2024-09-23 23:45:58,485: {'MMD': {'0_1': 2.246605634689331, '0_2': 0.9034604430198669, '1_2': 0.30070167779922485, 'Average': 1.1502559185028076}, 'Wass': {'0_1': 2.6934611797332764, '0_2': 2.7538459300994873, '1_2': 2.748375415802002, 'Average': 2.7318941752115884}}
