2024-09-23 23:17:48,031: Namespace(cudanum=2, dataset='law', synthetic=1, seed=52, training=1, pyromodel='models_save/cfpup.pt', pyroparam='models_save/cfpup_param.pt', lrcausalmodel=0.001, alpha=15000.0, num_iterations_causalmodel=20000, epochs_vae=10, decoder_type='together', lr=0.002)
2024-09-23 23:17:48,033: Namespace(cudanum=2, dataset='law', synthetic=1, seed=52, training=1, pyromodel='models_save/cfpup.pt', pyroparam='models_save/cfpup_param.pt', lrcausalmodel=0.001, alpha=15000.0, num_iterations_causalmodel=20000, epochs_vae=10, decoder_type='together', lr=0.002)
2024-09-23 23:17:48,066: =========== evaluation for constant predictor ================: {'RMSE': 0.9380202069098637, 'MAE': 0.7533386257686507}
2024-09-23 23:17:48,070: =========== evaluation for full predictor ================: {'RMSE': 0.8879168501592303, 'MAE': 0.7140008795976593}
2024-09-23 23:17:48,072: =========== evaluation for unaware predictor ================: {'RMSE': 0.9044340820794905, 'MAE': 0.7261595665285413}
2024-09-23 23:17:49,844: [iteration 0001] loss: 138.5773
2024-09-23 23:17:57,282: [iteration 1001] loss: 20.4856
2024-09-23 23:18:05,497: [iteration 2001] loss: 11.2865
2024-09-23 23:18:13,989: [iteration 3001] loss: 10.5169
2024-09-23 23:18:21,753: [iteration 4001] loss: 10.3776
2024-09-23 23:18:29,463: [iteration 5001] loss: 10.2702
2024-09-23 23:18:37,185: [iteration 6001] loss: 10.1403
2024-09-23 23:18:44,921: [iteration 7001] loss: 9.9658
2024-09-23 23:18:52,663: [iteration 8001] loss: 9.6995
2024-09-23 23:19:00,412: [iteration 9001] loss: 9.2351
2024-09-23 23:19:08,158: [iteration 10001] loss: 8.3388
2024-09-23 23:19:15,930: [iteration 11001] loss: 7.4358
2024-09-23 23:19:23,673: [iteration 12001] loss: 7.0835
2024-09-23 23:19:31,430: [iteration 13001] loss: 6.9114
2024-09-23 23:19:39,169: [iteration 14001] loss: 6.8170
2024-09-23 23:19:46,867: [iteration 15001] loss: 6.7654
2024-09-23 23:19:54,580: [iteration 16001] loss: 6.7352
2024-09-23 23:20:02,282: [iteration 17001] loss: 6.7173
2024-09-23 23:20:10,004: [iteration 18001] loss: 6.7066
2024-09-23 23:20:17,723: [iteration 19001] loss: 6.7005
2024-09-23 23:20:25,414: saved causal model in: models_save/cfpup.pt
2024-09-23 23:20:25,423: =========== evaluation for cfp_u predictor ================: {'RMSE': 0.9290422374936457, 'MAE': 0.7449951962405682}
2024-09-23 23:20:25,449: elbo_loss:2340609.25, custom_loss:3371.88427734375
2024-09-23 23:20:25,455: [iteration 0001] loss: 143.5471
2024-09-23 23:20:38,858: elbo_loss:230376.5, custom_loss:3662.126953125
2024-09-23 23:20:52,322: elbo_loss:191666.203125, custom_loss:3440.375732421875
2024-09-23 23:21:05,835: elbo_loss:166367.65625, custom_loss:5436.73974609375
2024-09-23 23:21:19,389: elbo_loss:154903.296875, custom_loss:5981.9482421875
2024-09-23 23:21:35,015: elbo_loss:144246.28125, custom_loss:6176.86181640625
2024-09-23 23:21:55,007: elbo_loss:136054.375, custom_loss:6256.29833984375
2024-09-23 23:22:15,307: elbo_loss:129627.78125, custom_loss:6368.62841796875
2024-09-23 23:22:35,398: elbo_loss:124623.09375, custom_loss:6234.7705078125
2024-09-23 23:22:55,486: elbo_loss:121920.6640625, custom_loss:6088.056640625
2024-09-23 23:23:15,587: elbo_loss:120322.484375, custom_loss:6334.06787109375
2024-09-23 23:23:15,593: [iteration 10001] loss: 7.7565
2024-09-23 23:23:35,718: elbo_loss:119300.0078125, custom_loss:6198.28271484375
2024-09-23 23:23:55,911: elbo_loss:118799.7578125, custom_loss:6273.98779296875
2024-09-23 23:24:15,993: elbo_loss:118222.375, custom_loss:6311.58203125
2024-09-23 23:24:36,171: elbo_loss:117903.171875, custom_loss:6198.16064453125
2024-09-23 23:24:56,448: elbo_loss:117842.4296875, custom_loss:6194.54541015625
2024-09-23 23:25:16,572: elbo_loss:117491.3046875, custom_loss:6200.86181640625
2024-09-23 23:25:36,782: elbo_loss:117454.46875, custom_loss:6208.8447265625
2024-09-23 23:25:57,017: elbo_loss:117312.765625, custom_loss:6138.50634765625
2024-09-23 23:26:17,294: elbo_loss:117259.5390625, custom_loss:6089.01806640625
2024-09-23 23:26:37,449: saved causal model in: models_save/cfpup.pt
2024-09-23 23:26:37,454: =========== evaluation for cfp_up predictor ================: {'RMSE': 0.9041483023891962, 'MAE': 0.7260731922368081}
2024-09-23 23:26:37,479: Epoch: 0001, loss_train: 528.3248, loss_test: 515.3174, time: 0.0216s
2024-09-23 23:26:37,522: saved VAE model in: models_save/vae.pt
2024-09-23 23:26:37,535: constant
2024-09-23 23:26:37,535: {'MMD': {'0_1': 0.0, '0_2': 0.0, '1_2': 0.0, 'Average': 0.0}, 'Wass': {'0_1': 0.6330674886703491, '0_2': 0.6330674886703491, '1_2': 0.6330674886703491, 'Average': 0.6330674886703491}}
2024-09-23 23:26:37,544: full
2024-09-23 23:26:37,544: {'MMD': {'0_1': 4079.7314453125, '0_2': 16245.232421875, '1_2': 4042.926513671875, 'Average': 8122.630126953125}, 'Wass': {'0_1': 38.94840621948242, '0_2': 76.8524398803711, '1_2': 38.80768585205078, 'Average': 51.53617731730143}}
2024-09-23 23:26:37,552: unaware
2024-09-23 23:26:37,552: {'MMD': {'0_1': 3228.245849609375, '0_2': 12986.439453125, '1_2': 3265.026611328125, 'Average': 6493.2373046875}, 'Wass': {'0_1': 34.931724548339844, '0_2': 69.08930206298828, '1_2': 35.23178482055664, 'Average': 46.41760381062826}}
2024-09-23 23:26:37,560: cfpu
2024-09-23 23:26:37,560: {'MMD': {'0_1': 0.022728584706783295, '0_2': 0.6374176144599915, '1_2': 0.4194173216819763, 'Average': 0.3598545069495837}, 'Wass': {'0_1': 4.975374221801758, '0_2': 4.999753952026367, '1_2': 5.183766841888428, 'Average': 5.052965005238851}}
2024-09-23 23:26:37,568: cfpup
2024-09-23 23:26:37,568: {'MMD': {'0_1': 0.06231227517127991, '0_2': 1.746085524559021, '1_2': 1.1486930847167969, 'Average': 0.985696961482366}, 'Wass': {'0_1': 8.062666893005371, '0_2': 8.104966163635254, '1_2': 8.411376953125, 'Average': 8.193003336588541}}
