2024-09-23 23:17:47,944: Namespace(cudanum=3, dataset='law', synthetic=1, seed=53, training=1, pyromodel='models_save/cfpup.pt', pyroparam='models_save/cfpup_param.pt', lrcausalmodel=0.001, alpha=15000.0, num_iterations_causalmodel=20000, epochs_vae=10, decoder_type='together', lr=0.002)
2024-09-23 23:17:47,946: Namespace(cudanum=3, dataset='law', synthetic=1, seed=53, training=1, pyromodel='models_save/cfpup.pt', pyroparam='models_save/cfpup_param.pt', lrcausalmodel=0.001, alpha=15000.0, num_iterations_causalmodel=20000, epochs_vae=10, decoder_type='together', lr=0.002)
2024-09-23 23:17:47,979: =========== evaluation for constant predictor ================: {'RMSE': 0.9324225082657746, 'MAE': 0.7516095706256555}
2024-09-23 23:17:47,982: =========== evaluation for full predictor ================: {'RMSE': 0.8802753975493797, 'MAE': 0.7099425986240434}
2024-09-23 23:17:47,984: =========== evaluation for unaware predictor ================: {'RMSE': 0.8905317575182867, 'MAE': 0.7188799247202043}
2024-09-23 23:17:49,474: [iteration 0001] loss: 138.5853
2024-09-23 23:17:57,245: [iteration 1001] loss: 20.5103
2024-09-23 23:18:05,741: [iteration 2001] loss: 11.2809
2024-09-23 23:18:13,887: [iteration 3001] loss: 10.5171
2024-09-23 23:18:21,765: [iteration 4001] loss: 10.3750
2024-09-23 23:18:30,018: [iteration 5001] loss: 10.2697
2024-09-23 23:18:37,567: [iteration 6001] loss: 10.1422
2024-09-23 23:18:44,763: [iteration 7001] loss: 9.9624
2024-09-23 23:18:51,943: [iteration 8001] loss: 9.7002
2024-09-23 23:18:59,134: [iteration 9001] loss: 9.2330
2024-09-23 23:19:06,344: [iteration 10001] loss: 8.3409
2024-09-23 23:19:13,544: [iteration 11001] loss: 7.4340
2024-09-23 23:19:20,734: [iteration 12001] loss: 7.0868
2024-09-23 23:19:27,918: [iteration 13001] loss: 6.9100
2024-09-23 23:19:35,103: [iteration 14001] loss: 6.8184
2024-09-23 23:19:42,276: [iteration 15001] loss: 6.7635
2024-09-23 23:19:49,454: [iteration 16001] loss: 6.7355
2024-09-23 23:19:56,577: [iteration 17001] loss: 6.7177
2024-09-23 23:20:03,735: [iteration 18001] loss: 6.7066
2024-09-23 23:20:10,896: [iteration 19001] loss: 6.7006
2024-09-23 23:20:18,032: saved causal model in: models_save/cfpup.pt
2024-09-23 23:20:18,040: =========== evaluation for cfp_u predictor ================: {'RMSE': 0.924496471238705, 'MAE': 0.7424087763252238}
2024-09-23 23:20:18,054: elbo_loss:2340415.75, custom_loss:3339.2490234375
2024-09-23 23:20:18,060: [iteration 0001] loss: 143.5333
2024-09-23 23:20:30,536: elbo_loss:229107.578125, custom_loss:3738.408447265625
2024-09-23 23:20:43,029: elbo_loss:190891.53125, custom_loss:3513.775390625
2024-09-23 23:20:55,484: elbo_loss:165785.921875, custom_loss:5410.515625
2024-09-23 23:21:07,933: elbo_loss:154192.59375, custom_loss:6104.20458984375
2024-09-23 23:21:20,360: elbo_loss:143816.1875, custom_loss:6143.74951171875
2024-09-23 23:21:35,420: elbo_loss:135882.40625, custom_loss:6297.68408203125
2024-09-23 23:21:54,802: elbo_loss:129753.6328125, custom_loss:6341.72998046875
2024-09-23 23:22:14,421: elbo_loss:124945.0546875, custom_loss:6164.4111328125
2024-09-23 23:22:34,122: elbo_loss:121892.6484375, custom_loss:6313.4326171875
2024-09-23 23:22:53,847: elbo_loss:120332.0, custom_loss:6253.1591796875
2024-09-23 23:22:53,853: [iteration 10001] loss: 7.7522
2024-09-23 23:23:13,549: elbo_loss:119450.15625, custom_loss:6266.08349609375
2024-09-23 23:23:33,360: elbo_loss:118875.75, custom_loss:6284.64794921875
2024-09-23 23:23:53,188: elbo_loss:118319.3359375, custom_loss:6166.24462890625
2024-09-23 23:24:13,028: elbo_loss:117934.015625, custom_loss:6282.453125
2024-09-23 23:24:32,837: elbo_loss:117588.453125, custom_loss:6203.10302734375
2024-09-23 23:24:52,659: elbo_loss:117514.5625, custom_loss:6206.35693359375
2024-09-23 23:25:12,390: elbo_loss:117367.2265625, custom_loss:6100.43603515625
2024-09-23 23:25:32,157: elbo_loss:117379.484375, custom_loss:6299.71435546875
2024-09-23 23:25:51,973: elbo_loss:117232.8828125, custom_loss:6310.2314453125
2024-09-23 23:26:11,745: saved causal model in: models_save/cfpup.pt
2024-09-23 23:26:11,749: =========== evaluation for cfp_up predictor ================: {'RMSE': 0.9040998739275491, 'MAE': 0.725887570947292}
2024-09-23 23:26:11,762: Epoch: 0001, loss_train: 139.1698, loss_test: 139.9106, time: 0.0092s
2024-09-23 23:26:11,800: saved VAE model in: models_save/vae.pt
2024-09-23 23:26:11,811: constant
2024-09-23 23:26:11,811: {'MMD': {'0_1': 0.0, '0_2': 0.0, '1_2': 0.0, 'Average': 0.0}, 'Wass': {'0_1': 0.6330674886703491, '0_2': 0.6330674886703491, '1_2': 0.6330674886703491, 'Average': 0.6330674886703491}}
2024-09-23 23:26:11,820: full
2024-09-23 23:26:11,820: {'MMD': {'0_1': 12320.837890625, '0_2': 49651.0390625, '1_2': 12505.0244140625, 'Average': 24825.6337890625}, 'Wass': {'0_1': 66.95794677734375, '0_2': 134.01234436035156, '1_2': 67.32927703857422, 'Average': 89.43318939208984}}
2024-09-23 23:26:11,828: unaware
2024-09-23 23:26:11,828: {'MMD': {'0_1': 2.4357471466064453, '0_2': 4.815062999725342, '1_2': 0.401496022939682, 'Average': 2.55076872309049}, 'Wass': {'0_1': 1.374564528465271, '0_2': 1.7067795991897583, '1_2': 0.9265195727348328, 'Average': 1.3359545667966206}}
2024-09-23 23:26:11,835: cfpu
2024-09-23 23:26:11,835: {'MMD': {'0_1': 21.149845123291016, '0_2': 45.26082229614258, '1_2': 4.531450271606445, 'Average': 23.647372563680012}, 'Wass': {'0_1': 5.955287933349609, '0_2': 6.032309055328369, '1_2': 5.979413032531738, 'Average': 5.989003340403239}}
2024-09-23 23:26:11,842: cfpup
2024-09-23 23:26:11,842: {'MMD': {'0_1': 55.263404846191406, '0_2': 118.26398468017578, '1_2': 11.840407371520996, 'Average': 61.789265632629395}, 'Wass': {'0_1': 9.48122787475586, '0_2': 9.606972694396973, '1_2': 9.521982192993164, 'Average': 9.536727587381998}}
