2024-09-24 00:11:34,077: Namespace(cudanum=1, dataset='adult', synthetic=1, seed=51, training=1, pyromodel='models_save/cfpup.pt', pyroparam='models_save/cfpup_param.pt', lrcausalmodel=0.001, alpha=10000.0, num_iterations_causalmodel=20000, epochs_vae=10, decoder_type='together', lr=0.002)
2024-09-24 00:11:34,079: Namespace(cudanum=1, dataset='adult', synthetic=1, seed=51, training=1, pyromodel='models_save/cfpup.pt', pyroparam='models_save/cfpup_param.pt', lrcausalmodel=0.001, alpha=10000.0, num_iterations_causalmodel=20000, epochs_vae=10, decoder_type='together', lr=0.002)
2024-09-24 00:11:34,249: =========== evaluation for constant predictor ================: {'F1-score': 0.0, 'Accuracy': 0.7376614773103677}
2024-09-24 00:11:34,387: =========== evaluation for full predictor ================: {'F1-score': 0.6623181133968891, 'Accuracy': 0.7770785028155018}
2024-09-24 00:11:34,516: =========== evaluation for unaware predictor ================: {'F1-score': 0.6613306653326664, 'Accuracy': 0.7757535607817158}
2024-09-24 00:11:36,390: [iteration 0001] loss: 1230.2578
2024-09-24 00:12:12,486: [iteration 1001] loss: 664.1523
2024-09-24 00:12:47,821: [iteration 2001] loss: 347.5288
2024-09-24 00:13:14,687: [iteration 3001] loss: 193.0364
2024-09-24 00:13:40,906: [iteration 4001] loss: 132.2401
2024-09-24 00:14:02,918: [iteration 5001] loss: 110.6284
2024-09-24 00:14:19,005: [iteration 6001] loss: 99.0518
2024-09-24 00:14:35,007: [iteration 7001] loss: 90.0489
2024-09-24 00:14:51,136: [iteration 8001] loss: 82.6789
2024-09-24 00:15:12,194: [iteration 9001] loss: 76.6515
2024-09-24 00:15:37,795: [iteration 10001] loss: 71.6581
2024-09-24 00:16:03,818: [iteration 11001] loss: 67.6537
2024-09-24 00:16:29,955: [iteration 12001] loss: 64.3771
2024-09-24 00:16:55,987: [iteration 13001] loss: 61.8073
2024-09-24 00:17:22,090: [iteration 14001] loss: 59.6802
2024-09-24 00:17:48,339: [iteration 15001] loss: 57.9382
2024-09-24 00:18:14,535: [iteration 16001] loss: 56.4642
2024-09-24 00:18:40,797: [iteration 17001] loss: 55.2174
2024-09-24 00:19:06,613: [iteration 18001] loss: 54.1928
2024-09-24 00:19:32,256: [iteration 19001] loss: 53.3173
2024-09-24 00:19:57,921: saved causal model in: models_save/cfpup.pt
2024-09-24 00:19:57,958: =========== evaluation for cfp_u predictor ================: {'F1-score': 0.519294902334445, 'Accuracy': 0.665783371977476}
2024-09-24 00:19:58,005: elbo_loss:29819334.0, custom_loss:2238.00146484375
2024-09-24 00:19:58,017: [iteration 0001] loss: 1235.0011
2024-09-24 00:20:35,989: elbo_loss:13930912.0, custom_loss:6761.34423828125
2024-09-24 00:21:13,775: elbo_loss:5023408.0, custom_loss:10643.0234375
2024-09-24 00:21:51,629: elbo_loss:2079883.75, custom_loss:13335.626953125
2024-09-24 00:22:29,076: elbo_loss:1255863.375, custom_loss:15512.4345703125
2024-09-24 00:23:06,998: elbo_loss:882034.375, custom_loss:17532.0625
2024-09-24 00:23:44,822: elbo_loss:673683.9375, custom_loss:18615.677734375
2024-09-24 00:24:22,619: elbo_loss:554466.625, custom_loss:18624.486328125
2024-09-24 00:25:00,564: elbo_loss:482000.75, custom_loss:18314.462890625
2024-09-24 00:25:28,632: elbo_loss:435600.0625, custom_loss:17661.470703125
2024-09-24 00:25:51,727: elbo_loss:406735.65625, custom_loss:17129.88671875
2024-09-24 00:25:51,735: [iteration 10001] loss: 17.5535
2024-09-24 00:26:14,317: elbo_loss:387831.0, custom_loss:16506.947265625
2024-09-24 00:26:37,120: elbo_loss:375439.125, custom_loss:15739.7529296875
2024-09-24 00:27:00,441: elbo_loss:368078.625, custom_loss:15463.625
2024-09-24 00:27:23,855: elbo_loss:363220.90625, custom_loss:15119.3447265625
2024-09-24 00:27:47,143: elbo_loss:360585.0625, custom_loss:14436.0029296875
2024-09-24 00:28:10,147: elbo_loss:359116.21875, custom_loss:14074.18359375
2024-09-24 00:28:32,813: elbo_loss:358298.9375, custom_loss:13851.263671875
2024-09-24 00:28:54,916: elbo_loss:357864.34375, custom_loss:13511.3955078125
2024-09-24 00:29:16,886: elbo_loss:357850.21875, custom_loss:13281.1650390625
2024-09-24 00:29:38,713: saved causal model in: models_save/cfpup.pt
2024-09-24 00:29:38,732: =========== evaluation for cfp_up predictor ================: {'F1-score': 0.520952380952381, 'Accuracy': 0.6667770785028155}
2024-09-24 00:29:38,741: Epoch: 0001, loss_train: 9470.6982, loss_test: nan, time: 0.0079s
2024-09-24 00:29:38,776: saved VAE model in: models_save/vae.pt
2024-09-24 00:29:38,786: constant
2024-09-24 00:29:38,786: {'MMD': {'0_1': 0.0, '0_2': 0.0, '1_2': 0.0, 'Average': 0.0}, 'Wass': {'0_1': 0.6330673694610596, '0_2': 0.6330673694610596, '1_2': 0.6330673694610596, 'Average': 0.6330673694610596}}
2024-09-24 00:29:38,793: full
2024-09-24 00:29:38,793: {'MMD': {'0_1': 282.3370056152344, '0_2': 684.3381958007812, '1_2': 87.55290222167969, 'Average': 351.40936787923175}, 'Wass': {'0_1': 4.787907123565674, '0_2': 9.466266632080078, '1_2': 4.091789245605469, 'Average': 6.115321000417073}}
2024-09-24 00:29:38,800: unaware
2024-09-24 00:29:38,800: {'MMD': {'0_1': 187.83290100097656, '0_2': 402.0417175292969, '1_2': 40.26872253417969, 'Average': 210.04778035481772}, 'Wass': {'0_1': 4.65158748626709, '0_2': 6.276142597198486, '1_2': 4.618798732757568, 'Average': 5.182176272074382}}
2024-09-24 00:29:38,806: cfpu
2024-09-24 00:29:38,806: {'MMD': {'0_1': 1.5970455408096313, '0_2': 18.586225509643555, '1_2': 9.286840438842773, 'Average': 9.823370496431986}, 'Wass': {'0_1': 3.4492948055267334, '0_2': 3.4269392490386963, '1_2': 3.4052155017852783, 'Average': 3.427149852116903}}
2024-09-24 00:29:38,812: cfpup
2024-09-24 00:29:38,812: {'MMD': {'0_1': 1.4670205116271973, '0_2': 18.7544002532959, '1_2': 9.73083782196045, 'Average': 9.984086195627848}, 'Wass': {'0_1': 4.551368713378906, '0_2': 4.568873882293701, '1_2': 4.500455379486084, 'Average': 4.5402326583862305}}
