2024-09-23 23:44:40,310: Namespace(cudanum=1, dataset='adult', synthetic=1, seed=51, training=1, pyromodel='models_save/cfpup.pt', pyroparam='models_save/cfpup_param.pt', lrcausalmodel=0.001, alpha=0.0, num_iterations_causalmodel=20000, epochs_vae=10, decoder_type='together', lr=0.002)
2024-09-23 23:44:40,311: Namespace(cudanum=1, dataset='adult', synthetic=1, seed=51, training=1, pyromodel='models_save/cfpup.pt', pyroparam='models_save/cfpup_param.pt', lrcausalmodel=0.001, alpha=0.0, num_iterations_causalmodel=20000, epochs_vae=10, decoder_type='together', lr=0.002)
2024-09-23 23:44:40,483: =========== evaluation for constant predictor ================: {'F1-score': 0.0, 'Accuracy': 0.7376614773103677}
2024-09-23 23:44:40,629: =========== evaluation for full predictor ================: {'F1-score': 0.6623181133968891, 'Accuracy': 0.7770785028155018}
2024-09-23 23:44:40,765: =========== evaluation for unaware predictor ================: {'F1-score': 0.6613306653326664, 'Accuracy': 0.7757535607817158}
2024-09-23 23:44:43,779: [iteration 0001] loss: 1230.2578
2024-09-23 23:45:12,510: [iteration 1001] loss: 664.1523
2024-09-23 23:45:40,201: [iteration 2001] loss: 347.5288
2024-09-23 23:46:05,976: [iteration 3001] loss: 193.0364
2024-09-23 23:46:31,825: [iteration 4001] loss: 132.2401
2024-09-23 23:46:57,729: [iteration 5001] loss: 110.6284
2024-09-23 23:47:23,636: [iteration 6001] loss: 99.0518
2024-09-23 23:47:49,524: [iteration 7001] loss: 90.0489
2024-09-23 23:48:15,380: [iteration 8001] loss: 82.6789
2024-09-23 23:48:48,443: [iteration 9001] loss: 76.6515
2024-09-23 23:49:23,345: [iteration 10001] loss: 71.6581
2024-09-23 23:49:58,238: [iteration 11001] loss: 67.6537
2024-09-23 23:50:33,208: [iteration 12001] loss: 64.3771
2024-09-23 23:51:08,211: [iteration 13001] loss: 61.8073
2024-09-23 23:51:43,206: [iteration 14001] loss: 59.6802
2024-09-23 23:52:18,213: [iteration 15001] loss: 57.9382
2024-09-23 23:52:52,079: [iteration 16001] loss: 56.4642
2024-09-23 23:53:18,787: [iteration 17001] loss: 55.2174
2024-09-23 23:53:45,400: [iteration 18001] loss: 54.1928
2024-09-23 23:54:12,113: [iteration 19001] loss: 53.3173
2024-09-23 23:54:38,816: saved causal model in: models_save/cfpup.pt
2024-09-23 23:54:38,851: =========== evaluation for cfp_u predictor ================: {'F1-score': 0.519294902334445, 'Accuracy': 0.665783371977476}
2024-09-23 23:54:38,898: elbo_loss:29819334.0, custom_loss:0.0
2024-09-23 23:54:38,911: [iteration 0001] loss: 1234.9084
2024-09-23 23:55:18,059: elbo_loss:13931684.0, custom_loss:0.0
2024-09-23 23:55:57,211: elbo_loss:5022708.0, custom_loss:0.0
2024-09-23 23:56:36,424: elbo_loss:2076986.875, custom_loss:0.0
2024-09-23 23:57:15,624: elbo_loss:1251176.125, custom_loss:0.0
2024-09-23 23:57:54,867: elbo_loss:874626.125, custom_loss:0.0
2024-09-23 23:58:33,103: elbo_loss:665067.4375, custom_loss:0.0
2024-09-23 23:59:10,534: elbo_loss:545571.875, custom_loss:0.0
2024-09-23 23:59:50,692: elbo_loss:473374.875, custom_loss:0.0
2024-09-24 00:00:41,264: elbo_loss:427367.09375, custom_loss:0.0
2024-09-24 00:01:32,174: elbo_loss:398593.1875, custom_loss:0.0
2024-09-24 00:01:32,185: [iteration 10001] loss: 16.5069
2024-09-24 00:02:22,950: elbo_loss:379774.1875, custom_loss:0.0
2024-09-24 00:03:13,657: elbo_loss:367424.96875, custom_loss:0.0
2024-09-24 00:04:04,630: elbo_loss:359862.78125, custom_loss:0.0
2024-09-24 00:04:55,332: elbo_loss:355056.125, custom_loss:0.0
2024-09-24 00:05:46,171: elbo_loss:352163.03125, custom_loss:0.0
2024-09-24 00:06:37,051: elbo_loss:350553.5625, custom_loss:0.0
2024-09-24 00:07:27,857: elbo_loss:349628.34375, custom_loss:0.0
2024-09-24 00:08:18,613: elbo_loss:349030.25, custom_loss:0.0
2024-09-24 00:09:09,424: elbo_loss:348719.90625, custom_loss:0.0
2024-09-24 00:10:00,210: saved causal model in: models_save/cfpup.pt
2024-09-24 00:10:00,233: =========== evaluation for cfp_up predictor ================: {'F1-score': 0.5240133143128863, 'Accuracy': 0.668433256045048}
2024-09-24 00:10:00,257: Epoch: 0001, loss_train: 9465.9609, loss_test: nan, time: 0.0212s
2024-09-24 00:10:00,301: saved VAE model in: models_save/vae.pt
2024-09-24 00:10:00,318: constant
2024-09-24 00:10:00,318: {'MMD': {'0_1': 0.0, '0_2': 0.0, '1_2': 0.0, 'Average': 0.0}, 'Wass': {'0_1': 0.6330673694610596, '0_2': 0.6330673694610596, '1_2': 0.6330673694610596, 'Average': 0.6330673694610596}}
2024-09-24 00:10:00,331: full
2024-09-24 00:10:00,331: {'MMD': {'0_1': 282.33087158203125, '0_2': 684.316162109375, '1_2': 87.5484390258789, 'Average': 351.3984909057617}, 'Wass': {'0_1': 4.7878851890563965, '0_2': 9.466072082519531, '1_2': 4.091808795928955, 'Average': 6.115255355834961}}
2024-09-24 00:10:00,343: unaware
2024-09-24 00:10:00,343: {'MMD': {'0_1': 187.82772827148438, '0_2': 402.0238037109375, '1_2': 40.26544189453125, 'Average': 210.03899129231772}, 'Wass': {'0_1': 4.6515984535217285, '0_2': 6.276178359985352, '1_2': 4.618828773498535, 'Average': 5.182201862335205}}
2024-09-24 00:10:00,356: cfpu
2024-09-24 00:10:00,356: {'MMD': {'0_1': 1.5968822240829468, '0_2': 18.58605194091797, '1_2': 9.287111282348633, 'Average': 9.82334848244985}, 'Wass': {'0_1': 3.4493408203125, '0_2': 3.4269914627075195, '1_2': 3.4052462577819824, 'Average': 3.4271928469340005}}
2024-09-24 00:10:00,368: cfpup
2024-09-24 00:10:00,369: {'MMD': {'0_1': 1.3776298761367798, '0_2': 18.33937644958496, '1_2': 9.66417121887207, 'Average': 9.793725848197937}, 'Wass': {'0_1': 4.3997087478637695, '0_2': 4.408440589904785, '1_2': 4.342540264129639, 'Average': 4.383563200632731}}
