2024-09-23 23:17:48,054: Namespace(cudanum=5, dataset='adult', synthetic=1, seed=51, training=1, pyromodel='models_save/cfpup.pt', pyroparam='models_save/cfpup_param.pt', lrcausalmodel=0.001, alpha=-5000.0, num_iterations_causalmodel=20000, epochs_vae=10, decoder_type='together', lr=0.002)
2024-09-23 23:17:48,056: Namespace(cudanum=5, dataset='adult', synthetic=1, seed=51, training=1, pyromodel='models_save/cfpup.pt', pyroparam='models_save/cfpup_param.pt', lrcausalmodel=0.001, alpha=-5000.0, num_iterations_causalmodel=20000, epochs_vae=10, decoder_type='together', lr=0.002)
2024-09-23 23:17:48,227: =========== evaluation for constant predictor ================: {'F1-score': 0.0, 'Accuracy': 0.7376614773103677}
2024-09-23 23:17:48,369: =========== evaluation for full predictor ================: {'F1-score': 0.6623181133968891, 'Accuracy': 0.7770785028155018}
2024-09-23 23:17:48,500: =========== evaluation for unaware predictor ================: {'F1-score': 0.6613306653326664, 'Accuracy': 0.7757535607817158}
2024-09-23 23:17:50,908: [iteration 0001] loss: 1230.2578
2024-09-23 23:18:36,152: [iteration 1001] loss: 664.1523
2024-09-23 23:19:20,262: [iteration 2001] loss: 347.5288
2024-09-23 23:19:56,669: [iteration 3001] loss: 193.0364
2024-09-23 23:20:29,649: [iteration 4001] loss: 132.2401
2024-09-23 23:21:04,897: [iteration 5001] loss: 110.6284
2024-09-23 23:21:42,571: [iteration 6001] loss: 99.0518
2024-09-23 23:22:28,920: [iteration 7001] loss: 90.0489
2024-09-23 23:23:14,931: [iteration 8001] loss: 82.6789
2024-09-23 23:24:00,514: [iteration 9001] loss: 76.6515
2024-09-23 23:24:42,595: [iteration 10001] loss: 71.6581
2024-09-23 23:25:17,594: [iteration 11001] loss: 67.6537
2024-09-23 23:25:52,090: [iteration 12001] loss: 64.3771
2024-09-23 23:26:27,089: [iteration 13001] loss: 61.8073
2024-09-23 23:27:03,232: [iteration 14001] loss: 59.6802
2024-09-23 23:27:36,564: [iteration 15001] loss: 57.9382
2024-09-23 23:28:10,520: [iteration 16001] loss: 56.4642
2024-09-23 23:28:46,334: [iteration 17001] loss: 55.2174
2024-09-23 23:29:20,793: [iteration 18001] loss: 54.1928
2024-09-23 23:29:55,806: [iteration 19001] loss: 53.3173
2024-09-23 23:30:30,274: saved causal model in: models_save/cfpup.pt
2024-09-23 23:30:30,308: =========== evaluation for cfp_u predictor ================: {'F1-score': 0.519294902334445, 'Accuracy': 0.665783371977476}
2024-09-23 23:30:30,370: elbo_loss:29819334.0, custom_loss:-1119.000732421875
2024-09-23 23:30:30,387: [iteration 0001] loss: 1234.8621
2024-09-23 23:31:21,322: elbo_loss:13929713.0, custom_loss:-32724.775390625
2024-09-23 23:32:12,182: elbo_loss:5017876.0, custom_loss:-124720.4375
2024-09-23 23:33:02,658: elbo_loss:2078197.375, custom_loss:-229983.515625
2024-09-23 23:33:55,143: elbo_loss:1260883.25, custom_loss:-327950.625
2024-09-23 23:34:41,579: elbo_loss:886667.6875, custom_loss:-425160.0625
2024-09-23 23:35:31,267: elbo_loss:676961.5, custom_loss:-536481.0
2024-09-23 23:36:20,702: elbo_loss:555732.625, custom_loss:-667871.625
2024-09-23 23:37:11,434: elbo_loss:481881.0, custom_loss:-826717.375
2024-09-23 23:37:59,274: elbo_loss:434964.25, custom_loss:-1023654.125
2024-09-23 23:38:48,257: elbo_loss:406187.1875, custom_loss:-1254001.125
2024-09-23 23:38:48,267: [iteration 10001] loss: -35.1105
2024-09-23 23:39:37,573: elbo_loss:388039.84375, custom_loss:-1522710.125
2024-09-23 23:40:26,470: elbo_loss:377018.4375, custom_loss:-1832894.875
2024-09-23 23:41:15,836: elbo_loss:371180.65625, custom_loss:-2181533.75
2024-09-23 23:42:05,866: elbo_loss:367885.53125, custom_loss:-2573908.0
2024-09-23 23:42:54,026: elbo_loss:366184.65625, custom_loss:-3009580.5
2024-09-23 23:43:43,628: elbo_loss:366162.46875, custom_loss:-3486873.25
2024-09-23 23:44:34,912: elbo_loss:366313.71875, custom_loss:-4005259.0
2024-09-23 23:45:38,065: elbo_loss:366706.4375, custom_loss:-4576530.0
2024-09-23 23:46:43,109: elbo_loss:368376.40625, custom_loss:-5183315.5
2024-09-23 23:47:50,034: saved causal model in: models_save/cfpup.pt
2024-09-23 23:47:50,057: =========== evaluation for cfp_up predictor ================: {'F1-score': 0.5164992826398852, 'Accuracy': 0.665120900960583}
2024-09-23 23:47:50,072: Epoch: 0001, loss_train: 9463.5918, loss_test: nan, time: 0.0099s
2024-09-23 23:47:50,122: saved VAE model in: models_save/vae.pt
2024-09-23 23:47:50,138: constant
2024-09-23 23:47:50,138: {'MMD': {'0_1': 0.0, '0_2': 0.0, '1_2': 0.0, 'Average': 0.0}, 'Wass': {'0_1': 0.6330673694610596, '0_2': 0.6330673694610596, '1_2': 0.6330673694610596, 'Average': 0.6330673694610596}}
2024-09-23 23:47:50,151: full
2024-09-23 23:47:50,151: {'MMD': {'0_1': 282.3277282714844, '0_2': 684.30517578125, '1_2': 87.54630279541016, 'Average': 351.39306894938153}, 'Wass': {'0_1': 4.787875175476074, '0_2': 9.465980529785156, '1_2': 4.091818809509277, 'Average': 6.115224838256836}}
2024-09-23 23:47:50,176: unaware
2024-09-23 23:47:50,176: {'MMD': {'0_1': 187.8252716064453, '0_2': 402.0152282714844, '1_2': 40.26387023925781, 'Average': 210.0347900390625}, 'Wass': {'0_1': 4.651601314544678, '0_2': 6.276197910308838, '1_2': 4.618847370147705, 'Average': 5.182215531667073}}
2024-09-23 23:47:50,188: cfpu
2024-09-23 23:47:50,188: {'MMD': {'0_1': 1.596794605255127, '0_2': 18.586009979248047, '1_2': 9.287293434143066, 'Average': 9.823366006215414}, 'Wass': {'0_1': 3.44935941696167, '0_2': 3.4270153045654297, '1_2': 3.4052581787109375, 'Average': 3.427210966746012}}
2024-09-23 23:47:50,201: cfpup
2024-09-23 23:47:50,201: {'MMD': {'0_1': 2.643988609313965, '0_2': 23.106534957885742, '1_2': 10.118069648742676, 'Average': 11.956197738647461}, 'Wass': {'0_1': 5.766530513763428, '0_2': 5.85457181930542, '1_2': 5.807686805725098, 'Average': 5.8095963795979815}}
