2024-09-23 23:44:40,398: Namespace(cudanum=7, dataset='adult', synthetic=1, seed=53, training=1, pyromodel='models_save/cfpup.pt', pyroparam='models_save/cfpup_param.pt', lrcausalmodel=0.001, alpha=5000.0, num_iterations_causalmodel=20000, epochs_vae=10, decoder_type='together', lr=0.002)
2024-09-23 23:44:40,400: Namespace(cudanum=7, dataset='adult', synthetic=1, seed=53, training=1, pyromodel='models_save/cfpup.pt', pyroparam='models_save/cfpup_param.pt', lrcausalmodel=0.001, alpha=5000.0, num_iterations_causalmodel=20000, epochs_vae=10, decoder_type='together', lr=0.002)
2024-09-23 23:44:40,565: =========== evaluation for constant predictor ================: {'F1-score': 0.0, 'Accuracy': 0.7456111295130838}
2024-09-23 23:44:40,700: =========== evaluation for full predictor ================: {'F1-score': 0.6514759192128431, 'Accuracy': 0.7770785028155018}
2024-09-23 23:44:40,830: =========== evaluation for unaware predictor ================: {'F1-score': 0.6518134715025907, 'Accuracy': 0.7774097383239483}
2024-09-23 23:44:43,896: [iteration 0001] loss: 1230.2229
2024-09-23 23:45:17,495: [iteration 1001] loss: 664.1058
2024-09-23 23:45:50,816: [iteration 2001] loss: 347.4398
2024-09-23 23:46:23,360: [iteration 3001] loss: 192.9700
2024-09-23 23:46:55,976: [iteration 4001] loss: 132.1185
2024-09-23 23:47:28,853: [iteration 5001] loss: 110.5446
2024-09-23 23:48:00,379: [iteration 6001] loss: 99.0967
2024-09-23 23:48:32,052: [iteration 7001] loss: 90.0680
2024-09-23 23:49:04,797: [iteration 8001] loss: 82.6746
2024-09-23 23:49:38,469: [iteration 9001] loss: 76.6243
2024-09-23 23:50:11,401: [iteration 10001] loss: 71.6654
2024-09-23 23:50:44,516: [iteration 11001] loss: 67.6011
2024-09-23 23:51:17,313: [iteration 12001] loss: 64.3965
2024-09-23 23:51:50,616: [iteration 13001] loss: 61.7795
2024-09-23 23:52:23,935: [iteration 14001] loss: 59.6711
2024-09-23 23:52:55,463: [iteration 15001] loss: 57.9173
2024-09-23 23:53:30,699: [iteration 16001] loss: 56.4675
2024-09-23 23:54:04,120: [iteration 17001] loss: 55.2199
2024-09-23 23:54:37,479: [iteration 18001] loss: 54.1837
2024-09-23 23:55:10,815: [iteration 19001] loss: 53.3179
2024-09-23 23:55:41,825: saved causal model in: models_save/cfpup.pt
2024-09-23 23:55:41,863: =========== evaluation for cfp_u predictor ================: {'F1-score': 0.5191654536632703, 'Accuracy': 0.671745611129513}
2024-09-23 23:55:41,912: elbo_loss:29819460.0, custom_loss:1129.3115234375
2024-09-23 23:55:41,924: [iteration 0001] loss: 1234.9605
2024-09-23 23:56:32,995: elbo_loss:13935204.0, custom_loss:4630.79052734375
2024-09-23 23:57:22,072: elbo_loss:5023782.0, custom_loss:7882.89111328125
2024-09-23 23:58:08,984: elbo_loss:2078460.0, custom_loss:10157.3837890625
2024-09-23 23:58:59,523: elbo_loss:1253178.625, custom_loss:11741.9775390625
2024-09-23 23:59:47,516: elbo_loss:878253.0, custom_loss:12885.2412109375
2024-09-24 00:00:35,001: elbo_loss:669002.6875, custom_loss:13686.6484375
2024-09-24 00:01:22,148: elbo_loss:549195.0625, custom_loss:13713.4375
2024-09-24 00:02:09,536: elbo_loss:476315.0625, custom_loss:13444.4697265625
2024-09-24 00:02:55,278: elbo_loss:430692.21875, custom_loss:13110.8798828125
2024-09-24 00:03:43,947: elbo_loss:401168.1875, custom_loss:12612.24609375
2024-09-24 00:03:43,957: [iteration 10001] loss: 17.1359
2024-09-24 00:04:30,340: elbo_loss:382556.3125, custom_loss:12202.908203125
2024-09-24 00:05:16,840: elbo_loss:370482.96875, custom_loss:11954.1611328125
2024-09-24 00:06:03,574: elbo_loss:362888.34375, custom_loss:11672.3466796875
2024-09-24 00:06:50,655: elbo_loss:358463.9375, custom_loss:11373.9833984375
2024-09-24 00:07:37,447: elbo_loss:355732.53125, custom_loss:11032.5546875
2024-09-24 00:08:22,442: elbo_loss:354063.09375, custom_loss:10966.66015625
2024-09-24 00:09:11,085: elbo_loss:353393.0, custom_loss:10672.046875
2024-09-24 00:09:57,706: elbo_loss:353084.15625, custom_loss:10453.4970703125
2024-09-24 00:10:43,705: elbo_loss:353150.28125, custom_loss:10447.2978515625
2024-09-24 00:11:30,595: saved causal model in: models_save/cfpup.pt
2024-09-24 00:11:30,617: =========== evaluation for cfp_up predictor ================: {'F1-score': 0.5279138099902057, 'Accuracy': 0.6806889698575688}
2024-09-24 00:11:30,635: Epoch: 0001, loss_train: 903.4631, loss_test: nan, time: 0.0152s
2024-09-24 00:11:30,684: saved VAE model in: models_save/vae.pt
2024-09-24 00:11:30,700: constant
2024-09-24 00:11:30,700: {'MMD': {'0_1': 0.0, '0_2': 0.0, '1_2': 0.0, 'Average': 0.0}, 'Wass': {'0_1': 0.6330673694610596, '0_2': 0.6330673694610596, '1_2': 0.6330673694610596, 'Average': 0.6330673694610596}}
2024-09-24 00:11:30,723: full
2024-09-24 00:11:30,723: {'MMD': {'0_1': 0.5378447771072388, '0_2': 1.6193428039550781, '1_2': 0.2906881868839264, 'Average': 0.8159585893154144}, 'Wass': {'0_1': 0.8950411081314087, '0_2': 1.0906023979187012, '1_2': 0.8198022842407227, 'Average': 0.9351485967636108}}
2024-09-24 00:11:30,733: unaware
2024-09-24 00:11:30,733: {'MMD': {'0_1': 0.523026704788208, '0_2': 1.5604509115219116, '1_2': 0.27664893865585327, 'Average': 0.7867088516553243}, 'Wass': {'0_1': 0.9055135846138, '0_2': 1.0973340272903442, '1_2': 0.8326290845870972, 'Average': 0.9451588988304138}}
2024-09-24 00:11:30,743: cfpu
2024-09-24 00:11:30,743: {'MMD': {'0_1': 0.4799920618534088, '0_2': 4.816109657287598, '1_2': 2.2552502155303955, 'Average': 2.517117311557134}, 'Wass': {'0_1': 5.135756015777588, '0_2': 5.158695220947266, '1_2': 5.132846832275391, 'Average': 5.142432689666748}}
2024-09-24 00:11:30,753: cfpup
2024-09-24 00:11:30,753: {'MMD': {'0_1': 0.1225893646478653, '0_2': 1.3967949151992798, '1_2': 0.6917800903320312, 'Average': 0.7370547900597254}, 'Wass': {'0_1': 4.977525234222412, '0_2': 4.976480007171631, '1_2': 4.9781975746154785, 'Average': 4.977400938669841}}
