2024-09-23 23:05:13,465: Namespace(cudanum=6, dataset='law', synthetic=1, seed=52, training=1, pyromodel='models_save/cfpup.pt', pyroparam='models_save/cfpup_param.pt', lrcausalmodel=0.001, alpha=10000.0, num_iterations_causalmodel=20000, epochs_vae=10, decoder_type='together', lr=0.002)
2024-09-23 23:05:13,467: Namespace(cudanum=6, dataset='law', synthetic=1, seed=52, training=1, pyromodel='models_save/cfpup.pt', pyroparam='models_save/cfpup_param.pt', lrcausalmodel=0.001, alpha=10000.0, num_iterations_causalmodel=20000, epochs_vae=10, decoder_type='together', lr=0.002)
2024-09-23 23:05:13,502: =========== evaluation for constant predictor ================: {'RMSE': 0.9380202069098637, 'MAE': 0.7533386257686507}
2024-09-23 23:05:13,506: =========== evaluation for full predictor ================: {'RMSE': 0.8879168501592303, 'MAE': 0.7140008795976593}
2024-09-23 23:05:13,508: =========== evaluation for unaware predictor ================: {'RMSE': 0.9044340820794905, 'MAE': 0.7261595665285413}
2024-09-23 23:05:15,556: [iteration 0001] loss: 138.5773
2024-09-23 23:05:36,169: [iteration 1001] loss: 20.4856
2024-09-23 23:05:50,858: [iteration 2001] loss: 11.2865
2024-09-23 23:06:05,413: [iteration 3001] loss: 10.5169
2024-09-23 23:06:19,955: [iteration 4001] loss: 10.3776
2024-09-23 23:06:35,113: [iteration 5001] loss: 10.2702
2024-09-23 23:06:49,816: [iteration 6001] loss: 10.1403
2024-09-23 23:07:04,373: [iteration 7001] loss: 9.9658
2024-09-23 23:07:18,535: [iteration 8001] loss: 9.6995
2024-09-23 23:07:32,772: [iteration 9001] loss: 9.2351
2024-09-23 23:07:48,033: [iteration 10001] loss: 8.3388
2024-09-23 23:08:02,477: [iteration 11001] loss: 7.4358
2024-09-23 23:08:17,046: [iteration 12001] loss: 7.0835
2024-09-23 23:08:31,572: [iteration 13001] loss: 6.9114
2024-09-23 23:08:45,862: [iteration 14001] loss: 6.8170
2024-09-23 23:08:59,172: [iteration 15001] loss: 6.7654
2024-09-23 23:09:15,276: [iteration 16001] loss: 6.7352
2024-09-23 23:09:29,814: [iteration 17001] loss: 6.7173
2024-09-23 23:09:44,252: [iteration 18001] loss: 6.7066
2024-09-23 23:09:58,696: [iteration 19001] loss: 6.7005
2024-09-23 23:10:12,622: saved causal model in: models_save/cfpup.pt
2024-09-23 23:10:12,631: =========== evaluation for cfp_u predictor ================: {'RMSE': 0.9290422374936457, 'MAE': 0.7449951962405682}
2024-09-23 23:10:12,662: elbo_loss:2340609.25, custom_loss:2247.9228515625
2024-09-23 23:10:12,670: [iteration 0001] loss: 143.4783
2024-09-23 23:10:38,602: elbo_loss:230175.03125, custom_loss:2747.51904296875
2024-09-23 23:11:03,455: elbo_loss:191005.0625, custom_loss:2509.43603515625
2024-09-23 23:11:29,077: elbo_loss:165316.71875, custom_loss:4293.23681640625
2024-09-23 23:11:53,671: elbo_loss:153773.421875, custom_loss:4916.07373046875
2024-09-23 23:12:18,711: elbo_loss:143011.203125, custom_loss:5133.5908203125
2024-09-23 23:12:43,831: elbo_loss:134755.3125, custom_loss:5218.6875
2024-09-23 23:13:09,014: elbo_loss:128289.8515625, custom_loss:5319.61328125
2024-09-23 23:13:33,954: elbo_loss:123306.5859375, custom_loss:5213.74951171875
2024-09-23 23:13:59,331: elbo_loss:120584.390625, custom_loss:5093.9384765625
2024-09-23 23:14:24,222: elbo_loss:119001.046875, custom_loss:5301.31298828125
2024-09-23 23:14:24,228: [iteration 10001] loss: 7.6124
2024-09-23 23:14:48,344: elbo_loss:117994.875, custom_loss:5186.6455078125
2024-09-23 23:15:14,716: elbo_loss:117477.171875, custom_loss:5250.396484375
2024-09-23 23:15:40,059: elbo_loss:116923.9921875, custom_loss:5280.6083984375
2024-09-23 23:16:05,588: elbo_loss:116603.3359375, custom_loss:5186.19140625
2024-09-23 23:16:30,549: elbo_loss:116520.9609375, custom_loss:5183.94091796875
2024-09-23 23:16:53,614: elbo_loss:116198.7578125, custom_loss:5189.337890625
2024-09-23 23:17:21,091: elbo_loss:116147.859375, custom_loss:5191.97900390625
2024-09-23 23:17:46,297: elbo_loss:116024.2734375, custom_loss:5133.16162109375
2024-09-23 23:18:19,519: elbo_loss:115975.2421875, custom_loss:5092.77001953125
2024-09-23 23:18:53,633: saved causal model in: models_save/cfpup.pt
2024-09-23 23:18:53,641: =========== evaluation for cfp_up predictor ================: {'RMSE': 0.904140503186609, 'MAE': 0.7260665057822113}
2024-09-23 23:18:53,663: Epoch: 0001, loss_train: 393.8290, loss_test: 386.3976, time: 0.0161s
2024-09-23 23:18:53,713: saved VAE model in: models_save/vae.pt
2024-09-23 23:18:53,729: constant
2024-09-23 23:18:53,729: {'MMD': {'0_1': 0.0, '0_2': 0.0, '1_2': 0.0, 'Average': 0.0}, 'Wass': {'0_1': 0.6330674886703491, '0_2': 0.6330674886703491, '1_2': 0.6330674886703491, 'Average': 0.6330674886703491}}
2024-09-23 23:18:53,745: full
2024-09-23 23:18:53,745: {'MMD': {'0_1': 4079.7265625, '0_2': 16245.2421875, '1_2': 4042.936767578125, 'Average': 8122.635172526042}, 'Wass': {'0_1': 38.948448181152344, '0_2': 76.85246276855469, '1_2': 38.80772399902344, 'Average': 51.53621164957682}}
2024-09-23 23:18:53,763: unaware
2024-09-23 23:18:53,763: {'MMD': {'0_1': 3228.25, '0_2': 12986.4453125, '1_2': 3265.0244140625, 'Average': 6493.239908854167}, 'Wass': {'0_1': 34.931766510009766, '0_2': 69.0893325805664, '1_2': 35.2318229675293, 'Average': 46.417640686035156}}
2024-09-23 23:18:53,773: cfpu
2024-09-23 23:18:53,773: {'MMD': {'0_1': 0.02271660417318344, '0_2': 0.6373541355133057, '1_2': 0.4194173216819763, 'Average': 0.3598293537894885}, 'Wass': {'0_1': 4.975554943084717, '0_2': 4.999931335449219, '1_2': 5.183897018432617, 'Average': 5.053127765655518}}
2024-09-23 23:18:53,783: cfpup
2024-09-23 23:18:53,783: {'MMD': {'0_1': 0.06223294511437416, '0_2': 1.745875358581543, '1_2': 1.1488635540008545, 'Average': 0.9856572858989239}, 'Wass': {'0_1': 8.062976837158203, '0_2': 8.10530948638916, '1_2': 8.411662101745605, 'Average': 8.193316141764322}}
