2024-09-23 23:05:13,278: Namespace(cudanum=1, dataset='law', synthetic=1, seed=51, training=1, pyromodel='models_save/cfpup.pt', pyroparam='models_save/cfpup_param.pt', lrcausalmodel=0.001, alpha=5000.0, num_iterations_causalmodel=20000, epochs_vae=10, decoder_type='together', lr=0.002)
2024-09-23 23:05:13,280: Namespace(cudanum=1, dataset='law', synthetic=1, seed=51, training=1, pyromodel='models_save/cfpup.pt', pyroparam='models_save/cfpup_param.pt', lrcausalmodel=0.001, alpha=5000.0, num_iterations_causalmodel=20000, epochs_vae=10, decoder_type='together', lr=0.002)
2024-09-23 23:05:13,311: =========== evaluation for constant predictor ================: {'RMSE': 0.9165065931854675, 'MAE': 0.7382822818910539}
2024-09-23 23:05:13,315: =========== evaluation for full predictor ================: {'RMSE': 0.8616290672684878, 'MAE': 0.6912660632121225}
2024-09-23 23:05:13,317: =========== evaluation for unaware predictor ================: {'RMSE': 0.8731503900374782, 'MAE': 0.7014632909714762}
2024-09-23 23:05:14,948: [iteration 0001] loss: 138.5914
2024-09-23 23:05:30,318: [iteration 1001] loss: 20.3986
2024-09-23 23:05:45,601: [iteration 2001] loss: 11.2947
2024-09-23 23:06:01,132: [iteration 3001] loss: 10.5161
2024-09-23 23:06:16,453: [iteration 4001] loss: 10.3777
2024-09-23 23:06:29,030: [iteration 5001] loss: 10.2696
2024-09-23 23:06:40,851: [iteration 6001] loss: 10.1399
2024-09-23 23:06:52,733: [iteration 7001] loss: 9.9647
2024-09-23 23:07:04,590: [iteration 8001] loss: 9.6983
2024-09-23 23:07:16,255: [iteration 9001] loss: 9.2370
2024-09-23 23:07:27,784: [iteration 10001] loss: 8.3439
2024-09-23 23:07:39,303: [iteration 11001] loss: 7.4383
2024-09-23 23:07:50,821: [iteration 12001] loss: 7.0852
2024-09-23 23:08:02,337: [iteration 13001] loss: 6.9142
2024-09-23 23:08:13,850: [iteration 14001] loss: 6.8191
2024-09-23 23:08:24,886: [iteration 15001] loss: 6.7655
2024-09-23 23:08:32,685: [iteration 16001] loss: 6.7338
2024-09-23 23:08:40,444: [iteration 17001] loss: 6.7177
2024-09-23 23:08:48,232: [iteration 18001] loss: 6.7067
2024-09-23 23:08:56,023: [iteration 19001] loss: 6.7007
2024-09-23 23:09:03,786: saved causal model in: models_save/cfpup.pt
2024-09-23 23:09:03,791: =========== evaluation for cfp_u predictor ================: {'RMSE': 0.9041357630711065, 'MAE': 0.7235046259865502}
2024-09-23 23:09:03,815: elbo_loss:2340797.5, custom_loss:1105.441162109375
2024-09-23 23:09:03,821: [iteration 0001] loss: 143.4199
2024-09-23 23:09:17,357: elbo_loss:229040.65625, custom_loss:1867.0634765625
2024-09-23 23:09:31,057: elbo_loss:189893.46875, custom_loss:1486.830322265625
2024-09-23 23:09:44,815: elbo_loss:163991.15625, custom_loss:2657.3544921875
2024-09-23 23:09:58,600: elbo_loss:152193.25, custom_loss:3261.33935546875
2024-09-23 23:10:12,214: elbo_loss:141687.546875, custom_loss:3463.91943359375
2024-09-23 23:10:25,720: elbo_loss:133579.828125, custom_loss:3472.82666015625
2024-09-23 23:10:39,279: elbo_loss:127085.1171875, custom_loss:3535.8203125
2024-09-23 23:10:52,854: elbo_loss:122201.15625, custom_loss:3559.171142578125
2024-09-23 23:11:06,440: elbo_loss:119344.8984375, custom_loss:3545.947265625
2024-09-23 23:11:20,033: elbo_loss:117745.03125, custom_loss:3542.473876953125
2024-09-23 23:11:20,038: [iteration 10001] loss: 7.4277
2024-09-23 23:11:33,611: elbo_loss:116800.0390625, custom_loss:3468.953125
2024-09-23 23:11:51,880: elbo_loss:116135.7265625, custom_loss:3542.91162109375
2024-09-23 23:12:11,906: elbo_loss:115660.4296875, custom_loss:3513.6220703125
2024-09-23 23:12:32,160: elbo_loss:115372.203125, custom_loss:3556.925537109375
2024-09-23 23:12:52,357: elbo_loss:115094.0234375, custom_loss:3525.755126953125
2024-09-23 23:13:12,629: elbo_loss:114917.8828125, custom_loss:3524.415283203125
2024-09-23 23:13:32,797: elbo_loss:114793.265625, custom_loss:3509.30908203125
2024-09-23 23:13:51,839: elbo_loss:114856.5, custom_loss:3502.096435546875
2024-09-23 23:14:10,863: elbo_loss:114711.0546875, custom_loss:3458.208251953125
2024-09-23 23:14:29,843: saved causal model in: models_save/cfpup.pt
2024-09-23 23:14:29,849: =========== evaluation for cfp_up predictor ================: {'RMSE': 0.8813905831324016, 'MAE': 0.7088880020869671}
2024-09-23 23:14:29,872: Epoch: 0001, loss_train: 613.7000, loss_test: 624.5759, time: 0.0152s
2024-09-23 23:14:29,915: saved VAE model in: models_save/vae.pt
2024-09-23 23:14:29,929: constant
2024-09-23 23:14:29,929: {'MMD': {'0_1': 0.0, '0_2': 0.0, '1_2': 0.0, 'Average': 0.0}, 'Wass': {'0_1': 0.6330674886703491, '0_2': 0.6330674886703491, '1_2': 0.6330674886703491, 'Average': 0.6330674886703491}}
2024-09-23 23:14:29,937: full
2024-09-23 23:14:29,937: {'MMD': {'0_1': 12525.775390625, '0_2': 50103.1015625, '1_2': 12525.775390625, 'Average': 25051.55078125}, 'Wass': {'0_1': 67.25402069091797, '0_2': 134.46763610839844, '1_2': 67.25397491455078, 'Average': 89.65854390462239}}
2024-09-23 23:14:29,945: unaware
2024-09-23 23:14:29,946: {'MMD': {'0_1': 0.0001018697366816923, '0_2': 0.0004106936976313591, '1_2': 0.00010348029172746465, 'Average': 0.00020534790868017203}, 'Wass': {'0_1': 0.6709651350975037, '0_2': 0.6711408495903015, '1_2': 0.6709179878234863, 'Average': 0.6710079908370972}}
2024-09-23 23:14:29,953: cfpu
2024-09-23 23:14:29,953: {'MMD': {'0_1': 6.315936479950324e-05, '0_2': 0.00016575540939811617, '1_2': 2.427845902275294e-05, 'Average': 8.439774440679078e-05}, 'Wass': {'0_1': 7.5876569747924805, '0_2': 7.588564395904541, '1_2': 7.588566303253174, 'Average': 7.588262557983398}}
2024-09-23 23:14:29,961: cfpup
2024-09-23 23:14:29,961: {'MMD': {'0_1': 0.00015568151138722897, '0_2': 0.00040427673957310617, '1_2': 5.820766091346741e-05, 'Average': 0.00020605530395793417}, 'Wass': {'0_1': 11.760783195495605, '0_2': 11.762419700622559, '1_2': 11.762239456176758, 'Average': 11.76181411743164}}
