2024-09-23 23:05:13,488: Namespace(cudanum=4, dataset='law', synthetic=1, seed=50, training=1, pyromodel='models_save/cfpup.pt', pyroparam='models_save/cfpup_param.pt', lrcausalmodel=0.001, alpha=10000.0, num_iterations_causalmodel=20000, epochs_vae=10, decoder_type='together', lr=0.002)
2024-09-23 23:05:13,489: Namespace(cudanum=4, dataset='law', synthetic=1, seed=50, training=1, pyromodel='models_save/cfpup.pt', pyroparam='models_save/cfpup_param.pt', lrcausalmodel=0.001, alpha=10000.0, num_iterations_causalmodel=20000, epochs_vae=10, decoder_type='together', lr=0.002)
2024-09-23 23:05:13,523: =========== evaluation for constant predictor ================: {'RMSE': 0.9218197901142571, 'MAE': 0.7359503518763207}
2024-09-23 23:05:13,527: =========== evaluation for full predictor ================: {'RMSE': 0.8688112374892244, 'MAE': 0.7003106479543398}
2024-09-23 23:05:13,529: =========== evaluation for unaware predictor ================: {'RMSE': 0.8813496379949248, 'MAE': 0.708820682441671}
2024-09-23 23:05:15,738: [iteration 0001] loss: 138.5821
2024-09-23 23:05:29,645: [iteration 1001] loss: 20.4735
2024-09-23 23:05:44,234: [iteration 2001] loss: 11.2897
2024-09-23 23:05:58,582: [iteration 3001] loss: 10.5234
2024-09-23 23:06:12,334: [iteration 4001] loss: 10.3778
2024-09-23 23:06:27,765: [iteration 5001] loss: 10.2690
2024-09-23 23:06:40,236: [iteration 6001] loss: 10.1395
2024-09-23 23:06:54,390: [iteration 7001] loss: 9.9673
2024-09-23 23:07:08,699: [iteration 8001] loss: 9.6988
2024-09-23 23:07:22,561: [iteration 9001] loss: 9.2359
2024-09-23 23:07:38,854: [iteration 10001] loss: 8.3417
2024-09-23 23:07:50,314: [iteration 11001] loss: 7.4356
2024-09-23 23:08:04,511: [iteration 12001] loss: 7.0831
2024-09-23 23:08:18,941: [iteration 13001] loss: 6.9111
2024-09-23 23:08:32,984: [iteration 14001] loss: 6.8162
2024-09-23 23:08:46,798: [iteration 15001] loss: 6.7642
2024-09-23 23:09:02,555: [iteration 16001] loss: 6.7362
2024-09-23 23:09:14,728: [iteration 17001] loss: 6.7166
2024-09-23 23:09:29,073: [iteration 18001] loss: 6.7067
2024-09-23 23:09:43,458: [iteration 19001] loss: 6.7013
2024-09-23 23:09:57,371: saved causal model in: models_save/cfpup.pt
2024-09-23 23:09:57,380: =========== evaluation for cfp_u predictor ================: {'RMSE': 0.9065620331664285, 'MAE': 0.724984163986291}
2024-09-23 23:09:57,417: elbo_loss:2341002.0, custom_loss:2255.54248046875
2024-09-23 23:09:57,424: [iteration 0001] loss: 143.5028
2024-09-23 23:10:22,117: elbo_loss:228829.421875, custom_loss:2729.8955078125
2024-09-23 23:10:45,888: elbo_loss:190433.8125, custom_loss:2521.447509765625
2024-09-23 23:11:09,866: elbo_loss:164838.609375, custom_loss:4259.46044921875
2024-09-23 23:11:33,632: elbo_loss:153406.6875, custom_loss:5029.88916015625
2024-09-23 23:11:58,211: elbo_loss:142643.1875, custom_loss:5180.30322265625
2024-09-23 23:12:22,235: elbo_loss:134800.8125, custom_loss:5297.333984375
2024-09-23 23:12:45,807: elbo_loss:128387.0703125, custom_loss:5263.09619140625
2024-09-23 23:13:10,425: elbo_loss:123664.90625, custom_loss:5250.43603515625
2024-09-23 23:13:34,013: elbo_loss:120657.9453125, custom_loss:5075.294921875
2024-09-23 23:13:57,914: elbo_loss:119074.359375, custom_loss:5185.90283203125
2024-09-23 23:13:57,919: [iteration 10001] loss: 7.6098
2024-09-23 23:14:22,172: elbo_loss:117957.140625, custom_loss:5198.83447265625
2024-09-23 23:14:48,199: elbo_loss:117428.8984375, custom_loss:5218.06787109375
2024-09-23 23:15:09,814: elbo_loss:116961.0, custom_loss:5198.40771484375
2024-09-23 23:15:34,123: elbo_loss:116598.890625, custom_loss:5287.6611328125
2024-09-23 23:15:59,635: elbo_loss:116371.2109375, custom_loss:5182.0517578125
2024-09-23 23:16:22,136: elbo_loss:116168.7265625, custom_loss:5177.517578125
2024-09-23 23:16:45,848: elbo_loss:116059.3515625, custom_loss:5215.45703125
2024-09-23 23:17:10,655: elbo_loss:116019.046875, custom_loss:5162.25439453125
2024-09-23 23:17:35,358: elbo_loss:115943.1640625, custom_loss:5210.41259765625
2024-09-23 23:18:02,754: saved causal model in: models_save/cfpup.pt
2024-09-23 23:18:02,766: =========== evaluation for cfp_up predictor ================: {'RMSE': 0.8875044900635279, 'MAE': 0.7115505784997364}
2024-09-23 23:18:02,780: Epoch: 0001, loss_train: 114.2099, loss_test: 111.0876, time: 0.0099s
2024-09-23 23:18:02,830: saved VAE model in: models_save/vae.pt
2024-09-23 23:18:02,845: constant
2024-09-23 23:18:02,845: {'MMD': {'0_1': 0.0, '0_2': 0.0, '1_2': 0.0, 'Average': 0.0}, 'Wass': {'0_1': 0.6330674886703491, '0_2': 0.6330674886703491, '1_2': 0.6330674886703491, 'Average': 0.6330674886703491}}
2024-09-23 23:18:02,857: full
2024-09-23 23:18:02,857: {'MMD': {'0_1': 7669.20654296875, '0_2': 30681.11328125, '1_2': 7671.35107421875, 'Average': 15340.556966145834}, 'Wass': {'0_1': 52.69356918334961, '0_2': 105.29069519042969, '1_2': 52.697574615478516, 'Average': 70.22727966308594}}
2024-09-23 23:18:02,866: unaware
2024-09-23 23:18:02,867: {'MMD': {'0_1': 719.7401123046875, '0_2': 2877.493408203125, '1_2': 719.0068359375, 'Average': 1438.7467854817708}, 'Wass': {'0_1': 16.217185974121094, '0_2': 32.33881759643555, '1_2': 16.22051429748535, 'Average': 21.592172622680664}}
2024-09-23 23:18:02,887: cfpu
2024-09-23 23:18:02,887: {'MMD': {'0_1': 0.07481835782527924, '0_2': 0.07303771376609802, '1_2': 0.29570144414901733, 'Average': 0.1478525052467982}, 'Wass': {'0_1': 3.4931178092956543, '0_2': 3.479180097579956, '1_2': 3.53196120262146, 'Average': 3.50141970316569}}
2024-09-23 23:18:02,897: cfpup
2024-09-23 23:18:02,897: {'MMD': {'0_1': 0.20758317410945892, '0_2': 0.2026432454586029, '1_2': 0.8204230666160583, 'Average': 0.4102164953947067}, 'Wass': {'0_1': 5.610072135925293, '0_2': 5.5846428871154785, '1_2': 5.674346923828125, 'Average': 5.623020648956299}}
