2024-09-24 00:11:34,296: Namespace(cudanum=0, dataset='adult', synthetic=1, seed=50, training=1, pyromodel='models_save/cfpup.pt', pyroparam='models_save/cfpup_param.pt', lrcausalmodel=0.001, alpha=10000.0, num_iterations_causalmodel=20000, epochs_vae=10, decoder_type='together', lr=0.002)
2024-09-24 00:11:34,298: Namespace(cudanum=0, dataset='adult', synthetic=1, seed=50, training=1, pyromodel='models_save/cfpup.pt', pyroparam='models_save/cfpup_param.pt', lrcausalmodel=0.001, alpha=10000.0, num_iterations_causalmodel=20000, epochs_vae=10, decoder_type='together', lr=0.002)
2024-09-24 00:11:34,463: =========== evaluation for constant predictor ================: {'F1-score': 0.0, 'Accuracy': 0.7479297780722094}
2024-09-24 00:11:34,606: =========== evaluation for full predictor ================: {'F1-score': 0.631578947368421, 'Accuracy': 0.7658164955283207}
2024-09-24 00:11:34,740: =========== evaluation for unaware predictor ================: {'F1-score': 0.6308654848800834, 'Accuracy': 0.7654852600198742}
2024-09-24 00:11:37,356: [iteration 0001] loss: 1230.2366
2024-09-24 00:11:54,777: [iteration 1001] loss: 664.1250
2024-09-24 00:12:11,982: [iteration 2001] loss: 347.4303
2024-09-24 00:12:29,161: [iteration 3001] loss: 193.0704
2024-09-24 00:12:46,370: [iteration 4001] loss: 132.1601
2024-09-24 00:13:03,576: [iteration 5001] loss: 110.5378
2024-09-24 00:13:20,859: [iteration 6001] loss: 99.0102
2024-09-24 00:13:38,152: [iteration 7001] loss: 90.0419
2024-09-24 00:13:55,383: [iteration 8001] loss: 82.7015
2024-09-24 00:14:12,632: [iteration 9001] loss: 76.6208
2024-09-24 00:14:29,921: [iteration 10001] loss: 71.6938
2024-09-24 00:14:47,148: [iteration 11001] loss: 67.6263
2024-09-24 00:15:07,361: [iteration 12001] loss: 64.3714
2024-09-24 00:15:33,502: [iteration 13001] loss: 61.7784
2024-09-24 00:16:00,241: [iteration 14001] loss: 59.6589
2024-09-24 00:16:26,799: [iteration 15001] loss: 57.9294
2024-09-24 00:16:53,623: [iteration 16001] loss: 56.4512
2024-09-24 00:17:20,500: [iteration 17001] loss: 55.2183
2024-09-24 00:17:47,409: [iteration 18001] loss: 54.1779
2024-09-24 00:18:14,279: [iteration 19001] loss: 53.3192
2024-09-24 00:18:41,334: saved causal model in: models_save/cfpup.pt
2024-09-24 00:18:41,371: =========== evaluation for cfp_u predictor ================: {'F1-score': 0.5172074729596854, 'Accuracy': 0.6747267307055317}
2024-09-24 00:18:41,416: elbo_loss:29815190.0, custom_loss:2242.74853515625
2024-09-24 00:18:41,428: [iteration 0001] loss: 1234.8297
2024-09-24 00:19:20,000: elbo_loss:13931443.0, custom_loss:6865.8681640625
2024-09-24 00:19:58,367: elbo_loss:5022883.5, custom_loss:10599.8564453125
2024-09-24 00:20:36,855: elbo_loss:2078036.0, custom_loss:13354.416015625
2024-09-24 00:21:14,606: elbo_loss:1256105.625, custom_loss:15583.8408203125
2024-09-24 00:21:52,076: elbo_loss:883399.1875, custom_loss:17620.337890625
2024-09-24 00:22:30,358: elbo_loss:673008.25, custom_loss:18599.0625
2024-09-24 00:23:08,742: elbo_loss:555342.0, custom_loss:18693.779296875
2024-09-24 00:23:47,089: elbo_loss:482324.375, custom_loss:18331.58203125
2024-09-24 00:24:25,346: elbo_loss:436019.34375, custom_loss:17607.501953125
2024-09-24 00:25:03,589: elbo_loss:406285.84375, custom_loss:16960.17578125
2024-09-24 00:25:03,599: [iteration 10001] loss: 17.5279
2024-09-24 00:25:33,542: elbo_loss:387522.84375, custom_loss:16515.328125
2024-09-24 00:25:59,104: elbo_loss:375489.84375, custom_loss:16038.5751953125
2024-09-24 00:26:23,893: elbo_loss:368210.1875, custom_loss:15608.876953125
2024-09-24 00:26:48,465: elbo_loss:363179.5, custom_loss:15039.294921875
2024-09-24 00:27:12,842: elbo_loss:360335.4375, custom_loss:14709.06640625
2024-09-24 00:27:37,240: elbo_loss:358872.09375, custom_loss:14021.591796875
2024-09-24 00:28:01,535: elbo_loss:358347.34375, custom_loss:13777.8671875
2024-09-24 00:28:25,823: elbo_loss:357799.28125, custom_loss:13485.7587890625
2024-09-24 00:28:50,189: elbo_loss:357617.1875, custom_loss:13298.7724609375
2024-09-24 00:29:14,345: saved causal model in: models_save/cfpup.pt
2024-09-24 00:29:14,366: =========== evaluation for cfp_up predictor ================: {'F1-score': 0.5159045725646123, 'Accuracy': 0.6773766147731036}
2024-09-24 00:29:14,388: Epoch: 0001, loss_train: 582.8002, loss_test: nan, time: 0.0203s
2024-09-24 00:29:14,423: saved VAE model in: models_save/vae.pt
2024-09-24 00:29:14,434: constant
2024-09-24 00:29:14,435: {'MMD': {'0_1': 0.0, '0_2': 0.0, '1_2': 0.0, 'Average': 0.0}, 'Wass': {'0_1': 0.6330673694610596, '0_2': 0.6330673694610596, '1_2': 0.6330673694610596, 'Average': 0.6330673694610596}}
2024-09-24 00:29:14,442: full
2024-09-24 00:29:14,442: {'MMD': {'0_1': 0.06647493690252304, '0_2': 0.29333266615867615, '1_2': 0.08052802830934525, 'Average': 0.1467785437901815}, 'Wass': {'0_1': 0.6971873044967651, '0_2': 0.7682766318321228, '1_2': 0.6985719799995422, 'Average': 0.7213453054428101}}
2024-09-24 00:29:14,449: unaware
2024-09-24 00:29:14,449: {'MMD': {'0_1': 0.004912361036986113, '0_2': 0.007444488350301981, '1_2': 0.00026222027372568846, 'Average': 0.00420635655367126}, 'Wass': {'0_1': 0.6754065155982971, '0_2': 0.6774166822433472, '1_2': 0.6750050187110901, 'Average': 0.6759427388509115}}
2024-09-24 00:29:14,455: cfpu
2024-09-24 00:29:14,455: {'MMD': {'0_1': 4.197908878326416, '0_2': 2.7177345752716064, '1_2': 0.16025984287261963, 'Average': 2.358634432156881}, 'Wass': {'0_1': 3.840496301651001, '0_2': 3.894120454788208, '1_2': 3.861117362976074, 'Average': 3.865244706471761}}
2024-09-24 00:29:14,461: cfpup
2024-09-24 00:29:14,461: {'MMD': {'0_1': 3.813746929168701, '0_2': 1.5242640972137451, '1_2': 0.5159128904342651, 'Average': 1.951307972272237}, 'Wass': {'0_1': 3.412508964538574, '0_2': 3.4245219230651855, '1_2': 3.3153555393218994, 'Average': 3.3841288089752197}}
