2024-09-23 23:17:48,011: Namespace(cudanum=1, dataset='law', synthetic=1, seed=51, training=1, pyromodel='models_save/cfpup.pt', pyroparam='models_save/cfpup_param.pt', lrcausalmodel=0.001, alpha=15000.0, num_iterations_causalmodel=20000, epochs_vae=10, decoder_type='together', lr=0.002)
2024-09-23 23:17:48,013: Namespace(cudanum=1, dataset='law', synthetic=1, seed=51, training=1, pyromodel='models_save/cfpup.pt', pyroparam='models_save/cfpup_param.pt', lrcausalmodel=0.001, alpha=15000.0, num_iterations_causalmodel=20000, epochs_vae=10, decoder_type='together', lr=0.002)
2024-09-23 23:17:48,045: =========== evaluation for constant predictor ================: {'RMSE': 0.9165065931854675, 'MAE': 0.7382822818910539}
2024-09-23 23:17:48,048: =========== evaluation for full predictor ================: {'RMSE': 0.8616290672684878, 'MAE': 0.6912660632121225}
2024-09-23 23:17:48,050: =========== evaluation for unaware predictor ================: {'RMSE': 0.8731503900374782, 'MAE': 0.7014632909714762}
2024-09-23 23:17:49,797: [iteration 0001] loss: 138.5914
2024-09-23 23:18:01,056: [iteration 1001] loss: 20.3986
2024-09-23 23:18:12,064: [iteration 2001] loss: 11.2947
2024-09-23 23:18:23,065: [iteration 3001] loss: 10.5161
2024-09-23 23:18:34,077: [iteration 4001] loss: 10.3777
2024-09-23 23:18:45,094: [iteration 5001] loss: 10.2696
2024-09-23 23:18:56,141: [iteration 6001] loss: 10.1399
2024-09-23 23:19:07,208: [iteration 7001] loss: 9.9647
2024-09-23 23:19:18,280: [iteration 8001] loss: 9.6983
2024-09-23 23:19:29,221: [iteration 9001] loss: 9.2370
2024-09-23 23:19:40,101: [iteration 10001] loss: 8.3439
2024-09-23 23:19:50,995: [iteration 11001] loss: 7.4383
2024-09-23 23:20:01,883: [iteration 12001] loss: 7.0852
2024-09-23 23:20:12,794: [iteration 13001] loss: 6.9142
2024-09-23 23:20:23,681: [iteration 14001] loss: 6.8191
2024-09-23 23:20:34,532: [iteration 15001] loss: 6.7655
2024-09-23 23:20:45,411: [iteration 16001] loss: 6.7338
2024-09-23 23:20:56,286: [iteration 17001] loss: 6.7177
2024-09-23 23:21:07,182: [iteration 18001] loss: 6.7067
2024-09-23 23:21:18,060: [iteration 19001] loss: 6.7007
2024-09-23 23:21:29,167: saved causal model in: models_save/cfpup.pt
2024-09-23 23:21:29,172: =========== evaluation for cfp_u predictor ================: {'RMSE': 0.9041357630711065, 'MAE': 0.7235046259865502}
2024-09-23 23:21:29,195: elbo_loss:2340797.5, custom_loss:3316.323486328125
2024-09-23 23:21:29,202: [iteration 0001] loss: 143.5553
2024-09-23 23:21:55,583: elbo_loss:229471.796875, custom_loss:3689.411376953125
2024-09-23 23:22:21,317: elbo_loss:191158.1875, custom_loss:3497.760498046875
2024-09-23 23:22:47,113: elbo_loss:166061.984375, custom_loss:5509.53125
2024-09-23 23:23:12,909: elbo_loss:154451.65625, custom_loss:6103.375
2024-09-23 23:23:38,714: elbo_loss:144157.6875, custom_loss:6283.82470703125
2024-09-23 23:24:04,515: elbo_loss:136175.78125, custom_loss:6228.640625
2024-09-23 23:24:30,297: elbo_loss:129763.078125, custom_loss:6309.46337890625
2024-09-23 23:24:56,090: elbo_loss:124838.4453125, custom_loss:6326.677734375
2024-09-23 23:25:21,861: elbo_loss:122001.1875, custom_loss:6300.81884765625
2024-09-23 23:25:47,621: elbo_loss:120378.03125, custom_loss:6301.625
2024-09-23 23:25:47,627: [iteration 10001] loss: 7.7580
2024-09-23 23:26:13,343: elbo_loss:119446.078125, custom_loss:6169.380859375
2024-09-23 23:26:39,115: elbo_loss:118727.5234375, custom_loss:6290.15087890625
2024-09-23 23:27:04,870: elbo_loss:118247.4609375, custom_loss:6251.10546875
2024-09-23 23:27:28,268: elbo_loss:117971.4375, custom_loss:6324.7470703125
2024-09-23 23:27:48,071: elbo_loss:117689.234375, custom_loss:6259.9970703125
2024-09-23 23:28:07,826: elbo_loss:117467.2109375, custom_loss:6264.75341796875
2024-09-23 23:28:27,597: elbo_loss:117338.5, custom_loss:6238.79248046875
2024-09-23 23:28:47,363: elbo_loss:117496.2734375, custom_loss:6232.1533203125
2024-09-23 23:29:07,094: elbo_loss:117304.4453125, custom_loss:6152.4072265625
2024-09-23 23:29:26,806: saved causal model in: models_save/cfpup.pt
2024-09-23 23:29:26,810: =========== evaluation for cfp_up predictor ================: {'RMSE': 0.8813854326057666, 'MAE': 0.7088286420306689}
2024-09-23 23:29:26,822: Epoch: 0001, loss_train: 1340.2992, loss_test: 1388.0750, time: 0.0088s
2024-09-23 23:29:26,861: saved VAE model in: models_save/vae.pt
2024-09-23 23:29:26,874: constant
2024-09-23 23:29:26,874: {'MMD': {'0_1': 0.0, '0_2': 0.0, '1_2': 0.0, 'Average': 0.0}, 'Wass': {'0_1': 0.6330674886703491, '0_2': 0.6330674886703491, '1_2': 0.6330674886703491, 'Average': 0.6330674886703491}}
2024-09-23 23:29:26,882: full
2024-09-23 23:29:26,882: {'MMD': {'0_1': 12525.775390625, '0_2': 50103.1015625, '1_2': 12525.775390625, 'Average': 25051.55078125}, 'Wass': {'0_1': 67.25402069091797, '0_2': 134.46763610839844, '1_2': 67.25397491455078, 'Average': 89.65854390462239}}
2024-09-23 23:29:26,890: unaware
2024-09-23 23:29:26,890: {'MMD': {'0_1': 0.0001018697366816923, '0_2': 0.0004106936976313591, '1_2': 0.00010348029172746465, 'Average': 0.00020534790868017203}, 'Wass': {'0_1': 0.670967161655426, '0_2': 0.6711452007293701, '1_2': 0.6709254384040833, 'Average': 0.6710126002629598}}
2024-09-23 23:29:26,898: cfpu
2024-09-23 23:29:26,898: {'MMD': {'0_1': 6.442885933211073e-05, '0_2': 0.0001678081025602296, '1_2': 2.427845902275294e-05, 'Average': 8.550514030503109e-05}, 'Wass': {'0_1': 7.5876312255859375, '0_2': 7.588538646697998, '1_2': 7.588487148284912, 'Average': 7.588219006856282}}
2024-09-23 23:29:26,906: cfpup
2024-09-23 23:29:26,906: {'MMD': {'0_1': 0.00015767102013342083, '0_2': 0.0004074789467267692, '1_2': 5.820766091346741e-05, 'Average': 0.00020778587592455247}, 'Wass': {'0_1': 11.770039558410645, '0_2': 11.771516799926758, '1_2': 11.771347999572754, 'Average': 11.770968119303385}}
