2024-09-23 22:52:00,902: Namespace(cudanum=1, dataset='law', synthetic=1, seed=51, training=1, pyromodel='models_save/cfpup.pt', pyroparam='models_save/cfpup_param.pt', lrcausalmodel=0.001, alpha=-5000.0, num_iterations_causalmodel=20000, epochs_vae=10, decoder_type='together', lr=0.002)
2024-09-23 22:52:00,903: Namespace(cudanum=1, dataset='law', synthetic=1, seed=51, training=1, pyromodel='models_save/cfpup.pt', pyroparam='models_save/cfpup_param.pt', lrcausalmodel=0.001, alpha=-5000.0, num_iterations_causalmodel=20000, epochs_vae=10, decoder_type='together', lr=0.002)
2024-09-23 22:52:00,936: =========== evaluation for constant predictor ================: {'RMSE': 0.9165065931854675, 'MAE': 0.7382822818910539}
2024-09-23 22:52:00,941: =========== evaluation for full predictor ================: {'RMSE': 0.8616290672684878, 'MAE': 0.6912660632121225}
2024-09-23 22:52:00,943: =========== evaluation for unaware predictor ================: {'RMSE': 0.8731503900374782, 'MAE': 0.7014632909714762}
2024-09-23 22:52:02,802: [iteration 0001] loss: 138.5914
2024-09-23 22:52:10,479: [iteration 1001] loss: 20.3986
2024-09-23 22:52:18,873: [iteration 2001] loss: 11.2947
2024-09-23 22:52:26,975: [iteration 3001] loss: 10.5161
2024-09-23 22:52:35,224: [iteration 4001] loss: 10.3777
2024-09-23 22:52:43,119: [iteration 5001] loss: 10.2696
2024-09-23 22:52:50,617: [iteration 6001] loss: 10.1399
2024-09-23 22:52:57,965: [iteration 7001] loss: 9.9647
2024-09-23 22:53:05,319: [iteration 8001] loss: 9.6983
2024-09-23 22:53:12,704: [iteration 9001] loss: 9.2370
2024-09-23 22:53:20,124: [iteration 10001] loss: 8.3439
2024-09-23 22:53:27,535: [iteration 11001] loss: 7.4383
2024-09-23 22:53:34,972: [iteration 12001] loss: 7.0852
2024-09-23 22:53:42,442: [iteration 13001] loss: 6.9142
2024-09-23 22:53:50,036: [iteration 14001] loss: 6.8191
2024-09-23 22:53:57,433: [iteration 15001] loss: 6.7655
2024-09-23 22:54:04,793: [iteration 16001] loss: 6.7338
2024-09-23 22:54:12,207: [iteration 17001] loss: 6.7177
2024-09-23 22:54:19,605: [iteration 18001] loss: 6.7067
2024-09-23 22:54:27,000: [iteration 19001] loss: 6.7007
2024-09-23 22:54:34,561: saved causal model in: models_save/cfpup.pt
2024-09-23 22:54:34,568: =========== evaluation for cfp_u predictor ================: {'RMSE': 0.9041357630711065, 'MAE': 0.7235046259865502}
2024-09-23 22:54:34,583: elbo_loss:2340797.5, custom_loss:-1105.441162109375
2024-09-23 22:54:34,589: [iteration 0001] loss: 143.2845
2024-09-23 22:54:53,058: elbo_loss:229358.046875, custom_loss:-28032.3046875
2024-09-23 22:55:12,715: elbo_loss:189184.171875, custom_loss:-72597.875
2024-09-23 22:55:32,433: elbo_loss:162830.328125, custom_loss:-136423.796875
2024-09-23 22:55:52,112: elbo_loss:152283.125, custom_loss:-216703.546875
2024-09-23 22:56:11,840: elbo_loss:139286.609375, custom_loss:-315923.84375
2024-09-23 22:56:31,495: elbo_loss:129335.0, custom_loss:-430867.96875
2024-09-23 22:56:55,980: elbo_loss:122718.0, custom_loss:-565248.125
2024-09-23 22:57:21,553: elbo_loss:119301.9375, custom_loss:-719722.125
2024-09-23 22:57:47,278: elbo_loss:117651.9140625, custom_loss:-896463.375
2024-09-23 22:58:13,037: elbo_loss:116972.9609375, custom_loss:-1092199.875
2024-09-23 22:58:13,043: [iteration 10001] loss: -59.7236
2024-09-23 22:58:38,809: elbo_loss:116543.4140625, custom_loss:-1318613.375
2024-09-23 22:59:04,395: elbo_loss:116376.7421875, custom_loss:-1570384.875
2024-09-23 22:59:29,769: elbo_loss:116309.484375, custom_loss:-1849272.875
2024-09-23 22:59:55,197: elbo_loss:116199.328125, custom_loss:-2153438.25
2024-09-23 23:00:20,594: elbo_loss:116259.375, custom_loss:-2488389.75
2024-09-23 23:00:46,008: elbo_loss:116402.6953125, custom_loss:-2861789.25
2024-09-23 23:01:11,437: elbo_loss:116448.6484375, custom_loss:-3262671.25
2024-09-23 23:01:36,860: elbo_loss:116309.609375, custom_loss:-3699545.0
2024-09-23 23:02:02,371: elbo_loss:116430.4453125, custom_loss:-4171917.75
2024-09-23 23:02:27,842: saved causal model in: models_save/cfpup.pt
2024-09-23 23:02:27,847: =========== evaluation for cfp_up predictor ================: {'RMSE': 0.8787564695750344, 'MAE': 0.7048761615189235}
2024-09-23 23:02:27,861: Epoch: 0001, loss_train: -112.8993, loss_test: -145.7500, time: 0.0101s
2024-09-23 23:02:27,903: saved VAE model in: models_save/vae.pt
2024-09-23 23:02:27,918: constant
2024-09-23 23:02:27,918: {'MMD': {'0_1': 0.0, '0_2': 0.0, '1_2': 0.0, 'Average': 0.0}, 'Wass': {'0_1': 0.6330674886703491, '0_2': 0.6330674886703491, '1_2': 0.6330674886703491, 'Average': 0.6330674886703491}}
2024-09-23 23:02:27,928: full
2024-09-23 23:02:27,928: {'MMD': {'0_1': 12525.775390625, '0_2': 50103.1015625, '1_2': 12525.775390625, 'Average': 25051.55078125}, 'Wass': {'0_1': 67.25904846191406, '0_2': 134.472412109375, '1_2': 67.2590103149414, 'Average': 89.66349029541016}}
2024-09-23 23:02:27,938: unaware
2024-09-23 23:02:27,938: {'MMD': {'0_1': 0.00010348029172746465, '0_2': 0.0004139211669098586, '1_2': 0.00010348029172746465, 'Average': 0.0002069605834549293}, 'Wass': {'0_1': 0.6743804812431335, '0_2': 0.6746203899383545, '1_2': 0.6744645237922668, 'Average': 0.6744884649912516}}
2024-09-23 23:02:27,948: cfpu
2024-09-23 23:02:27,948: {'MMD': {'0_1': 6.442885933211073e-05, '0_2': 0.00016575540939811617, '1_2': 2.3501597752328962e-05, 'Average': 8.456195549418528e-05}, 'Wass': {'0_1': 8.546304702758789, '0_2': 8.546672821044922, '1_2': 8.54620361328125, 'Average': 8.546393712361654}}
2024-09-23 23:02:27,957: cfpup
2024-09-23 23:02:27,957: {'MMD': {'0_1': 0.00016987341223284602, '0_2': 0.0004335510893724859, '1_2': 6.065824709367007e-05, 'Average': 0.00022136091623300067}, 'Wass': {'0_1': 13.703295707702637, '0_2': 13.7042236328125, '1_2': 13.703126907348633, 'Average': 13.703548749287924}}
