2024-09-23 23:17:48,036: Namespace(cudanum=6, dataset='adult', synthetic=1, seed=52, training=1, pyromodel='models_save/cfpup.pt', pyroparam='models_save/cfpup_param.pt', lrcausalmodel=0.001, alpha=-5000.0, num_iterations_causalmodel=20000, epochs_vae=10, decoder_type='together', lr=0.002)
2024-09-23 23:17:48,038: Namespace(cudanum=6, dataset='adult', synthetic=1, seed=52, training=1, pyromodel='models_save/cfpup.pt', pyroparam='models_save/cfpup_param.pt', lrcausalmodel=0.001, alpha=-5000.0, num_iterations_causalmodel=20000, epochs_vae=10, decoder_type='together', lr=0.002)
2024-09-23 23:17:48,207: =========== evaluation for constant predictor ================: {'F1-score': 0.0, 'Accuracy': 0.7565419012918185}
2024-09-23 23:17:48,346: =========== evaluation for full predictor ================: {'F1-score': 0.6428571428571429, 'Accuracy': 0.7780722093408413}
2024-09-23 23:17:48,481: =========== evaluation for unaware predictor ================: {'F1-score': 0.6400862068965517, 'Accuracy': 0.7787346803577343}
2024-09-23 23:17:51,014: [iteration 0001] loss: 1229.9450
2024-09-23 23:18:37,221: [iteration 1001] loss: 663.9560
2024-09-23 23:19:14,939: [iteration 2001] loss: 347.3659
2024-09-23 23:19:49,439: [iteration 3001] loss: 192.8833
2024-09-23 23:20:23,282: [iteration 4001] loss: 132.1103
2024-09-23 23:20:57,912: [iteration 5001] loss: 110.5497
2024-09-23 23:21:33,152: [iteration 6001] loss: 99.0271
2024-09-23 23:22:19,830: [iteration 7001] loss: 90.0199
2024-09-23 23:23:04,207: [iteration 8001] loss: 82.7056
2024-09-23 23:23:51,506: [iteration 9001] loss: 76.6383
2024-09-23 23:24:27,027: [iteration 10001] loss: 71.6633
2024-09-23 23:25:00,168: [iteration 11001] loss: 67.6522
2024-09-23 23:25:36,057: [iteration 12001] loss: 64.3692
2024-09-23 23:26:10,584: [iteration 13001] loss: 61.7938
2024-09-23 23:26:44,861: [iteration 14001] loss: 59.6847
2024-09-23 23:27:19,548: [iteration 15001] loss: 57.9494
2024-09-23 23:27:53,938: [iteration 16001] loss: 56.4735
2024-09-23 23:28:28,590: [iteration 17001] loss: 55.2332
2024-09-23 23:29:03,150: [iteration 18001] loss: 54.2016
2024-09-23 23:29:37,621: [iteration 19001] loss: 53.3202
2024-09-23 23:30:12,059: saved causal model in: models_save/cfpup.pt
2024-09-23 23:30:12,096: =========== evaluation for cfp_u predictor ================: {'F1-score': 0.4932330827067669, 'Accuracy': 0.665120900960583}
2024-09-23 23:30:12,157: elbo_loss:29819638.0, custom_loss:-1121.2342529296875
2024-09-23 23:30:12,176: [iteration 0001] loss: 1234.8746
2024-09-23 23:31:03,064: elbo_loss:13933354.0, custom_loss:-33084.515625
2024-09-23 23:31:53,591: elbo_loss:5016199.5, custom_loss:-125068.53125
2024-09-23 23:32:42,992: elbo_loss:2075137.5, custom_loss:-229844.765625
2024-09-23 23:33:34,115: elbo_loss:1259533.0, custom_loss:-329189.03125
2024-09-23 23:34:23,005: elbo_loss:887202.5625, custom_loss:-425365.9375
2024-09-23 23:35:11,916: elbo_loss:676070.0625, custom_loss:-536403.0
2024-09-23 23:36:00,432: elbo_loss:554916.9375, custom_loss:-667564.9375
2024-09-23 23:36:50,074: elbo_loss:481089.8125, custom_loss:-830340.125
2024-09-23 23:37:38,568: elbo_loss:434938.9375, custom_loss:-1023908.1875
2024-09-23 23:38:26,408: elbo_loss:405283.53125, custom_loss:-1255800.125
2024-09-23 23:38:26,418: [iteration 10001] loss: -35.2225
2024-09-23 23:39:14,779: elbo_loss:387645.84375, custom_loss:-1524080.0
2024-09-23 23:40:03,797: elbo_loss:377175.75, custom_loss:-1835278.0
2024-09-23 23:40:52,017: elbo_loss:370944.6875, custom_loss:-2188045.75
2024-09-23 23:41:40,326: elbo_loss:367373.59375, custom_loss:-2577996.25
2024-09-23 23:42:29,148: elbo_loss:366247.25, custom_loss:-3011542.25
2024-09-23 23:43:16,498: elbo_loss:365599.96875, custom_loss:-3493786.5
2024-09-23 23:44:08,227: elbo_loss:365955.46875, custom_loss:-4012237.5
2024-09-23 23:45:04,691: elbo_loss:366370.28125, custom_loss:-4583107.5
2024-09-23 23:46:10,838: elbo_loss:368279.875, custom_loss:-5188188.0
2024-09-23 23:47:17,508: saved causal model in: models_save/cfpup.pt
2024-09-23 23:47:17,536: =========== evaluation for cfp_up predictor ================: {'F1-score': 0.49671219018715224, 'Accuracy': 0.6704206690957271}
2024-09-23 23:47:17,549: Epoch: 0001, loss_train: 740.6496, loss_test: nan, time: 0.0099s
2024-09-23 23:47:17,606: saved VAE model in: models_save/vae.pt
2024-09-23 23:47:17,624: constant
2024-09-23 23:47:17,624: {'MMD': {'0_1': 0.0, '0_2': 0.0, '1_2': 0.0, 'Average': 0.0}, 'Wass': {'0_1': 0.6330673694610596, '0_2': 0.6330673694610596, '1_2': 0.6330673694610596, 'Average': 0.6330673694610596}}
2024-09-23 23:47:17,637: full
2024-09-23 23:47:17,637: {'MMD': {'0_1': 1010.2383422851562, '0_2': 5639.2099609375, '1_2': 1875.7928466796875, 'Average': 2841.7470499674478}, 'Wass': {'0_1': 18.810914993286133, '0_2': 46.024017333984375, '1_2': 26.58342742919922, 'Average': 30.47278658548991}}
2024-09-23 23:47:17,651: unaware
2024-09-23 23:47:17,651: {'MMD': {'0_1': 1326.2701416015625, '0_2': 7197.11279296875, '1_2': 2344.2841796875, 'Average': 3622.555704752604}, 'Wass': {'0_1': 22.154172897338867, '0_2': 51.72901153564453, '1_2': 29.921024322509766, 'Average': 34.60140291849772}}
2024-09-23 23:47:17,662: cfpu
2024-09-23 23:47:17,662: {'MMD': {'0_1': 49.641136169433594, '0_2': 303.60919189453125, '1_2': 107.71820831298828, 'Average': 153.65617879231772}, 'Wass': {'0_1': 5.6657891273498535, '0_2': 6.438350677490234, '1_2': 5.769550800323486, 'Average': 5.957896868387858}}
2024-09-23 23:47:17,680: cfpup
2024-09-23 23:47:17,680: {'MMD': {'0_1': 48.27614974975586, '0_2': 280.92132568359375, '1_2': 96.28719329833984, 'Average': 141.82822291056314}, 'Wass': {'0_1': 4.887887477874756, '0_2': 6.233120918273926, '1_2': 5.172850131988525, 'Average': 5.431286176045735}}
