2024-09-24 00:11:34,253: Namespace(cudanum=4, dataset='adult', synthetic=1, seed=50, training=1, pyromodel='models_save/cfpup.pt', pyroparam='models_save/cfpup_param.pt', lrcausalmodel=0.001, alpha=15000.0, num_iterations_causalmodel=20000, epochs_vae=10, decoder_type='together', lr=0.002)
2024-09-24 00:11:34,254: Namespace(cudanum=4, dataset='adult', synthetic=1, seed=50, training=1, pyromodel='models_save/cfpup.pt', pyroparam='models_save/cfpup_param.pt', lrcausalmodel=0.001, alpha=15000.0, num_iterations_causalmodel=20000, epochs_vae=10, decoder_type='together', lr=0.002)
2024-09-24 00:11:34,426: =========== evaluation for constant predictor ================: {'F1-score': 0.0, 'Accuracy': 0.7479297780722094}
2024-09-24 00:11:34,570: =========== evaluation for full predictor ================: {'F1-score': 0.631578947368421, 'Accuracy': 0.7658164955283207}
2024-09-24 00:11:34,706: =========== evaluation for unaware predictor ================: {'F1-score': 0.6308654848800834, 'Accuracy': 0.7654852600198742}
2024-09-24 00:11:37,513: [iteration 0001] loss: 1230.2366
2024-09-24 00:12:24,310: [iteration 1001] loss: 664.1250
2024-09-24 00:13:10,719: [iteration 2001] loss: 347.4303
2024-09-24 00:13:48,437: [iteration 3001] loss: 193.0704
2024-09-24 00:14:21,789: [iteration 4001] loss: 132.1601
2024-09-24 00:14:55,501: [iteration 5001] loss: 110.5378
2024-09-24 00:15:28,899: [iteration 6001] loss: 99.0102
2024-09-24 00:16:02,631: [iteration 7001] loss: 90.0419
2024-09-24 00:16:36,716: [iteration 8001] loss: 82.7015
2024-09-24 00:17:00,397: [iteration 9001] loss: 76.6208
2024-09-24 00:17:20,956: [iteration 10001] loss: 71.6938
2024-09-24 00:17:42,365: [iteration 11001] loss: 67.6263
2024-09-24 00:18:05,989: [iteration 12001] loss: 64.3714
2024-09-24 00:18:25,202: [iteration 13001] loss: 61.7784
2024-09-24 00:18:47,239: [iteration 14001] loss: 59.6589
2024-09-24 00:19:08,478: [iteration 15001] loss: 57.9294
2024-09-24 00:19:29,928: [iteration 16001] loss: 56.4512
2024-09-24 00:19:51,690: [iteration 17001] loss: 55.2183
2024-09-24 00:20:12,515: [iteration 18001] loss: 54.1779
2024-09-24 00:20:29,524: [iteration 19001] loss: 53.3192
2024-09-24 00:20:46,526: saved causal model in: models_save/cfpup.pt
2024-09-24 00:20:46,567: =========== evaluation for cfp_u predictor ================: {'F1-score': 0.5172074729596854, 'Accuracy': 0.6747267307055317}
2024-09-24 00:20:46,605: elbo_loss:29815190.0, custom_loss:3364.122802734375
2024-09-24 00:20:46,615: [iteration 0001] loss: 1234.8761
2024-09-24 00:21:12,202: elbo_loss:13930933.0, custom_loss:9041.4091796875
2024-09-24 00:21:37,804: elbo_loss:5023029.0, custom_loss:13440.6416015625
2024-09-24 00:22:03,607: elbo_loss:2079535.375, custom_loss:16058.7783203125
2024-09-24 00:22:29,526: elbo_loss:1258981.0, custom_loss:18192.251953125
2024-09-24 00:22:55,385: elbo_loss:887823.0, custom_loss:20252.869140625
2024-09-24 00:23:21,193: elbo_loss:678211.875, custom_loss:20984.212890625
2024-09-24 00:23:46,940: elbo_loss:560747.625, custom_loss:20861.005859375
2024-09-24 00:24:12,697: elbo_loss:487663.3125, custom_loss:20343.58203125
2024-09-24 00:24:38,381: elbo_loss:441216.9375, custom_loss:19485.763671875
2024-09-24 00:25:03,879: elbo_loss:411316.8125, custom_loss:18747.50390625
2024-09-24 00:25:03,887: [iteration 10001] loss: 17.8103
2024-09-24 00:25:29,245: elbo_loss:392402.96875, custom_loss:18243.416015625
2024-09-24 00:25:54,541: elbo_loss:380196.0625, custom_loss:17701.697265625
2024-09-24 00:26:19,248: elbo_loss:372764.03125, custom_loss:17179.169921875
2024-09-24 00:26:43,483: elbo_loss:367567.9375, custom_loss:16517.58203125
2024-09-24 00:27:07,659: elbo_loss:364588.09375, custom_loss:16119.818359375
2024-09-24 00:27:31,916: elbo_loss:363009.875, custom_loss:15324.087890625
2024-09-24 00:27:56,024: elbo_loss:362391.59375, custom_loss:15032.2294921875
2024-09-24 00:28:19,849: elbo_loss:361740.46875, custom_loss:14684.89453125
2024-09-24 00:28:43,873: elbo_loss:361476.0, custom_loss:14465.201171875
2024-09-24 00:29:07,899: saved causal model in: models_save/cfpup.pt
2024-09-24 00:29:07,921: =========== evaluation for cfp_up predictor ================: {'F1-score': 0.5144278606965174, 'Accuracy': 0.6767141437562106}
2024-09-24 00:29:07,946: Epoch: 0001, loss_train: 583.3540, loss_test: nan, time: 0.0235s
2024-09-24 00:29:07,983: saved VAE model in: models_save/vae.pt
2024-09-24 00:29:07,996: constant
2024-09-24 00:29:07,996: {'MMD': {'0_1': 0.0, '0_2': 0.0, '1_2': 0.0, 'Average': 0.0}, 'Wass': {'0_1': 0.6330673694610596, '0_2': 0.6330673694610596, '1_2': 0.6330673694610596, 'Average': 0.6330673694610596}}
2024-09-24 00:29:08,004: full
2024-09-24 00:29:08,004: {'MMD': {'0_1': 0.06642387807369232, '0_2': 0.29317936301231384, '1_2': 0.08050389587879181, 'Average': 0.146702378988266}, 'Wass': {'0_1': 0.6971809267997742, '0_2': 0.7682305574417114, '1_2': 0.6985702514648438, 'Average': 0.7213272452354431}}
2024-09-24 00:29:08,012: unaware
2024-09-24 00:29:08,012: {'MMD': {'0_1': 0.004918193444609642, '0_2': 0.00744968606159091, '1_2': 0.0002618483849801123, 'Average': 0.004209909297060221}, 'Wass': {'0_1': 0.6754190921783447, '0_2': 0.6774272918701172, '1_2': 0.6750182509422302, 'Average': 0.6759548783302307}}
2024-09-24 00:29:08,019: cfpu
2024-09-24 00:29:08,019: {'MMD': {'0_1': 4.2016143798828125, '0_2': 2.722911834716797, '1_2': 0.15972739458084106, 'Average': 2.3614178697268167}, 'Wass': {'0_1': 3.841867208480835, '0_2': 3.895540475845337, '1_2': 3.8625543117523193, 'Average': 3.8666539986928306}}
2024-09-24 00:29:08,025: cfpup
2024-09-24 00:29:08,026: {'MMD': {'0_1': 3.781050443649292, '0_2': 1.5167182683944702, '1_2': 0.5082850456237793, 'Average': 1.9353512525558472}, 'Wass': {'0_1': 3.3904869556427, '0_2': 3.4048352241516113, '1_2': 3.294600486755371, 'Average': 3.363307555516561}}
