2024-09-23 22:52:00,586: Namespace(cudanum=0, dataset='law', synthetic=1, seed=50, training=1, pyromodel='models_save/cfpup.pt', pyroparam='models_save/cfpup_param.pt', lrcausalmodel=0.001, alpha=-5000.0, num_iterations_causalmodel=20000, epochs_vae=10, decoder_type='together', lr=0.002)
2024-09-23 22:52:00,588: Namespace(cudanum=0, dataset='law', synthetic=1, seed=50, training=1, pyromodel='models_save/cfpup.pt', pyroparam='models_save/cfpup_param.pt', lrcausalmodel=0.001, alpha=-5000.0, num_iterations_causalmodel=20000, epochs_vae=10, decoder_type='together', lr=0.002)
2024-09-23 22:52:00,627: =========== evaluation for constant predictor ================: {'RMSE': 0.9218197901142571, 'MAE': 0.7359503518763207}
2024-09-23 22:52:00,630: =========== evaluation for full predictor ================: {'RMSE': 0.8688112374892244, 'MAE': 0.7003106479543398}
2024-09-23 22:52:00,632: =========== evaluation for unaware predictor ================: {'RMSE': 0.8813496379949248, 'MAE': 0.708820682441671}
2024-09-23 22:52:04,498: [iteration 0001] loss: 138.5821
2024-09-23 22:53:42,933: [iteration 1001] loss: 20.4735
2024-09-23 22:55:24,463: [iteration 2001] loss: 11.2897
2024-09-23 22:56:42,561: [iteration 3001] loss: 10.5234
2024-09-23 22:56:57,847: [iteration 4001] loss: 10.3778
2024-09-23 22:57:12,412: [iteration 5001] loss: 10.2690
2024-09-23 22:57:26,999: [iteration 6001] loss: 10.1395
2024-09-23 22:57:41,539: [iteration 7001] loss: 9.9673
2024-09-23 22:57:56,040: [iteration 8001] loss: 9.6988
2024-09-23 22:58:10,563: [iteration 9001] loss: 9.2359
2024-09-23 22:58:25,095: [iteration 10001] loss: 8.3417
2024-09-23 22:58:39,616: [iteration 11001] loss: 7.4356
2024-09-23 22:58:54,135: [iteration 12001] loss: 7.0831
2024-09-23 22:59:08,665: [iteration 13001] loss: 6.9111
2024-09-23 22:59:23,144: [iteration 14001] loss: 6.8162
2024-09-23 22:59:37,682: [iteration 15001] loss: 6.7642
2024-09-23 22:59:52,208: [iteration 16001] loss: 6.7362
2024-09-23 23:00:06,730: [iteration 17001] loss: 6.7166
2024-09-23 23:00:21,230: [iteration 18001] loss: 6.7067
2024-09-23 23:00:35,759: [iteration 19001] loss: 6.7013
2024-09-23 23:00:50,263: saved causal model in: models_save/cfpup.pt
2024-09-23 23:00:50,272: =========== evaluation for cfp_u predictor ================: {'RMSE': 0.9065620331664285, 'MAE': 0.724984163986291}
2024-09-23 23:00:50,323: elbo_loss:2341002.0, custom_loss:-1127.771240234375
2024-09-23 23:00:50,331: [iteration 0001] loss: 143.2956
2024-09-23 23:01:15,798: elbo_loss:229011.5, custom_loss:-27807.9921875
2024-09-23 23:01:41,245: elbo_loss:189164.921875, custom_loss:-72516.90625
2024-09-23 23:02:06,682: elbo_loss:162684.5, custom_loss:-135309.8125
2024-09-23 23:02:32,139: elbo_loss:152405.359375, custom_loss:-216831.765625
2024-09-23 23:02:57,633: elbo_loss:139222.78125, custom_loss:-316204.875
2024-09-23 23:03:22,950: elbo_loss:129360.90625, custom_loss:-430919.375
2024-09-23 23:03:47,916: elbo_loss:122844.15625, custom_loss:-563605.125
2024-09-23 23:04:12,818: elbo_loss:119245.671875, custom_loss:-719052.375
2024-09-23 23:04:37,793: elbo_loss:117601.9609375, custom_loss:-894637.3125
2024-09-23 23:05:02,772: elbo_loss:116948.9609375, custom_loss:-1092294.375
2024-09-23 23:05:02,778: [iteration 10001] loss: -59.7309
2024-09-23 23:05:31,279: elbo_loss:116650.953125, custom_loss:-1316322.0
2024-09-23 23:06:02,839: elbo_loss:116391.234375, custom_loss:-1562867.0
2024-09-23 23:06:34,421: elbo_loss:116393.5390625, custom_loss:-1845490.75
2024-09-23 23:07:06,107: elbo_loss:116473.6640625, custom_loss:-2150731.75
2024-09-23 23:07:37,825: elbo_loss:116333.90625, custom_loss:-2494248.75
2024-09-23 23:08:09,523: elbo_loss:116497.4765625, custom_loss:-2854826.75
2024-09-23 23:08:41,279: elbo_loss:116466.2890625, custom_loss:-3265223.0
2024-09-23 23:09:13,012: elbo_loss:116375.515625, custom_loss:-3700503.0
2024-09-23 23:09:44,729: elbo_loss:116470.359375, custom_loss:-4164829.0
2024-09-23 23:10:16,476: saved causal model in: models_save/cfpup.pt
2024-09-23 23:10:16,482: =========== evaluation for cfp_up predictor ================: {'RMSE': 0.8848239464779494, 'MAE': 0.7099629707559286}
2024-09-23 23:10:16,505: Epoch: 0001, loss_train: 112.0210, loss_test: 109.1450, time: 0.0141s
2024-09-23 23:10:16,548: saved VAE model in: models_save/vae.pt
2024-09-23 23:10:16,569: constant
2024-09-23 23:10:16,569: {'MMD': {'0_1': 0.0, '0_2': 0.0, '1_2': 0.0, 'Average': 0.0}, 'Wass': {'0_1': 0.6330674886703491, '0_2': 0.6330674886703491, '1_2': 0.6330674886703491, 'Average': 0.6330674886703491}}
2024-09-23 23:10:16,582: full
2024-09-23 23:10:16,582: {'MMD': {'0_1': 7669.060546875, '0_2': 30680.513671875, '1_2': 7671.19775390625, 'Average': 15340.25732421875}, 'Wass': {'0_1': 52.69199752807617, '0_2': 105.28740692138672, '1_2': 52.69917297363281, 'Average': 70.22619247436523}}
2024-09-23 23:10:16,595: unaware
2024-09-23 23:10:16,595: {'MMD': {'0_1': 719.7954711914062, '0_2': 2877.697998046875, '1_2': 719.0536499023438, 'Average': 1438.8490397135417}, 'Wass': {'0_1': 16.219568252563477, '0_2': 32.34120559692383, '1_2': 16.22198486328125, 'Average': 21.594252904256184}}
2024-09-23 23:10:16,606: cfpu
2024-09-23 23:10:16,606: {'MMD': {'0_1': 0.07481768727302551, '0_2': 0.07303771376609802, '1_2': 0.2957001030445099, 'Average': 0.14785183469454447}, 'Wass': {'0_1': 3.5279650688171387, '0_2': 3.5290703773498535, '1_2': 3.563894033432007, 'Average': 3.5403098265329995}}
2024-09-23 23:10:16,618: cfpup
2024-09-23 23:10:16,618: {'MMD': {'0_1': 0.22231464087963104, '0_2': 0.21703477203845978, '1_2': 0.8786671161651611, 'Average': 0.43933884302775067}, 'Wass': {'0_1': 5.858061790466309, '0_2': 5.858034133911133, '1_2': 5.918889045715332, 'Average': 5.878328323364258}}
