2024-09-23 22:52:00,740: Namespace(cudanum=5, dataset='law', synthetic=1, seed=51, training=1, pyromodel='models_save/cfpup.pt', pyroparam='models_save/cfpup_param.pt', lrcausalmodel=0.001, alpha=0.0, num_iterations_causalmodel=20000, epochs_vae=10, decoder_type='together', lr=0.002)
2024-09-23 22:52:00,742: Namespace(cudanum=5, dataset='law', synthetic=1, seed=51, training=1, pyromodel='models_save/cfpup.pt', pyroparam='models_save/cfpup_param.pt', lrcausalmodel=0.001, alpha=0.0, num_iterations_causalmodel=20000, epochs_vae=10, decoder_type='together', lr=0.002)
2024-09-23 22:52:00,774: =========== evaluation for constant predictor ================: {'RMSE': 0.9165065931854675, 'MAE': 0.7382822818910539}
2024-09-23 22:52:00,777: =========== evaluation for full predictor ================: {'RMSE': 0.8616290672684878, 'MAE': 0.6912660632121225}
2024-09-23 22:52:00,779: =========== evaluation for unaware predictor ================: {'RMSE': 0.8731503900374782, 'MAE': 0.7014632909714762}
2024-09-23 22:52:02,381: [iteration 0001] loss: 138.5914
2024-09-23 22:52:18,793: [iteration 1001] loss: 20.3986
2024-09-23 22:52:33,942: [iteration 2001] loss: 11.2947
2024-09-23 22:52:48,221: [iteration 3001] loss: 10.5161
2024-09-23 22:53:02,383: [iteration 4001] loss: 10.3777
2024-09-23 22:53:18,156: [iteration 5001] loss: 10.2696
2024-09-23 22:53:31,503: [iteration 6001] loss: 10.1399
2024-09-23 22:53:45,904: [iteration 7001] loss: 9.9647
2024-09-23 22:54:00,178: [iteration 8001] loss: 9.6983
2024-09-23 22:54:14,286: [iteration 9001] loss: 9.2370
2024-09-23 22:54:29,875: [iteration 10001] loss: 8.3439
2024-09-23 22:54:45,402: [iteration 11001] loss: 7.4383
2024-09-23 22:55:04,534: [iteration 12001] loss: 7.0852
2024-09-23 22:55:23,366: [iteration 13001] loss: 6.9142
2024-09-23 22:55:43,418: [iteration 14001] loss: 6.8191
2024-09-23 22:56:00,236: [iteration 15001] loss: 6.7655
2024-09-23 22:56:15,273: [iteration 16001] loss: 6.7338
2024-09-23 22:56:30,077: [iteration 17001] loss: 6.7177
2024-09-23 22:56:44,752: [iteration 18001] loss: 6.7067
2024-09-23 22:57:00,282: [iteration 19001] loss: 6.7007
2024-09-23 22:57:15,283: saved causal model in: models_save/cfpup.pt
2024-09-23 22:57:15,292: =========== evaluation for cfp_u predictor ================: {'RMSE': 0.9041357630711065, 'MAE': 0.7235046259865502}
2024-09-23 22:57:15,315: elbo_loss:2340797.5, custom_loss:0.0
2024-09-23 22:57:15,322: [iteration 0001] loss: 143.3522
2024-09-23 22:57:41,621: elbo_loss:228811.6875, custom_loss:0.0
2024-09-23 22:58:08,485: elbo_loss:189342.8125, custom_loss:0.0
2024-09-23 22:58:34,554: elbo_loss:163125.578125, custom_loss:0.0
2024-09-23 22:59:00,689: elbo_loss:151414.84375, custom_loss:0.0
2024-09-23 22:59:27,362: elbo_loss:140826.671875, custom_loss:0.0
2024-09-23 22:59:53,701: elbo_loss:132650.78125, custom_loss:0.0
2024-09-23 23:00:19,829: elbo_loss:126104.15625, custom_loss:0.0
2024-09-23 23:00:46,663: elbo_loss:121306.4921875, custom_loss:0.0
2024-09-23 23:01:12,866: elbo_loss:118449.984375, custom_loss:0.0
2024-09-23 23:01:39,285: elbo_loss:116897.390625, custom_loss:0.0
2024-09-23 23:01:39,291: [iteration 10001] loss: 7.1589
2024-09-23 23:02:05,399: elbo_loss:115937.78125, custom_loss:0.0
2024-09-23 23:02:31,858: elbo_loss:115342.8515625, custom_loss:0.0
2024-09-23 23:02:58,096: elbo_loss:114870.6875, custom_loss:0.0
2024-09-23 23:03:24,684: elbo_loss:114565.1484375, custom_loss:0.0
2024-09-23 23:03:50,999: elbo_loss:114287.5703125, custom_loss:0.0
2024-09-23 23:04:17,588: elbo_loss:114172.453125, custom_loss:0.0
2024-09-23 23:04:43,894: elbo_loss:114043.1640625, custom_loss:0.0
2024-09-23 23:05:10,202: elbo_loss:113987.4921875, custom_loss:0.0
2024-09-23 23:05:42,935: elbo_loss:113893.421875, custom_loss:0.0
2024-09-23 23:06:16,719: saved causal model in: models_save/cfpup.pt
2024-09-23 23:06:16,724: =========== evaluation for cfp_up predictor ================: {'RMSE': 0.8813985316961198, 'MAE': 0.708963729139859}
2024-09-23 23:06:16,737: Epoch: 0001, loss_train: 250.4003, loss_test: 242.8265, time: 0.0097s
2024-09-23 23:06:16,787: saved VAE model in: models_save/vae.pt
2024-09-23 23:06:16,813: constant
2024-09-23 23:06:16,813: {'MMD': {'0_1': 0.0, '0_2': 0.0, '1_2': 0.0, 'Average': 0.0}, 'Wass': {'0_1': 0.6330674886703491, '0_2': 0.6330674886703491, '1_2': 0.6330674886703491, 'Average': 0.6330674886703491}}
2024-09-23 23:06:16,824: full
2024-09-23 23:06:16,824: {'MMD': {'0_1': 12525.775390625, '0_2': 50103.1015625, '1_2': 12525.775390625, 'Average': 25051.55078125}, 'Wass': {'0_1': 67.25402069091797, '0_2': 134.46763610839844, '1_2': 67.25397491455078, 'Average': 89.65854390462239}}
2024-09-23 23:06:16,834: unaware
2024-09-23 23:06:16,834: {'MMD': {'0_1': 0.0001018697366816923, '0_2': 0.0004106936976313591, '1_2': 0.00010348029172746465, 'Average': 0.00020534790868017203}, 'Wass': {'0_1': 0.6709677577018738, '0_2': 0.671151876449585, '1_2': 0.6709335446357727, 'Average': 0.6710177262624105}}
2024-09-23 23:06:16,844: cfpu
2024-09-23 23:06:16,844: {'MMD': {'0_1': 6.442885933211073e-05, '0_2': 0.00016371537640225142, '1_2': 2.2737367544323206e-05, 'Average': 8.362720109289512e-05}, 'Wass': {'0_1': 7.587613105773926, '0_2': 7.588456630706787, '1_2': 7.588405132293701, 'Average': 7.588158289591472}}
2024-09-23 23:06:16,864: cfpup
2024-09-23 23:06:16,864: {'MMD': {'0_1': 0.00015370460459962487, '0_2': 0.00040108716348186135, '1_2': 5.820766091346741e-05, 'Average': 0.00020433314299831787}, 'Wass': {'0_1': 11.748273849487305, '0_2': 11.749755859375, '1_2': 11.74974250793457, 'Average': 11.749257405598959}}
