2024-09-23 23:05:13,481: Namespace(cudanum=7, dataset='law', synthetic=1, seed=53, training=1, pyromodel='models_save/cfpup.pt', pyroparam='models_save/cfpup_param.pt', lrcausalmodel=0.001, alpha=10000.0, num_iterations_causalmodel=20000, epochs_vae=10, decoder_type='together', lr=0.002)
2024-09-23 23:05:13,483: Namespace(cudanum=7, dataset='law', synthetic=1, seed=53, training=1, pyromodel='models_save/cfpup.pt', pyroparam='models_save/cfpup_param.pt', lrcausalmodel=0.001, alpha=10000.0, num_iterations_causalmodel=20000, epochs_vae=10, decoder_type='together', lr=0.002)
2024-09-23 23:05:13,518: =========== evaluation for constant predictor ================: {'RMSE': 0.9324225082657746, 'MAE': 0.7516095706256555}
2024-09-23 23:05:13,522: =========== evaluation for full predictor ================: {'RMSE': 0.8802753975493797, 'MAE': 0.7099425986240434}
2024-09-23 23:05:13,524: =========== evaluation for unaware predictor ================: {'RMSE': 0.8905317575182867, 'MAE': 0.7188799247202043}
2024-09-23 23:05:15,597: [iteration 0001] loss: 138.5853
2024-09-23 23:05:31,084: [iteration 1001] loss: 20.5103
2024-09-23 23:05:44,786: [iteration 2001] loss: 11.2809
2024-09-23 23:05:58,426: [iteration 3001] loss: 10.5171
2024-09-23 23:06:11,935: [iteration 4001] loss: 10.3750
2024-09-23 23:06:24,572: [iteration 5001] loss: 10.2697
2024-09-23 23:06:39,398: [iteration 6001] loss: 10.1422
2024-09-23 23:06:53,274: [iteration 7001] loss: 9.9624
2024-09-23 23:07:07,080: [iteration 8001] loss: 9.7002
2024-09-23 23:07:20,508: [iteration 9001] loss: 9.2330
2024-09-23 23:07:33,913: [iteration 10001] loss: 8.3409
2024-09-23 23:07:45,082: [iteration 11001] loss: 7.4340
2024-09-23 23:08:01,245: [iteration 12001] loss: 7.0868
2024-09-23 23:08:14,832: [iteration 13001] loss: 6.9100
2024-09-23 23:08:28,553: [iteration 14001] loss: 6.8184
2024-09-23 23:08:41,965: [iteration 15001] loss: 6.7635
2024-09-23 23:08:55,382: [iteration 16001] loss: 6.7355
2024-09-23 23:09:08,208: [iteration 17001] loss: 6.7177
2024-09-23 23:09:23,299: [iteration 18001] loss: 6.7066
2024-09-23 23:09:37,068: [iteration 19001] loss: 6.7006
2024-09-23 23:09:50,734: saved causal model in: models_save/cfpup.pt
2024-09-23 23:09:50,742: =========== evaluation for cfp_u predictor ================: {'RMSE': 0.924496471238705, 'MAE': 0.7424087763252238}
2024-09-23 23:09:50,777: elbo_loss:2340415.75, custom_loss:2226.166015625
2024-09-23 23:09:50,784: [iteration 0001] loss: 143.4651
2024-09-23 23:10:13,781: elbo_loss:228917.21875, custom_loss:2802.490966796875
2024-09-23 23:10:38,339: elbo_loss:190233.125, custom_loss:2566.144775390625
2024-09-23 23:11:01,748: elbo_loss:164748.9375, custom_loss:4275.06005859375
2024-09-23 23:11:23,939: elbo_loss:153057.484375, custom_loss:5018.2841796875
2024-09-23 23:11:48,788: elbo_loss:142585.15625, custom_loss:5106.9521484375
2024-09-23 23:12:12,309: elbo_loss:134594.1875, custom_loss:5251.7548828125
2024-09-23 23:12:34,307: elbo_loss:128411.9375, custom_loss:5300.517578125
2024-09-23 23:13:00,004: elbo_loss:123598.1796875, custom_loss:5154.84521484375
2024-09-23 23:13:23,578: elbo_loss:120575.3828125, custom_loss:5286.6728515625
2024-09-23 23:13:45,603: elbo_loss:119017.6484375, custom_loss:5235.82177734375
2024-09-23 23:13:45,609: [iteration 10001] loss: 7.6094
2024-09-23 23:14:10,759: elbo_loss:118125.1640625, custom_loss:5245.17041015625
2024-09-23 23:14:34,431: elbo_loss:117549.078125, custom_loss:5259.404296875
2024-09-23 23:14:58,184: elbo_loss:117008.96875, custom_loss:5161.62744140625
2024-09-23 23:15:22,011: elbo_loss:116636.8125, custom_loss:5260.169921875
2024-09-23 23:15:45,584: elbo_loss:116312.9375, custom_loss:5191.376953125
2024-09-23 23:16:09,255: elbo_loss:116230.5703125, custom_loss:5194.1357421875
2024-09-23 23:16:32,963: elbo_loss:116079.78125, custom_loss:5103.77490234375
2024-09-23 23:16:54,755: elbo_loss:116080.3359375, custom_loss:5267.70068359375
2024-09-23 23:17:20,514: elbo_loss:115949.6953125, custom_loss:5280.26416015625
2024-09-23 23:17:44,302: saved causal model in: models_save/cfpup.pt
2024-09-23 23:17:44,307: =========== evaluation for cfp_up predictor ================: {'RMSE': 0.9040914919993487, 'MAE': 0.7258767792811649}
2024-09-23 23:17:44,318: Epoch: 0001, loss_train: 137.1299, loss_test: 137.6061, time: 0.0097s
2024-09-23 23:17:44,365: saved VAE model in: models_save/vae.pt
2024-09-23 23:17:44,377: constant
2024-09-23 23:17:44,377: {'MMD': {'0_1': 0.0, '0_2': 0.0, '1_2': 0.0, 'Average': 0.0}, 'Wass': {'0_1': 0.6330674886703491, '0_2': 0.6330674886703491, '1_2': 0.6330674886703491, 'Average': 0.6330674886703491}}
2024-09-23 23:17:44,396: full
2024-09-23 23:17:44,396: {'MMD': {'0_1': 12320.8564453125, '0_2': 49651.07421875, '1_2': 12505.0244140625, 'Average': 24825.651692708332}, 'Wass': {'0_1': 66.9579849243164, '0_2': 134.01242065429688, '1_2': 67.32930755615234, 'Average': 89.43323771158855}}
2024-09-23 23:17:44,404: unaware
2024-09-23 23:17:44,404: {'MMD': {'0_1': 2.4354991912841797, '0_2': 4.814365386962891, '1_2': 0.401395320892334, 'Average': 2.5504199663798013}, 'Wass': {'0_1': 1.3744215965270996, '0_2': 1.7066633701324463, '1_2': 0.9265406131744385, 'Average': 1.3358751932779949}}
2024-09-23 23:17:44,412: cfpu
2024-09-23 23:17:44,412: {'MMD': {'0_1': 21.149795532226562, '0_2': 45.26074981689453, '1_2': 4.531450271606445, 'Average': 23.647331873575848}, 'Wass': {'0_1': 5.955292701721191, '0_2': 6.032321453094482, '1_2': 5.9794230461120605, 'Average': 5.989012400309245}}
2024-09-23 23:17:44,418: cfpup
2024-09-23 23:17:44,419: {'MMD': {'0_1': 55.25239562988281, '0_2': 118.2403793334961, '1_2': 11.838029861450195, 'Average': 61.7769349416097}, 'Wass': {'0_1': 9.480311393737793, '0_2': 9.606049537658691, '1_2': 9.521066665649414, 'Average': 9.535809199015299}}
