2024-09-23 23:05:13,423: Namespace(cudanum=3, dataset='law', synthetic=1, seed=53, training=1, pyromodel='models_save/cfpup.pt', pyroparam='models_save/cfpup_param.pt', lrcausalmodel=0.001, alpha=5000.0, num_iterations_causalmodel=20000, epochs_vae=10, decoder_type='together', lr=0.002)
2024-09-23 23:05:13,425: Namespace(cudanum=3, dataset='law', synthetic=1, seed=53, training=1, pyromodel='models_save/cfpup.pt', pyroparam='models_save/cfpup_param.pt', lrcausalmodel=0.001, alpha=5000.0, num_iterations_causalmodel=20000, epochs_vae=10, decoder_type='together', lr=0.002)
2024-09-23 23:05:13,453: =========== evaluation for constant predictor ================: {'RMSE': 0.9324225082657746, 'MAE': 0.7516095706256555}
2024-09-23 23:05:13,457: =========== evaluation for full predictor ================: {'RMSE': 0.8802753975493797, 'MAE': 0.7099425986240434}
2024-09-23 23:05:13,459: =========== evaluation for unaware predictor ================: {'RMSE': 0.8905317575182867, 'MAE': 0.7188799247202043}
2024-09-23 23:05:15,315: [iteration 0001] loss: 138.5853
2024-09-23 23:05:22,781: [iteration 1001] loss: 20.5103
2024-09-23 23:05:30,211: [iteration 2001] loss: 11.2809
2024-09-23 23:05:37,666: [iteration 3001] loss: 10.5171
2024-09-23 23:05:45,092: [iteration 4001] loss: 10.3750
2024-09-23 23:05:52,518: [iteration 5001] loss: 10.2697
2024-09-23 23:05:59,916: [iteration 6001] loss: 10.1422
2024-09-23 23:06:07,334: [iteration 7001] loss: 9.9624
2024-09-23 23:06:14,747: [iteration 8001] loss: 9.7002
2024-09-23 23:06:22,166: [iteration 9001] loss: 9.2330
2024-09-23 23:06:29,571: [iteration 10001] loss: 8.3409
2024-09-23 23:06:36,992: [iteration 11001] loss: 7.4340
2024-09-23 23:06:44,414: [iteration 12001] loss: 7.0868
2024-09-23 23:06:51,829: [iteration 13001] loss: 6.9100
2024-09-23 23:06:59,251: [iteration 14001] loss: 6.8184
2024-09-23 23:07:06,655: [iteration 15001] loss: 6.7635
2024-09-23 23:07:14,065: [iteration 16001] loss: 6.7355
2024-09-23 23:07:21,461: [iteration 17001] loss: 6.7177
2024-09-23 23:07:28,850: [iteration 18001] loss: 6.7066
2024-09-23 23:07:36,242: [iteration 19001] loss: 6.7006
2024-09-23 23:07:43,644: saved causal model in: models_save/cfpup.pt
2024-09-23 23:07:43,648: =========== evaluation for cfp_u predictor ================: {'RMSE': 0.924496471238705, 'MAE': 0.7424087763252238}
2024-09-23 23:07:43,662: elbo_loss:2340415.75, custom_loss:1113.0830078125
2024-09-23 23:07:43,668: [iteration 0001] loss: 143.3969
2024-09-23 23:07:56,508: elbo_loss:228717.0, custom_loss:1886.0513916015625
2024-09-23 23:08:09,383: elbo_loss:189634.15625, custom_loss:1499.63916015625
2024-09-23 23:08:22,257: elbo_loss:163762.265625, custom_loss:2614.29736328125
2024-09-23 23:08:35,106: elbo_loss:151956.109375, custom_loss:3259.935302734375
2024-09-23 23:08:47,971: elbo_loss:141384.375, custom_loss:3392.071044921875
2024-09-23 23:09:00,793: elbo_loss:133341.234375, custom_loss:3509.052978515625
2024-09-23 23:09:13,621: elbo_loss:127096.9140625, custom_loss:3557.177001953125
2024-09-23 23:09:26,476: elbo_loss:122279.875, custom_loss:3460.8173828125
2024-09-23 23:09:39,369: elbo_loss:119291.46875, custom_loss:3556.79931640625
2024-09-23 23:09:52,263: elbo_loss:117727.125, custom_loss:3522.683349609375
2024-09-23 23:09:52,268: [iteration 10001] loss: 7.4254
2024-09-23 23:10:05,162: elbo_loss:116813.015625, custom_loss:3527.22412109375
2024-09-23 23:10:18,033: elbo_loss:116224.984375, custom_loss:3535.757568359375
2024-09-23 23:10:30,975: elbo_loss:115709.6953125, custom_loss:3472.057861328125
2024-09-23 23:10:43,933: elbo_loss:115357.5546875, custom_loss:3539.72900390625
2024-09-23 23:10:56,819: elbo_loss:115064.4765625, custom_loss:3491.595703125
2024-09-23 23:11:09,733: elbo_loss:114962.484375, custom_loss:3493.896240234375
2024-09-23 23:11:22,632: elbo_loss:114806.8046875, custom_loss:3431.897705078125
2024-09-23 23:11:35,532: elbo_loss:114785.6796875, custom_loss:3539.129150390625
2024-09-23 23:11:48,394: elbo_loss:114680.0546875, custom_loss:3551.619384765625
2024-09-23 23:12:01,278: saved causal model in: models_save/cfpup.pt
2024-09-23 23:12:01,283: =========== evaluation for cfp_up predictor ================: {'RMSE': 0.9041083641399624, 'MAE': 0.7258891804496613}
2024-09-23 23:12:01,293: Epoch: 0001, loss_train: 135.0901, loss_test: 135.3015, time: 0.0086s
2024-09-23 23:12:01,330: saved VAE model in: models_save/vae.pt
2024-09-23 23:12:01,340: constant
2024-09-23 23:12:01,340: {'MMD': {'0_1': 0.0, '0_2': 0.0, '1_2': 0.0, 'Average': 0.0}, 'Wass': {'0_1': 0.6330674886703491, '0_2': 0.6330674886703491, '1_2': 0.6330674886703491, 'Average': 0.6330674886703491}}
2024-09-23 23:12:01,346: full
2024-09-23 23:12:01,346: {'MMD': {'0_1': 12320.908203125, '0_2': 49651.29296875, '1_2': 12505.0771484375, 'Average': 24825.759440104168}, 'Wass': {'0_1': 66.95814514160156, '0_2': 134.01268005371094, '1_2': 67.32939147949219, 'Average': 89.43340555826823}}
2024-09-23 23:12:01,351: unaware
2024-09-23 23:12:01,351: {'MMD': {'0_1': 2.434507131576538, '0_2': 4.812273025512695, '1_2': 0.40119391679763794, 'Average': 2.549324691295624}, 'Wass': {'0_1': 1.3742587566375732, '0_2': 1.7063572406768799, '1_2': 0.9263846278190613, 'Average': 1.3356668750445049}}
2024-09-23 23:12:01,357: cfpu
2024-09-23 23:12:01,357: {'MMD': {'0_1': 21.149845123291016, '0_2': 45.26082229614258, '1_2': 4.531450271606445, 'Average': 23.647372563680012}, 'Wass': {'0_1': 5.95530891418457, '0_2': 6.032357692718506, '1_2': 5.9794464111328125, 'Average': 5.98903767267863}}
2024-09-23 23:12:01,362: cfpup
2024-09-23 23:12:01,362: {'MMD': {'0_1': 55.175174713134766, '0_2': 118.07514190673828, '1_2': 11.821495056152344, 'Average': 61.69060389200846}, 'Wass': {'0_1': 9.473844528198242, '0_2': 9.599531173706055, '1_2': 9.514589309692383, 'Average': 9.529321670532227}}
