2024-09-23 23:05:13,254: Namespace(cudanum=2, dataset='law', synthetic=1, seed=52, training=1, pyromodel='models_save/cfpup.pt', pyroparam='models_save/cfpup_param.pt', lrcausalmodel=0.001, alpha=5000.0, num_iterations_causalmodel=20000, epochs_vae=10, decoder_type='together', lr=0.002)
2024-09-23 23:05:13,256: Namespace(cudanum=2, dataset='law', synthetic=1, seed=52, training=1, pyromodel='models_save/cfpup.pt', pyroparam='models_save/cfpup_param.pt', lrcausalmodel=0.001, alpha=5000.0, num_iterations_causalmodel=20000, epochs_vae=10, decoder_type='together', lr=0.002)
2024-09-23 23:05:13,288: =========== evaluation for constant predictor ================: {'RMSE': 0.9380202069098637, 'MAE': 0.7533386257686507}
2024-09-23 23:05:13,292: =========== evaluation for full predictor ================: {'RMSE': 0.8879168501592303, 'MAE': 0.7140008795976593}
2024-09-23 23:05:13,294: =========== evaluation for unaware predictor ================: {'RMSE': 0.9044340820794905, 'MAE': 0.7261595665285413}
2024-09-23 23:05:14,933: [iteration 0001] loss: 138.5773
2024-09-23 23:05:23,010: [iteration 1001] loss: 20.4856
2024-09-23 23:05:31,332: [iteration 2001] loss: 11.2865
2024-09-23 23:05:39,115: [iteration 3001] loss: 10.5169
2024-09-23 23:05:46,886: [iteration 4001] loss: 10.3776
2024-09-23 23:05:54,652: [iteration 5001] loss: 10.2702
2024-09-23 23:06:02,410: [iteration 6001] loss: 10.1403
2024-09-23 23:06:10,184: [iteration 7001] loss: 9.9658
2024-09-23 23:06:17,923: [iteration 8001] loss: 9.6995
2024-09-23 23:06:25,669: [iteration 9001] loss: 9.2351
2024-09-23 23:06:33,389: [iteration 10001] loss: 8.3388
2024-09-23 23:06:41,153: [iteration 11001] loss: 7.4358
2024-09-23 23:06:48,906: [iteration 12001] loss: 7.0835
2024-09-23 23:06:56,648: [iteration 13001] loss: 6.9114
2024-09-23 23:07:04,388: [iteration 14001] loss: 6.8170
2024-09-23 23:07:12,119: [iteration 15001] loss: 6.7654
2024-09-23 23:07:19,907: [iteration 16001] loss: 6.7352
2024-09-23 23:07:27,633: [iteration 17001] loss: 6.7173
2024-09-23 23:07:35,361: [iteration 18001] loss: 6.7066
2024-09-23 23:07:43,076: [iteration 19001] loss: 6.7005
2024-09-23 23:07:50,825: saved causal model in: models_save/cfpup.pt
2024-09-23 23:07:50,831: =========== evaluation for cfp_u predictor ================: {'RMSE': 0.9290422374936457, 'MAE': 0.7449951962405682}
2024-09-23 23:07:50,855: elbo_loss:2340609.25, custom_loss:1123.96142578125
2024-09-23 23:07:50,861: [iteration 0001] loss: 143.4095
2024-09-23 23:08:04,352: elbo_loss:229963.125, custom_loss:1853.050537109375
2024-09-23 23:08:17,837: elbo_loss:190402.484375, custom_loss:1462.7430419921875
2024-09-23 23:08:31,285: elbo_loss:164317.09375, custom_loss:2621.16845703125
2024-09-23 23:08:44,770: elbo_loss:152675.953125, custom_loss:3194.863525390625
2024-09-23 23:08:58,337: elbo_loss:141804.875, custom_loss:3406.47900390625
2024-09-23 23:09:11,915: elbo_loss:133482.015625, custom_loss:3487.5263671875
2024-09-23 23:09:25,503: elbo_loss:126980.9140625, custom_loss:3564.15234375
2024-09-23 23:09:39,045: elbo_loss:122037.40625, custom_loss:3500.767578125
2024-09-23 23:09:52,648: elbo_loss:119268.5234375, custom_loss:3423.330078125
2024-09-23 23:10:06,229: elbo_loss:117698.90625, custom_loss:3563.947021484375
2024-09-23 23:10:06,234: [iteration 10001] loss: 7.4262
2024-09-23 23:10:19,744: elbo_loss:116715.8671875, custom_loss:3486.158935546875
2024-09-23 23:10:33,245: elbo_loss:116159.9921875, custom_loss:3529.625
2024-09-23 23:10:46,741: elbo_loss:115640.859375, custom_loss:3549.005615234375
2024-09-23 23:11:00,239: elbo_loss:115315.71875, custom_loss:3486.390380859375
2024-09-23 23:11:13,906: elbo_loss:115196.046875, custom_loss:3485.882080078125
2024-09-23 23:11:27,520: elbo_loss:114920.328125, custom_loss:3490.025146484375
2024-09-23 23:11:41,020: elbo_loss:114844.4375, custom_loss:3488.09033203125
2024-09-23 23:11:54,441: elbo_loss:114747.1796875, custom_loss:3448.677734375
2024-09-23 23:12:07,881: elbo_loss:114700.9296875, custom_loss:3423.012451171875
2024-09-23 23:12:21,362: saved causal model in: models_save/cfpup.pt
2024-09-23 23:12:21,367: =========== evaluation for cfp_up predictor ================: {'RMSE': 0.9041682181145496, 'MAE': 0.7260810066480098}
2024-09-23 23:12:21,388: Epoch: 0001, loss_train: 259.3332, loss_test: 257.4779, time: 0.0148s
2024-09-23 23:12:21,426: saved VAE model in: models_save/vae.pt
2024-09-23 23:12:21,436: constant
2024-09-23 23:12:21,436: {'MMD': {'0_1': 0.0, '0_2': 0.0, '1_2': 0.0, 'Average': 0.0}, 'Wass': {'0_1': 0.6330674886703491, '0_2': 0.6330674886703491, '1_2': 0.6330674886703491, 'Average': 0.6330674886703491}}
2024-09-23 23:12:21,442: full
2024-09-23 23:12:21,443: {'MMD': {'0_1': 4079.73681640625, '0_2': 16245.25390625, '1_2': 4042.931884765625, 'Average': 8122.640869140625}, 'Wass': {'0_1': 38.94855499267578, '0_2': 76.85250854492188, '1_2': 38.80783462524414, 'Average': 51.53629938761393}}
2024-09-23 23:12:21,448: unaware
2024-09-23 23:12:21,448: {'MMD': {'0_1': 3228.240966796875, '0_2': 12986.4140625, '1_2': 3265.017578125, 'Average': 6493.224202473958}, 'Wass': {'0_1': 34.931819915771484, '0_2': 69.08935546875, '1_2': 35.23187255859375, 'Average': 46.41768264770508}}
2024-09-23 23:12:21,453: cfpu
2024-09-23 23:12:21,453: {'MMD': {'0_1': 0.022728584706783295, '0_2': 0.6374176144599915, '1_2': 0.4194173216819763, 'Average': 0.3598545069495837}, 'Wass': {'0_1': 4.975881576538086, '0_2': 5.000300407409668, '1_2': 5.184230804443359, 'Average': 5.053470929463704}}
2024-09-23 23:12:21,458: cfpup
2024-09-23 23:12:21,458: {'MMD': {'0_1': 0.06219330057501793, '0_2': 1.743985652923584, '1_2': 1.1475008726119995, 'Average': 0.9845599420368671}, 'Wass': {'0_1': 8.059395790100098, '0_2': 8.10166072845459, '1_2': 8.407773971557617, 'Average': 8.189610163370768}}
