2024-09-23 22:52:00,769: Namespace(cudanum=7, dataset='law', synthetic=1, seed=53, training=1, pyromodel='models_save/cfpup.pt', pyroparam='models_save/cfpup_param.pt', lrcausalmodel=0.001, alpha=0.0, num_iterations_causalmodel=20000, epochs_vae=10, decoder_type='together', lr=0.002)
2024-09-23 22:52:00,771: Namespace(cudanum=7, dataset='law', synthetic=1, seed=53, training=1, pyromodel='models_save/cfpup.pt', pyroparam='models_save/cfpup_param.pt', lrcausalmodel=0.001, alpha=0.0, num_iterations_causalmodel=20000, epochs_vae=10, decoder_type='together', lr=0.002)
2024-09-23 22:52:00,805: =========== evaluation for constant predictor ================: {'RMSE': 0.9324225082657746, 'MAE': 0.7516095706256555}
2024-09-23 22:52:00,809: =========== evaluation for full predictor ================: {'RMSE': 0.8802753975493797, 'MAE': 0.7099425986240434}
2024-09-23 22:52:00,811: =========== evaluation for unaware predictor ================: {'RMSE': 0.8905317575182867, 'MAE': 0.7188799247202043}
2024-09-23 22:52:02,547: [iteration 0001] loss: 138.5853
2024-09-23 22:52:17,965: [iteration 1001] loss: 20.5103
2024-09-23 22:52:32,914: [iteration 2001] loss: 11.2809
2024-09-23 22:52:47,566: [iteration 3001] loss: 10.5171
2024-09-23 22:53:01,322: [iteration 4001] loss: 10.3750
2024-09-23 22:53:13,936: [iteration 5001] loss: 10.2697
2024-09-23 22:53:29,479: [iteration 6001] loss: 10.1422
2024-09-23 22:53:43,497: [iteration 7001] loss: 9.9624
2024-09-23 22:53:57,482: [iteration 8001] loss: 9.7002
2024-09-23 22:54:11,144: [iteration 9001] loss: 9.2330
2024-09-23 22:54:24,430: [iteration 10001] loss: 8.3409
2024-09-23 22:54:37,229: [iteration 11001] loss: 7.4340
2024-09-23 22:54:51,026: [iteration 12001] loss: 7.0868
2024-09-23 22:55:05,252: [iteration 13001] loss: 6.9100
2024-09-23 22:55:19,440: [iteration 14001] loss: 6.8184
2024-09-23 22:55:33,258: [iteration 15001] loss: 6.7635
2024-09-23 22:55:47,986: [iteration 16001] loss: 6.7355
2024-09-23 22:56:02,407: [iteration 17001] loss: 6.7177
2024-09-23 22:56:16,799: [iteration 18001] loss: 6.7066
2024-09-23 22:56:31,018: [iteration 19001] loss: 6.7006
2024-09-23 22:56:45,044: saved causal model in: models_save/cfpup.pt
2024-09-23 22:56:45,050: =========== evaluation for cfp_u predictor ================: {'RMSE': 0.924496471238705, 'MAE': 0.7424087763252238}
2024-09-23 22:56:45,084: elbo_loss:2340415.75, custom_loss:0.0
2024-09-23 22:56:45,092: [iteration 0001] loss: 143.3288
2024-09-23 22:57:10,576: elbo_loss:228510.203125, custom_loss:0.0
2024-09-23 22:57:35,830: elbo_loss:189090.03125, custom_loss:0.0
2024-09-23 22:58:00,233: elbo_loss:162925.75, custom_loss:0.0
2024-09-23 22:58:26,315: elbo_loss:151192.5, custom_loss:0.0
2024-09-23 22:58:51,429: elbo_loss:140554.984375, custom_loss:0.0
2024-09-23 22:59:14,867: elbo_loss:132475.03125, custom_loss:0.0
2024-09-23 22:59:42,058: elbo_loss:126148.0234375, custom_loss:0.0
2024-09-23 23:00:07,227: elbo_loss:121350.7578125, custom_loss:0.0
2024-09-23 23:00:30,108: elbo_loss:118470.1875, custom_loss:0.0
2024-09-23 23:00:57,559: elbo_loss:116907.515625, custom_loss:0.0
2024-09-23 23:00:57,565: [iteration 10001] loss: 7.1595
2024-09-23 23:01:21,552: elbo_loss:115963.671875, custom_loss:0.0
2024-09-23 23:01:47,792: elbo_loss:115345.0078125, custom_loss:0.0
2024-09-23 23:02:12,835: elbo_loss:114888.578125, custom_loss:0.0
2024-09-23 23:02:38,230: elbo_loss:114584.3046875, custom_loss:0.0
2024-09-23 23:03:03,405: elbo_loss:114346.609375, custom_loss:0.0
2024-09-23 23:03:28,721: elbo_loss:114197.3046875, custom_loss:0.0
2024-09-23 23:03:53,866: elbo_loss:114041.5390625, custom_loss:0.0
2024-09-23 23:04:19,201: elbo_loss:113973.3203125, custom_loss:0.0
2024-09-23 23:04:44,460: elbo_loss:113918.296875, custom_loss:0.0
2024-09-23 23:05:09,517: saved causal model in: models_save/cfpup.pt
2024-09-23 23:05:09,523: =========== evaluation for cfp_up predictor ================: {'RMSE': 0.9041244422702592, 'MAE': 0.725894415892522}
2024-09-23 23:05:09,557: Epoch: 0001, loss_train: 133.0503, loss_test: 132.9977, time: 0.0243s
2024-09-23 23:05:09,606: saved VAE model in: models_save/vae.pt
2024-09-23 23:05:09,620: constant
2024-09-23 23:05:09,620: {'MMD': {'0_1': 0.0, '0_2': 0.0, '1_2': 0.0, 'Average': 0.0}, 'Wass': {'0_1': 0.6330674886703491, '0_2': 0.6330674886703491, '1_2': 0.6330674886703491, 'Average': 0.6330674886703491}}
2024-09-23 23:05:09,630: full
2024-09-23 23:05:09,630: {'MMD': {'0_1': 12337.4638671875, '0_2': 49706.1640625, '1_2': 12515.9404296875, 'Average': 24853.189453125}, 'Wass': {'0_1': 66.99763488769531, '0_2': 134.0792694091797, '1_2': 67.35274505615234, 'Average': 89.47654978434245}}
2024-09-23 23:05:09,648: unaware
2024-09-23 23:05:09,648: {'MMD': {'0_1': 2.1803646087646484, '0_2': 4.2250237464904785, '1_2': 0.3351024091243744, 'Average': 2.246830254793167}, 'Wass': {'0_1': 1.33420729637146, '0_2': 1.632655382156372, '1_2': 0.901436448097229, 'Average': 1.2894330422083538}}
2024-09-23 23:05:09,656: cfpu
2024-09-23 23:05:09,657: {'MMD': {'0_1': 21.149932861328125, '0_2': 45.260955810546875, '1_2': 4.531450271606445, 'Average': 23.647446314493816}, 'Wass': {'0_1': 5.961521148681641, '0_2': 6.044405937194824, '1_2': 5.98927640914917, 'Average': 5.998401165008545}}
2024-09-23 23:05:09,665: cfpup
2024-09-23 23:05:09,665: {'MMD': {'0_1': 55.049842834472656, '0_2': 117.80691528320312, '1_2': 11.794629096984863, 'Average': 61.55046240488688}, 'Wass': {'0_1': 9.47397232055664, '0_2': 9.608476638793945, '1_2': 9.520092964172363, 'Average': 9.534180641174316}}
