2024-09-23 22:52:00,894: Namespace(cudanum=4, dataset='law', synthetic=1, seed=50, training=1, pyromodel='models_save/cfpup.pt', pyroparam='models_save/cfpup_param.pt', lrcausalmodel=0.001, alpha=0.0, num_iterations_causalmodel=20000, epochs_vae=10, decoder_type='together', lr=0.002)
2024-09-23 22:52:00,896: Namespace(cudanum=4, dataset='law', synthetic=1, seed=50, training=1, pyromodel='models_save/cfpup.pt', pyroparam='models_save/cfpup_param.pt', lrcausalmodel=0.001, alpha=0.0, num_iterations_causalmodel=20000, epochs_vae=10, decoder_type='together', lr=0.002)
2024-09-23 22:52:00,927: =========== evaluation for constant predictor ================: {'RMSE': 0.9218197901142571, 'MAE': 0.7359503518763207}
2024-09-23 22:52:00,931: =========== evaluation for full predictor ================: {'RMSE': 0.8688112374892244, 'MAE': 0.7003106479543398}
2024-09-23 22:52:00,933: =========== evaluation for unaware predictor ================: {'RMSE': 0.8813496379949248, 'MAE': 0.708820682441671}
2024-09-23 22:52:03,619: [iteration 0001] loss: 138.5821
2024-09-23 22:52:16,405: [iteration 1001] loss: 20.4735
2024-09-23 22:52:30,619: [iteration 2001] loss: 11.2897
2024-09-23 22:52:44,545: [iteration 3001] loss: 10.5234
2024-09-23 22:52:58,151: [iteration 4001] loss: 10.3778
2024-09-23 22:53:13,745: [iteration 5001] loss: 10.2690
2024-09-23 22:53:25,531: [iteration 6001] loss: 10.1395
2024-09-23 22:53:39,668: [iteration 7001] loss: 9.9673
2024-09-23 22:53:53,948: [iteration 8001] loss: 9.6988
2024-09-23 22:54:07,660: [iteration 9001] loss: 9.2359
2024-09-23 22:54:21,259: [iteration 10001] loss: 8.3417
2024-09-23 22:54:35,254: [iteration 11001] loss: 7.4356
2024-09-23 22:54:53,121: [iteration 12001] loss: 7.0831
2024-09-23 22:55:11,027: [iteration 13001] loss: 6.9111
2024-09-23 22:55:25,231: [iteration 14001] loss: 6.8162
2024-09-23 22:55:40,711: [iteration 15001] loss: 6.7642
2024-09-23 22:55:53,897: [iteration 16001] loss: 6.7362
2024-09-23 22:56:08,561: [iteration 17001] loss: 6.7166
2024-09-23 22:56:23,096: [iteration 18001] loss: 6.7067
2024-09-23 22:56:37,475: [iteration 19001] loss: 6.7013
2024-09-23 22:56:52,548: saved causal model in: models_save/cfpup.pt
2024-09-23 22:56:52,558: =========== evaluation for cfp_u predictor ================: {'RMSE': 0.9065620331664285, 'MAE': 0.724984163986291}
2024-09-23 22:56:52,593: elbo_loss:2341002.0, custom_loss:0.0
2024-09-23 22:56:52,599: [iteration 0001] loss: 143.3647
2024-09-23 22:57:17,263: elbo_loss:228415.109375, custom_loss:0.0
2024-09-23 22:57:42,484: elbo_loss:189283.0, custom_loss:0.0
2024-09-23 22:58:07,772: elbo_loss:162975.046875, custom_loss:0.0
2024-09-23 22:58:32,671: elbo_loss:151543.84375, custom_loss:0.0
2024-09-23 22:58:57,799: elbo_loss:140629.0, custom_loss:0.0
2024-09-23 22:59:22,841: elbo_loss:132508.859375, custom_loss:0.0
2024-09-23 22:59:48,453: elbo_loss:126181.6328125, custom_loss:0.0
2024-09-23 23:00:13,593: elbo_loss:121360.6328125, custom_loss:0.0
2024-09-23 23:00:38,712: elbo_loss:118373.59375, custom_loss:0.0
2024-09-23 23:01:03,895: elbo_loss:116909.90625, custom_loss:0.0
2024-09-23 23:01:03,901: [iteration 10001] loss: 7.1596
2024-09-23 23:01:29,049: elbo_loss:115947.171875, custom_loss:0.0
2024-09-23 23:01:54,565: elbo_loss:115345.7421875, custom_loss:0.0
2024-09-23 23:02:19,562: elbo_loss:114836.1875, custom_loss:0.0
2024-09-23 23:02:44,825: elbo_loss:114557.3359375, custom_loss:0.0
2024-09-23 23:03:09,877: elbo_loss:114312.6171875, custom_loss:0.0
2024-09-23 23:03:35,232: elbo_loss:114162.71875, custom_loss:0.0
2024-09-23 23:04:00,333: elbo_loss:114047.4453125, custom_loss:0.0
2024-09-23 23:04:25,669: elbo_loss:113973.265625, custom_loss:0.0
2024-09-23 23:04:51,061: elbo_loss:113892.265625, custom_loss:0.0
2024-09-23 23:05:18,058: saved causal model in: models_save/cfpup.pt
2024-09-23 23:05:18,062: =========== evaluation for cfp_up predictor ================: {'RMSE': 0.887663423374698, 'MAE': 0.7116587891495338}
2024-09-23 23:05:18,076: Epoch: 0001, loss_train: 112.7506, loss_test: 109.8180, time: 0.0097s
2024-09-23 23:05:18,117: saved VAE model in: models_save/vae.pt
2024-09-23 23:05:18,133: constant
2024-09-23 23:05:18,133: {'MMD': {'0_1': 0.0, '0_2': 0.0, '1_2': 0.0, 'Average': 0.0}, 'Wass': {'0_1': 0.6330674886703491, '0_2': 0.6330674886703491, '1_2': 0.6330674886703491, 'Average': 0.6330674886703491}}
2024-09-23 23:05:18,144: full
2024-09-23 23:05:18,144: {'MMD': {'0_1': 7669.22119140625, '0_2': 30681.11328125, '1_2': 7671.33642578125, 'Average': 15340.556966145834}, 'Wass': {'0_1': 52.69356918334961, '0_2': 105.29069519042969, '1_2': 52.69758605957031, 'Average': 70.2272834777832}}
2024-09-23 23:05:18,154: unaware
2024-09-23 23:05:18,154: {'MMD': {'0_1': 719.7357788085938, '0_2': 2877.493408203125, '1_2': 719.0111083984375, 'Average': 1438.7467651367188}, 'Wass': {'0_1': 16.217159271240234, '0_2': 32.338809967041016, '1_2': 16.220500946044922, 'Average': 21.592156728108723}}
2024-09-23 23:05:18,164: cfpu
2024-09-23 23:05:18,164: {'MMD': {'0_1': 0.07481768727302551, '0_2': 0.0730370581150055, '1_2': 0.29569873213768005, 'Average': 0.14785115917523703}, 'Wass': {'0_1': 3.4932005405426025, '0_2': 3.4793171882629395, '1_2': 3.5320422649383545, 'Average': 3.5015199979146323}}
2024-09-23 23:05:18,174: cfpup
2024-09-23 23:05:18,174: {'MMD': {'0_1': 0.20700420439243317, '0_2': 0.20208017528057098, '1_2': 0.8181391358375549, 'Average': 0.40907450517018634}, 'Wass': {'0_1': 5.602802276611328, '0_2': 5.577509880065918, '1_2': 5.666984558105469, 'Average': 5.615765571594238}}
