2024-09-23 22:52:00,905: Namespace(cudanum=6, dataset='law', synthetic=1, seed=52, training=1, pyromodel='models_save/cfpup.pt', pyroparam='models_save/cfpup_param.pt', lrcausalmodel=0.001, alpha=0.0, num_iterations_causalmodel=20000, epochs_vae=10, decoder_type='together', lr=0.002)
2024-09-23 22:52:00,907: Namespace(cudanum=6, dataset='law', synthetic=1, seed=52, training=1, pyromodel='models_save/cfpup.pt', pyroparam='models_save/cfpup_param.pt', lrcausalmodel=0.001, alpha=0.0, num_iterations_causalmodel=20000, epochs_vae=10, decoder_type='together', lr=0.002)
2024-09-23 22:52:00,940: =========== evaluation for constant predictor ================: {'RMSE': 0.9380202069098637, 'MAE': 0.7533386257686507}
2024-09-23 22:52:00,944: =========== evaluation for full predictor ================: {'RMSE': 0.8879168501592303, 'MAE': 0.7140008795976593}
2024-09-23 22:52:00,946: =========== evaluation for unaware predictor ================: {'RMSE': 0.9044340820794905, 'MAE': 0.7261595665285413}
2024-09-23 22:52:02,854: [iteration 0001] loss: 138.5773
2024-09-23 22:52:19,526: [iteration 1001] loss: 20.4856
2024-09-23 22:52:34,096: [iteration 2001] loss: 11.2865
2024-09-23 22:52:48,199: [iteration 3001] loss: 10.5169
2024-09-23 22:53:02,083: [iteration 4001] loss: 10.3776
2024-09-23 22:53:14,421: [iteration 5001] loss: 10.2702
2024-09-23 22:53:30,958: [iteration 6001] loss: 10.1403
2024-09-23 22:53:45,255: [iteration 7001] loss: 9.9658
2024-09-23 22:53:59,334: [iteration 8001] loss: 9.6995
2024-09-23 22:54:13,197: [iteration 9001] loss: 9.2351
2024-09-23 22:54:26,052: [iteration 10001] loss: 8.3388
2024-09-23 22:54:43,142: [iteration 11001] loss: 7.4358
2024-09-23 22:54:57,870: [iteration 12001] loss: 7.0835
2024-09-23 22:55:12,143: [iteration 13001] loss: 6.9114
2024-09-23 22:55:26,338: [iteration 14001] loss: 6.8170
2024-09-23 22:55:40,086: [iteration 15001] loss: 6.7654
2024-09-23 22:55:55,835: [iteration 16001] loss: 6.7352
2024-09-23 22:56:10,634: [iteration 17001] loss: 6.7173
2024-09-23 22:56:25,105: [iteration 18001] loss: 6.7066
2024-09-23 22:56:39,448: [iteration 19001] loss: 6.7005
2024-09-23 22:56:54,584: saved causal model in: models_save/cfpup.pt
2024-09-23 22:56:54,591: =========== evaluation for cfp_u predictor ================: {'RMSE': 0.9290422374936457, 'MAE': 0.7449951962405682}
2024-09-23 22:56:54,615: elbo_loss:2340609.25, custom_loss:0.0
2024-09-23 22:56:54,621: [iteration 0001] loss: 143.3406
2024-09-23 22:57:19,999: elbo_loss:229740.15625, custom_loss:0.0
2024-09-23 22:57:45,374: elbo_loss:189849.03125, custom_loss:0.0
2024-09-23 22:58:11,319: elbo_loss:163467.84375, custom_loss:0.0
2024-09-23 22:58:36,864: elbo_loss:151927.578125, custom_loss:0.0
2024-09-23 22:59:02,196: elbo_loss:140983.609375, custom_loss:0.0
2024-09-23 22:59:28,349: elbo_loss:132572.75, custom_loss:0.0
2024-09-23 22:59:53,964: elbo_loss:126038.4296875, custom_loss:0.0
2024-09-23 23:00:19,346: elbo_loss:121200.984375, custom_loss:0.0
2024-09-23 23:00:45,498: elbo_loss:118383.25, custom_loss:0.0
2024-09-23 23:01:10,910: elbo_loss:116851.4609375, custom_loss:0.0
2024-09-23 23:01:10,915: [iteration 10001] loss: 7.1561
2024-09-23 23:01:36,795: elbo_loss:115931.3203125, custom_loss:0.0
2024-09-23 23:02:02,225: elbo_loss:115293.1640625, custom_loss:0.0
2024-09-23 23:02:28,817: elbo_loss:114840.53125, custom_loss:0.0
2024-09-23 23:02:53,712: elbo_loss:114513.2265625, custom_loss:0.0
2024-09-23 23:03:20,259: elbo_loss:114323.6328125, custom_loss:0.0
2024-09-23 23:03:45,239: elbo_loss:114146.4921875, custom_loss:0.0
2024-09-23 23:04:09,491: elbo_loss:114023.0390625, custom_loss:0.0
2024-09-23 23:04:36,680: elbo_loss:113968.5234375, custom_loss:0.0
2024-09-23 23:05:02,307: elbo_loss:113918.09375, custom_loss:0.0
2024-09-23 23:05:31,953: saved causal model in: models_save/cfpup.pt
2024-09-23 23:05:31,958: =========== evaluation for cfp_up predictor ================: {'RMSE': 0.9041968764752388, 'MAE': 0.7260918356637296}
2024-09-23 23:05:31,979: Epoch: 0001, loss_train: 124.8373, loss_test: 128.5581, time: 0.0123s
2024-09-23 23:05:32,020: saved VAE model in: models_save/vae.pt
2024-09-23 23:05:32,050: constant
2024-09-23 23:05:32,050: {'MMD': {'0_1': 0.0, '0_2': 0.0, '1_2': 0.0, 'Average': 0.0}, 'Wass': {'0_1': 0.6330674886703491, '0_2': 0.6330674886703491, '1_2': 0.6330674886703491, 'Average': 0.6330674886703491}}
2024-09-23 23:05:32,059: full
2024-09-23 23:05:32,059: {'MMD': {'0_1': 4079.744140625, '0_2': 16245.267578125, '1_2': 4042.931884765625, 'Average': 8122.647867838542}, 'Wass': {'0_1': 38.949005126953125, '0_2': 76.85269165039062, '1_2': 38.80827713012695, 'Average': 51.5366579691569}}
2024-09-23 23:05:32,071: unaware
2024-09-23 23:05:32,071: {'MMD': {'0_1': 3228.236572265625, '0_2': 12986.390625, '1_2': 3265.010986328125, 'Average': 6493.212727864583}, 'Wass': {'0_1': 34.93211364746094, '0_2': 69.089599609375, '1_2': 35.23214340209961, 'Average': 46.41795221964518}}
2024-09-23 23:05:32,080: cfpu
2024-09-23 23:05:32,080: {'MMD': {'0_1': 0.022740565240383148, '0_2': 0.6374176144599915, '1_2': 0.4193658232688904, 'Average': 0.35984133432308835}, 'Wass': {'0_1': 4.977514266967773, '0_2': 5.001865863800049, '1_2': 5.185822010040283, 'Average': 5.055067380269368}}
2024-09-23 23:05:32,090: cfpup
2024-09-23 23:05:32,090: {'MMD': {'0_1': 0.06211404502391815, '0_2': 1.7414677143096924, '1_2': 1.1457990407943726, 'Average': 0.9831269333759943}, 'Wass': {'0_1': 8.056412696838379, '0_2': 8.098569869995117, '1_2': 8.404353141784668, 'Average': 8.186445236206055}}
