2024-09-23 23:44:40,268: Namespace(cudanum=0, dataset='adult', synthetic=1, seed=50, training=1, pyromodel='models_save/cfpup.pt', pyroparam='models_save/cfpup_param.pt', lrcausalmodel=0.001, alpha=0.0, num_iterations_causalmodel=20000, epochs_vae=10, decoder_type='together', lr=0.002)
2024-09-23 23:44:40,269: Namespace(cudanum=0, dataset='adult', synthetic=1, seed=50, training=1, pyromodel='models_save/cfpup.pt', pyroparam='models_save/cfpup_param.pt', lrcausalmodel=0.001, alpha=0.0, num_iterations_causalmodel=20000, epochs_vae=10, decoder_type='together', lr=0.002)
2024-09-23 23:44:40,438: =========== evaluation for constant predictor ================: {'F1-score': 0.0, 'Accuracy': 0.7479297780722094}
2024-09-23 23:44:40,584: =========== evaluation for full predictor ================: {'F1-score': 0.631578947368421, 'Accuracy': 0.7658164955283207}
2024-09-23 23:44:40,722: =========== evaluation for unaware predictor ================: {'F1-score': 0.6308654848800834, 'Accuracy': 0.7654852600198742}
2024-09-23 23:44:42,768: [iteration 0001] loss: 1230.2366
2024-09-23 23:44:59,608: [iteration 1001] loss: 664.1250
2024-09-23 23:45:15,864: [iteration 2001] loss: 347.4303
2024-09-23 23:45:31,941: [iteration 3001] loss: 193.0704
2024-09-23 23:45:47,918: [iteration 4001] loss: 132.1601
2024-09-23 23:46:03,894: [iteration 5001] loss: 110.5378
2024-09-23 23:46:19,917: [iteration 6001] loss: 99.0102
2024-09-23 23:46:35,951: [iteration 7001] loss: 90.0419
2024-09-23 23:46:51,935: [iteration 8001] loss: 82.7015
2024-09-23 23:47:07,965: [iteration 9001] loss: 76.6208
2024-09-23 23:47:24,002: [iteration 10001] loss: 71.6938
2024-09-23 23:47:40,008: [iteration 11001] loss: 67.6263
2024-09-23 23:47:56,078: [iteration 12001] loss: 64.3714
2024-09-23 23:48:12,215: [iteration 13001] loss: 61.7784
2024-09-23 23:48:32,349: [iteration 14001] loss: 59.6589
2024-09-23 23:48:58,628: [iteration 15001] loss: 57.9294
2024-09-23 23:49:24,909: [iteration 16001] loss: 56.4512
2024-09-23 23:49:51,255: [iteration 17001] loss: 55.2183
2024-09-23 23:50:17,616: [iteration 18001] loss: 54.1779
2024-09-23 23:50:43,945: [iteration 19001] loss: 53.3192
2024-09-23 23:51:10,227: saved causal model in: models_save/cfpup.pt
2024-09-23 23:51:10,255: =========== evaluation for cfp_u predictor ================: {'F1-score': 0.5172074729596854, 'Accuracy': 0.6747267307055317}
2024-09-23 23:51:10,302: elbo_loss:29815190.0, custom_loss:0.0
2024-09-23 23:51:10,313: [iteration 0001] loss: 1234.7368
2024-09-23 23:51:48,547: elbo_loss:13932126.0, custom_loss:0.0
2024-09-23 23:52:26,765: elbo_loss:5022046.5, custom_loss:0.0
2024-09-23 23:53:04,759: elbo_loss:2075037.125, custom_loss:0.0
2024-09-23 23:53:42,708: elbo_loss:1251407.25, custom_loss:0.0
2024-09-23 23:54:20,779: elbo_loss:875961.5625, custom_loss:0.0
2024-09-23 23:54:58,826: elbo_loss:664311.25, custom_loss:0.0
2024-09-23 23:55:36,813: elbo_loss:546325.1875, custom_loss:0.0
2024-09-23 23:56:15,215: elbo_loss:473640.65625, custom_loss:0.0
2024-09-23 23:56:53,463: elbo_loss:427638.90625, custom_loss:0.0
2024-09-23 23:57:31,698: elbo_loss:398157.96875, custom_loss:0.0
2024-09-23 23:57:31,706: [iteration 10001] loss: 16.4889
2024-09-23 23:58:09,816: elbo_loss:379482.78125, custom_loss:0.0
2024-09-23 23:58:47,551: elbo_loss:367563.9375, custom_loss:0.0
2024-09-23 23:59:24,650: elbo_loss:360093.625, custom_loss:0.0
2024-09-24 00:00:02,712: elbo_loss:355096.875, custom_loss:0.0
2024-09-24 00:00:40,767: elbo_loss:352063.15625, custom_loss:0.0
2024-09-24 00:01:18,807: elbo_loss:350415.9375, custom_loss:0.0
2024-09-24 00:01:56,610: elbo_loss:349635.90625, custom_loss:0.0
2024-09-24 00:02:34,571: elbo_loss:348980.03125, custom_loss:0.0
2024-09-24 00:03:11,799: elbo_loss:348610.65625, custom_loss:0.0
2024-09-24 00:03:48,850: saved causal model in: models_save/cfpup.pt
2024-09-24 00:03:48,872: =========== evaluation for cfp_up predictor ================: {'F1-score': 0.5239520958083832, 'Accuracy': 0.6840013249420338}
2024-09-24 00:03:48,882: Epoch: 0001, loss_train: 581.6927, loss_test: nan, time: 0.0088s
2024-09-24 00:03:48,924: saved VAE model in: models_save/vae.pt
2024-09-24 00:03:48,938: constant
2024-09-24 00:03:48,938: {'MMD': {'0_1': 0.0, '0_2': 0.0, '1_2': 0.0, 'Average': 0.0}, 'Wass': {'0_1': 0.6330673694610596, '0_2': 0.6330673694610596, '1_2': 0.6330673694610596, 'Average': 0.6330673694610596}}
2024-09-24 00:03:48,948: full
2024-09-24 00:03:48,948: {'MMD': {'0_1': 0.0665598139166832, '0_2': 0.2935849130153656, '1_2': 0.08056680113077164, 'Average': 0.1469038426876068}, 'Wass': {'0_1': 0.6971980929374695, '0_2': 0.7683525085449219, '1_2': 0.698573887348175, 'Average': 0.7213748296101888}}
2024-09-24 00:03:48,958: unaware
2024-09-24 00:03:48,958: {'MMD': {'0_1': 0.004903226625174284, '0_2': 0.007438382599502802, '1_2': 0.0002631863462738693, 'Average': 0.004201598523650318}, 'Wass': {'0_1': 0.6753847002983093, '0_2': 0.6773978471755981, '1_2': 0.6749812364578247, 'Average': 0.6759212613105774}}
2024-09-24 00:03:48,967: cfpu
2024-09-24 00:03:48,967: {'MMD': {'0_1': 4.191682815551758, '0_2': 2.7092249393463135, '1_2': 0.16111202538013458, 'Average': 2.3540065934260688}, 'Wass': {'0_1': 3.8381357192993164, '0_2': 3.891641616821289, '1_2': 3.858609437942505, 'Average': 3.86279559135437}}
2024-09-24 00:03:48,976: cfpup
2024-09-24 00:03:48,976: {'MMD': {'0_1': 3.9897117614746094, '0_2': 1.5785070657730103, '1_2': 0.5491399168968201, 'Average': 2.0391195813814798}, 'Wass': {'0_1': 3.5280935764312744, '0_2': 3.5344083309173584, '1_2': 3.432248115539551, 'Average': 3.4982500076293945}}
