2024-09-23 22:52:00,902: Namespace(cudanum=3, dataset='law', synthetic=1, seed=53, training=1, pyromodel='models_save/cfpup.pt', pyroparam='models_save/cfpup_param.pt', lrcausalmodel=0.001, alpha=-5000.0, num_iterations_causalmodel=20000, epochs_vae=10, decoder_type='together', lr=0.002)
2024-09-23 22:52:00,903: Namespace(cudanum=3, dataset='law', synthetic=1, seed=53, training=1, pyromodel='models_save/cfpup.pt', pyroparam='models_save/cfpup_param.pt', lrcausalmodel=0.001, alpha=-5000.0, num_iterations_causalmodel=20000, epochs_vae=10, decoder_type='together', lr=0.002)
2024-09-23 22:52:00,937: =========== evaluation for constant predictor ================: {'RMSE': 0.9324225082657746, 'MAE': 0.7516095706256555}
2024-09-23 22:52:00,941: =========== evaluation for full predictor ================: {'RMSE': 0.8802753975493797, 'MAE': 0.7099425986240434}
2024-09-23 22:52:00,943: =========== evaluation for unaware predictor ================: {'RMSE': 0.8905317575182867, 'MAE': 0.7188799247202043}
2024-09-23 22:52:02,806: [iteration 0001] loss: 138.5853
2024-09-23 22:52:10,332: [iteration 1001] loss: 20.5103
2024-09-23 22:52:17,810: [iteration 2001] loss: 11.2809
2024-09-23 22:52:25,483: [iteration 3001] loss: 10.5171
2024-09-23 22:52:32,892: [iteration 4001] loss: 10.3750
2024-09-23 22:52:40,290: [iteration 5001] loss: 10.2697
2024-09-23 22:52:47,708: [iteration 6001] loss: 10.1422
2024-09-23 22:52:55,140: [iteration 7001] loss: 9.9624
2024-09-23 22:53:02,587: [iteration 8001] loss: 9.7002
2024-09-23 22:53:10,207: [iteration 9001] loss: 9.2330
2024-09-23 22:53:17,827: [iteration 10001] loss: 8.3409
2024-09-23 22:53:25,275: [iteration 11001] loss: 7.4340
2024-09-23 22:53:32,741: [iteration 12001] loss: 7.0868
2024-09-23 22:53:40,201: [iteration 13001] loss: 6.9100
2024-09-23 22:53:47,661: [iteration 14001] loss: 6.8184
2024-09-23 22:53:55,118: [iteration 15001] loss: 6.7635
2024-09-23 22:54:02,560: [iteration 16001] loss: 6.7355
2024-09-23 22:54:10,012: [iteration 17001] loss: 6.7177
2024-09-23 22:54:17,461: [iteration 18001] loss: 6.7066
2024-09-23 22:54:24,909: [iteration 19001] loss: 6.7006
2024-09-23 22:54:32,365: saved causal model in: models_save/cfpup.pt
2024-09-23 22:54:32,373: =========== evaluation for cfp_u predictor ================: {'RMSE': 0.924496471238705, 'MAE': 0.7424087763252238}
2024-09-23 22:54:32,388: elbo_loss:2340415.75, custom_loss:-1113.0830078125
2024-09-23 22:54:32,393: [iteration 0001] loss: 143.2606
2024-09-23 22:54:49,451: elbo_loss:229118.34375, custom_loss:-28151.78125
2024-09-23 22:55:09,049: elbo_loss:189020.140625, custom_loss:-73004.171875
2024-09-23 22:55:28,534: elbo_loss:162632.0, custom_loss:-136704.890625
2024-09-23 22:55:48,061: elbo_loss:152050.125, custom_loss:-217331.71875
2024-09-23 22:56:07,598: elbo_loss:138857.578125, custom_loss:-316994.0625
2024-09-23 22:56:27,092: elbo_loss:129207.0625, custom_loss:-431666.1875
2024-09-23 22:56:46,612: elbo_loss:122829.34375, custom_loss:-567454.125
2024-09-23 22:57:06,253: elbo_loss:119371.265625, custom_loss:-716926.9375
2024-09-23 22:57:25,806: elbo_loss:117908.3515625, custom_loss:-894203.625
2024-09-23 22:57:45,376: elbo_loss:116971.6640625, custom_loss:-1092698.625
2024-09-23 22:57:45,382: [iteration 10001] loss: -59.7542
2024-09-23 22:58:04,891: elbo_loss:116530.515625, custom_loss:-1315257.75
2024-09-23 22:58:24,458: elbo_loss:116260.4296875, custom_loss:-1563368.125
2024-09-23 22:58:43,744: elbo_loss:116253.2265625, custom_loss:-1840036.375
2024-09-23 22:59:02,766: elbo_loss:116332.0703125, custom_loss:-2149973.5
2024-09-23 22:59:21,797: elbo_loss:116518.4765625, custom_loss:-2483627.75
2024-09-23 22:59:40,921: elbo_loss:116432.8828125, custom_loss:-2849410.0
2024-09-23 22:59:59,856: elbo_loss:116482.2109375, custom_loss:-3255337.75
2024-09-23 23:00:18,924: elbo_loss:116401.0625, custom_loss:-3692345.5
2024-09-23 23:00:38,050: elbo_loss:116595.3203125, custom_loss:-4161130.25
2024-09-23 23:00:56,974: saved causal model in: models_save/cfpup.pt
2024-09-23 23:00:56,979: =========== evaluation for cfp_up predictor ================: {'RMSE': 0.9022917625003175, 'MAE': 0.7238323935766383}
2024-09-23 23:00:56,992: Epoch: 0001, loss_train: 131.0105, loss_test: 130.4751, time: 0.0100s
2024-09-23 23:00:57,034: saved VAE model in: models_save/vae.pt
2024-09-23 23:00:57,052: constant
2024-09-23 23:00:57,052: {'MMD': {'0_1': 0.0, '0_2': 0.0, '1_2': 0.0, 'Average': 0.0}, 'Wass': {'0_1': 0.6330674886703491, '0_2': 0.6330674886703491, '1_2': 0.6330674886703491, 'Average': 0.6330674886703491}}
2024-09-23 23:00:57,060: full
2024-09-23 23:00:57,060: {'MMD': {'0_1': 12417.8876953125, '0_2': 49954.671875, '1_2': 12559.650390625, 'Average': 24977.4033203125}, 'Wass': {'0_1': 67.18612670898438, '0_2': 134.37608337402344, '1_2': 67.43938446044922, 'Average': 89.66719818115234}}
2024-09-23 23:00:57,068: unaware
2024-09-23 23:00:57,068: {'MMD': {'0_1': 1.1481821537017822, '0_2': 2.048182725906372, '1_2': 0.12932273745536804, 'Average': 1.1085625390211742}, 'Wass': {'0_1': 1.138042688369751, '0_2': 1.3050493001937866, '1_2': 0.8064294457435608, 'Average': 1.0831738114356995}}
2024-09-23 23:00:57,076: cfpu
2024-09-23 23:00:57,076: {'MMD': {'0_1': 21.150392532348633, '0_2': 45.26215744018555, '1_2': 4.531619548797607, 'Average': 23.648056507110596}, 'Wass': {'0_1': 6.008120536804199, '0_2': 6.098503589630127, '1_2': 6.03181791305542, 'Average': 6.046147346496582}}
2024-09-23 23:00:57,083: cfpup
2024-09-23 23:00:57,083: {'MMD': {'0_1': 58.934940338134766, '0_2': 126.12120056152344, '1_2': 12.627079010009766, 'Average': 65.89440663655598}, 'Wass': {'0_1': 9.874075889587402, '0_2': 10.025581359863281, '1_2': 9.915305137634277, 'Average': 9.938320795694986}}
