2024-09-23 23:17:47,915: Namespace(cudanum=7, dataset='adult', synthetic=1, seed=53, training=1, pyromodel='models_save/cfpup.pt', pyroparam='models_save/cfpup_param.pt', lrcausalmodel=0.001, alpha=-5000.0, num_iterations_causalmodel=20000, epochs_vae=10, decoder_type='together', lr=0.002)
2024-09-23 23:17:47,917: Namespace(cudanum=7, dataset='adult', synthetic=1, seed=53, training=1, pyromodel='models_save/cfpup.pt', pyroparam='models_save/cfpup_param.pt', lrcausalmodel=0.001, alpha=-5000.0, num_iterations_causalmodel=20000, epochs_vae=10, decoder_type='together', lr=0.002)
2024-09-23 23:17:48,089: =========== evaluation for constant predictor ================: {'F1-score': 0.0, 'Accuracy': 0.7456111295130838}
2024-09-23 23:17:48,229: =========== evaluation for full predictor ================: {'F1-score': 0.6514759192128431, 'Accuracy': 0.7770785028155018}
2024-09-23 23:17:48,362: =========== evaluation for unaware predictor ================: {'F1-score': 0.6518134715025907, 'Accuracy': 0.7774097383239483}
2024-09-23 23:17:50,566: [iteration 0001] loss: 1230.2229
2024-09-23 23:18:24,894: [iteration 1001] loss: 664.1058
2024-09-23 23:18:57,530: [iteration 2001] loss: 347.4398
2024-09-23 23:19:30,289: [iteration 3001] loss: 192.9700
2024-09-23 23:20:03,413: [iteration 4001] loss: 132.1185
2024-09-23 23:20:34,453: [iteration 5001] loss: 110.5446
2024-09-23 23:21:09,399: [iteration 6001] loss: 99.0967
2024-09-23 23:21:40,052: [iteration 7001] loss: 90.0680
2024-09-23 23:22:13,676: [iteration 8001] loss: 82.6746
2024-09-23 23:22:46,533: [iteration 9001] loss: 76.6243
2024-09-23 23:23:19,754: [iteration 10001] loss: 71.6654
2024-09-23 23:23:52,689: [iteration 11001] loss: 67.6011
2024-09-23 23:24:25,928: [iteration 12001] loss: 64.3965
2024-09-23 23:24:58,635: [iteration 13001] loss: 61.7795
2024-09-23 23:25:32,581: [iteration 14001] loss: 59.6711
2024-09-23 23:26:05,835: [iteration 15001] loss: 57.9173
2024-09-23 23:26:39,241: [iteration 16001] loss: 56.4675
2024-09-23 23:27:12,584: [iteration 17001] loss: 55.2199
2024-09-23 23:27:45,917: [iteration 18001] loss: 54.1837
2024-09-23 23:28:16,968: [iteration 19001] loss: 53.3179
2024-09-23 23:28:52,619: saved causal model in: models_save/cfpup.pt
2024-09-23 23:28:52,658: =========== evaluation for cfp_u predictor ================: {'F1-score': 0.5191654536632703, 'Accuracy': 0.671745611129513}
2024-09-23 23:28:52,708: elbo_loss:29819460.0, custom_loss:-1129.3115234375
2024-09-23 23:28:52,721: [iteration 0001] loss: 1234.8669
2024-09-23 23:29:41,516: elbo_loss:13933542.0, custom_loss:-32999.953125
2024-09-23 23:30:30,192: elbo_loss:5018431.5, custom_loss:-124846.1328125
2024-09-23 23:31:19,258: elbo_loss:2078475.25, custom_loss:-229738.84375
2024-09-23 23:32:08,143: elbo_loss:1261185.125, custom_loss:-328235.65625
2024-09-23 23:32:56,189: elbo_loss:887796.6875, custom_loss:-425591.65625
2024-09-23 23:33:42,159: elbo_loss:677500.375, custom_loss:-537213.375
2024-09-23 23:34:28,838: elbo_loss:556082.625, custom_loss:-670020.125
2024-09-23 23:35:15,810: elbo_loss:482079.53125, custom_loss:-828899.0
2024-09-23 23:36:00,220: elbo_loss:435611.96875, custom_loss:-1024294.875
2024-09-23 23:36:49,134: elbo_loss:406049.96875, custom_loss:-1254866.0
2024-09-23 23:36:49,154: [iteration 10001] loss: -35.1520
2024-09-23 23:37:35,654: elbo_loss:387846.4375, custom_loss:-1524354.5
2024-09-23 23:38:20,707: elbo_loss:376859.75, custom_loss:-1835022.875
2024-09-23 23:39:09,164: elbo_loss:371629.90625, custom_loss:-2182905.0
2024-09-23 23:39:56,084: elbo_loss:368033.15625, custom_loss:-2574856.25
2024-09-23 23:40:41,841: elbo_loss:366431.3125, custom_loss:-3009460.75
2024-09-23 23:41:29,405: elbo_loss:365981.9375, custom_loss:-3489651.75
2024-09-23 23:42:16,882: elbo_loss:365965.0, custom_loss:-4011223.25
2024-09-23 23:43:03,903: elbo_loss:367116.5, custom_loss:-4574139.0
2024-09-23 23:43:51,350: elbo_loss:368224.75, custom_loss:-5185978.5
2024-09-23 23:44:36,681: saved causal model in: models_save/cfpup.pt
2024-09-23 23:44:36,704: =========== evaluation for cfp_up predictor ================: {'F1-score': 0.5231984205330701, 'Accuracy': 0.6800264988406757}
2024-09-23 23:44:36,728: Epoch: 0001, loss_train: 898.4940, loss_test: nan, time: 0.0220s
2024-09-23 23:44:36,771: saved VAE model in: models_save/vae.pt
2024-09-23 23:44:36,786: constant
2024-09-23 23:44:36,786: {'MMD': {'0_1': 0.0, '0_2': 0.0, '1_2': 0.0, 'Average': 0.0}, 'Wass': {'0_1': 0.6330673694610596, '0_2': 0.6330673694610596, '1_2': 0.6330673694610596, 'Average': 0.6330673694610596}}
2024-09-23 23:44:36,797: full
2024-09-23 23:44:36,797: {'MMD': {'0_1': 0.5357226729393005, '0_2': 1.6136552095413208, '1_2': 0.2898384928703308, 'Average': 0.813072125116984}, 'Wass': {'0_1': 0.8943991661071777, '0_2': 1.0896490812301636, '1_2': 0.8193392157554626, 'Average': 0.9344624876976013}}
2024-09-23 23:44:36,807: unaware
2024-09-23 23:44:36,807: {'MMD': {'0_1': 0.5207918286323547, '0_2': 1.5544800758361816, '1_2': 0.27576035261154175, 'Average': 0.7836774190266927}, 'Wass': {'0_1': 0.9048283100128174, '0_2': 1.0963677167892456, '1_2': 0.8321167826652527, 'Average': 0.9444376031557719}}
2024-09-23 23:44:36,817: cfpu
2024-09-23 23:44:36,817: {'MMD': {'0_1': 0.4888976812362671, '0_2': 4.846548557281494, '1_2': 2.256831645965576, 'Average': 2.5307592948277793}, 'Wass': {'0_1': 5.129710674285889, '0_2': 5.151512145996094, '1_2': 5.124275207519531, 'Average': 5.135166009267171}}
2024-09-23 23:44:36,829: cfpup
2024-09-23 23:44:36,829: {'MMD': {'0_1': 0.00024480416323058307, '0_2': 0.10680625587701797, '1_2': 0.11727781593799591, 'Average': 0.07477629199274816}, 'Wass': {'0_1': 4.493160247802734, '0_2': 4.5205488204956055, '1_2': 4.487651824951172, 'Average': 4.500453631083171}}
