2024-09-23 23:05:13,463: Namespace(cudanum=0, dataset='law', synthetic=1, seed=50, training=1, pyromodel='models_save/cfpup.pt', pyroparam='models_save/cfpup_param.pt', lrcausalmodel=0.001, alpha=5000.0, num_iterations_causalmodel=20000, epochs_vae=10, decoder_type='together', lr=0.002)
2024-09-23 23:05:13,466: Namespace(cudanum=0, dataset='law', synthetic=1, seed=50, training=1, pyromodel='models_save/cfpup.pt', pyroparam='models_save/cfpup_param.pt', lrcausalmodel=0.001, alpha=5000.0, num_iterations_causalmodel=20000, epochs_vae=10, decoder_type='together', lr=0.002)
2024-09-23 23:05:13,504: =========== evaluation for constant predictor ================: {'RMSE': 0.9218197901142571, 'MAE': 0.7359503518763207}
2024-09-23 23:05:13,508: =========== evaluation for full predictor ================: {'RMSE': 0.8688112374892244, 'MAE': 0.7003106479543398}
2024-09-23 23:05:13,510: =========== evaluation for unaware predictor ================: {'RMSE': 0.8813496379949248, 'MAE': 0.708820682441671}
2024-09-23 23:05:15,768: [iteration 0001] loss: 138.5821
2024-09-23 23:05:34,658: [iteration 1001] loss: 20.4735
2024-09-23 23:05:53,519: [iteration 2001] loss: 11.2897
2024-09-23 23:06:12,591: [iteration 3001] loss: 10.5234
2024-09-23 23:06:31,387: [iteration 4001] loss: 10.3778
2024-09-23 23:06:49,760: [iteration 5001] loss: 10.2690
2024-09-23 23:07:08,144: [iteration 6001] loss: 10.1395
2024-09-23 23:07:26,543: [iteration 7001] loss: 9.9673
2024-09-23 23:07:44,916: [iteration 8001] loss: 9.6988
2024-09-23 23:08:03,346: [iteration 9001] loss: 9.2359
2024-09-23 23:08:21,775: [iteration 10001] loss: 8.3417
2024-09-23 23:08:40,206: [iteration 11001] loss: 7.4356
2024-09-23 23:08:58,624: [iteration 12001] loss: 7.0831
2024-09-23 23:09:17,045: [iteration 13001] loss: 6.9111
2024-09-23 23:09:35,506: [iteration 14001] loss: 6.8162
2024-09-23 23:09:53,911: [iteration 15001] loss: 6.7642
2024-09-23 23:10:12,360: [iteration 16001] loss: 6.7362
2024-09-23 23:10:27,739: [iteration 17001] loss: 6.7166
2024-09-23 23:10:41,962: [iteration 18001] loss: 6.7067
2024-09-23 23:10:53,184: [iteration 19001] loss: 6.7013
2024-09-23 23:11:04,473: saved causal model in: models_save/cfpup.pt
2024-09-23 23:11:04,482: =========== evaluation for cfp_u predictor ================: {'RMSE': 0.9065620331664285, 'MAE': 0.724984163986291}
2024-09-23 23:11:04,514: elbo_loss:2341002.0, custom_loss:1127.771240234375
2024-09-23 23:11:04,523: [iteration 0001] loss: 143.4338
2024-09-23 23:11:23,786: elbo_loss:228623.375, custom_loss:1841.3360595703125
2024-09-23 23:11:42,994: elbo_loss:189833.96875, custom_loss:1473.6063232421875
2024-09-23 23:12:02,105: elbo_loss:163837.734375, custom_loss:2597.8671875
2024-09-23 23:12:21,184: elbo_loss:152309.171875, custom_loss:3267.535888671875
2024-09-23 23:12:40,420: elbo_loss:141445.625, custom_loss:3440.572998046875
2024-09-23 23:12:59,636: elbo_loss:133490.40625, custom_loss:3542.1318359375
2024-09-23 23:13:18,974: elbo_loss:127094.8828125, custom_loss:3528.993408203125
2024-09-23 23:13:38,270: elbo_loss:122331.0078125, custom_loss:3526.95654296875
2024-09-23 23:13:57,610: elbo_loss:119315.71875, custom_loss:3411.37890625
2024-09-23 23:14:16,926: elbo_loss:117764.9296875, custom_loss:3488.743896484375
2024-09-23 23:14:16,933: [iteration 10001] loss: 7.4257
2024-09-23 23:14:36,275: elbo_loss:116695.2109375, custom_loss:3494.872802734375
2024-09-23 23:14:55,615: elbo_loss:116143.015625, custom_loss:3508.87060546875
2024-09-23 23:15:14,946: elbo_loss:115663.453125, custom_loss:3493.995849609375
2024-09-23 23:15:34,318: elbo_loss:115325.59375, custom_loss:3555.83837890625
2024-09-23 23:15:53,674: elbo_loss:115091.9453125, custom_loss:3480.02734375
2024-09-23 23:16:13,054: elbo_loss:114908.4296875, custom_loss:3480.557861328125
2024-09-23 23:16:32,427: elbo_loss:114796.125, custom_loss:3508.103515625
2024-09-23 23:16:51,812: elbo_loss:114745.125, custom_loss:3468.434326171875
2024-09-23 23:17:11,195: elbo_loss:114665.4375, custom_loss:3500.651611328125
2024-09-23 23:17:30,604: saved causal model in: models_save/cfpup.pt
2024-09-23 23:17:30,608: =========== evaluation for cfp_up predictor ================: {'RMSE': 0.8875650316770072, 'MAE': 0.7115909393839573}
2024-09-23 23:17:30,637: Epoch: 0001, loss_train: 113.4803, loss_test: 110.4528, time: 0.0221s
2024-09-23 23:17:30,678: saved VAE model in: models_save/vae.pt
2024-09-23 23:17:30,694: constant
2024-09-23 23:17:30,694: {'MMD': {'0_1': 0.0, '0_2': 0.0, '1_2': 0.0, 'Average': 0.0}, 'Wass': {'0_1': 0.6330674886703491, '0_2': 0.6330674886703491, '1_2': 0.6330674886703491, 'Average': 0.6330674886703491}}
2024-09-23 23:17:30,704: full
2024-09-23 23:17:30,704: {'MMD': {'0_1': 7669.22119140625, '0_2': 30681.11328125, '1_2': 7671.33642578125, 'Average': 15340.556966145834}, 'Wass': {'0_1': 52.69356918334961, '0_2': 105.29069519042969, '1_2': 52.69756317138672, 'Average': 70.22727584838867}}
2024-09-23 23:17:30,711: unaware
2024-09-23 23:17:30,711: {'MMD': {'0_1': 719.7357788085938, '0_2': 2877.4853515625, '1_2': 719.0068359375, 'Average': 1438.742655436198}, 'Wass': {'0_1': 16.2171573638916, '0_2': 32.338809967041016, '1_2': 16.220495223999023, 'Average': 21.592154184977215}}
2024-09-23 23:17:30,719: cfpu
2024-09-23 23:17:30,719: {'MMD': {'0_1': 0.07481768727302551, '0_2': 0.07303839176893234, '1_2': 0.29570144414901733, 'Average': 0.14785250773032507}, 'Wass': {'0_1': 3.493131637573242, '0_2': 3.4792020320892334, '1_2': 3.531975030899048, 'Average': 3.501436233520508}}
2024-09-23 23:17:30,727: cfpup
2024-09-23 23:17:30,727: {'MMD': {'0_1': 0.20735689997673035, '0_2': 0.2024107575416565, '1_2': 0.819505512714386, 'Average': 0.40975772341092426}, 'Wass': {'0_1': 5.6071295738220215, '0_2': 5.581730842590332, '1_2': 5.671370506286621, 'Average': 5.620076974232991}}
