2024-09-24 00:11:34,147: Namespace(cudanum=6, dataset='adult', synthetic=1, seed=52, training=1, pyromodel='models_save/cfpup.pt', pyroparam='models_save/cfpup_param.pt', lrcausalmodel=0.001, alpha=15000.0, num_iterations_causalmodel=20000, epochs_vae=10, decoder_type='together', lr=0.002)
2024-09-24 00:11:34,149: Namespace(cudanum=6, dataset='adult', synthetic=1, seed=52, training=1, pyromodel='models_save/cfpup.pt', pyroparam='models_save/cfpup_param.pt', lrcausalmodel=0.001, alpha=15000.0, num_iterations_causalmodel=20000, epochs_vae=10, decoder_type='together', lr=0.002)
2024-09-24 00:11:34,321: =========== evaluation for constant predictor ================: {'F1-score': 0.0, 'Accuracy': 0.7565419012918185}
2024-09-24 00:11:34,462: =========== evaluation for full predictor ================: {'F1-score': 0.6428571428571429, 'Accuracy': 0.7780722093408413}
2024-09-24 00:11:34,604: =========== evaluation for unaware predictor ================: {'F1-score': 0.6400862068965517, 'Accuracy': 0.7787346803577343}
2024-09-24 00:11:37,299: [iteration 0001] loss: 1229.9450
2024-09-24 00:12:23,748: [iteration 1001] loss: 663.9560
2024-09-24 00:13:09,088: [iteration 2001] loss: 347.3659
2024-09-24 00:13:55,160: [iteration 3001] loss: 192.8833
2024-09-24 00:14:40,957: [iteration 4001] loss: 132.1103
2024-09-24 00:15:24,208: [iteration 5001] loss: 110.5497
2024-09-24 00:15:59,061: [iteration 6001] loss: 99.0271
2024-09-24 00:16:33,558: [iteration 7001] loss: 90.0199
2024-09-24 00:17:08,658: [iteration 8001] loss: 82.7056
2024-09-24 00:17:43,572: [iteration 9001] loss: 76.6383
2024-09-24 00:18:18,682: [iteration 10001] loss: 71.6633
2024-09-24 00:18:43,030: [iteration 11001] loss: 67.6522
2024-09-24 00:19:04,566: [iteration 12001] loss: 64.3692
2024-09-24 00:19:26,615: [iteration 13001] loss: 61.7938
2024-09-24 00:19:48,441: [iteration 14001] loss: 59.6847
2024-09-24 00:20:10,080: [iteration 15001] loss: 57.9494
2024-09-24 00:20:26,971: [iteration 16001] loss: 56.4735
2024-09-24 00:20:43,870: [iteration 17001] loss: 55.2332
2024-09-24 00:21:00,786: [iteration 18001] loss: 54.2016
2024-09-24 00:21:17,690: [iteration 19001] loss: 53.3202
2024-09-24 00:21:34,641: saved causal model in: models_save/cfpup.pt
2024-09-24 00:21:34,668: =========== evaluation for cfp_u predictor ================: {'F1-score': 0.4932330827067669, 'Accuracy': 0.665120900960583}
2024-09-24 00:21:34,705: elbo_loss:29819638.0, custom_loss:3363.702880859375
2024-09-24 00:21:34,718: [iteration 0001] loss: 1235.0603
2024-09-24 00:22:00,139: elbo_loss:13933508.0, custom_loss:8977.6279296875
2024-09-24 00:22:25,573: elbo_loss:5021282.5, custom_loss:13436.3291015625
2024-09-24 00:22:50,912: elbo_loss:2078014.125, custom_loss:15920.1337890625
2024-09-24 00:23:16,254: elbo_loss:1257393.375, custom_loss:18469.919921875
2024-09-24 00:23:41,617: elbo_loss:886537.625, custom_loss:20110.13671875
2024-09-24 00:24:07,001: elbo_loss:677973.125, custom_loss:20920.720703125
2024-09-24 00:24:32,390: elbo_loss:559026.0625, custom_loss:20845.38671875
2024-09-24 00:24:57,764: elbo_loss:486522.75, custom_loss:19971.8359375
2024-09-24 00:25:22,991: elbo_loss:440878.71875, custom_loss:19573.4765625
2024-09-24 00:25:47,227: elbo_loss:411204.0, custom_loss:18956.712890625
2024-09-24 00:25:47,235: [iteration 10001] loss: 17.8143
2024-09-24 00:26:10,797: elbo_loss:392206.46875, custom_loss:18387.07421875
2024-09-24 00:26:34,505: elbo_loss:380104.875, custom_loss:17700.8984375
2024-09-24 00:26:58,695: elbo_loss:372620.75, custom_loss:17123.76171875
2024-09-24 00:27:23,015: elbo_loss:367620.125, custom_loss:16442.732421875
2024-09-24 00:27:47,149: elbo_loss:364508.25, custom_loss:15953.90234375
2024-09-24 00:28:11,117: elbo_loss:363145.75, custom_loss:15451.9111328125
2024-09-24 00:28:34,577: elbo_loss:362193.84375, custom_loss:14869.53125
2024-09-24 00:28:57,562: elbo_loss:361879.40625, custom_loss:14770.1181640625
2024-09-24 00:29:20,401: elbo_loss:361448.21875, custom_loss:14515.859375
2024-09-24 00:29:43,088: saved causal model in: models_save/cfpup.pt
2024-09-24 00:29:43,108: =========== evaluation for cfp_up predictor ================: {'F1-score': 0.5, 'Accuracy': 0.6714143756210665}
2024-09-24 00:29:43,117: Epoch: 0001, loss_train: 744.0283, loss_test: nan, time: 0.0078s
2024-09-24 00:29:43,153: saved VAE model in: models_save/vae.pt
2024-09-24 00:29:43,163: constant
2024-09-24 00:29:43,163: {'MMD': {'0_1': 0.0, '0_2': 0.0, '1_2': 0.0, 'Average': 0.0}, 'Wass': {'0_1': 0.6330673694610596, '0_2': 0.6330673694610596, '1_2': 0.6330673694610596, 'Average': 0.6330673694610596}}
2024-09-24 00:29:43,170: full
2024-09-24 00:29:43,170: {'MMD': {'0_1': 1008.7543334960938, '0_2': 5635.9208984375, '1_2': 1875.91845703125, 'Average': 2840.1978963216147}, 'Wass': {'0_1': 18.790395736694336, '0_2': 46.0113639831543, '1_2': 26.587099075317383, 'Average': 30.462952931722004}}
2024-09-24 00:29:43,177: unaware
2024-09-24 00:29:43,177: {'MMD': {'0_1': 1324.623046875, '0_2': 7193.70361328125, '1_2': 2344.5283203125, 'Average': 3620.95166015625}, 'Wass': {'0_1': 22.13623809814453, '0_2': 51.717342376708984, '1_2': 29.92498779296875, 'Average': 34.592856089274086}}
2024-09-24 00:29:43,184: cfpu
2024-09-24 00:29:43,184: {'MMD': {'0_1': 49.80406951904297, '0_2': 304.59039306640625, '1_2': 108.06266021728516, 'Average': 154.15237426757812}, 'Wass': {'0_1': 5.666918754577637, '0_2': 6.44378662109375, '1_2': 5.769224643707275, 'Average': 5.959976673126221}}
2024-09-24 00:29:43,190: cfpup
2024-09-24 00:29:43,190: {'MMD': {'0_1': 46.81211471557617, '0_2': 287.6913146972656, '1_2': 102.40484619140625, 'Average': 145.63609186808267}, 'Wass': {'0_1': 5.5342631340026855, '0_2': 6.314836502075195, '1_2': 5.726114273071289, 'Average': 5.858404636383057}}
