2024-09-23 23:44:40,373: Namespace(cudanum=3, dataset='adult', synthetic=1, seed=53, training=1, pyromodel='models_save/cfpup.pt', pyroparam='models_save/cfpup_param.pt', lrcausalmodel=0.001, alpha=0.0, num_iterations_causalmodel=20000, epochs_vae=10, decoder_type='together', lr=0.002)
2024-09-23 23:44:40,374: Namespace(cudanum=3, dataset='adult', synthetic=1, seed=53, training=1, pyromodel='models_save/cfpup.pt', pyroparam='models_save/cfpup_param.pt', lrcausalmodel=0.001, alpha=0.0, num_iterations_causalmodel=20000, epochs_vae=10, decoder_type='together', lr=0.002)
2024-09-23 23:44:40,550: =========== evaluation for constant predictor ================: {'F1-score': 0.0, 'Accuracy': 0.7456111295130838}
2024-09-23 23:44:40,691: =========== evaluation for full predictor ================: {'F1-score': 0.6514759192128431, 'Accuracy': 0.7770785028155018}
2024-09-23 23:44:40,822: =========== evaluation for unaware predictor ================: {'F1-score': 0.6518134715025907, 'Accuracy': 0.7774097383239483}
2024-09-23 23:44:43,650: [iteration 0001] loss: 1230.2229
2024-09-23 23:45:02,135: [iteration 1001] loss: 664.1058
2024-09-23 23:45:20,548: [iteration 2001] loss: 347.4398
2024-09-23 23:45:38,795: [iteration 3001] loss: 192.9700
2024-09-23 23:45:56,395: [iteration 4001] loss: 132.1185
2024-09-23 23:46:13,952: [iteration 5001] loss: 110.5446
2024-09-23 23:46:31,505: [iteration 6001] loss: 99.0967
2024-09-23 23:46:49,035: [iteration 7001] loss: 90.0680
2024-09-23 23:47:06,549: [iteration 8001] loss: 82.6746
2024-09-23 23:47:24,089: [iteration 9001] loss: 76.6243
2024-09-23 23:47:41,647: [iteration 10001] loss: 71.6654
2024-09-23 23:47:59,194: [iteration 11001] loss: 67.6011
2024-09-23 23:48:16,710: [iteration 12001] loss: 64.3965
2024-09-23 23:48:41,672: [iteration 13001] loss: 61.7795
2024-09-23 23:49:09,422: [iteration 14001] loss: 59.6711
2024-09-23 23:49:37,233: [iteration 15001] loss: 57.9173
2024-09-23 23:50:04,517: [iteration 16001] loss: 56.4675
2024-09-23 23:50:32,016: [iteration 17001] loss: 55.2199
2024-09-23 23:50:59,591: [iteration 18001] loss: 54.1837
2024-09-23 23:51:26,989: [iteration 19001] loss: 53.3179
2024-09-23 23:51:54,380: saved causal model in: models_save/cfpup.pt
2024-09-23 23:51:54,412: =========== evaluation for cfp_u predictor ================: {'F1-score': 0.5191654536632703, 'Accuracy': 0.671745611129513}
2024-09-23 23:51:54,460: elbo_loss:29819460.0, custom_loss:0.0
2024-09-23 23:51:54,473: [iteration 0001] loss: 1234.9137
2024-09-23 23:52:34,781: elbo_loss:13935447.0, custom_loss:0.0
2024-09-23 23:53:15,094: elbo_loss:5023197.0, custom_loss:0.0
2024-09-23 23:53:55,306: elbo_loss:2077173.25, custom_loss:0.0
2024-09-23 23:54:35,430: elbo_loss:1251543.625, custom_loss:0.0
2024-09-23 23:55:15,610: elbo_loss:875680.0, custom_loss:0.0
2024-09-23 23:55:55,779: elbo_loss:665863.875, custom_loss:0.0
2024-09-23 23:56:35,931: elbo_loss:545993.6875, custom_loss:0.0
2024-09-23 23:57:16,038: elbo_loss:473344.59375, custom_loss:0.0
2024-09-23 23:57:55,398: elbo_loss:427685.5625, custom_loss:0.0
2024-09-23 23:58:33,108: elbo_loss:398248.71875, custom_loss:0.0
2024-09-23 23:58:33,118: [iteration 10001] loss: 16.4927
2024-09-23 23:59:11,046: elbo_loss:379571.34375, custom_loss:0.0
2024-09-23 23:59:48,921: elbo_loss:367415.5625, custom_loss:0.0
2024-09-24 00:00:27,225: elbo_loss:359817.125, custom_loss:0.0
2024-09-24 00:01:05,586: elbo_loss:355217.96875, custom_loss:0.0
2024-09-24 00:01:44,894: elbo_loss:352171.75, custom_loss:0.0
2024-09-24 00:02:22,587: elbo_loss:350403.53125, custom_loss:0.0
2024-09-24 00:03:00,239: elbo_loss:349485.46875, custom_loss:0.0
2024-09-24 00:03:38,416: elbo_loss:348964.625, custom_loss:0.0
2024-09-24 00:04:17,341: elbo_loss:348698.625, custom_loss:0.0
2024-09-24 00:04:56,434: saved causal model in: models_save/cfpup.pt
2024-09-24 00:04:56,457: =========== evaluation for cfp_up predictor ================: {'F1-score': 0.52734375, 'Accuracy': 0.6793640278237827}
2024-09-24 00:04:56,476: Epoch: 0001, loss_train: 900.9786, loss_test: nan, time: 0.0163s
2024-09-24 00:04:56,520: saved VAE model in: models_save/vae.pt
2024-09-24 00:04:56,536: constant
2024-09-24 00:04:56,536: {'MMD': {'0_1': 0.0, '0_2': 0.0, '1_2': 0.0, 'Average': 0.0}, 'Wass': {'0_1': 0.6330673694610596, '0_2': 0.6330673694610596, '1_2': 0.6330673694610596, 'Average': 0.6330673694610596}}
2024-09-24 00:04:56,548: full
2024-09-24 00:04:56,549: {'MMD': {'0_1': 0.5368441343307495, '0_2': 1.6166919469833374, '1_2': 0.2903006374835968, 'Average': 0.8146122395992279}, 'Wass': {'0_1': 0.8947346210479736, '0_2': 1.090156078338623, '1_2': 0.8195847272872925, 'Average': 0.9348251422246298}}
2024-09-24 00:04:56,559: unaware
2024-09-24 00:04:56,559: {'MMD': {'0_1': 0.5219739675521851, '0_2': 1.5576748847961426, '1_2': 0.2762455940246582, 'Average': 0.7852981487909952}, 'Wass': {'0_1': 0.905189037322998, '0_2': 1.0968838930130005, '1_2': 0.8323889374732971, 'Average': 0.9448206226030985}}
2024-09-24 00:04:56,570: cfpu
2024-09-24 00:04:56,570: {'MMD': {'0_1': 0.48393693566322327, '0_2': 4.829591751098633, '1_2': 2.2559361457824707, 'Average': 2.5231549441814423}, 'Wass': {'0_1': 5.132839679718018, '0_2': 5.155313968658447, '1_2': 5.128834247589111, 'Average': 5.138995965321858}}
2024-09-24 00:04:56,579: cfpup
2024-09-24 00:04:56,579: {'MMD': {'0_1': 0.13649290800094604, '0_2': 1.5268408060073853, '1_2': 0.7503102421760559, 'Average': 0.8045479853947958}, 'Wass': {'0_1': 5.0251593589782715, '0_2': 5.013956546783447, '1_2': 5.012077331542969, 'Average': 5.0170644124348955}}
