2024-09-23 23:17:47,850: Namespace(cudanum=0, dataset='law', synthetic=1, seed=50, training=1, pyromodel='models_save/cfpup.pt', pyroparam='models_save/cfpup_param.pt', lrcausalmodel=0.001, alpha=15000.0, num_iterations_causalmodel=20000, epochs_vae=10, decoder_type='together', lr=0.002)
2024-09-23 23:17:47,852: Namespace(cudanum=0, dataset='law', synthetic=1, seed=50, training=1, pyromodel='models_save/cfpup.pt', pyroparam='models_save/cfpup_param.pt', lrcausalmodel=0.001, alpha=15000.0, num_iterations_causalmodel=20000, epochs_vae=10, decoder_type='together', lr=0.002)
2024-09-23 23:17:47,882: =========== evaluation for constant predictor ================: {'RMSE': 0.9218197901142571, 'MAE': 0.7359503518763207}
2024-09-23 23:17:47,885: =========== evaluation for full predictor ================: {'RMSE': 0.8688112374892244, 'MAE': 0.7003106479543398}
2024-09-23 23:17:47,887: =========== evaluation for unaware predictor ================: {'RMSE': 0.8813496379949248, 'MAE': 0.708820682441671}
2024-09-23 23:17:49,481: [iteration 0001] loss: 138.5821
2024-09-23 23:18:00,995: [iteration 1001] loss: 20.4735
2024-09-23 23:18:12,483: [iteration 2001] loss: 11.2897
2024-09-23 23:18:21,417: [iteration 3001] loss: 10.5234
2024-09-23 23:18:29,042: [iteration 4001] loss: 10.3778
2024-09-23 23:18:36,516: [iteration 5001] loss: 10.2690
2024-09-23 23:18:43,975: [iteration 6001] loss: 10.1395
2024-09-23 23:18:51,459: [iteration 7001] loss: 9.9673
2024-09-23 23:18:58,809: [iteration 8001] loss: 9.6988
2024-09-23 23:19:06,198: [iteration 9001] loss: 9.2359
2024-09-23 23:19:13,580: [iteration 10001] loss: 8.3417
2024-09-23 23:19:20,947: [iteration 11001] loss: 7.4356
2024-09-23 23:19:28,321: [iteration 12001] loss: 7.0831
2024-09-23 23:19:35,706: [iteration 13001] loss: 6.9111
2024-09-23 23:19:43,098: [iteration 14001] loss: 6.8162
2024-09-23 23:19:50,505: [iteration 15001] loss: 6.7642
2024-09-23 23:19:57,892: [iteration 16001] loss: 6.7362
2024-09-23 23:20:05,289: [iteration 17001] loss: 6.7166
2024-09-23 23:20:12,690: [iteration 18001] loss: 6.7067
2024-09-23 23:20:20,067: [iteration 19001] loss: 6.7013
2024-09-23 23:20:27,455: saved causal model in: models_save/cfpup.pt
2024-09-23 23:20:27,460: =========== evaluation for cfp_u predictor ================: {'RMSE': 0.9065620331664285, 'MAE': 0.724984163986291}
2024-09-23 23:20:27,474: elbo_loss:2341002.0, custom_loss:3383.313720703125
2024-09-23 23:20:27,479: [iteration 0001] loss: 143.5719
2024-09-23 23:20:40,358: elbo_loss:229028.25, custom_loss:3637.011474609375
2024-09-23 23:20:53,213: elbo_loss:191094.796875, custom_loss:3452.814453125
2024-09-23 23:21:06,094: elbo_loss:165889.421875, custom_loss:5393.29345703125
2024-09-23 23:21:19,044: elbo_loss:154538.8125, custom_loss:6119.48681640625
2024-09-23 23:21:34,061: elbo_loss:143874.421875, custom_loss:6231.95556640625
2024-09-23 23:21:53,927: elbo_loss:136122.5625, custom_loss:6349.185546875
2024-09-23 23:22:13,895: elbo_loss:129713.46875, custom_loss:6298.43896484375
2024-09-23 23:22:33,910: elbo_loss:125018.796875, custom_loss:6277.73486328125
2024-09-23 23:22:53,846: elbo_loss:122008.0703125, custom_loss:6066.4931640625
2024-09-23 23:23:13,797: elbo_loss:120400.734375, custom_loss:6193.52783203125
2024-09-23 23:23:13,803: [iteration 10001] loss: 7.7527
2024-09-23 23:23:33,794: elbo_loss:119251.9765625, custom_loss:6212.7890625
2024-09-23 23:23:53,869: elbo_loss:118733.71875, custom_loss:6234.27734375
2024-09-23 23:24:13,997: elbo_loss:118267.9296875, custom_loss:6213.37255859375
2024-09-23 23:24:34,142: elbo_loss:117890.84375, custom_loss:6317.7236328125
2024-09-23 23:24:54,370: elbo_loss:117664.7421875, custom_loss:6197.95263671875
2024-09-23 23:25:14,899: elbo_loss:117448.796875, custom_loss:6188.5888671875
2024-09-23 23:25:35,249: elbo_loss:117340.640625, custom_loss:6232.22265625
2024-09-23 23:25:55,440: elbo_loss:117305.640625, custom_loss:6173.35498046875
2024-09-23 23:26:15,677: elbo_loss:117232.2109375, custom_loss:6231.49560546875
2024-09-23 23:26:35,908: saved causal model in: models_save/cfpup.pt
2024-09-23 23:26:35,913: =========== evaluation for cfp_up predictor ================: {'RMSE': 0.8874951592939916, 'MAE': 0.7115425393907726}
2024-09-23 23:26:35,925: Epoch: 0001, loss_train: 114.9396, loss_test: 111.7224, time: 0.0093s
2024-09-23 23:26:35,967: saved VAE model in: models_save/vae.pt
2024-09-23 23:26:35,980: constant
2024-09-23 23:26:35,980: {'MMD': {'0_1': 0.0, '0_2': 0.0, '1_2': 0.0, 'Average': 0.0}, 'Wass': {'0_1': 0.6330674886703491, '0_2': 0.6330674886703491, '1_2': 0.6330674886703491, 'Average': 0.6330674886703491}}
2024-09-23 23:26:35,988: full
2024-09-23 23:26:35,988: {'MMD': {'0_1': 7669.20654296875, '0_2': 30681.0859375, '1_2': 7671.33642578125, 'Average': 15340.54296875}, 'Wass': {'0_1': 52.693565368652344, '0_2': 105.29069519042969, '1_2': 52.69756317138672, 'Average': 70.22727457682292}}
2024-09-23 23:26:35,996: unaware
2024-09-23 23:26:35,996: {'MMD': {'0_1': 719.7357788085938, '0_2': 2877.4853515625, '1_2': 719.0068359375, 'Average': 1438.742655436198}, 'Wass': {'0_1': 16.21715545654297, '0_2': 32.338809967041016, '1_2': 16.22052764892578, 'Average': 21.592164357503254}}
2024-09-23 23:26:36,004: cfpu
2024-09-23 23:26:36,004: {'MMD': {'0_1': 0.07481768727302551, '0_2': 0.07303771376609802, '1_2': 0.2957001030445099, 'Average': 0.14785183469454447}, 'Wass': {'0_1': 3.4931116104125977, '0_2': 3.4791696071624756, '1_2': 3.5319552421569824, 'Average': 3.5014121532440186}}
2024-09-23 23:26:36,012: cfpup
2024-09-23 23:26:36,012: {'MMD': {'0_1': 0.20758317410945892, '0_2': 0.20264770090579987, '1_2': 0.8204320669174194, 'Average': 0.4102209806442261}, 'Wass': {'0_1': 5.610132217407227, '0_2': 5.584696292877197, '1_2': 5.674408435821533, 'Average': 5.623078982035319}}
