2024-09-24 00:11:34,191: Namespace(cudanum=2, dataset='adult', synthetic=1, seed=52, training=1, pyromodel='models_save/cfpup.pt', pyroparam='models_save/cfpup_param.pt', lrcausalmodel=0.001, alpha=10000.0, num_iterations_causalmodel=20000, epochs_vae=10, decoder_type='together', lr=0.002)
2024-09-24 00:11:34,192: Namespace(cudanum=2, dataset='adult', synthetic=1, seed=52, training=1, pyromodel='models_save/cfpup.pt', pyroparam='models_save/cfpup_param.pt', lrcausalmodel=0.001, alpha=10000.0, num_iterations_causalmodel=20000, epochs_vae=10, decoder_type='together', lr=0.002)
2024-09-24 00:11:34,368: =========== evaluation for constant predictor ================: {'F1-score': 0.0, 'Accuracy': 0.7565419012918185}
2024-09-24 00:11:34,513: =========== evaluation for full predictor ================: {'F1-score': 0.6428571428571429, 'Accuracy': 0.7780722093408413}
2024-09-24 00:11:34,650: =========== evaluation for unaware predictor ================: {'F1-score': 0.6400862068965517, 'Accuracy': 0.7787346803577343}
2024-09-24 00:11:36,972: [iteration 0001] loss: 1229.9450
2024-09-24 00:11:54,348: [iteration 1001] loss: 663.9560
2024-09-24 00:12:12,779: [iteration 2001] loss: 347.3659
2024-09-24 00:12:31,472: [iteration 3001] loss: 192.8833
2024-09-24 00:12:49,043: [iteration 4001] loss: 132.1103
2024-09-24 00:13:06,018: [iteration 5001] loss: 110.5497
2024-09-24 00:13:22,219: [iteration 6001] loss: 99.0271
2024-09-24 00:13:38,464: [iteration 7001] loss: 90.0199
2024-09-24 00:13:54,844: [iteration 8001] loss: 82.7056
2024-09-24 00:14:11,077: [iteration 9001] loss: 76.6383
2024-09-24 00:14:27,353: [iteration 10001] loss: 71.6633
2024-09-24 00:14:43,617: [iteration 11001] loss: 67.6522
2024-09-24 00:15:01,004: [iteration 12001] loss: 64.3692
2024-09-24 00:15:26,166: [iteration 13001] loss: 61.7938
2024-09-24 00:15:51,794: [iteration 14001] loss: 59.6847
2024-09-24 00:16:17,925: [iteration 15001] loss: 57.9494
2024-09-24 00:16:43,959: [iteration 16001] loss: 56.4735
2024-09-24 00:17:10,031: [iteration 17001] loss: 55.2332
2024-09-24 00:17:36,202: [iteration 18001] loss: 54.2016
2024-09-24 00:18:02,314: [iteration 19001] loss: 53.3202
2024-09-24 00:18:28,430: saved causal model in: models_save/cfpup.pt
2024-09-24 00:18:28,456: =========== evaluation for cfp_u predictor ================: {'F1-score': 0.4932330827067669, 'Accuracy': 0.665120900960583}
2024-09-24 00:18:28,502: elbo_loss:29819638.0, custom_loss:2242.468505859375
2024-09-24 00:18:28,514: [iteration 0001] loss: 1235.0139
2024-09-24 00:19:05,896: elbo_loss:13934110.0, custom_loss:6830.5654296875
2024-09-24 00:19:43,050: elbo_loss:5021268.0, custom_loss:10610.37109375
2024-09-24 00:20:20,089: elbo_loss:2076560.625, custom_loss:13252.37109375
2024-09-24 00:20:57,124: elbo_loss:1254535.625, custom_loss:15825.7119140625
2024-09-24 00:21:33,999: elbo_loss:882168.5, custom_loss:17505.80859375
2024-09-24 00:22:11,098: elbo_loss:672813.625, custom_loss:18541.111328125
2024-09-24 00:22:48,224: elbo_loss:553655.1875, custom_loss:18680.736328125
2024-09-24 00:23:25,400: elbo_loss:481205.40625, custom_loss:18005.95703125
2024-09-24 00:24:02,466: elbo_loss:435692.3125, custom_loss:17682.681640625
2024-09-24 00:24:39,477: elbo_loss:406168.46875, custom_loss:17147.734375
2024-09-24 00:24:39,486: [iteration 10001] loss: 17.5308
2024-09-24 00:25:16,480: elbo_loss:387359.78125, custom_loss:16644.9296875
2024-09-24 00:25:41,228: elbo_loss:375404.84375, custom_loss:16050.197265625
2024-09-24 00:26:03,818: elbo_loss:368073.03125, custom_loss:15551.55859375
2024-09-24 00:26:26,348: elbo_loss:363205.25, custom_loss:14977.6240234375
2024-09-24 00:26:49,532: elbo_loss:360275.03125, custom_loss:14566.24609375
2024-09-24 00:27:12,718: elbo_loss:358992.53125, custom_loss:14147.4736328125
2024-09-24 00:27:35,942: elbo_loss:358174.28125, custom_loss:13640.5419921875
2024-09-24 00:27:58,962: elbo_loss:357921.75, custom_loss:13570.0537109375
2024-09-24 00:28:22,026: elbo_loss:357582.0, custom_loss:13353.6826171875
2024-09-24 00:28:44,344: saved causal model in: models_save/cfpup.pt
2024-09-24 00:28:44,364: =========== evaluation for cfp_up predictor ================: {'F1-score': 0.5002521432173475, 'Accuracy': 0.671745611129513}
2024-09-24 00:28:44,374: Epoch: 0001, loss_train: 743.1836, loss_test: nan, time: 0.0080s
2024-09-24 00:28:44,411: saved VAE model in: models_save/vae.pt
2024-09-24 00:28:44,421: constant
2024-09-24 00:28:44,421: {'MMD': {'0_1': 0.0, '0_2': 0.0, '1_2': 0.0, 'Average': 0.0}, 'Wass': {'0_1': 0.6330673694610596, '0_2': 0.6330673694610596, '1_2': 0.6330673694610596, 'Average': 0.6330673694610596}}
2024-09-24 00:28:44,427: full
2024-09-24 00:28:44,427: {'MMD': {'0_1': 1009.2774047851562, '0_2': 5637.279296875, '1_2': 1875.9891357421875, 'Average': 2840.8486124674478}, 'Wass': {'0_1': 18.797264099121094, '0_2': 46.01655197143555, '1_2': 26.58696746826172, 'Average': 30.466927846272785}}
2024-09-24 00:28:44,434: unaware
2024-09-24 00:28:44,434: {'MMD': {'0_1': 1325.217529296875, '0_2': 7195.162109375, '1_2': 2344.57080078125, 'Average': 3621.650146484375}, 'Wass': {'0_1': 22.142372131347656, '0_2': 51.722312927246094, '1_2': 29.92471694946289, 'Average': 34.59646733601888}}
2024-09-24 00:28:44,440: cfpu
2024-09-24 00:28:44,440: {'MMD': {'0_1': 49.761173248291016, '0_2': 304.3304138183594, '1_2': 107.97097778320312, 'Average': 154.02085494995117}, 'Wass': {'0_1': 5.666709899902344, '0_2': 6.44236946105957, '1_2': 5.769345283508301, 'Average': 5.959474881490071}}
2024-09-24 00:28:44,446: cfpup
2024-09-24 00:28:44,446: {'MMD': {'0_1': 46.465843200683594, '0_2': 286.2944641113281, '1_2': 102.08380126953125, 'Average': 144.94803619384766}, 'Wass': {'0_1': 5.554800987243652, '0_2': 6.3164591789245605, '1_2': 5.74269962310791, 'Average': 5.871319929758708}}
