2024-09-23 23:44:40,357: Namespace(cudanum=2, dataset='adult', synthetic=1, seed=52, training=1, pyromodel='models_save/cfpup.pt', pyroparam='models_save/cfpup_param.pt', lrcausalmodel=0.001, alpha=0.0, num_iterations_causalmodel=20000, epochs_vae=10, decoder_type='together', lr=0.002)
2024-09-23 23:44:40,358: Namespace(cudanum=2, dataset='adult', synthetic=1, seed=52, training=1, pyromodel='models_save/cfpup.pt', pyroparam='models_save/cfpup_param.pt', lrcausalmodel=0.001, alpha=0.0, num_iterations_causalmodel=20000, epochs_vae=10, decoder_type='together', lr=0.002)
2024-09-23 23:44:40,524: =========== evaluation for constant predictor ================: {'F1-score': 0.0, 'Accuracy': 0.7565419012918185}
2024-09-23 23:44:40,667: =========== evaluation for full predictor ================: {'F1-score': 0.6428571428571429, 'Accuracy': 0.7780722093408413}
2024-09-23 23:44:40,805: =========== evaluation for unaware predictor ================: {'F1-score': 0.6400862068965517, 'Accuracy': 0.7787346803577343}
2024-09-23 23:44:43,502: [iteration 0001] loss: 1229.9450
2024-09-23 23:45:01,752: [iteration 1001] loss: 663.9560
2024-09-23 23:45:19,531: [iteration 2001] loss: 347.3659
2024-09-23 23:45:36,887: [iteration 3001] loss: 192.8833
2024-09-23 23:45:54,286: [iteration 4001] loss: 132.1103
2024-09-23 23:46:11,669: [iteration 5001] loss: 110.5497
2024-09-23 23:46:29,100: [iteration 6001] loss: 99.0271
2024-09-23 23:46:46,398: [iteration 7001] loss: 90.0199
2024-09-23 23:47:03,724: [iteration 8001] loss: 82.7056
2024-09-23 23:47:21,092: [iteration 9001] loss: 76.6383
2024-09-23 23:47:38,436: [iteration 10001] loss: 71.6633
2024-09-23 23:47:55,819: [iteration 11001] loss: 67.6522
2024-09-23 23:48:13,170: [iteration 12001] loss: 64.3692
2024-09-23 23:48:35,653: [iteration 13001] loss: 61.7938
2024-09-23 23:49:02,445: [iteration 14001] loss: 59.6847
2024-09-23 23:49:29,303: [iteration 15001] loss: 57.9494
2024-09-23 23:49:56,238: [iteration 16001] loss: 56.4735
2024-09-23 23:50:23,220: [iteration 17001] loss: 55.2332
2024-09-23 23:50:50,320: [iteration 18001] loss: 54.2016
2024-09-23 23:51:17,245: [iteration 19001] loss: 53.3202
2024-09-23 23:51:44,179: saved causal model in: models_save/cfpup.pt
2024-09-23 23:51:44,219: =========== evaluation for cfp_u predictor ================: {'F1-score': 0.4932330827067669, 'Accuracy': 0.665120900960583}
2024-09-23 23:51:44,268: elbo_loss:29819638.0, custom_loss:0.0
2024-09-23 23:51:44,281: [iteration 0001] loss: 1234.9210
2024-09-23 23:52:24,031: elbo_loss:13935172.0, custom_loss:0.0
2024-09-23 23:53:03,731: elbo_loss:5020864.5, custom_loss:0.0
2024-09-23 23:53:43,227: elbo_loss:2073735.25, custom_loss:0.0
2024-09-23 23:54:22,808: elbo_loss:1249862.75, custom_loss:0.0
2024-09-23 23:55:02,310: elbo_loss:874992.625, custom_loss:0.0
2024-09-23 23:55:41,927: elbo_loss:664293.8125, custom_loss:0.0
2024-09-23 23:56:21,446: elbo_loss:544831.1875, custom_loss:0.0
2024-09-23 23:57:00,915: elbo_loss:472606.03125, custom_loss:0.0
2024-09-23 23:57:39,310: elbo_loss:427386.8125, custom_loss:0.0
2024-09-23 23:58:16,980: elbo_loss:398033.9375, custom_loss:0.0
2024-09-23 23:58:16,990: [iteration 10001] loss: 16.4838
2024-09-23 23:58:54,655: elbo_loss:379463.96875, custom_loss:0.0
2024-09-23 23:59:33,156: elbo_loss:367499.25, custom_loss:0.0
2024-09-24 00:00:10,102: elbo_loss:360006.0625, custom_loss:0.0
2024-09-24 00:00:47,475: elbo_loss:354944.3125, custom_loss:0.0
2024-09-24 00:01:26,480: elbo_loss:352118.5, custom_loss:0.0
2024-09-24 00:02:05,417: elbo_loss:350432.34375, custom_loss:0.0
2024-09-24 00:02:43,875: elbo_loss:349657.3125, custom_loss:0.0
2024-09-24 00:03:22,502: elbo_loss:349027.625, custom_loss:0.0
2024-09-24 00:04:01,364: elbo_loss:348578.78125, custom_loss:0.0
2024-09-24 00:04:40,195: saved causal model in: models_save/cfpup.pt
2024-09-24 00:04:40,217: =========== evaluation for cfp_up predictor ================: {'F1-score': 0.5040322580645161, 'Accuracy': 0.6740642596886386}
2024-09-24 00:04:40,237: Epoch: 0001, loss_train: 741.4943, loss_test: nan, time: 0.0167s
2024-09-24 00:04:40,283: saved VAE model in: models_save/vae.pt
2024-09-24 00:04:40,298: constant
2024-09-24 00:04:40,299: {'MMD': {'0_1': 0.0, '0_2': 0.0, '1_2': 0.0, 'Average': 0.0}, 'Wass': {'0_1': 0.6330673694610596, '0_2': 0.6330673694610596, '1_2': 0.6330673694610596, 'Average': 0.6330673694610596}}
2024-09-24 00:04:40,310: full
2024-09-24 00:04:40,310: {'MMD': {'0_1': 1009.9877319335938, '0_2': 5638.7998046875, '1_2': 1875.89794921875, 'Average': 2841.5618286132812}, 'Wass': {'0_1': 18.807167053222656, '0_2': 46.022491455078125, '1_2': 26.584819793701172, 'Average': 30.471492767333984}}
2024-09-24 00:04:40,320: unaware
2024-09-24 00:04:40,321: {'MMD': {'0_1': 1325.997314453125, '0_2': 7196.7119140625, '1_2': 2344.41796875, 'Average': 3622.375732421875}, 'Wass': {'0_1': 22.151010513305664, '0_2': 51.72767639160156, '1_2': 29.92243194580078, 'Average': 34.600372950236}}
2024-09-24 00:04:40,331: cfpu
2024-09-24 00:04:40,331: {'MMD': {'0_1': 49.676700592041016, '0_2': 303.8301086425781, '1_2': 107.79740905761719, 'Average': 153.76807276407877}, 'Wass': {'0_1': 5.666111469268799, '0_2': 6.439598083496094, '1_2': 5.769468784332275, 'Average': 5.95839277903239}}
2024-09-24 00:04:40,341: cfpup
2024-09-24 00:04:40,341: {'MMD': {'0_1': 44.93659591674805, '0_2': 280.3581237792969, '1_2': 100.8100814819336, 'Average': 142.03493372599283}, 'Wass': {'0_1': 5.656239986419678, '0_2': 6.336379051208496, '1_2': 5.821700096130371, 'Average': 5.938106377919515}}
