2024-09-23 23:05:13,303: Namespace(cudanum=5, dataset='law', synthetic=1, seed=51, training=1, pyromodel='models_save/cfpup.pt', pyroparam='models_save/cfpup_param.pt', lrcausalmodel=0.001, alpha=10000.0, num_iterations_causalmodel=20000, epochs_vae=10, decoder_type='together', lr=0.002)
2024-09-23 23:05:13,305: Namespace(cudanum=5, dataset='law', synthetic=1, seed=51, training=1, pyromodel='models_save/cfpup.pt', pyroparam='models_save/cfpup_param.pt', lrcausalmodel=0.001, alpha=10000.0, num_iterations_causalmodel=20000, epochs_vae=10, decoder_type='together', lr=0.002)
2024-09-23 23:05:13,335: =========== evaluation for constant predictor ================: {'RMSE': 0.9165065931854675, 'MAE': 0.7382822818910539}
2024-09-23 23:05:13,339: =========== evaluation for full predictor ================: {'RMSE': 0.8616290672684878, 'MAE': 0.6912660632121225}
2024-09-23 23:05:13,341: =========== evaluation for unaware predictor ================: {'RMSE': 0.8731503900374782, 'MAE': 0.7014632909714762}
2024-09-23 23:05:17,165: [iteration 0001] loss: 138.5914
2024-09-23 23:05:35,977: [iteration 1001] loss: 20.3986
2024-09-23 23:05:55,732: [iteration 2001] loss: 11.2947
2024-09-23 23:06:14,835: [iteration 3001] loss: 10.5161
2024-09-23 23:06:31,510: [iteration 4001] loss: 10.3777
2024-09-23 23:06:45,819: [iteration 5001] loss: 10.2696
2024-09-23 23:07:00,701: [iteration 6001] loss: 10.1399
2024-09-23 23:07:15,395: [iteration 7001] loss: 9.9647
2024-09-23 23:07:29,986: [iteration 8001] loss: 9.6983
2024-09-23 23:07:45,971: [iteration 9001] loss: 9.2370
2024-09-23 23:08:00,243: [iteration 10001] loss: 8.3439
2024-09-23 23:08:15,250: [iteration 11001] loss: 7.4383
2024-09-23 23:08:30,182: [iteration 12001] loss: 7.0852
2024-09-23 23:08:44,952: [iteration 13001] loss: 6.9142
2024-09-23 23:08:58,942: [iteration 14001] loss: 6.8191
2024-09-23 23:09:15,053: [iteration 15001] loss: 6.7655
2024-09-23 23:09:29,973: [iteration 16001] loss: 6.7338
2024-09-23 23:09:44,976: [iteration 17001] loss: 6.7177
2024-09-23 23:09:59,855: [iteration 18001] loss: 6.7067
2024-09-23 23:10:13,981: [iteration 19001] loss: 6.7007
2024-09-23 23:10:30,285: saved causal model in: models_save/cfpup.pt
2024-09-23 23:10:30,294: =========== evaluation for cfp_u predictor ================: {'RMSE': 0.9041357630711065, 'MAE': 0.7235046259865502}
2024-09-23 23:10:30,322: elbo_loss:2340797.5, custom_loss:2210.88232421875
2024-09-23 23:10:30,331: [iteration 0001] loss: 143.4876
2024-09-23 23:10:55,805: elbo_loss:229261.15625, custom_loss:2768.88818359375
2024-09-23 23:11:20,682: elbo_loss:190495.875, custom_loss:2552.130126953125
2024-09-23 23:11:47,068: elbo_loss:165002.75, custom_loss:4350.46240234375
2024-09-23 23:12:12,545: elbo_loss:153307.921875, custom_loss:5019.07568359375
2024-09-23 23:12:38,734: elbo_loss:142911.40625, custom_loss:5220.79638671875
2024-09-23 23:13:03,854: elbo_loss:134866.625, custom_loss:5195.744140625
2024-09-23 23:13:29,287: elbo_loss:128414.1640625, custom_loss:5272.40380859375
2024-09-23 23:13:55,040: elbo_loss:123502.28125, custom_loss:5294.19482421875
2024-09-23 23:14:20,569: elbo_loss:120664.0859375, custom_loss:5273.2939453125
2024-09-23 23:14:45,725: elbo_loss:119052.3984375, custom_loss:5272.21484375
2024-09-23 23:14:45,731: [iteration 10001] loss: 7.6137
2024-09-23 23:15:11,567: elbo_loss:118118.09375, custom_loss:5161.44921875
2024-09-23 23:15:37,053: elbo_loss:117421.7890625, custom_loss:5266.1298828125
2024-09-23 23:16:03,513: elbo_loss:116945.421875, custom_loss:5228.95458984375
2024-09-23 23:16:28,353: elbo_loss:116666.234375, custom_loss:5291.60791015625
2024-09-23 23:16:56,056: elbo_loss:116387.2421875, custom_loss:5240.35205078125
2024-09-23 23:17:19,757: elbo_loss:116182.6484375, custom_loss:5241.783203125
2024-09-23 23:17:45,258: elbo_loss:116057.0703125, custom_loss:5219.45166015625
2024-09-23 23:18:18,454: elbo_loss:116179.796875, custom_loss:5211.95068359375
2024-09-23 23:18:52,575: elbo_loss:116006.4609375, custom_loss:5145.40087890625
2024-09-23 23:19:27,560: saved causal model in: models_save/cfpup.pt
2024-09-23 23:19:27,565: =========== evaluation for cfp_up predictor ================: {'RMSE': 0.8813713356224511, 'MAE': 0.708827710051334}
2024-09-23 23:19:27,590: Epoch: 0001, loss_train: 976.9995, loss_test: 1006.3254, time: 0.0196s
2024-09-23 23:19:27,633: saved VAE model in: models_save/vae.pt
2024-09-23 23:19:27,649: constant
2024-09-23 23:19:27,649: {'MMD': {'0_1': 0.0, '0_2': 0.0, '1_2': 0.0, 'Average': 0.0}, 'Wass': {'0_1': 0.6330674886703491, '0_2': 0.6330674886703491, '1_2': 0.6330674886703491, 'Average': 0.6330674886703491}}
2024-09-23 23:19:27,660: full
2024-09-23 23:19:27,661: {'MMD': {'0_1': 12525.775390625, '0_2': 50103.1015625, '1_2': 12525.775390625, 'Average': 25051.55078125}, 'Wass': {'0_1': 67.25402069091797, '0_2': 134.46763610839844, '1_2': 67.25397491455078, 'Average': 89.65854390462239}}
2024-09-23 23:19:27,671: unaware
2024-09-23 23:19:27,671: {'MMD': {'0_1': 0.0001018697366816923, '0_2': 0.0004106936976313591, '1_2': 0.00010348029172746465, 'Average': 0.00020534790868017203}, 'Wass': {'0_1': 0.6709691286087036, '0_2': 0.6711363792419434, '1_2': 0.6709195375442505, 'Average': 0.6710083484649658}}
2024-09-23 23:19:27,680: cfpu
2024-09-23 23:19:27,680: {'MMD': {'0_1': 6.442885933211073e-05, '0_2': 0.00016575540939811617, '1_2': 2.3501597752328962e-05, 'Average': 8.456195549418528e-05}, 'Wass': {'0_1': 7.58767557144165, '0_2': 7.588517665863037, '1_2': 7.588472843170166, 'Average': 7.588222026824951}}
2024-09-23 23:19:27,690: cfpup
2024-09-23 23:19:27,690: {'MMD': {'0_1': 0.0001596731599420309, '0_2': 0.0004074789467267692, '1_2': 5.7001321692951024e-05, 'Average': 0.00020805114278725037}, 'Wass': {'0_1': 11.768799781799316, '0_2': 11.77014446258545, '1_2': 11.770105361938477, 'Average': 11.769683202107748}}
