2024-09-22 22:56:50,563: Namespace(cudanum=2, dataset='adult', synthetic=0, seed=52, training=1, pyromodel='models_save/cfpup.pt', pyroparam='models_save/cfpup_param.pt', lrcausalmodel=0.001, alpha=0.0, num_iterations_causalmodel=20000, epochs_vae=10, decoder_type='together', lr=0.002)
2024-09-22 22:56:50,564: Namespace(cudanum=2, dataset='adult', synthetic=0, seed=52, training=1, pyromodel='models_save/cfpup.pt', pyroparam='models_save/cfpup_param.pt', lrcausalmodel=0.001, alpha=0.0, num_iterations_causalmodel=20000, epochs_vae=10, decoder_type='together', lr=0.002)
2024-09-22 22:56:50,716: =========== evaluation for constant predictor ================: {'F1-score': 0.0, 'Accuracy': 0.7565419012918185}
2024-09-22 22:56:50,840: =========== evaluation for full predictor ================: {'F1-score': 0.6428571428571429, 'Accuracy': 0.7780722093408413}
2024-09-22 22:56:50,967: =========== evaluation for unaware predictor ================: {'F1-score': 0.6400862068965517, 'Accuracy': 0.7787346803577343}
2024-09-22 22:56:53,722: [iteration 0001] loss: 1229.9450
2024-09-22 22:57:11,940: [iteration 1001] loss: 663.9560
2024-09-22 22:57:29,679: [iteration 2001] loss: 347.3659
2024-09-22 22:57:46,433: [iteration 3001] loss: 192.8833
2024-09-22 22:58:03,253: [iteration 4001] loss: 132.1103
2024-09-22 22:58:20,066: [iteration 5001] loss: 110.5497
2024-09-22 22:58:36,889: [iteration 6001] loss: 99.0271
2024-09-22 22:58:53,801: [iteration 7001] loss: 90.0199
2024-09-22 22:59:10,765: [iteration 8001] loss: 82.7056
2024-09-22 22:59:27,710: [iteration 9001] loss: 76.6383
2024-09-22 22:59:44,634: [iteration 10001] loss: 71.6633
2024-09-22 23:00:01,505: [iteration 11001] loss: 67.6522
2024-09-22 23:00:18,684: [iteration 12001] loss: 64.3692
2024-09-22 23:00:36,038: [iteration 13001] loss: 61.7938
2024-09-22 23:00:53,754: [iteration 14001] loss: 59.6847
2024-09-22 23:01:11,081: [iteration 15001] loss: 57.9494
