2024-09-22 22:56:50,562: Namespace(cudanum=0, dataset='adult', synthetic=0, seed=50, training=1, pyromodel='models_save/cfpup.pt', pyroparam='models_save/cfpup_param.pt', lrcausalmodel=0.001, alpha=0.0, num_iterations_causalmodel=20000, epochs_vae=10, decoder_type='together', lr=0.002)
2024-09-22 22:56:50,564: Namespace(cudanum=0, dataset='adult', synthetic=0, seed=50, training=1, pyromodel='models_save/cfpup.pt', pyroparam='models_save/cfpup_param.pt', lrcausalmodel=0.001, alpha=0.0, num_iterations_causalmodel=20000, epochs_vae=10, decoder_type='together', lr=0.002)
2024-09-22 22:56:50,718: =========== evaluation for constant predictor ================: {'F1-score': 0.0, 'Accuracy': 0.7479297780722094}
2024-09-22 22:56:50,845: =========== evaluation for full predictor ================: {'F1-score': 0.631578947368421, 'Accuracy': 0.7658164955283207}
2024-09-22 22:56:50,971: =========== evaluation for unaware predictor ================: {'F1-score': 0.6308654848800834, 'Accuracy': 0.7654852600198742}
2024-09-22 22:56:53,722: [iteration 0001] loss: 1230.2366
2024-09-22 22:57:11,781: [iteration 1001] loss: 664.1250
2024-09-22 22:57:28,766: [iteration 2001] loss: 347.4303
2024-09-22 22:57:45,925: [iteration 3001] loss: 193.0704
2024-09-22 22:58:02,791: [iteration 4001] loss: 132.1601
2024-09-22 22:58:19,334: [iteration 5001] loss: 110.5378
2024-09-22 22:58:35,908: [iteration 6001] loss: 99.0102
2024-09-22 22:58:52,698: [iteration 7001] loss: 90.0419
2024-09-22 22:59:09,326: [iteration 8001] loss: 82.7015
2024-09-22 22:59:25,931: [iteration 9001] loss: 76.6208
2024-09-22 22:59:42,541: [iteration 10001] loss: 71.6938
2024-09-22 22:59:59,220: [iteration 11001] loss: 67.6263
2024-09-22 23:00:15,816: [iteration 12001] loss: 64.3714
2024-09-22 23:00:33,092: [iteration 13001] loss: 61.7784
2024-09-22 23:00:50,397: [iteration 14001] loss: 59.6589
2024-09-22 23:01:07,708: [iteration 15001] loss: 57.9294
