2024-09-22 22:56:50,546: Namespace(cudanum=1, dataset='adult', synthetic=0, seed=51, training=1, pyromodel='models_save/cfpup.pt', pyroparam='models_save/cfpup_param.pt', lrcausalmodel=0.001, alpha=0.0, num_iterations_causalmodel=20000, epochs_vae=10, decoder_type='together', lr=0.002)
2024-09-22 22:56:50,547: Namespace(cudanum=1, dataset='adult', synthetic=0, seed=51, training=1, pyromodel='models_save/cfpup.pt', pyroparam='models_save/cfpup_param.pt', lrcausalmodel=0.001, alpha=0.0, num_iterations_causalmodel=20000, epochs_vae=10, decoder_type='together', lr=0.002)
2024-09-22 22:56:50,698: =========== evaluation for constant predictor ================: {'F1-score': 0.0, 'Accuracy': 0.7376614773103677}
2024-09-22 22:56:50,822: =========== evaluation for full predictor ================: {'F1-score': 0.6623181133968891, 'Accuracy': 0.7770785028155018}
2024-09-22 22:56:50,944: =========== evaluation for unaware predictor ================: {'F1-score': 0.6613306653326664, 'Accuracy': 0.7757535607817158}
2024-09-22 22:56:53,774: [iteration 0001] loss: 1230.2578
2024-09-22 22:57:11,850: [iteration 1001] loss: 664.1523
2024-09-22 22:57:29,133: [iteration 2001] loss: 347.5288
2024-09-22 22:57:45,804: [iteration 3001] loss: 193.0364
2024-09-22 22:58:02,955: [iteration 4001] loss: 132.2401
2024-09-22 22:58:20,471: [iteration 5001] loss: 110.6284
2024-09-22 22:58:37,151: [iteration 6001] loss: 99.0518
2024-09-22 22:58:53,946: [iteration 7001] loss: 90.0489
2024-09-22 22:59:10,928: [iteration 8001] loss: 82.6789
2024-09-22 22:59:28,449: [iteration 9001] loss: 76.6515
2024-09-22 22:59:45,960: [iteration 10001] loss: 71.6581
2024-09-22 23:00:03,376: [iteration 11001] loss: 67.6537
2024-09-22 23:00:20,076: [iteration 12001] loss: 64.3771
2024-09-22 23:00:36,706: [iteration 13001] loss: 61.8073
2024-09-22 23:00:53,396: [iteration 14001] loss: 59.6802
2024-09-22 23:01:10,074: [iteration 15001] loss: 57.9382
