2024-09-22 22:56:50,352: Namespace(cudanum=4, dataset='adult', synthetic=0, seed=50, training=1, pyromodel='models_save/cfpup.pt', pyroparam='models_save/cfpup_param.pt', lrcausalmodel=0.001, alpha=10000.0, num_iterations_causalmodel=20000, epochs_vae=10, decoder_type='together', lr=0.002)
2024-09-22 22:56:50,354: Namespace(cudanum=4, dataset='adult', synthetic=0, seed=50, training=1, pyromodel='models_save/cfpup.pt', pyroparam='models_save/cfpup_param.pt', lrcausalmodel=0.001, alpha=10000.0, num_iterations_causalmodel=20000, epochs_vae=10, decoder_type='together', lr=0.002)
2024-09-22 22:56:50,522: =========== evaluation for constant predictor ================: {'F1-score': 0.0, 'Accuracy': 0.7479297780722094}
2024-09-22 22:56:50,665: =========== evaluation for full predictor ================: {'F1-score': 0.631578947368421, 'Accuracy': 0.7658164955283207}
2024-09-22 22:56:50,794: =========== evaluation for unaware predictor ================: {'F1-score': 0.6308654848800834, 'Accuracy': 0.7654852600198742}
2024-09-22 22:56:52,782: [iteration 0001] loss: 1230.2366
2024-09-22 22:57:11,333: [iteration 1001] loss: 664.1250
2024-09-22 22:57:29,243: [iteration 2001] loss: 347.4303
2024-09-22 22:57:46,745: [iteration 3001] loss: 193.0704
2024-09-22 22:58:04,313: [iteration 4001] loss: 132.1601
2024-09-22 22:58:21,751: [iteration 5001] loss: 110.5378
2024-09-22 22:58:39,325: [iteration 6001] loss: 99.0102
2024-09-22 22:58:56,703: [iteration 7001] loss: 90.0419
2024-09-22 22:59:14,220: [iteration 8001] loss: 82.7015
2024-09-22 22:59:31,761: [iteration 9001] loss: 76.6208
2024-09-22 22:59:49,303: [iteration 10001] loss: 71.6938
2024-09-22 23:00:07,008: [iteration 11001] loss: 67.6263
2024-09-22 23:00:24,568: [iteration 12001] loss: 64.3714
2024-09-22 23:00:42,192: [iteration 13001] loss: 61.7784
2024-09-22 23:00:59,764: [iteration 14001] loss: 59.6589
