2024-09-22 20:42:54,525: Namespace(cudanum=0, dataset='adult', synthetic=1, seed=498, training=1, pyromodel='models_save/cfpup.pt', pyroparam='models_save/cfpup_param.pt', lrcausalmodel=0.001, alpha=0.0, num_iterations_causalmodel=2000, epochs_vae=10, decoder_type='together', lr=0.002)
2024-09-22 20:42:54,527: Namespace(cudanum=0, dataset='adult', synthetic=1, seed=498, training=1, pyromodel='models_save/cfpup.pt', pyroparam='models_save/cfpup_param.pt', lrcausalmodel=0.001, alpha=0.0, num_iterations_causalmodel=2000, epochs_vae=10, decoder_type='together', lr=0.002)
2024-09-22 20:42:54,693: =========== evaluation for constant predictor ================: {'F1-score': 0.0, 'Accuracy': 0.7512421331566744}
2024-09-22 20:42:54,840: =========== evaluation for full predictor ================: {'F1-score': 0.6514759192128431, 'Accuracy': 0.7770785028155018}
2024-09-22 20:42:54,979: =========== evaluation for unaware predictor ================: {'F1-score': 0.6518134715025907, 'Accuracy': 0.7774097383239483}
2024-09-22 20:42:56,635: [iteration 0001] loss: 1230.2072
2024-09-22 20:43:14,991: [iteration 1001] loss: 664.2193
2024-09-22 20:43:32,411: saved causal model in: models_save/cfpup.pt
2024-09-22 20:43:32,437: =========== evaluation for cfp_u predictor ================: {'F1-score': 0.4684398570861453, 'Accuracy': 0.5564756541901292}
2024-09-22 20:43:32,463: elbo_loss:29825128.0, custom_loss:0.0
2024-09-22 20:43:32,474: [iteration 0001] loss: 1235.1484
2024-09-22 20:43:56,833: elbo_loss:13939914.0, custom_loss:0.0
2024-09-22 20:44:20,945: saved causal model in: models_save/cfpup.pt
2024-09-22 20:44:20,967: =========== evaluation for cfp_up predictor ================: {'F1-score': 0.47459086993970717, 'Accuracy': 0.5958926796952634}
2024-09-22 20:44:20,977: Epoch: 0001, loss_train: 2470.3936, loss_test: 295.4945, time: 0.0079s
2024-09-22 20:44:21,013: saved VAE model in: models_save/vae.pt
2024-09-22 20:44:21,023: constant
2024-09-22 20:44:21,024: {'MMD': {'0_1': 0.0, '0_2': 0.0, '1_2': 0.0, 'Average': 0.0}, 'Wass': {'0_1': 0.6330673694610596, '0_2': 0.6330673694610596, '1_2': 0.6330673694610596, 'Average': 0.6330673694610596}}
2024-09-22 20:44:21,031: full
2024-09-22 20:44:21,031: {'MMD': {'0_1': 59.376487731933594, '0_2': 201.24908447265625, '1_2': 41.99836730957031, 'Average': 100.87464650472005}, 'Wass': {'0_1': 5.7909650802612305, '0_2': 10.210786819458008, '1_2': 4.235265254974365, 'Average': 6.745672384897868}}
2024-09-22 20:44:21,037: unaware
2024-09-22 20:44:21,037: {'MMD': {'0_1': 23.846054077148438, '0_2': 96.10814666748047, '1_2': 24.208703994750977, 'Average': 48.0543015797933}, 'Wass': {'0_1': 3.8261539936065674, '0_2': 8.513440132141113, '1_2': 3.6748006343841553, 'Average': 5.338131586710612}}
2024-09-22 20:44:21,044: cfpu
2024-09-22 20:44:21,044: {'MMD': {'0_1': 25.51006317138672, '0_2': 155.48744201660156, '1_2': 55.037288665771484, 'Average': 78.67826461791992}, 'Wass': {'0_1': 2.8274893760681152, '0_2': 6.422160625457764, '1_2': 3.028304100036621, 'Average': 4.0926513671875}}
2024-09-22 20:44:21,050: cfpup
2024-09-22 20:44:21,051: {'MMD': {'0_1': 27.301694869995117, '0_2': 163.03985595703125, '1_2': 56.90596008300781, 'Average': 82.4158369700114}, 'Wass': {'0_1': 3.4869983196258545, '0_2': 5.33845329284668, '1_2': 3.5608887672424316, 'Average': 4.128780126571655}}
