2024-09-22 23:29:35,318: Namespace(cudanum=1, dataset='adult', synthetic=1, seed=51, training=1, pyromodel='models_save/cfpup.pt', pyroparam='models_save/cfpup_param.pt', lrcausalmodel=0.001, alpha=5000.0, num_iterations_causalmodel=20000, epochs_vae=10, decoder_type='together', lr=0.002)
2024-09-22 23:29:35,320: Namespace(cudanum=1, dataset='adult', synthetic=1, seed=51, training=1, pyromodel='models_save/cfpup.pt', pyroparam='models_save/cfpup_param.pt', lrcausalmodel=0.001, alpha=5000.0, num_iterations_causalmodel=20000, epochs_vae=10, decoder_type='together', lr=0.002)
2024-09-22 23:29:35,497: =========== evaluation for constant predictor ================: {'F1-score': 0.0, 'Accuracy': 0.7376614773103677}
2024-09-22 23:29:35,638: =========== evaluation for full predictor ================: {'F1-score': 0.6623181133968891, 'Accuracy': 0.7770785028155018}
2024-09-22 23:29:35,768: =========== evaluation for unaware predictor ================: {'F1-score': 0.6613306653326664, 'Accuracy': 0.7757535607817158}
2024-09-22 23:29:38,758: [iteration 0001] loss: 1230.2578
2024-09-22 23:30:04,379: [iteration 1001] loss: 664.1523
2024-09-22 23:30:29,906: [iteration 2001] loss: 347.5288
2024-09-22 23:30:55,441: [iteration 3001] loss: 193.0364
2024-09-22 23:31:20,939: [iteration 4001] loss: 132.2401
2024-09-22 23:31:46,607: [iteration 5001] loss: 110.6284
2024-09-22 23:32:10,863: [iteration 6001] loss: 99.0518
2024-09-22 23:32:26,777: [iteration 7001] loss: 90.0489
2024-09-22 23:32:42,722: [iteration 8001] loss: 82.6789
2024-09-22 23:32:58,499: [iteration 9001] loss: 76.6515
2024-09-22 23:33:14,468: [iteration 10001] loss: 71.6581
2024-09-22 23:33:30,418: [iteration 11001] loss: 67.6537
2024-09-22 23:33:46,427: [iteration 12001] loss: 64.3771
2024-09-22 23:34:02,478: [iteration 13001] loss: 61.8073
2024-09-22 23:34:19,151: [iteration 14001] loss: 59.6802
2024-09-22 23:34:35,240: [iteration 15001] loss: 57.9382
2024-09-22 23:34:51,573: [iteration 16001] loss: 56.4642
2024-09-22 23:35:07,541: [iteration 17001] loss: 55.2174
2024-09-22 23:35:23,501: [iteration 18001] loss: 54.1928
2024-09-22 23:35:39,457: [iteration 19001] loss: 53.3173
2024-09-22 23:35:55,395: saved causal model in: models_save/cfpup.pt
2024-09-22 23:35:55,423: =========== evaluation for cfp_u predictor ================: {'F1-score': 0.519294902334445, 'Accuracy': 0.665783371977476}
2024-09-22 23:35:55,450: elbo_loss:29819334.0, custom_loss:1119.000732421875
2024-09-22 23:35:55,460: [iteration 0001] loss: 1234.9548
2024-09-22 23:36:19,463: elbo_loss:13931487.0, custom_loss:4594.0087890625
2024-09-22 23:36:43,520: elbo_loss:5023315.5, custom_loss:7894.93017578125
2024-09-22 23:37:07,482: elbo_loss:2078296.5, custom_loss:10255.8544921875
2024-09-22 23:37:31,429: elbo_loss:1252748.625, custom_loss:11736.572265625
2024-09-22 23:37:55,400: elbo_loss:877261.5, custom_loss:12888.771484375
2024-09-22 23:38:19,391: elbo_loss:668144.6875, custom_loss:13622.1484375
2024-09-22 23:38:43,379: elbo_loss:548792.0625, custom_loss:13688.2744140625
2024-09-22 23:39:07,368: elbo_loss:476490.5625, custom_loss:13490.3681640625
2024-09-22 23:39:31,397: elbo_loss:430309.34375, custom_loss:13069.8125
2024-09-22 23:39:55,409: elbo_loss:401558.5, custom_loss:12700.8974609375
2024-09-22 23:39:55,417: [iteration 10001] loss: 17.1557
2024-09-22 23:40:19,413: elbo_loss:382758.53125, custom_loss:12276.482421875
2024-09-22 23:40:43,396: elbo_loss:370481.75, custom_loss:11762.7763671875
2024-09-22 23:41:07,395: elbo_loss:363142.40625, custom_loss:11591.6689453125
2024-09-22 23:41:31,473: elbo_loss:358392.40625, custom_loss:11399.1025390625
2024-09-22 23:41:55,467: elbo_loss:355781.75, custom_loss:10997.115234375
2024-09-22 23:42:19,473: elbo_loss:354355.75, custom_loss:10801.0283203125
2024-09-22 23:42:43,405: elbo_loss:353597.5, custom_loss:10696.0419921875
2024-09-22 23:43:07,294: elbo_loss:353186.03125, custom_loss:10528.7197265625
2024-09-22 23:43:31,210: elbo_loss:353158.03125, custom_loss:10424.4091796875
2024-09-22 23:43:54,790: saved causal model in: models_save/cfpup.pt
2024-09-22 23:43:54,811: =========== evaluation for cfp_up predictor ================: {'F1-score': 0.5221957040572792, 'Accuracy': 0.668433256045048}
2024-09-22 23:43:54,821: Epoch: 0001, loss_train: 9468.3301, loss_test: nan, time: 0.0083s
2024-09-22 23:43:54,857: saved VAE model in: models_save/vae.pt
2024-09-22 23:43:54,868: constant
2024-09-22 23:43:54,868: {'MMD': {'0_1': 0.0, '0_2': 0.0, '1_2': 0.0, 'Average': 0.0}, 'Wass': {'0_1': 0.6330673694610596, '0_2': 0.6330673694610596, '1_2': 0.6330673694610596, 'Average': 0.6330673694610596}}
2024-09-22 23:43:54,875: full
2024-09-22 23:43:54,875: {'MMD': {'0_1': 282.333984375, '0_2': 684.3273315429688, '1_2': 87.55067443847656, 'Average': 351.40399678548175}, 'Wass': {'0_1': 4.787899017333984, '0_2': 9.466172218322754, '1_2': 4.091799259185791, 'Average': 6.11529016494751}}
2024-09-22 23:43:54,882: unaware
2024-09-22 23:43:54,882: {'MMD': {'0_1': 187.83018493652344, '0_2': 402.0325927734375, '1_2': 40.26708221435547, 'Average': 210.0432866414388}, 'Wass': {'0_1': 4.651597023010254, '0_2': 6.276158332824707, '1_2': 4.618812561035156, 'Average': 5.182189305623372}}
2024-09-22 23:43:54,888: cfpu
2024-09-22 23:43:54,888: {'MMD': {'0_1': 1.5969702005386353, '0_2': 18.58605194091797, '1_2': 9.28689956665039, 'Average': 9.823307236035665}, 'Wass': {'0_1': 3.449312925338745, '0_2': 3.4269611835479736, '1_2': 3.405226707458496, 'Average': 3.4271669387817383}}
2024-09-22 23:43:54,895: cfpup
2024-09-22 23:43:54,895: {'MMD': {'0_1': 1.4320015907287598, '0_2': 18.595476150512695, '1_2': 9.706867218017578, 'Average': 9.911448319753012}, 'Wass': {'0_1': 4.491209030151367, '0_2': 4.505663871765137, '1_2': 4.436291694641113, 'Average': 4.477721532185872}}
