2024-09-22 23:29:35,250: Namespace(cudanum=7, dataset='adult', synthetic=1, seed=53, training=1, pyromodel='models_save/cfpup.pt', pyroparam='models_save/cfpup_param.pt', lrcausalmodel=0.001, alpha=15000.0, num_iterations_causalmodel=20000, epochs_vae=10, decoder_type='together', lr=0.002)
2024-09-22 23:29:35,251: Namespace(cudanum=7, dataset='adult', synthetic=1, seed=53, training=1, pyromodel='models_save/cfpup.pt', pyroparam='models_save/cfpup_param.pt', lrcausalmodel=0.001, alpha=15000.0, num_iterations_causalmodel=20000, epochs_vae=10, decoder_type='together', lr=0.002)
2024-09-22 23:29:35,426: =========== evaluation for constant predictor ================: {'F1-score': 0.0, 'Accuracy': 0.7456111295130838}
2024-09-22 23:29:35,568: =========== evaluation for full predictor ================: {'F1-score': 0.6514759192128431, 'Accuracy': 0.7770785028155018}
2024-09-22 23:29:35,699: =========== evaluation for unaware predictor ================: {'F1-score': 0.6518134715025907, 'Accuracy': 0.7774097383239483}
2024-09-22 23:29:38,406: [iteration 0001] loss: 1230.2229
2024-09-22 23:30:04,780: [iteration 1001] loss: 664.1058
2024-09-22 23:30:31,045: [iteration 2001] loss: 347.4398
2024-09-22 23:30:58,850: [iteration 3001] loss: 192.9700
2024-09-22 23:31:25,498: [iteration 4001] loss: 132.1185
2024-09-22 23:31:47,821: [iteration 5001] loss: 110.5446
2024-09-22 23:32:04,638: [iteration 6001] loss: 99.0967
2024-09-22 23:32:21,554: [iteration 7001] loss: 90.0680
2024-09-22 23:32:38,652: [iteration 8001] loss: 82.6746
2024-09-22 23:32:55,817: [iteration 9001] loss: 76.6243
2024-09-22 23:33:13,219: [iteration 10001] loss: 71.6654
2024-09-22 23:33:30,712: [iteration 11001] loss: 67.6011
2024-09-22 23:33:47,684: [iteration 12001] loss: 64.3965
2024-09-22 23:34:04,763: [iteration 13001] loss: 61.7795
2024-09-22 23:34:21,828: [iteration 14001] loss: 59.6711
2024-09-22 23:34:38,799: [iteration 15001] loss: 57.9173
2024-09-22 23:34:55,808: [iteration 16001] loss: 56.4675
2024-09-22 23:35:12,582: [iteration 17001] loss: 55.2199
2024-09-22 23:35:29,378: [iteration 18001] loss: 54.1837
2024-09-22 23:35:46,176: [iteration 19001] loss: 53.3179
2024-09-22 23:36:02,973: saved causal model in: models_save/cfpup.pt
2024-09-22 23:36:03,001: =========== evaluation for cfp_u predictor ================: {'F1-score': 0.5191654536632703, 'Accuracy': 0.671745611129513}
2024-09-22 23:36:03,029: elbo_loss:29819460.0, custom_loss:3387.934326171875
2024-09-22 23:36:03,039: [iteration 0001] loss: 1235.0540
2024-09-22 23:36:28,409: elbo_loss:13933974.0, custom_loss:8969.1748046875
2024-09-22 23:36:53,804: elbo_loss:5023936.0, custom_loss:13481.8583984375
2024-09-22 23:37:18,926: elbo_loss:2081514.625, custom_loss:15872.1611328125
2024-09-22 23:37:44,106: elbo_loss:1259202.875, custom_loss:18128.5703125
2024-09-22 23:38:09,248: elbo_loss:887418.875, custom_loss:20143.162109375
2024-09-22 23:38:34,385: elbo_loss:679748.625, custom_loss:21104.505859375
2024-09-22 23:38:59,519: elbo_loss:560262.875, custom_loss:20818.44921875
2024-09-22 23:39:24,701: elbo_loss:487064.40625, custom_loss:20243.2890625
2024-09-22 23:39:49,869: elbo_loss:441191.09375, custom_loss:19616.607421875
2024-09-22 23:40:15,044: elbo_loss:411353.53125, custom_loss:18793.833984375
2024-09-22 23:40:15,052: [iteration 10001] loss: 17.8137
2024-09-22 23:40:40,190: elbo_loss:392498.3125, custom_loss:18129.07421875
2024-09-22 23:41:05,339: elbo_loss:380201.0, custom_loss:17665.017578125
2024-09-22 23:41:30,491: elbo_loss:372253.125, custom_loss:17169.046875
2024-09-22 23:41:55,747: elbo_loss:367624.375, custom_loss:16536.94921875
2024-09-22 23:42:21,061: elbo_loss:364786.40625, custom_loss:15884.5869140625
2024-09-22 23:42:46,177: elbo_loss:362896.9375, custom_loss:15651.7607421875
2024-09-22 23:43:11,286: elbo_loss:362103.71875, custom_loss:15020.703125
2024-09-22 23:43:36,406: elbo_loss:361694.46875, custom_loss:14571.6142578125
2024-09-22 23:44:01,638: elbo_loss:361748.40625, custom_loss:14480.2685546875
2024-09-22 23:44:25,103: saved causal model in: models_save/cfpup.pt
2024-09-22 23:44:25,122: =========== evaluation for cfp_up predictor ================: {'F1-score': 0.5233186057928326, 'Accuracy': 0.6783703212984432}
2024-09-22 23:44:25,132: Epoch: 0001, loss_train: 908.4323, loss_test: nan, time: 0.0083s
2024-09-22 23:44:25,170: saved VAE model in: models_save/vae.pt
2024-09-22 23:44:25,180: constant
2024-09-22 23:44:25,180: {'MMD': {'0_1': 0.0, '0_2': 0.0, '1_2': 0.0, 'Average': 0.0}, 'Wass': {'0_1': 0.6330673694610596, '0_2': 0.6330673694610596, '1_2': 0.6330673694610596, 'Average': 0.6330673694610596}}
2024-09-22 23:44:25,187: full
2024-09-22 23:44:25,187: {'MMD': {'0_1': 0.5396777391433716, '0_2': 1.6240990161895752, '1_2': 0.29135584831237793, 'Average': 0.8183775345484415}, 'Wass': {'0_1': 0.8956218361854553, '0_2': 1.0913745164871216, '1_2': 0.8188579082489014, 'Average': 0.9352847536404928}}
2024-09-22 23:44:25,195: unaware
2024-09-22 23:44:25,195: {'MMD': {'0_1': 0.5249694585800171, '0_2': 1.565434217453003, '1_2': 0.2773343622684479, 'Average': 0.789246012767156}, 'Wass': {'0_1': 0.9060764908790588, '0_2': 1.098106861114502, '1_2': 0.8315355777740479, 'Average': 0.9452396432558695}}
2024-09-22 23:44:25,201: cfpu
2024-09-22 23:44:25,201: {'MMD': {'0_1': 0.47069117426872253, '0_2': 4.774993896484375, '1_2': 2.2473204135894775, 'Average': 2.4976684947808585}, 'Wass': {'0_1': 5.142240047454834, '0_2': 5.1653218269348145, '1_2': 5.140623569488525, 'Average': 5.149395147959392}}
2024-09-22 23:44:25,208: cfpup
2024-09-22 23:44:25,208: {'MMD': {'0_1': 0.10681276768445969, '0_2': 1.2608193159103394, '1_2': 0.6336795687675476, 'Average': 0.6671038841207823}, 'Wass': {'0_1': 4.938633918762207, '0_2': 4.948254585266113, '1_2': 4.950580596923828, 'Average': 4.945823033650716}}
