2024-09-22 23:29:35,421: Namespace(cudanum=2, dataset='adult', synthetic=1, seed=52, training=1, pyromodel='models_save/cfpup.pt', pyroparam='models_save/cfpup_param.pt', lrcausalmodel=0.001, alpha=5000.0, num_iterations_causalmodel=20000, epochs_vae=10, decoder_type='together', lr=0.002)
2024-09-22 23:29:35,423: Namespace(cudanum=2, dataset='adult', synthetic=1, seed=52, training=1, pyromodel='models_save/cfpup.pt', pyroparam='models_save/cfpup_param.pt', lrcausalmodel=0.001, alpha=5000.0, num_iterations_causalmodel=20000, epochs_vae=10, decoder_type='together', lr=0.002)
2024-09-22 23:29:35,598: =========== evaluation for constant predictor ================: {'F1-score': 0.0, 'Accuracy': 0.7565419012918185}
2024-09-22 23:29:35,742: =========== evaluation for full predictor ================: {'F1-score': 0.6428571428571429, 'Accuracy': 0.7780722093408413}
2024-09-22 23:29:35,881: =========== evaluation for unaware predictor ================: {'F1-score': 0.6400862068965517, 'Accuracy': 0.7787346803577343}
2024-09-22 23:29:38,768: [iteration 0001] loss: 1229.9450
2024-09-22 23:30:05,308: [iteration 1001] loss: 663.9560
2024-09-22 23:30:31,182: [iteration 2001] loss: 347.3659
2024-09-22 23:30:56,985: [iteration 3001] loss: 192.8833
2024-09-22 23:31:20,877: [iteration 4001] loss: 132.1103
2024-09-22 23:31:37,626: [iteration 5001] loss: 110.5497
2024-09-22 23:31:54,470: [iteration 6001] loss: 99.0271
2024-09-22 23:32:11,209: [iteration 7001] loss: 90.0199
2024-09-22 23:32:27,924: [iteration 8001] loss: 82.7056
2024-09-22 23:32:44,313: [iteration 9001] loss: 76.6383
2024-09-22 23:33:00,464: [iteration 10001] loss: 71.6633
2024-09-22 23:33:15,853: [iteration 11001] loss: 67.6522
2024-09-22 23:33:31,424: [iteration 12001] loss: 64.3692
2024-09-22 23:33:47,095: [iteration 13001] loss: 61.7938
2024-09-22 23:34:03,015: [iteration 14001] loss: 59.6847
2024-09-22 23:34:19,512: [iteration 15001] loss: 57.9494
2024-09-22 23:34:35,897: [iteration 16001] loss: 56.4735
2024-09-22 23:34:52,425: [iteration 17001] loss: 55.2332
2024-09-22 23:35:08,166: [iteration 18001] loss: 54.2016
2024-09-22 23:35:23,946: [iteration 19001] loss: 53.3202
2024-09-22 23:35:39,742: saved causal model in: models_save/cfpup.pt
2024-09-22 23:35:39,772: =========== evaluation for cfp_u predictor ================: {'F1-score': 0.4932330827067669, 'Accuracy': 0.665120900960583}
2024-09-22 23:35:39,798: elbo_loss:29819638.0, custom_loss:1121.2342529296875
2024-09-22 23:35:39,808: [iteration 0001] loss: 1234.9675
2024-09-22 23:36:03,551: elbo_loss:13934811.0, custom_loss:4637.65625
2024-09-22 23:36:27,091: elbo_loss:5021313.0, custom_loss:7870.005859375
2024-09-22 23:36:50,724: elbo_loss:2075003.375, custom_loss:10180.9169921875
2024-09-22 23:37:14,477: elbo_loss:1251434.0, custom_loss:11954.98828125
2024-09-22 23:37:37,713: elbo_loss:877468.5, custom_loss:12856.857421875
2024-09-22 23:38:01,072: elbo_loss:667317.375, custom_loss:13561.173828125
2024-09-22 23:38:24,290: elbo_loss:548009.25, custom_loss:13705.4404296875
2024-09-22 23:38:47,609: elbo_loss:475699.375, custom_loss:13294.732421875
2024-09-22 23:39:10,783: elbo_loss:430370.46875, custom_loss:13080.1318359375
2024-09-22 23:39:34,174: elbo_loss:400993.8125, custom_loss:12714.2998046875
2024-09-22 23:39:34,182: [iteration 10001] loss: 17.1329
2024-09-22 23:39:57,753: elbo_loss:382349.0625, custom_loss:12365.8671875
2024-09-22 23:40:21,115: elbo_loss:370468.8125, custom_loss:11973.9921875
2024-09-22 23:40:44,491: elbo_loss:363185.875, custom_loss:11660.9765625
2024-09-22 23:41:07,824: elbo_loss:358350.09375, custom_loss:11315.892578125
2024-09-22 23:41:31,138: elbo_loss:355549.8125, custom_loss:11089.5927734375
2024-09-22 23:41:54,962: elbo_loss:354231.65625, custom_loss:10866.119140625
2024-09-22 23:42:19,013: elbo_loss:353504.875, custom_loss:10561.744140625
2024-09-22 23:42:43,639: elbo_loss:353217.4375, custom_loss:10578.65234375
2024-09-22 23:43:08,426: elbo_loss:352917.5, custom_loss:10478.6787109375
2024-09-22 23:43:31,910: saved causal model in: models_save/cfpup.pt
2024-09-22 23:43:31,931: =========== evaluation for cfp_up predictor ================: {'F1-score': 0.5015105740181269, 'Accuracy': 0.6720768466379596}
2024-09-22 23:43:31,941: Epoch: 0001, loss_train: 742.3389, loss_test: nan, time: 0.0089s
2024-09-22 23:43:31,980: saved VAE model in: models_save/vae.pt
2024-09-22 23:43:31,991: constant
2024-09-22 23:43:31,991: {'MMD': {'0_1': 0.0, '0_2': 0.0, '1_2': 0.0, 'Average': 0.0}, 'Wass': {'0_1': 0.6330673694610596, '0_2': 0.6330673694610596, '1_2': 0.6330673694610596, 'Average': 0.6330673694610596}}
2024-09-22 23:43:31,998: full
2024-09-22 23:43:31,998: {'MMD': {'0_1': 1009.7098999023438, '0_2': 5638.16845703125, '1_2': 1875.9124755859375, 'Average': 2841.2636108398438}, 'Wass': {'0_1': 18.802980422973633, '0_2': 46.02005386352539, '1_2': 26.58548927307129, 'Average': 30.469507853190105}}
2024-09-22 23:43:32,005: unaware
2024-09-22 23:43:32,005: {'MMD': {'0_1': 1325.7027587890625, '0_2': 7196.07470703125, '1_2': 2344.445556640625, 'Average': 3622.0743408203125}, 'Wass': {'0_1': 22.147626876831055, '0_2': 51.72549057006836, '1_2': 29.92314910888672, 'Average': 34.598755518595375}}
2024-09-22 23:43:32,013: cfpu
2024-09-22 23:43:32,013: {'MMD': {'0_1': 49.722782135009766, '0_2': 304.0854187011719, '1_2': 107.881591796875, 'Average': 153.8965975443522}, 'Wass': {'0_1': 5.6665358543396, '0_2': 6.4410505294799805, '1_2': 5.769488334655762, 'Average': 5.959024906158447}}
2024-09-22 23:43:32,020: cfpup
2024-09-22 23:43:32,020: {'MMD': {'0_1': 45.9147834777832, '0_2': 284.1815490722656, '1_2': 101.63945007324219, 'Average': 143.91192754109701}, 'Wass': {'0_1': 5.592670917510986, '0_2': 6.32295036315918, '1_2': 5.772181510925293, 'Average': 5.895934263865153}}
