2024-09-22 23:29:35,263: Namespace(cudanum=5, dataset='adult', synthetic=1, seed=51, training=1, pyromodel='models_save/cfpup.pt', pyroparam='models_save/cfpup_param.pt', lrcausalmodel=0.001, alpha=15000.0, num_iterations_causalmodel=20000, epochs_vae=10, decoder_type='together', lr=0.002)
2024-09-22 23:29:35,265: Namespace(cudanum=5, dataset='adult', synthetic=1, seed=51, training=1, pyromodel='models_save/cfpup.pt', pyroparam='models_save/cfpup_param.pt', lrcausalmodel=0.001, alpha=15000.0, num_iterations_causalmodel=20000, epochs_vae=10, decoder_type='together', lr=0.002)
2024-09-22 23:29:35,445: =========== evaluation for constant predictor ================: {'F1-score': 0.0, 'Accuracy': 0.7376614773103677}
2024-09-22 23:29:35,587: =========== evaluation for full predictor ================: {'F1-score': 0.6623181133968891, 'Accuracy': 0.7770785028155018}
2024-09-22 23:29:35,722: =========== evaluation for unaware predictor ================: {'F1-score': 0.6613306653326664, 'Accuracy': 0.7757535607817158}
2024-09-22 23:29:38,572: [iteration 0001] loss: 1230.2578
2024-09-22 23:30:06,179: [iteration 1001] loss: 664.1523
2024-09-22 23:30:32,889: [iteration 2001] loss: 347.5288
2024-09-22 23:30:58,921: [iteration 3001] loss: 193.0364
2024-09-22 23:31:25,022: [iteration 4001] loss: 132.2401
2024-09-22 23:31:51,512: [iteration 5001] loss: 110.6284
2024-09-22 23:32:10,505: [iteration 6001] loss: 99.0518
2024-09-22 23:32:27,218: [iteration 7001] loss: 90.0489
2024-09-22 23:32:43,911: [iteration 8001] loss: 82.6789
2024-09-22 23:33:01,955: [iteration 9001] loss: 76.6515
2024-09-22 23:33:18,869: [iteration 10001] loss: 71.6581
2024-09-22 23:33:35,752: [iteration 11001] loss: 67.6537
2024-09-22 23:33:52,480: [iteration 12001] loss: 64.3771
2024-09-22 23:34:09,724: [iteration 13001] loss: 61.8073
2024-09-22 23:34:26,533: [iteration 14001] loss: 59.6802
2024-09-22 23:34:43,232: [iteration 15001] loss: 57.9382
2024-09-22 23:34:59,943: [iteration 16001] loss: 56.4642
2024-09-22 23:35:16,652: [iteration 17001] loss: 55.2174
2024-09-22 23:35:33,341: [iteration 18001] loss: 54.1928
2024-09-22 23:35:50,039: [iteration 19001] loss: 53.3173
2024-09-22 23:36:06,709: saved causal model in: models_save/cfpup.pt
2024-09-22 23:36:06,743: =========== evaluation for cfp_u predictor ================: {'F1-score': 0.519294902334445, 'Accuracy': 0.665783371977476}
2024-09-22 23:36:06,771: elbo_loss:29819334.0, custom_loss:3357.001953125
2024-09-22 23:36:06,781: [iteration 0001] loss: 1235.0475
2024-09-22 23:36:31,881: elbo_loss:13930381.0, custom_loss:8885.9052734375
2024-09-22 23:36:57,029: elbo_loss:5023503.5, custom_loss:13475.0546875
2024-09-22 23:37:22,065: elbo_loss:2081359.0, custom_loss:16013.8193359375
2024-09-22 23:37:47,131: elbo_loss:1258737.25, custom_loss:18101.978515625
2024-09-22 23:38:12,203: elbo_loss:886444.9375, custom_loss:20134.119140625
2024-09-22 23:38:37,289: elbo_loss:678877.3125, custom_loss:21007.810546875
2024-09-22 23:39:02,375: elbo_loss:559858.4375, custom_loss:20766.115234375
2024-09-22 23:39:27,472: elbo_loss:487318.0, custom_loss:20333.169921875
2024-09-22 23:39:52,537: elbo_loss:440765.6875, custom_loss:19547.470703125
2024-09-22 23:40:17,619: elbo_loss:411771.59375, custom_loss:18937.17578125
2024-09-22 23:40:17,627: [iteration 10001] loss: 17.8369
2024-09-22 23:40:42,698: elbo_loss:392717.65625, custom_loss:18218.634765625
2024-09-22 23:41:07,789: elbo_loss:380140.1875, custom_loss:17337.18359375
2024-09-22 23:41:32,841: elbo_loss:372653.84375, custom_loss:17029.68359375
2024-09-22 23:41:57,975: elbo_loss:367624.6875, custom_loss:16623.52734375
2024-09-22 23:42:23,061: elbo_loss:364857.25, custom_loss:15802.9375
2024-09-22 23:42:48,170: elbo_loss:363268.28125, custom_loss:15379.8974609375
2024-09-22 23:43:13,237: elbo_loss:362324.84375, custom_loss:15124.9765625
2024-09-22 23:43:38,523: elbo_loss:361804.03125, custom_loss:14710.8916015625
2024-09-22 23:44:02,847: elbo_loss:361725.15625, custom_loss:14433.1884765625
2024-09-22 23:44:26,242: saved causal model in: models_save/cfpup.pt
2024-09-22 23:44:26,269: =========== evaluation for cfp_up predictor ================: {'F1-score': 0.5197524988100904, 'Accuracy': 0.665783371977476}
2024-09-22 23:44:26,282: Epoch: 0001, loss_train: 9473.0674, loss_test: nan, time: 0.0109s
2024-09-22 23:44:26,399: saved VAE model in: models_save/vae.pt
2024-09-22 23:44:26,410: constant
2024-09-22 23:44:26,410: {'MMD': {'0_1': 0.0, '0_2': 0.0, '1_2': 0.0, 'Average': 0.0}, 'Wass': {'0_1': 0.6330673694610596, '0_2': 0.6330673694610596, '1_2': 0.6330673694610596, 'Average': 0.6330673694610596}}
2024-09-22 23:44:26,417: full
2024-09-22 23:44:26,417: {'MMD': {'0_1': 282.3402099609375, '0_2': 684.3485717773438, '1_2': 87.55484771728516, 'Average': 351.41454315185547}, 'Wass': {'0_1': 4.787917613983154, '0_2': 9.466364860534668, '1_2': 4.09177827835083, 'Average': 6.115353584289551}}
2024-09-22 23:44:26,424: unaware
2024-09-22 23:44:26,424: {'MMD': {'0_1': 187.83535766601562, '0_2': 402.0498962402344, '1_2': 40.27016830444336, 'Average': 210.05180740356445}, 'Wass': {'0_1': 4.65158748626709, '0_2': 6.27612829208374, '1_2': 4.618783473968506, 'Average': 5.182166417439778}}
2024-09-22 23:44:26,431: cfpu
2024-09-22 23:44:26,431: {'MMD': {'0_1': 1.5971208810806274, '0_2': 18.586179733276367, '1_2': 9.286627769470215, 'Average': 9.823309461275736}, 'Wass': {'0_1': 3.449277639389038, '0_2': 3.4269161224365234, '1_2': 3.4052059650421143, 'Average': 3.427133242289225}}
2024-09-22 23:44:26,438: cfpup
2024-09-22 23:44:26,438: {'MMD': {'0_1': 1.4890248775482178, '0_2': 18.855464935302734, '1_2': 9.747081756591797, 'Average': 10.030523856480917}, 'Wass': {'0_1': 4.580775737762451, '0_2': 4.600066661834717, '1_2': 4.531280517578125, 'Average': 4.570707639058431}}
