2024-09-22 23:29:35,222: Namespace(cudanum=3, dataset='adult', synthetic=1, seed=53, training=1, pyromodel='models_save/cfpup.pt', pyroparam='models_save/cfpup_param.pt', lrcausalmodel=0.001, alpha=5000.0, num_iterations_causalmodel=20000, epochs_vae=10, decoder_type='together', lr=0.002)
2024-09-22 23:29:35,224: Namespace(cudanum=3, dataset='adult', synthetic=1, seed=53, training=1, pyromodel='models_save/cfpup.pt', pyroparam='models_save/cfpup_param.pt', lrcausalmodel=0.001, alpha=5000.0, num_iterations_causalmodel=20000, epochs_vae=10, decoder_type='together', lr=0.002)
2024-09-22 23:29:35,402: =========== evaluation for constant predictor ================: {'F1-score': 0.0, 'Accuracy': 0.7456111295130838}
2024-09-22 23:29:35,544: =========== evaluation for full predictor ================: {'F1-score': 0.6514759192128431, 'Accuracy': 0.7770785028155018}
2024-09-22 23:29:35,674: =========== evaluation for unaware predictor ================: {'F1-score': 0.6518134715025907, 'Accuracy': 0.7774097383239483}
2024-09-22 23:29:38,295: [iteration 0001] loss: 1230.2229
2024-09-22 23:30:06,180: [iteration 1001] loss: 664.1058
2024-09-22 23:30:31,871: [iteration 2001] loss: 347.4398
2024-09-22 23:30:57,395: [iteration 3001] loss: 192.9700
2024-09-22 23:31:22,899: [iteration 4001] loss: 132.1185
2024-09-22 23:31:48,422: [iteration 5001] loss: 110.5446
2024-09-22 23:32:14,134: [iteration 6001] loss: 99.0967
2024-09-22 23:32:39,649: [iteration 7001] loss: 90.0680
2024-09-22 23:32:56,450: [iteration 8001] loss: 82.6746
2024-09-22 23:33:12,847: [iteration 9001] loss: 76.6243
2024-09-22 23:33:29,223: [iteration 10001] loss: 71.6654
2024-09-22 23:33:45,622: [iteration 11001] loss: 67.6011
2024-09-22 23:34:02,181: [iteration 12001] loss: 64.3965
2024-09-22 23:34:18,541: [iteration 13001] loss: 61.7795
2024-09-22 23:34:34,745: [iteration 14001] loss: 59.6711
2024-09-22 23:34:50,954: [iteration 15001] loss: 57.9173
2024-09-22 23:35:07,162: [iteration 16001] loss: 56.4675
2024-09-22 23:35:23,366: [iteration 17001] loss: 55.2199
2024-09-22 23:35:39,563: [iteration 18001] loss: 54.1837
2024-09-22 23:35:55,755: [iteration 19001] loss: 53.3179
2024-09-22 23:36:11,936: saved causal model in: models_save/cfpup.pt
2024-09-22 23:36:11,971: =========== evaluation for cfp_u predictor ================: {'F1-score': 0.5191654536632703, 'Accuracy': 0.671745611129513}
2024-09-22 23:36:11,999: elbo_loss:29819460.0, custom_loss:1129.3115234375
2024-09-22 23:36:12,009: [iteration 0001] loss: 1234.9605
2024-09-22 23:36:36,493: elbo_loss:13935204.0, custom_loss:4630.79052734375
2024-09-22 23:37:00,939: elbo_loss:5023782.0, custom_loss:7882.89111328125
2024-09-22 23:37:25,257: elbo_loss:2078460.0, custom_loss:10157.3837890625
2024-09-22 23:37:49,621: elbo_loss:1253178.625, custom_loss:11741.9775390625
2024-09-22 23:38:13,995: elbo_loss:878253.0, custom_loss:12885.2412109375
2024-09-22 23:38:38,372: elbo_loss:669002.6875, custom_loss:13686.6484375
2024-09-22 23:39:02,725: elbo_loss:549195.0625, custom_loss:13713.4375
2024-09-22 23:39:27,122: elbo_loss:476315.0625, custom_loss:13444.4697265625
2024-09-22 23:39:51,507: elbo_loss:430692.21875, custom_loss:13110.8798828125
2024-09-22 23:40:15,909: elbo_loss:401168.1875, custom_loss:12612.24609375
2024-09-22 23:40:15,917: [iteration 10001] loss: 17.1359
2024-09-22 23:40:40,289: elbo_loss:382556.3125, custom_loss:12202.908203125
2024-09-22 23:41:04,667: elbo_loss:370482.96875, custom_loss:11954.1611328125
2024-09-22 23:41:29,048: elbo_loss:362888.34375, custom_loss:11672.3466796875
2024-09-22 23:41:53,492: elbo_loss:358463.9375, custom_loss:11373.9833984375
2024-09-22 23:42:17,906: elbo_loss:355732.53125, custom_loss:11032.5546875
2024-09-22 23:42:42,922: elbo_loss:354063.09375, custom_loss:10966.66015625
2024-09-22 23:43:07,730: elbo_loss:353393.0, custom_loss:10672.046875
2024-09-22 23:43:32,338: elbo_loss:353084.15625, custom_loss:10453.4970703125
2024-09-22 23:43:56,287: elbo_loss:353150.28125, custom_loss:10447.2978515625
2024-09-22 23:44:18,955: saved causal model in: models_save/cfpup.pt
2024-09-22 23:44:18,974: =========== evaluation for cfp_up predictor ================: {'F1-score': 0.5279138099902057, 'Accuracy': 0.6806889698575688}
2024-09-22 23:44:18,984: Epoch: 0001, loss_train: 903.4631, loss_test: nan, time: 0.0081s
2024-09-22 23:44:19,017: saved VAE model in: models_save/vae.pt
2024-09-22 23:44:19,027: constant
2024-09-22 23:44:19,027: {'MMD': {'0_1': 0.0, '0_2': 0.0, '1_2': 0.0, 'Average': 0.0}, 'Wass': {'0_1': 0.6330673694610596, '0_2': 0.6330673694610596, '1_2': 0.6330673694610596, 'Average': 0.6330673694610596}}
2024-09-22 23:44:19,034: full
2024-09-22 23:44:19,034: {'MMD': {'0_1': 0.5378447771072388, '0_2': 1.6193428039550781, '1_2': 0.2906881868839264, 'Average': 0.8159585893154144}, 'Wass': {'0_1': 0.8950411081314087, '0_2': 1.0906023979187012, '1_2': 0.8198022842407227, 'Average': 0.9351485967636108}}
2024-09-22 23:44:19,040: unaware
2024-09-22 23:44:19,040: {'MMD': {'0_1': 0.523026704788208, '0_2': 1.5604509115219116, '1_2': 0.27664893865585327, 'Average': 0.7867088516553243}, 'Wass': {'0_1': 0.9055135846138, '0_2': 1.0973340272903442, '1_2': 0.8326290845870972, 'Average': 0.9451588988304138}}
2024-09-22 23:44:19,046: cfpu
2024-09-22 23:44:19,046: {'MMD': {'0_1': 0.4799920618534088, '0_2': 4.816109657287598, '1_2': 2.2552502155303955, 'Average': 2.517117311557134}, 'Wass': {'0_1': 5.135756015777588, '0_2': 5.158695220947266, '1_2': 5.132846832275391, 'Average': 5.142432689666748}}
2024-09-22 23:44:19,052: cfpup
2024-09-22 23:44:19,053: {'MMD': {'0_1': 0.1225893646478653, '0_2': 1.3967949151992798, '1_2': 0.6917800903320312, 'Average': 0.7370547900597254}, 'Wass': {'0_1': 4.977525234222412, '0_2': 4.976480007171631, '1_2': 4.9781975746154785, 'Average': 4.977400938669841}}
