2024-09-22 23:29:35,394: Namespace(cudanum=0, dataset='adult', synthetic=1, seed=50, training=1, pyromodel='models_save/cfpup.pt', pyroparam='models_save/cfpup_param.pt', lrcausalmodel=0.001, alpha=5000.0, num_iterations_causalmodel=20000, epochs_vae=10, decoder_type='together', lr=0.002)
2024-09-22 23:29:35,396: Namespace(cudanum=0, dataset='adult', synthetic=1, seed=50, training=1, pyromodel='models_save/cfpup.pt', pyroparam='models_save/cfpup_param.pt', lrcausalmodel=0.001, alpha=5000.0, num_iterations_causalmodel=20000, epochs_vae=10, decoder_type='together', lr=0.002)
2024-09-22 23:29:35,564: =========== evaluation for constant predictor ================: {'F1-score': 0.0, 'Accuracy': 0.7479297780722094}
2024-09-22 23:29:35,708: =========== evaluation for full predictor ================: {'F1-score': 0.631578947368421, 'Accuracy': 0.7658164955283207}
2024-09-22 23:29:35,842: =========== evaluation for unaware predictor ================: {'F1-score': 0.6308654848800834, 'Accuracy': 0.7654852600198742}
2024-09-22 23:29:38,766: [iteration 0001] loss: 1230.2366
2024-09-22 23:30:05,761: [iteration 1001] loss: 664.1250
2024-09-22 23:30:32,679: [iteration 2001] loss: 347.4303
2024-09-22 23:30:59,029: [iteration 3001] loss: 193.0704
2024-09-22 23:31:25,326: [iteration 4001] loss: 132.1601
2024-09-22 23:31:51,664: [iteration 5001] loss: 110.5378
2024-09-22 23:32:17,971: [iteration 6001] loss: 99.0102
2024-09-22 23:32:40,677: [iteration 7001] loss: 90.0419
2024-09-22 23:32:57,360: [iteration 8001] loss: 82.7015
2024-09-22 23:33:13,247: [iteration 9001] loss: 76.6208
2024-09-22 23:33:29,327: [iteration 10001] loss: 71.6938
2024-09-22 23:33:45,524: [iteration 11001] loss: 67.6263
2024-09-22 23:34:01,796: [iteration 12001] loss: 64.3714
2024-09-22 23:34:18,086: [iteration 13001] loss: 61.7784
2024-09-22 23:34:34,144: [iteration 14001] loss: 59.6589
2024-09-22 23:34:50,301: [iteration 15001] loss: 57.9294
2024-09-22 23:35:06,404: [iteration 16001] loss: 56.4512
2024-09-22 23:35:22,695: [iteration 17001] loss: 55.2183
2024-09-22 23:35:38,977: [iteration 18001] loss: 54.1779
2024-09-22 23:35:55,201: [iteration 19001] loss: 53.3192
2024-09-22 23:36:11,476: saved causal model in: models_save/cfpup.pt
2024-09-22 23:36:11,505: =========== evaluation for cfp_u predictor ================: {'F1-score': 0.5172074729596854, 'Accuracy': 0.6747267307055317}
2024-09-22 23:36:11,530: elbo_loss:29815190.0, custom_loss:1121.374267578125
2024-09-22 23:36:11,540: [iteration 0001] loss: 1234.7833
2024-09-22 23:36:35,741: elbo_loss:13931988.0, custom_loss:4651.61181640625
2024-09-22 23:37:00,125: elbo_loss:5022742.0, custom_loss:7854.07080078125
2024-09-22 23:37:24,394: elbo_loss:2076403.5, custom_loss:10238.5595703125
2024-09-22 23:37:48,349: elbo_loss:1252986.5, custom_loss:11779.099609375
2024-09-22 23:38:12,303: elbo_loss:878604.25, custom_loss:12940.0361328125
2024-09-22 23:38:36,175: elbo_loss:667445.75, custom_loss:13602.9423828125
2024-09-22 23:39:00,045: elbo_loss:549633.5625, custom_loss:13724.26953125
2024-09-22 23:39:23,971: elbo_loss:476785.65625, custom_loss:13516.5615234375
2024-09-22 23:39:48,132: elbo_loss:430674.4375, custom_loss:13027.326171875
2024-09-22 23:40:12,188: elbo_loss:401114.59375, custom_loss:12578.380859375
2024-09-22 23:40:12,196: [iteration 10001] loss: 17.1323
2024-09-22 23:40:36,155: elbo_loss:382460.625, custom_loss:12271.328125
2024-09-22 23:41:00,203: elbo_loss:370545.71875, custom_loss:11955.7646484375
2024-09-22 23:41:23,996: elbo_loss:363309.375, custom_loss:11705.4248046875
2024-09-22 23:41:48,379: elbo_loss:358378.71875, custom_loss:11355.17578125
2024-09-22 23:42:12,906: elbo_loss:355574.84375, custom_loss:11183.3349609375
2024-09-22 23:42:37,640: elbo_loss:354142.125, custom_loss:10763.16015625
2024-09-22 23:43:02,450: elbo_loss:353624.21875, custom_loss:10651.80859375
2024-09-22 23:43:26,668: elbo_loss:353122.09375, custom_loss:10506.8935546875
2024-09-22 23:43:50,395: elbo_loss:352959.0, custom_loss:10426.408203125
2024-09-22 23:44:13,899: saved causal model in: models_save/cfpup.pt
2024-09-22 23:44:13,921: =========== evaluation for cfp_up predictor ================: {'F1-score': 0.5184079601990049, 'Accuracy': 0.6793640278237827}
2024-09-22 23:44:13,934: Epoch: 0001, loss_train: 582.2465, loss_test: nan, time: 0.0116s
2024-09-22 23:44:13,973: saved VAE model in: models_save/vae.pt
2024-09-22 23:44:13,984: constant
2024-09-22 23:44:13,984: {'MMD': {'0_1': 0.0, '0_2': 0.0, '1_2': 0.0, 'Average': 0.0}, 'Wass': {'0_1': 0.6330673694610596, '0_2': 0.6330673694610596, '1_2': 0.6330673694610596, 'Average': 0.6330673694610596}}
2024-09-22 23:44:13,992: full
2024-09-22 23:44:13,992: {'MMD': {'0_1': 0.066520094871521, '0_2': 0.293467253446579, '1_2': 0.08054882287979126, 'Average': 0.1468453903992971}, 'Wass': {'0_1': 0.6971930861473083, '0_2': 0.7683171629905701, '1_2': 0.6985731720924377, 'Average': 0.7213611404101054}}
2024-09-22 23:44:14,000: unaware
2024-09-22 23:44:14,000: {'MMD': {'0_1': 0.004907270893454552, '0_2': 0.0074405791237950325, '1_2': 0.0002626627974677831, 'Average': 0.004203504271572456}, 'Wass': {'0_1': 0.6753952503204346, '0_2': 0.6774070858955383, '1_2': 0.6749929189682007, 'Average': 0.6759317517280579}}
2024-09-22 23:44:14,007: cfpu
2024-09-22 23:44:14,007: {'MMD': {'0_1': 4.194530963897705, '0_2': 2.713118076324463, '1_2': 0.16072148084640503, 'Average': 2.3561235070228577}, 'Wass': {'0_1': 3.839266300201416, '0_2': 3.892834186553955, '1_2': 3.859823226928711, 'Average': 3.8639745712280273}}
2024-09-22 23:44:14,014: cfpup
2024-09-22 23:44:14,014: {'MMD': {'0_1': 3.8828110694885254, '0_2': 1.5461487770080566, '1_2': 0.5285908579826355, 'Average': 1.9858502348264058}, 'Wass': {'0_1': 3.4568212032318115, '0_2': 3.4657387733459473, '1_2': 3.3578901290893555, 'Average': 3.426816701889038}}
