2024-09-22 23:44:28,532: Namespace(cudanum=3, dataset='law', synthetic=1, seed=53, training=1, pyromodel='models_save/cfpup.pt', pyroparam='models_save/cfpup_param.pt', lrcausalmodel=0.001, alpha=5000.0, num_iterations_causalmodel=20000, epochs_vae=10, decoder_type='together', lr=0.002)
2024-09-22 23:44:28,534: Namespace(cudanum=3, dataset='law', synthetic=1, seed=53, training=1, pyromodel='models_save/cfpup.pt', pyroparam='models_save/cfpup_param.pt', lrcausalmodel=0.001, alpha=5000.0, num_iterations_causalmodel=20000, epochs_vae=10, decoder_type='together', lr=0.002)
2024-09-22 23:44:28,565: =========== evaluation for constant predictor ================: {'RMSE': 0.9324225082657746, 'MAE': 0.7516095706256555}
2024-09-22 23:44:28,569: =========== evaluation for full predictor ================: {'RMSE': 0.8802753975493797, 'MAE': 0.7099425986240434}
2024-09-22 23:44:28,571: =========== evaluation for unaware predictor ================: {'RMSE': 0.8905317575182867, 'MAE': 0.7188799247202043}
2024-09-22 23:44:30,643: [iteration 0001] loss: 138.5853
2024-09-22 23:44:37,856: [iteration 1001] loss: 20.5103
2024-09-22 23:44:45,058: [iteration 2001] loss: 11.2809
2024-09-22 23:44:52,101: [iteration 3001] loss: 10.5171
2024-09-22 23:44:58,961: [iteration 4001] loss: 10.3750
2024-09-22 23:45:05,895: [iteration 5001] loss: 10.2697
2024-09-22 23:45:12,745: [iteration 6001] loss: 10.1422
2024-09-22 23:45:19,684: [iteration 7001] loss: 9.9624
2024-09-22 23:45:26,619: [iteration 8001] loss: 9.7002
2024-09-22 23:45:33,698: [iteration 9001] loss: 9.2330
2024-09-22 23:45:40,682: [iteration 10001] loss: 8.3409
2024-09-22 23:45:47,728: [iteration 11001] loss: 7.4340
2024-09-22 23:45:54,863: [iteration 12001] loss: 7.0868
2024-09-22 23:46:01,979: [iteration 13001] loss: 6.9100
2024-09-22 23:46:09,095: [iteration 14001] loss: 6.8184
2024-09-22 23:46:16,193: [iteration 15001] loss: 6.7635
2024-09-22 23:46:23,363: [iteration 16001] loss: 6.7355
2024-09-22 23:46:30,496: [iteration 17001] loss: 6.7177
2024-09-22 23:46:37,628: [iteration 18001] loss: 6.7066
2024-09-22 23:46:44,813: [iteration 19001] loss: 6.7006
2024-09-22 23:46:52,004: saved causal model in: models_save/cfpup.pt
2024-09-22 23:46:52,012: =========== evaluation for cfp_u predictor ================: {'RMSE': 0.924496471238705, 'MAE': 0.7424087763252238}
2024-09-22 23:46:52,026: elbo_loss:2340415.75, custom_loss:1113.0830078125
2024-09-22 23:46:52,031: [iteration 0001] loss: 143.3969
2024-09-22 23:47:04,511: elbo_loss:228717.0, custom_loss:1886.0513916015625
2024-09-22 23:47:17,000: elbo_loss:189634.15625, custom_loss:1499.63916015625
2024-09-22 23:47:29,366: elbo_loss:163762.265625, custom_loss:2614.29736328125
2024-09-22 23:47:41,870: elbo_loss:151956.109375, custom_loss:3259.935302734375
2024-09-22 23:47:54,371: elbo_loss:141384.375, custom_loss:3392.071044921875
2024-09-22 23:48:06,860: elbo_loss:133341.234375, custom_loss:3509.052978515625
2024-09-22 23:48:19,348: elbo_loss:127096.9140625, custom_loss:3557.177001953125
2024-09-22 23:48:31,820: elbo_loss:122279.875, custom_loss:3460.8173828125
2024-09-22 23:48:44,318: elbo_loss:119291.46875, custom_loss:3556.79931640625
2024-09-22 23:48:57,335: elbo_loss:117727.125, custom_loss:3522.683349609375
2024-09-22 23:48:57,340: [iteration 10001] loss: 7.4254
2024-09-22 23:49:10,009: elbo_loss:116813.015625, custom_loss:3527.22412109375
2024-09-22 23:49:22,483: elbo_loss:116224.984375, custom_loss:3535.757568359375
2024-09-22 23:49:34,957: elbo_loss:115709.6953125, custom_loss:3472.057861328125
2024-09-22 23:49:47,411: elbo_loss:115357.5546875, custom_loss:3539.72900390625
2024-09-22 23:49:59,901: elbo_loss:115064.4765625, custom_loss:3491.595703125
2024-09-22 23:50:12,364: elbo_loss:114962.484375, custom_loss:3493.896240234375
2024-09-22 23:50:24,857: elbo_loss:114806.8046875, custom_loss:3431.897705078125
2024-09-22 23:50:37,336: elbo_loss:114785.6796875, custom_loss:3539.129150390625
2024-09-22 23:50:49,827: elbo_loss:114680.0546875, custom_loss:3551.619384765625
2024-09-22 23:51:02,276: saved causal model in: models_save/cfpup.pt
2024-09-22 23:51:02,280: =========== evaluation for cfp_up predictor ================: {'RMSE': 0.9041083641399624, 'MAE': 0.7258891804496613}
2024-09-22 23:51:02,291: Epoch: 0001, loss_train: 135.0901, loss_test: 135.3015, time: 0.0087s
2024-09-22 23:51:02,327: saved VAE model in: models_save/vae.pt
2024-09-22 23:51:02,336: constant
2024-09-22 23:51:02,336: {'MMD': {'0_1': 0.0, '0_2': 0.0, '1_2': 0.0, 'Average': 0.0}, 'Wass': {'0_1': 0.6330674886703491, '0_2': 0.6330674886703491, '1_2': 0.6330674886703491, 'Average': 0.6330674886703491}}
2024-09-22 23:51:02,342: full
2024-09-22 23:51:02,342: {'MMD': {'0_1': 12320.908203125, '0_2': 49651.29296875, '1_2': 12505.0771484375, 'Average': 24825.759440104168}, 'Wass': {'0_1': 66.95814514160156, '0_2': 134.01268005371094, '1_2': 67.32939147949219, 'Average': 89.43340555826823}}
2024-09-22 23:51:02,347: unaware
2024-09-22 23:51:02,347: {'MMD': {'0_1': 2.434507131576538, '0_2': 4.812273025512695, '1_2': 0.40119391679763794, 'Average': 2.549324691295624}, 'Wass': {'0_1': 1.3742587566375732, '0_2': 1.7063572406768799, '1_2': 0.9263846278190613, 'Average': 1.3356668750445049}}
2024-09-22 23:51:02,352: cfpu
2024-09-22 23:51:02,352: {'MMD': {'0_1': 21.149845123291016, '0_2': 45.26082229614258, '1_2': 4.531450271606445, 'Average': 23.647372563680012}, 'Wass': {'0_1': 5.95530891418457, '0_2': 6.032357692718506, '1_2': 5.9794464111328125, 'Average': 5.98903767267863}}
2024-09-22 23:51:02,357: cfpup
2024-09-22 23:51:02,357: {'MMD': {'0_1': 55.175174713134766, '0_2': 118.07514190673828, '1_2': 11.821495056152344, 'Average': 61.69060389200846}, 'Wass': {'0_1': 9.473844528198242, '0_2': 9.599531173706055, '1_2': 9.514589309692383, 'Average': 9.529321670532227}}
