2024-09-01 15:43:15,036: Namespace(cudanum=4, dataset='law', seed=50, training=1, pyromodel='models_save/cfpup.pt', pyroparam='models_save/cfpup_param.pt', lrcausalmodel=0.001, alpha=10000.0, num_iterations_causalmodel=12000, epochs_vae=10, decoder_type='together', lr=0.002)
2024-09-01 15:43:15,037: Namespace(cudanum=4, dataset='law', seed=50, training=1, pyromodel='models_save/cfpup.pt', pyroparam='models_save/cfpup_param.pt', lrcausalmodel=0.001, alpha=10000.0, num_iterations_causalmodel=12000, epochs_vae=10, decoder_type='together', lr=0.002)
2024-09-01 15:43:15,069: =========== evaluation for constant predictor ================: {'RMSE': 0.9167934668005728, 'MAE': 0.7334379971115002}
2024-09-01 15:43:15,073: =========== evaluation for full predictor ================: {'RMSE': 0.8642435038680293, 'MAE': 0.6928120504534926}
2024-09-01 15:43:15,075: =========== evaluation for unaware predictor ================: {'RMSE': 0.8772728680708756, 'MAE': 0.7028238004363482}
2024-09-01 15:43:17,907: [iteration 0001] loss: 184.7724
2024-09-01 15:43:52,980: [iteration 1001] loss: 27.2974
2024-09-01 15:44:27,848: [iteration 2001] loss: 15.0527
2024-09-01 15:45:02,826: [iteration 3001] loss: 14.0308
2024-09-01 15:45:37,752: [iteration 4001] loss: 13.8368
2024-09-01 15:46:12,705: [iteration 5001] loss: 13.6917
2024-09-01 15:46:47,691: [iteration 6001] loss: 13.5191
2024-09-01 15:47:22,677: [iteration 7001] loss: 13.2894
2024-09-01 15:47:57,662: [iteration 8001] loss: 12.9314
2024-09-01 15:48:32,658: [iteration 9001] loss: 12.3143
2024-09-01 15:49:07,662: [iteration 10001] loss: 11.1220
2024-09-01 15:49:42,667: [iteration 11001] loss: 9.9139
2024-09-01 15:50:17,644: saved causal model in: models_save/cfpup.pt
2024-09-01 15:50:17,654: =========== evaluation for cfp_u predictor ================: {'RMSE': 0.8936116526232927, 'MAE': 0.7152287126425221}
2024-09-01 15:50:17,742: elbo_loss:2340397.0, custom_loss:2271.489990234375
2024-09-01 15:50:17,756: [iteration 0001] loss: 191.2851
2024-09-01 15:51:18,338: elbo_loss:227517.09375, custom_loss:2812.050537109375
2024-09-01 15:52:18,931: elbo_loss:190889.015625, custom_loss:2546.971435546875
2024-09-01 15:53:19,515: elbo_loss:172080.953125, custom_loss:4248.80126953125
2024-09-01 15:54:20,084: elbo_loss:161368.890625, custom_loss:4915.45458984375
2024-09-01 15:55:20,672: elbo_loss:154813.375, custom_loss:5005.48046875
2024-09-01 15:56:21,248: elbo_loss:145733.53125, custom_loss:5176.99560546875
2024-09-01 15:57:21,838: elbo_loss:134382.46875, custom_loss:5021.12255859375
2024-09-01 15:58:22,420: elbo_loss:125096.734375, custom_loss:5043.41845703125
2024-09-01 15:59:22,994: elbo_loss:120335.40625, custom_loss:5149.67626953125
2024-09-01 16:00:23,553: elbo_loss:118074.7109375, custom_loss:5158.4892578125
2024-09-01 16:00:23,565: [iteration 10001] loss: 10.0623
2024-09-01 16:01:24,137: elbo_loss:117227.5390625, custom_loss:5089.27978515625
2024-09-01 16:02:24,468: saved causal model in: models_save/cfpup.pt
2024-09-01 16:02:24,472: =========== evaluation for cfp_up predictor ================: {'RMSE': 0.8943561015180483, 'MAE': 0.7174621163697299}
2024-09-01 16:02:25,102: saved VAE model in: models_save/vae.pt
2024-09-01 16:02:25,195: constant
2024-09-01 16:02:25,195: {'MMD': {'0_1': 0.0, '0_2': 0.0, '1_2': 0.0, 'Average': 0.0}, 'Wass': {'0_1': 0.6330661773681641, '0_2': 0.6330661773681641, '1_2': 0.6330661773681641, 'Average': 0.6330661773681641}}
2024-09-01 16:02:25,210: full
2024-09-01 16:02:25,210: {'MMD': {'0_1': 7891.26953125, '0_2': 31583.564453125, '1_2': 7900.513671875, 'Average': 15791.782552083334}, 'Wass': {'0_1': 53.461002349853516, '0_2': 106.84083557128906, '1_2': 53.4921760559082, 'Average': 71.2646713256836}}
2024-09-01 16:02:25,225: unaware
2024-09-01 16:02:25,226: {'MMD': {'0_1': 733.2564697265625, '0_2': 2926.77978515625, '1_2': 730.1350708007812, 'Average': 1463.3904418945312}, 'Wass': {'0_1': 16.372589111328125, '0_2': 32.60750961303711, '1_2': 16.344202041625977, 'Average': 21.77476692199707}}
2024-09-01 16:02:25,240: cfpu
2024-09-01 16:02:25,240: {'MMD': {'0_1': 5.832184314727783, '0_2': 2.3793327808380127, '1_2': 15.661808013916016, 'Average': 7.9577750364939375}, 'Wass': {'0_1': 6.049686431884766, '0_2': 6.208652019500732, '1_2': 6.170164108276367, 'Average': 6.142834186553955}}
2024-09-01 16:02:25,255: cfpup
2024-09-01 16:02:25,255: {'MMD': {'0_1': 2.807305097579956, '0_2': 1.1453098058700562, '1_2': 7.538829803466797, 'Average': 3.8304815689722695}, 'Wass': {'0_1': 4.286189079284668, '0_2': 4.395400047302246, '1_2': 4.3696064949035645, 'Average': 4.350398540496826}}
