2024-09-01 16:02:41,413: Namespace(cudanum=5, dataset='law', seed=51, training=1, pyromodel='models_save/cfpup.pt', pyroparam='models_save/cfpup_param.pt', lrcausalmodel=0.001, alpha=1000000.0, num_iterations_causalmodel=12000, epochs_vae=10, decoder_type='together', lr=0.002)
2024-09-01 16:02:41,414: Namespace(cudanum=5, dataset='law', seed=51, training=1, pyromodel='models_save/cfpup.pt', pyroparam='models_save/cfpup_param.pt', lrcausalmodel=0.001, alpha=1000000.0, num_iterations_causalmodel=12000, epochs_vae=10, decoder_type='together', lr=0.002)
2024-09-01 16:02:41,446: =========== evaluation for constant predictor ================: {'RMSE': 0.9175059961537937, 'MAE': 0.7380266048450319}
2024-09-01 16:02:41,449: =========== evaluation for full predictor ================: {'RMSE': 0.8640766126327115, 'MAE': 0.6971051284052866}
2024-09-01 16:02:41,451: =========== evaluation for unaware predictor ================: {'RMSE': 0.878023866374578, 'MAE': 0.7062602526592523}
2024-09-01 16:02:43,766: [iteration 0001] loss: 184.7848
2024-09-01 16:03:18,184: [iteration 1001] loss: 27.1976
2024-09-01 16:03:53,050: [iteration 2001] loss: 15.0593
2024-09-01 16:04:27,934: [iteration 3001] loss: 14.0212
2024-09-01 16:05:02,832: [iteration 4001] loss: 13.8366
2024-09-01 16:05:37,731: [iteration 5001] loss: 13.6925
2024-09-01 16:06:12,635: [iteration 6001] loss: 13.5196
2024-09-01 16:06:47,528: [iteration 7001] loss: 13.2860
2024-09-01 16:07:22,411: [iteration 8001] loss: 12.9307
2024-09-01 16:07:57,316: [iteration 9001] loss: 12.3157
2024-09-01 16:08:32,210: [iteration 10001] loss: 11.1249
2024-09-01 16:09:07,099: [iteration 11001] loss: 9.9176
2024-09-01 16:09:41,977: saved causal model in: models_save/cfpup.pt
2024-09-01 16:09:41,986: =========== evaluation for cfp_u predictor ================: {'RMSE': 0.893832484854211, 'MAE': 0.7171060470904047}
2024-09-01 16:09:42,063: elbo_loss:2340771.0, custom_loss:221777.53125
2024-09-01 16:09:42,076: [iteration 0001] loss: 209.2389
2024-09-01 16:10:42,698: elbo_loss:280278.96875, custom_loss:31170.6953125
2024-09-01 16:11:43,356: elbo_loss:231586.078125, custom_loss:15762.2802734375
2024-09-01 16:12:43,969: elbo_loss:218496.578125, custom_loss:14338.232421875
2024-09-01 16:13:44,561: elbo_loss:210320.84375, custom_loss:13121.6376953125
2024-09-01 16:14:45,137: elbo_loss:200753.03125, custom_loss:12142.916015625
2024-09-01 16:15:45,707: elbo_loss:195067.84375, custom_loss:11359.412109375
2024-09-01 16:16:46,250: elbo_loss:186232.734375, custom_loss:11087.470703125
2024-09-01 16:17:46,773: elbo_loss:172335.875, custom_loss:10904.6181640625
2024-09-01 16:18:47,314: elbo_loss:161388.390625, custom_loss:11015.181640625
2024-09-01 16:19:47,842: elbo_loss:156495.09375, custom_loss:10809.52734375
2024-09-01 16:19:47,853: [iteration 10001] loss: 13.6609
2024-09-01 16:20:48,342: elbo_loss:153969.21875, custom_loss:10903.669921875
2024-09-01 16:21:48,799: saved causal model in: models_save/cfpup.pt
2024-09-01 16:21:48,806: =========== evaluation for cfp_up predictor ================: {'RMSE': 0.8963439635849009, 'MAE': 0.7181895969825255}
2024-09-01 16:21:49,148: saved VAE model in: models_save/vae.pt
2024-09-01 16:21:49,166: constant
2024-09-01 16:21:49,166: {'MMD': {'0_1': 0.0, '0_2': 0.0, '1_2': 0.0, 'Average': 0.0}, 'Wass': {'0_1': 0.6330661773681641, '0_2': 0.6330661773681641, '1_2': 0.6330661773681641, 'Average': 0.6330661773681641}}
2024-09-01 16:21:49,181: full
2024-09-01 16:21:49,181: {'MMD': {'0_1': 12804.775390625, '0_2': 51219.08984375, '1_2': 12804.7666015625, 'Average': 25609.5439453125}, 'Wass': {'0_1': 68.00019836425781, '0_2': 135.95799255371094, '1_2': 67.99996185302734, 'Average': 90.65271759033203}}
2024-09-01 16:21:49,196: unaware
2024-09-01 16:21:49,196: {'MMD': {'0_1': 9.868649794952944e-05, '0_2': 0.0003915943088941276, '1_2': 9.711383609101176e-05, 'Average': 0.00019579821431155628}, 'Wass': {'0_1': 0.6711511611938477, '0_2': 0.6711577773094177, '1_2': 0.6710726022720337, 'Average': 0.671127180258433}}
2024-09-01 16:21:49,210: cfpu
2024-09-01 16:21:49,210: {'MMD': {'0_1': 2.587007293186616e-05, '0_2': 2.92048880510265e-05, '1_2': 1.010549723901022e-07, 'Average': 1.839200531842759e-05}, 'Wass': {'0_1': 12.572425842285156, '0_2': 12.571578979492188, '1_2': 12.573067665100098, 'Average': 12.572357495625814}}
2024-09-01 16:21:49,225: cfpup
2024-09-01 16:21:49,225: {'MMD': {'0_1': 1.3951901564723812e-05, '0_2': 1.5164561773417518e-05, '1_2': 2.526374309752555e-08, 'Average': 9.713909027079618e-06}, 'Wass': {'0_1': 9.170550346374512, '0_2': 9.169878005981445, '1_2': 9.171022415161133, 'Average': 9.170483589172363}}
