2024-09-01 16:02:41,449: Namespace(cudanum=0, dataset='law', seed=50, training=1, pyromodel='models_save/cfpup.pt', pyroparam='models_save/cfpup_param.pt', lrcausalmodel=0.001, alpha=100000.0, num_iterations_causalmodel=12000, epochs_vae=10, decoder_type='together', lr=0.002)
2024-09-01 16:02:41,450: Namespace(cudanum=0, dataset='law', seed=50, training=1, pyromodel='models_save/cfpup.pt', pyroparam='models_save/cfpup_param.pt', lrcausalmodel=0.001, alpha=100000.0, num_iterations_causalmodel=12000, epochs_vae=10, decoder_type='together', lr=0.002)
2024-09-01 16:02:41,477: =========== evaluation for constant predictor ================: {'RMSE': 0.9167934668005728, 'MAE': 0.7334379971115002}
2024-09-01 16:02:41,480: =========== evaluation for full predictor ================: {'RMSE': 0.8642435038680293, 'MAE': 0.6928120504534926}
2024-09-01 16:02:41,482: =========== evaluation for unaware predictor ================: {'RMSE': 0.8772728680708756, 'MAE': 0.7028238004363482}
2024-09-01 16:02:43,412: [iteration 0001] loss: 184.7724
2024-09-01 16:03:17,989: [iteration 1001] loss: 27.2974
2024-09-01 16:03:53,336: [iteration 2001] loss: 15.0527
2024-09-01 16:04:28,663: [iteration 3001] loss: 14.0308
2024-09-01 16:05:03,967: [iteration 4001] loss: 13.8368
2024-09-01 16:05:39,240: [iteration 5001] loss: 13.6917
2024-09-01 16:06:14,508: [iteration 6001] loss: 13.5191
2024-09-01 16:06:50,007: [iteration 7001] loss: 13.2894
2024-09-01 16:07:25,503: [iteration 8001] loss: 12.9314
2024-09-01 16:08:01,004: [iteration 9001] loss: 12.3143
2024-09-01 16:08:36,497: [iteration 10001] loss: 11.1220
2024-09-01 16:09:11,947: [iteration 11001] loss: 9.9139
2024-09-01 16:09:46,803: saved causal model in: models_save/cfpup.pt
2024-09-01 16:09:46,808: =========== evaluation for cfp_u predictor ================: {'RMSE': 0.8936116526232927, 'MAE': 0.7152287126425221}
2024-09-01 16:09:46,884: elbo_loss:2340397.0, custom_loss:22714.900390625
2024-09-01 16:09:46,898: [iteration 0001] loss: 192.9544
2024-09-01 16:10:47,539: elbo_loss:232507.421875, custom_loss:14804.361328125
2024-09-01 16:11:48,199: elbo_loss:202324.6875, custom_loss:8919.9072265625
2024-09-01 16:12:48,815: elbo_loss:186440.984375, custom_loss:9634.853515625
2024-09-01 16:13:49,403: elbo_loss:175811.09375, custom_loss:9706.423828125
2024-09-01 16:14:49,976: elbo_loss:169603.6875, custom_loss:9541.40234375
2024-09-01 16:15:50,541: elbo_loss:160733.46875, custom_loss:9758.4990234375
2024-09-01 16:16:51,080: elbo_loss:148683.875, custom_loss:9371.060546875
2024-09-01 16:17:51,610: elbo_loss:138604.671875, custom_loss:9394.3583984375
2024-09-01 16:18:52,140: elbo_loss:133611.5625, custom_loss:9591.5048828125
2024-09-01 16:19:52,657: elbo_loss:131171.75, custom_loss:9570.7568359375
2024-09-01 16:19:52,669: [iteration 10001] loss: 11.4920
2024-09-01 16:20:53,151: elbo_loss:130354.671875, custom_loss:9439.11328125
2024-09-01 16:21:50,299: saved causal model in: models_save/cfpup.pt
2024-09-01 16:21:50,304: =========== evaluation for cfp_up predictor ================: {'RMSE': 0.895184417381891, 'MAE': 0.718026893506141}
2024-09-01 16:21:50,350: saved VAE model in: models_save/vae.pt
2024-09-01 16:21:50,491: constant
2024-09-01 16:21:50,491: {'MMD': {'0_1': 0.0, '0_2': 0.0, '1_2': 0.0, 'Average': 0.0}, 'Wass': {'0_1': 0.6330661773681641, '0_2': 0.6330661773681641, '1_2': 0.6330661773681641, 'Average': 0.6330661773681641}}
2024-09-01 16:21:50,507: full
2024-09-01 16:21:50,507: {'MMD': {'0_1': 7893.50732421875, '0_2': 31569.3984375, '1_2': 7891.19189453125, 'Average': 15784.69921875}, 'Wass': {'0_1': 53.46842956542969, '0_2': 106.79768371582031, '1_2': 53.447078704833984, 'Average': 71.237730662028}}
2024-09-01 16:21:50,524: unaware
2024-09-01 16:21:50,525: {'MMD': {'0_1': 732.494873046875, '0_2': 2931.5712890625, '1_2': 733.2908325195312, 'Average': 1465.785664876302}, 'Wass': {'0_1': 16.367643356323242, '0_2': 32.636871337890625, '1_2': 16.38152313232422, 'Average': 21.795345942179363}}
2024-09-01 16:21:50,539: cfpu
2024-09-01 16:21:50,539: {'MMD': {'0_1': 0.7549469470977783, '0_2': 11.174494743347168, '1_2': 6.1204304695129395, 'Average': 6.016624053319295}, 'Wass': {'0_1': 5.994186878204346, '0_2': 5.958026885986328, '1_2': 6.047138690948486, 'Average': 5.999784151713054}}
2024-09-01 16:21:50,554: cfpup
2024-09-01 16:21:50,554: {'MMD': {'0_1': 0.3506413698196411, '0_2': 5.189952373504639, '1_2': 2.842585563659668, 'Average': 2.7943931023279824}, 'Wass': {'0_1': 4.178981781005859, '0_2': 4.154484748840332, '1_2': 4.214568614959717, 'Average': 4.18267838160197}}
