2024-09-01 15:43:15,049: Namespace(cudanum=1, dataset='law', seed=51, training=1, pyromodel='models_save/cfpup.pt', pyroparam='models_save/cfpup_param.pt', lrcausalmodel=0.001, alpha=0.0, num_iterations_causalmodel=12000, epochs_vae=10, decoder_type='together', lr=0.002)
2024-09-01 15:43:15,050: Namespace(cudanum=1, dataset='law', seed=51, training=1, pyromodel='models_save/cfpup.pt', pyroparam='models_save/cfpup_param.pt', lrcausalmodel=0.001, alpha=0.0, num_iterations_causalmodel=12000, epochs_vae=10, decoder_type='together', lr=0.002)
2024-09-01 15:43:15,082: =========== evaluation for constant predictor ================: {'RMSE': 0.9175059961537937, 'MAE': 0.7380266048450319}
2024-09-01 15:43:15,086: =========== evaluation for full predictor ================: {'RMSE': 0.8640766126327115, 'MAE': 0.6971051284052866}
2024-09-01 15:43:15,088: =========== evaluation for unaware predictor ================: {'RMSE': 0.878023866374578, 'MAE': 0.7062602526592523}
2024-09-01 15:43:17,937: [iteration 0001] loss: 184.7848
2024-09-01 15:43:52,716: [iteration 1001] loss: 27.1976
2024-09-01 15:44:27,584: [iteration 2001] loss: 15.0593
2024-09-01 15:45:02,552: [iteration 3001] loss: 14.0212
2024-09-01 15:45:37,488: [iteration 4001] loss: 13.8366
2024-09-01 15:46:12,436: [iteration 5001] loss: 13.6925
2024-09-01 15:46:47,407: [iteration 6001] loss: 13.5196
2024-09-01 15:47:22,389: [iteration 7001] loss: 13.2860
2024-09-01 15:47:57,366: [iteration 8001] loss: 12.9307
2024-09-01 15:48:32,363: [iteration 9001] loss: 12.3157
2024-09-01 15:49:07,365: [iteration 10001] loss: 11.1249
2024-09-01 15:49:42,372: [iteration 11001] loss: 9.9176
2024-09-01 15:50:17,338: saved causal model in: models_save/cfpup.pt
2024-09-01 15:50:17,347: =========== evaluation for cfp_u predictor ================: {'RMSE': 0.893832484854211, 'MAE': 0.7171060470904047}
2024-09-01 15:50:17,423: elbo_loss:2340771.0, custom_loss:0.0
2024-09-01 15:50:17,438: [iteration 0001] loss: 191.1302
2024-09-01 15:51:18,027: elbo_loss:226601.953125, custom_loss:0.0
2024-09-01 15:52:18,619: elbo_loss:189098.390625, custom_loss:0.0
2024-09-01 15:53:19,202: elbo_loss:169065.125, custom_loss:0.0
2024-09-01 15:54:19,771: elbo_loss:158986.9375, custom_loss:0.0
2024-09-01 15:55:20,359: elbo_loss:152574.15625, custom_loss:0.0
2024-09-01 15:56:20,938: elbo_loss:143782.203125, custom_loss:0.0
2024-09-01 15:57:21,530: elbo_loss:132502.375, custom_loss:0.0
2024-09-01 15:58:22,109: elbo_loss:123482.2265625, custom_loss:0.0
2024-09-01 15:59:22,681: elbo_loss:118485.21875, custom_loss:0.0
2024-09-01 16:00:23,246: elbo_loss:116268.6796875, custom_loss:0.0
2024-09-01 16:00:23,258: [iteration 10001] loss: 9.4936
2024-09-01 16:01:23,829: elbo_loss:115286.1875, custom_loss:0.0
2024-09-01 16:02:24,280: saved causal model in: models_save/cfpup.pt
2024-09-01 16:02:24,285: =========== evaluation for cfp_up predictor ================: {'RMSE': 0.8933383908797905, 'MAE': 0.7154243194000732}
2024-09-01 16:02:24,662: saved VAE model in: models_save/vae.pt
2024-09-01 16:02:24,679: constant
2024-09-01 16:02:24,679: {'MMD': {'0_1': 0.0, '0_2': 0.0, '1_2': 0.0, 'Average': 0.0}, 'Wass': {'0_1': 0.6330661773681641, '0_2': 0.6330661773681641, '1_2': 0.6330661773681641, 'Average': 0.6330661773681641}}
2024-09-01 16:02:24,694: full
2024-09-01 16:02:24,694: {'MMD': {'0_1': 12804.775390625, '0_2': 51219.08984375, '1_2': 12804.7666015625, 'Average': 25609.5439453125}, 'Wass': {'0_1': 68.00019836425781, '0_2': 135.95797729492188, '1_2': 67.99996185302734, 'Average': 90.65271250406902}}
2024-09-01 16:02:24,709: unaware
2024-09-01 16:02:24,709: {'MMD': {'0_1': 9.868649794952944e-05, '0_2': 0.0003915943088941276, '1_2': 9.711383609101176e-05, 'Average': 0.00019579821431155628}, 'Wass': {'0_1': 0.6711480617523193, '0_2': 0.6711546182632446, '1_2': 0.6710705161094666, 'Average': 0.6711243987083435}}
2024-09-01 16:02:24,723: cfpu
2024-09-01 16:02:24,724: {'MMD': {'0_1': 2.587007293186616e-05, '0_2': 2.92048880510265e-05, '1_2': 1.010549723901022e-07, 'Average': 1.839200531842759e-05}, 'Wass': {'0_1': 12.572426795959473, '0_2': 12.571438789367676, '1_2': 12.572958946228027, 'Average': 12.572274843851725}}
2024-09-01 16:02:24,738: cfpup
2024-09-01 16:02:24,738: {'MMD': {'0_1': 1.3364520782488398e-05, '0_2': 1.4551915228366852e-05, '1_2': 2.526374309752555e-08, 'Average': 9.313899917984259e-06}, 'Wass': {'0_1': 9.379029273986816, '0_2': 9.378314971923828, '1_2': 9.37943172454834, 'Average': 9.378925323486328}}
