2024-09-22 23:24:15,492: Namespace(cudanum=3, dataset='law', synthetic=0, seed=53, training=1, pyromodel='models_save/cfpup.pt', pyroparam='models_save/cfpup_param.pt', lrcausalmodel=0.001, alpha=0.0, num_iterations_causalmodel=20000, epochs_vae=10, decoder_type='together', lr=0.002)
2024-09-22 23:24:15,494: Namespace(cudanum=3, dataset='law', synthetic=0, seed=53, training=1, pyromodel='models_save/cfpup.pt', pyroparam='models_save/cfpup_param.pt', lrcausalmodel=0.001, alpha=0.0, num_iterations_causalmodel=20000, epochs_vae=10, decoder_type='together', lr=0.002)
2024-09-22 23:24:15,530: =========== evaluation for constant predictor ================: {'RMSE': 0.9324225082657746, 'MAE': 0.7516095706256555}
2024-09-22 23:24:15,534: =========== evaluation for full predictor ================: {'RMSE': 0.8802753975493797, 'MAE': 0.7099425986240434}
2024-09-22 23:24:15,536: =========== evaluation for unaware predictor ================: {'RMSE': 0.8905317575182867, 'MAE': 0.7188799247202043}
2024-09-22 23:24:17,130: [iteration 0001] loss: 138.5853
2024-09-22 23:24:29,688: [iteration 1001] loss: 20.5103
2024-09-22 23:24:41,750: [iteration 2001] loss: 11.2809
2024-09-22 23:24:53,215: [iteration 3001] loss: 10.5171
2024-09-22 23:25:04,445: [iteration 4001] loss: 10.3750
2024-09-22 23:25:15,723: [iteration 5001] loss: 10.2697
2024-09-22 23:25:27,018: [iteration 6001] loss: 10.1422
2024-09-22 23:25:36,548: [iteration 7001] loss: 9.9624
2024-09-22 23:25:44,013: [iteration 8001] loss: 9.7002
2024-09-22 23:25:51,473: [iteration 9001] loss: 9.2330
2024-09-22 23:25:58,946: [iteration 10001] loss: 8.3409
2024-09-22 23:26:06,411: [iteration 11001] loss: 7.4340
2024-09-22 23:26:13,873: [iteration 12001] loss: 7.0868
2024-09-22 23:26:21,338: [iteration 13001] loss: 6.9100
2024-09-22 23:26:28,802: [iteration 14001] loss: 6.8184
2024-09-22 23:26:36,272: [iteration 15001] loss: 6.7635
2024-09-22 23:26:43,740: [iteration 16001] loss: 6.7355
2024-09-22 23:26:51,203: [iteration 17001] loss: 6.7177
2024-09-22 23:26:58,670: [iteration 18001] loss: 6.7066
2024-09-22 23:27:06,136: [iteration 19001] loss: 6.7006
2024-09-22 23:27:13,597: saved causal model in: models_save/cfpup.pt
2024-09-22 23:27:13,606: =========== evaluation for cfp_u predictor ================: {'RMSE': 0.924496471238705, 'MAE': 0.7424087763252238}
2024-09-22 23:27:13,621: elbo_loss:2340415.75, custom_loss:0.0
2024-09-22 23:27:13,626: [iteration 0001] loss: 143.3288
2024-09-22 23:27:26,615: elbo_loss:228510.203125, custom_loss:0.0
2024-09-22 23:27:39,604: elbo_loss:189090.03125, custom_loss:0.0
2024-09-22 23:27:52,612: elbo_loss:162925.75, custom_loss:0.0
2024-09-22 23:28:05,613: elbo_loss:151192.5, custom_loss:0.0
2024-09-22 23:28:18,604: elbo_loss:140554.984375, custom_loss:0.0
2024-09-22 23:28:31,611: elbo_loss:132475.03125, custom_loss:0.0
2024-09-22 23:28:44,609: elbo_loss:126148.0234375, custom_loss:0.0
2024-09-22 23:28:57,576: elbo_loss:121350.7578125, custom_loss:0.0
2024-09-22 23:29:10,531: elbo_loss:118470.1875, custom_loss:0.0
2024-09-22 23:29:23,526: elbo_loss:116907.515625, custom_loss:0.0
2024-09-22 23:29:23,531: [iteration 10001] loss: 7.1595
2024-09-22 23:29:36,924: elbo_loss:115963.671875, custom_loss:0.0
2024-09-22 23:29:57,273: elbo_loss:115345.0078125, custom_loss:0.0
2024-09-22 23:30:17,455: elbo_loss:114888.578125, custom_loss:0.0
2024-09-22 23:30:37,849: elbo_loss:114584.3046875, custom_loss:0.0
2024-09-22 23:30:58,213: elbo_loss:114346.609375, custom_loss:0.0
2024-09-22 23:31:18,560: elbo_loss:114197.3046875, custom_loss:0.0
2024-09-22 23:31:38,978: elbo_loss:114041.5390625, custom_loss:0.0
2024-09-22 23:31:59,215: elbo_loss:113973.3203125, custom_loss:0.0
2024-09-22 23:32:19,452: elbo_loss:113918.296875, custom_loss:0.0
2024-09-22 23:32:39,778: saved causal model in: models_save/cfpup.pt
2024-09-22 23:32:39,782: =========== evaluation for cfp_up predictor ================: {'RMSE': 0.9041244422702592, 'MAE': 0.725894415892522}
2024-09-22 23:32:39,796: constant
2024-09-22 23:32:39,796: {'MMD': {'0_1': 2.4671624118677293e-11, '0_2': 0.0, '1_2': 2.4671624118677293e-11, 'Average': 1.644774941245153e-11}, 'Wass': {'0_1': 0.6330670714378357, '0_2': 0.6330674886703491, '1_2': 0.6330678462982178, 'Average': 0.6330674688021342}}
2024-09-22 23:32:39,804: full
2024-09-22 23:32:39,804: {'MMD': {'0_1': 59799.859375, '0_2': 54732.87109375, '1_2': 112.13794708251953, 'Average': 38214.95613861084}, 'Wass': {'0_1': 147.3225860595703, '0_2': 141.32972717285156, '1_2': 12.729878425598145, 'Average': 100.46073055267334}}
2024-09-22 23:32:39,811: unaware
2024-09-22 23:32:39,812: {'MMD': {'0_1': 22801.908203125, '0_2': 106.93193054199219, '1_2': 19785.859375, 'Average': 14231.566502888998}, 'Wass': {'0_1': 91.73051452636719, '0_2': 16.082115173339844, '1_2': 86.12759399414062, 'Average': 64.64674123128255}}
2024-09-22 23:32:39,819: cfpu
2024-09-22 23:32:39,819: {'MMD': {'0_1': 1233.43359375, '0_2': 201.94686889648438, '1_2': 2433.554931640625, 'Average': 1289.6451314290364}, 'Wass': {'0_1': 21.66105842590332, '0_2': 7.212674617767334, '1_2': 30.614519119262695, 'Average': 19.82941738764445}}
2024-09-22 23:32:39,825: cfpup
2024-09-22 23:32:39,825: {'MMD': {'0_1': 34368.671875, '0_2': 101917.734375, '1_2': 17917.8828125, 'Average': 51401.4296875}, 'Wass': {'0_1': 112.01383972167969, '0_2': 192.89808654785156, '1_2': 80.99761962890625, 'Average': 128.63651529947916}}
