2024-09-01 18:17:21,762: Namespace(cudanum=1, dataset='law', seed=51, training=1, pyromodel='models_save/cfpup.pt', pyroparam='models_save/cfpup_param.pt', lrcausalmodel=0.001, alpha=100000.0, num_iterations_causalmodel=70000, epochs_vae=10, decoder_type='together', lr=0.002)
2024-09-01 18:17:21,763: Namespace(cudanum=1, dataset='law', seed=51, training=1, pyromodel='models_save/cfpup.pt', pyroparam='models_save/cfpup_param.pt', lrcausalmodel=0.001, alpha=100000.0, num_iterations_causalmodel=70000, epochs_vae=10, decoder_type='together', lr=0.002)
2024-09-01 18:17:21,791: =========== evaluation for constant predictor ================: {'RMSE': 0.9175059961537937, 'MAE': 0.7380266048450319}
2024-09-01 18:17:21,794: =========== evaluation for full predictor ================: {'RMSE': 0.8640766126327115, 'MAE': 0.6971051284052866}
2024-09-01 18:17:21,796: =========== evaluation for unaware predictor ================: {'RMSE': 0.878023866374578, 'MAE': 0.7062602526592523}
2024-09-01 18:17:24,573: [iteration 0001] loss: 184.7848
2024-09-01 18:17:59,475: [iteration 1001] loss: 27.1976
2024-09-01 18:18:34,243: [iteration 2001] loss: 15.0593
2024-09-01 18:19:08,999: [iteration 3001] loss: 14.0212
2024-09-01 18:19:43,768: [iteration 4001] loss: 13.8366
2024-09-01 18:20:18,510: [iteration 5001] loss: 13.6925
2024-09-01 18:20:53,384: [iteration 6001] loss: 13.5196
2024-09-01 18:21:28,283: [iteration 7001] loss: 13.2860
2024-09-01 18:22:03,190: [iteration 8001] loss: 12.9307
2024-09-01 18:22:38,101: [iteration 9001] loss: 12.3157
2024-09-01 18:23:13,031: [iteration 10001] loss: 11.1249
2024-09-01 18:23:47,953: [iteration 11001] loss: 9.9176
2024-09-01 18:24:22,870: [iteration 12001] loss: 9.4467
2024-09-01 18:24:57,784: [iteration 13001] loss: 9.2188
2024-09-01 18:25:32,699: [iteration 14001] loss: 9.0919
2024-09-01 18:26:07,610: [iteration 15001] loss: 9.0205
2024-09-01 18:26:42,518: [iteration 16001] loss: 8.9782
2024-09-01 18:27:17,426: [iteration 17001] loss: 8.9567
2024-09-01 18:27:52,342: [iteration 18001] loss: 8.9421
2024-09-01 18:28:27,242: [iteration 19001] loss: 8.9341
2024-09-01 18:29:02,142: [iteration 20001] loss: 8.9287
2024-09-01 18:29:37,053: [iteration 21001] loss: 8.9269
2024-09-01 18:30:11,981: [iteration 22001] loss: 8.9249
2024-09-01 18:30:46,907: [iteration 23001] loss: 8.9255
2024-09-01 18:31:21,820: [iteration 24001] loss: 8.9242
2024-09-01 18:31:56,736: [iteration 25001] loss: 8.9235
2024-09-01 18:32:31,652: [iteration 26001] loss: 8.9230
2024-09-01 18:33:06,561: [iteration 27001] loss: 8.9224
2024-09-01 18:33:41,467: [iteration 28001] loss: 8.9225
2024-09-01 18:34:16,406: [iteration 29001] loss: 8.9226
2024-09-01 18:34:51,343: [iteration 30001] loss: 8.9224
2024-09-01 18:35:26,284: [iteration 31001] loss: 8.9227
2024-09-01 18:36:01,240: [iteration 32001] loss: 8.9224
2024-09-01 18:36:36,191: [iteration 33001] loss: 8.9212
2024-09-01 18:37:11,149: [iteration 34001] loss: 8.9230
2024-09-01 18:37:46,096: [iteration 35001] loss: 8.9216
2024-09-01 18:38:21,041: [iteration 36001] loss: 8.9219
2024-09-01 18:38:55,990: [iteration 37001] loss: 8.9227
2024-09-01 18:39:30,902: [iteration 38001] loss: 8.9224
2024-09-01 18:40:05,831: [iteration 39001] loss: 8.9224
2024-09-01 18:40:40,754: [iteration 40001] loss: 8.9236
2024-09-01 18:41:15,666: [iteration 41001] loss: 8.9225
2024-09-01 18:41:50,577: [iteration 42001] loss: 8.9226
2024-09-01 18:42:25,498: [iteration 43001] loss: 8.9227
2024-09-01 18:43:00,446: [iteration 44001] loss: 8.9223
2024-09-01 18:43:35,347: [iteration 45001] loss: 8.9225
2024-09-01 18:44:10,256: [iteration 46001] loss: 8.9227
2024-09-01 18:44:45,165: [iteration 47001] loss: 8.9231
2024-09-01 18:45:20,092: [iteration 48001] loss: 8.9226
2024-09-01 18:45:55,019: [iteration 49001] loss: 8.9235
2024-09-01 18:46:29,936: [iteration 50001] loss: 8.9218
2024-09-01 18:47:04,861: [iteration 51001] loss: 8.9221
2024-09-01 18:47:39,777: [iteration 52001] loss: 8.9225
2024-09-01 18:48:14,708: [iteration 53001] loss: 8.9211
2024-09-01 18:48:49,673: [iteration 54001] loss: 8.9224
2024-09-01 18:49:24,655: [iteration 55001] loss: 8.9237
2024-09-01 18:49:59,630: [iteration 56001] loss: 8.9222
2024-09-01 18:50:34,615: [iteration 57001] loss: 8.9229
2024-09-01 18:51:09,597: [iteration 58001] loss: 8.9223
2024-09-01 18:51:44,563: [iteration 59001] loss: 8.9224
2024-09-01 18:52:19,537: [iteration 60001] loss: 8.9221
2024-09-01 18:52:54,533: [iteration 61001] loss: 8.9221
2024-09-01 18:53:29,522: [iteration 62001] loss: 8.9221
2024-09-01 18:54:04,528: [iteration 63001] loss: 8.9233
2024-09-01 18:54:39,514: [iteration 64001] loss: 8.9234
2024-09-01 18:55:14,502: [iteration 65001] loss: 8.9224
2024-09-01 18:55:49,494: [iteration 66001] loss: 8.9226
2024-09-01 18:56:24,478: [iteration 67001] loss: 8.9218
2024-09-01 18:56:59,474: [iteration 68001] loss: 8.9220
2024-09-01 18:57:34,444: [iteration 69001] loss: 8.9214
2024-09-01 18:58:09,396: saved causal model in: models_save/cfpup.pt
2024-09-01 18:58:09,404: =========== evaluation for cfp_u predictor ================: {'RMSE': 0.9018764516862474, 'MAE': 0.723726823327298}
2024-09-01 18:58:09,481: elbo_loss:2340431.25, custom_loss:22272.349609375
2024-09-01 18:58:09,495: [iteration 0001] loss: 192.9210
2024-09-01 18:59:10,280: elbo_loss:231687.21875, custom_loss:14876.6513671875
2024-09-01 19:00:11,091: elbo_loss:202129.71875, custom_loss:9051.9794921875
2024-09-01 19:01:11,909: elbo_loss:185539.375, custom_loss:9621.1337890625
2024-09-01 19:02:12,731: elbo_loss:175703.71875, custom_loss:9688.853515625
2024-09-01 19:03:13,545: elbo_loss:169369.59375, custom_loss:9678.75
2024-09-01 19:04:14,349: elbo_loss:160895.484375, custom_loss:9510.5703125
2024-09-01 19:05:15,193: elbo_loss:149039.015625, custom_loss:9627.4521484375
2024-09-01 19:06:15,998: elbo_loss:138937.4375, custom_loss:9464.9580078125
2024-09-01 19:07:16,831: elbo_loss:133660.515625, custom_loss:9539.076171875
2024-09-01 19:08:17,636: elbo_loss:131331.265625, custom_loss:9603.8525390625
2024-09-01 19:08:17,647: [iteration 10001] loss: 11.5077
2024-09-01 19:09:18,467: elbo_loss:130295.609375, custom_loss:9438.3984375
2024-09-01 19:10:19,309: elbo_loss:129713.671875, custom_loss:9378.5439453125
2024-09-01 19:11:20,172: elbo_loss:129562.4375, custom_loss:9516.0556640625
2024-09-01 19:12:21,012: elbo_loss:129408.140625, custom_loss:9362.0712890625
2024-09-01 19:13:21,876: elbo_loss:129240.34375, custom_loss:9303.349609375
2024-09-01 19:14:22,715: elbo_loss:129391.734375, custom_loss:9318.65625
2024-09-01 19:15:23,529: elbo_loss:129313.2578125, custom_loss:9385.3037109375
2024-09-01 19:16:24,334: elbo_loss:129272.578125, custom_loss:9623.7021484375
2024-09-01 19:17:25,141: elbo_loss:129268.0625, custom_loss:9324.666015625
2024-09-01 19:18:25,961: elbo_loss:129272.359375, custom_loss:9443.6015625
2024-09-01 19:18:25,972: [iteration 20001] loss: 11.3265
2024-09-01 19:19:26,789: elbo_loss:129251.1796875, custom_loss:9333.505859375
2024-09-01 19:20:27,607: elbo_loss:129352.7734375, custom_loss:9529.8525390625
2024-09-01 19:21:28,420: elbo_loss:129165.578125, custom_loss:9484.123046875
2024-09-01 19:22:29,227: elbo_loss:129378.8046875, custom_loss:9482.1015625
2024-09-01 19:23:30,063: elbo_loss:129560.0234375, custom_loss:9193.08203125
2024-09-01 19:24:30,890: elbo_loss:129398.7578125, custom_loss:9499.19140625
2024-09-01 19:25:31,747: elbo_loss:129379.7421875, custom_loss:9433.783203125
2024-09-01 19:26:32,599: elbo_loss:129129.0, custom_loss:9318.994140625
2024-09-01 19:27:33,437: elbo_loss:129199.265625, custom_loss:9436.1298828125
2024-09-01 19:28:34,256: elbo_loss:129184.296875, custom_loss:9422.109375
2024-09-01 19:28:34,268: [iteration 30001] loss: 11.3176
2024-09-01 19:29:35,091: elbo_loss:129345.1015625, custom_loss:9550.544921875
2024-09-01 19:30:35,928: elbo_loss:129304.6171875, custom_loss:9483.720703125
2024-09-01 19:31:36,756: elbo_loss:129301.09375, custom_loss:9375.1923828125
2024-09-01 19:32:37,594: elbo_loss:129150.5546875, custom_loss:9393.7841796875
2024-09-01 19:33:38,445: elbo_loss:129254.40625, custom_loss:9458.17578125
2024-09-01 19:34:39,318: elbo_loss:129136.296875, custom_loss:9538.87890625
2024-09-01 19:35:40,171: elbo_loss:129151.421875, custom_loss:9510.9169921875
2024-09-01 19:36:41,035: elbo_loss:129217.0703125, custom_loss:9453.9697265625
2024-09-01 19:37:41,879: elbo_loss:129127.7578125, custom_loss:9452.021484375
2024-09-01 19:38:42,719: elbo_loss:129272.9375, custom_loss:9345.560546875
2024-09-01 19:38:42,731: [iteration 40001] loss: 11.3186
2024-09-01 19:39:43,576: elbo_loss:129233.125, custom_loss:9544.5390625
2024-09-01 19:40:44,413: elbo_loss:129077.4375, custom_loss:9334.5478515625
2024-09-01 19:41:45,254: elbo_loss:129097.0546875, custom_loss:9259.7666015625
2024-09-01 19:42:46,126: elbo_loss:129130.890625, custom_loss:9399.453125
2024-09-01 19:43:46,991: elbo_loss:129055.2890625, custom_loss:9418.9873046875
2024-09-01 19:44:47,875: elbo_loss:129077.734375, custom_loss:9365.369140625
2024-09-01 19:45:48,733: elbo_loss:129164.15625, custom_loss:9373.96875
2024-09-01 19:46:49,614: elbo_loss:129328.5703125, custom_loss:9340.001953125
2024-09-01 19:47:50,446: elbo_loss:129242.5, custom_loss:9501.875
2024-09-01 19:48:51,331: elbo_loss:129189.2421875, custom_loss:9410.2275390625
2024-09-01 19:48:51,343: [iteration 50001] loss: 11.3170
2024-09-01 19:49:52,181: elbo_loss:129130.109375, custom_loss:9503.587890625
2024-09-01 19:50:53,016: elbo_loss:129133.109375, custom_loss:9588.05078125
2024-09-01 19:51:53,831: elbo_loss:129160.1953125, custom_loss:9324.9189453125
2024-09-01 19:52:54,652: elbo_loss:129266.71875, custom_loss:9380.9853515625
2024-09-01 19:53:55,495: elbo_loss:129093.671875, custom_loss:9391.2734375
2024-09-01 19:54:56,367: elbo_loss:129272.9140625, custom_loss:9457.111328125
2024-09-01 19:55:57,210: elbo_loss:129335.40625, custom_loss:9582.2412109375
2024-09-01 19:56:58,029: elbo_loss:129123.765625, custom_loss:9516.8291015625
2024-09-01 19:57:58,872: elbo_loss:129018.7109375, custom_loss:9502.8701171875
2024-09-01 19:58:59,713: elbo_loss:129381.2734375, custom_loss:9457.43359375
2024-09-01 19:58:59,725: [iteration 60001] loss: 11.3365
2024-09-01 20:00:00,552: elbo_loss:129091.90625, custom_loss:9460.0390625
2024-09-01 20:01:01,423: elbo_loss:128957.6796875, custom_loss:9330.87109375
2024-09-01 20:02:02,280: elbo_loss:129180.5703125, custom_loss:9330.29296875
2024-09-01 20:03:03,157: elbo_loss:129081.203125, custom_loss:9428.0283203125
2024-09-01 20:04:04,120: elbo_loss:129043.109375, custom_loss:9464.1083984375
2024-09-01 20:05:05,174: elbo_loss:129101.7890625, custom_loss:9369.7255859375
2024-09-01 20:06:06,165: elbo_loss:129183.7890625, custom_loss:9251.0654296875
2024-09-01 20:07:07,202: elbo_loss:129051.7421875, custom_loss:9212.4560546875
2024-09-01 20:08:08,213: elbo_loss:129041.8515625, custom_loss:9508.755859375
2024-09-01 20:09:09,150: saved causal model in: models_save/cfpup.pt
2024-09-01 20:09:09,156: =========== evaluation for cfp_up predictor ================: {'RMSE': 0.8926831675755742, 'MAE': 0.7153648441386901}
2024-09-01 20:09:09,475: saved VAE model in: models_save/vae.pt
2024-09-01 20:09:09,492: constant
2024-09-01 20:09:09,492: {'MMD': {'0_1': 0.0, '0_2': 0.0, '1_2': 0.0, 'Average': 0.0}, 'Wass': {'0_1': 0.6330661773681641, '0_2': 0.6330661773681641, '1_2': 0.6330661773681641, 'Average': 0.6330661773681641}}
2024-09-01 20:09:09,507: full
2024-09-01 20:09:09,507: {'MMD': {'0_1': 12804.775390625, '0_2': 51219.08984375, '1_2': 12804.7666015625, 'Average': 25609.5439453125}, 'Wass': {'0_1': 68.00019836425781, '0_2': 135.95799255371094, '1_2': 67.99996185302734, 'Average': 90.65271759033203}}
2024-09-01 20:09:09,522: unaware
2024-09-01 20:09:09,522: {'MMD': {'0_1': 9.868649794952944e-05, '0_2': 0.0003915943088941276, '1_2': 9.711383609101176e-05, 'Average': 0.00019579821431155628}, 'Wass': {'0_1': 0.6711511611938477, '0_2': 0.6711573600769043, '1_2': 0.6710718274116516, 'Average': 0.6711267828941345}}
2024-09-01 20:09:09,537: cfpu
2024-09-01 20:09:09,537: {'MMD': {'0_1': 7.737021405773703e-06, '0_2': 8.185452315956354e-06, '1_2': 6.315935774381387e-09, 'Average': 5.309596552501479e-06}, 'Wass': {'0_1': 7.046398639678955, '0_2': 7.045921802520752, '1_2': 7.046669960021973, 'Average': 7.0463301340738935}}
2024-09-01 20:09:09,552: cfpup
2024-09-01 20:09:09,552: {'MMD': {'0_1': 1.3951901564723812e-05, '0_2': 1.3951901564723812e-05, '1_2': 0.0, 'Average': 9.301267709815875e-06}, 'Wass': {'0_1': 9.09990406036377, '0_2': 9.099294662475586, '1_2': 9.100381851196289, 'Average': 9.099860191345215}}
