2024-09-22 23:10:48,024: Namespace(cudanum=5, dataset='adult', synthetic=0, seed=51, training=1, pyromodel='models_save/cfpup.pt', pyroparam='models_save/cfpup_param.pt', lrcausalmodel=0.001, alpha=100000.0, num_iterations_causalmodel=20000, epochs_vae=10, decoder_type='together', lr=0.002)
2024-09-22 23:10:48,026: Namespace(cudanum=5, dataset='adult', synthetic=0, seed=51, training=1, pyromodel='models_save/cfpup.pt', pyroparam='models_save/cfpup_param.pt', lrcausalmodel=0.001, alpha=100000.0, num_iterations_causalmodel=20000, epochs_vae=10, decoder_type='together', lr=0.002)
2024-09-22 23:10:48,202: =========== evaluation for constant predictor ================: {'F1-score': 0.0, 'Accuracy': 0.7376614773103677}
2024-09-22 23:10:48,338: =========== evaluation for full predictor ================: {'F1-score': 0.6623181133968891, 'Accuracy': 0.7770785028155018}
2024-09-22 23:10:48,469: =========== evaluation for unaware predictor ================: {'F1-score': 0.6613306653326664, 'Accuracy': 0.7757535607817158}
2024-09-22 23:10:51,054: [iteration 0001] loss: 1230.2578
2024-09-22 23:11:08,196: [iteration 1001] loss: 664.1523
2024-09-22 23:11:25,309: [iteration 2001] loss: 347.5288
2024-09-22 23:11:42,845: [iteration 3001] loss: 193.0364
2024-09-22 23:11:59,536: [iteration 4001] loss: 132.2401
2024-09-22 23:12:15,901: [iteration 5001] loss: 110.6284
2024-09-22 23:12:32,473: [iteration 6001] loss: 99.0518
2024-09-22 23:12:49,141: [iteration 7001] loss: 90.0489
2024-09-22 23:13:05,913: [iteration 8001] loss: 82.6789
2024-09-22 23:13:22,579: [iteration 9001] loss: 76.6515
2024-09-22 23:13:39,216: [iteration 10001] loss: 71.6581
2024-09-22 23:13:56,055: [iteration 11001] loss: 67.6537
2024-09-22 23:14:12,474: [iteration 12001] loss: 64.3771
2024-09-22 23:14:29,229: [iteration 13001] loss: 61.8073
2024-09-22 23:14:45,937: [iteration 14001] loss: 59.6802
2024-09-22 23:15:02,657: [iteration 15001] loss: 57.9382
2024-09-22 23:15:19,271: [iteration 16001] loss: 56.4642
2024-09-22 23:15:36,022: [iteration 17001] loss: 55.2174
2024-09-22 23:15:52,660: [iteration 18001] loss: 54.1928
2024-09-22 23:16:09,260: [iteration 19001] loss: 53.3173
2024-09-22 23:16:25,735: saved causal model in: models_save/cfpup.pt
2024-09-22 23:16:25,765: =========== evaluation for cfp_u predictor ================: {'F1-score': 0.519294902334445, 'Accuracy': 0.665783371977476}
2024-09-22 23:16:25,792: elbo_loss:29819334.0, custom_loss:22380.013671875
2024-09-22 23:16:25,802: [iteration 0001] loss: 1235.8353
2024-09-22 23:16:50,751: elbo_loss:13938735.0, custom_loss:41682.9453125
2024-09-22 23:17:15,735: elbo_loss:5031703.5, custom_loss:50748.76953125
2024-09-22 23:17:40,655: elbo_loss:2095329.125, custom_loss:39111.18359375
2024-09-22 23:18:05,619: elbo_loss:1278392.625, custom_loss:31618.5
2024-09-22 23:18:30,710: elbo_loss:915267.9375, custom_loss:28109.98046875
2024-09-22 23:18:55,732: elbo_loss:712436.625, custom_loss:25142.974609375
2024-09-22 23:19:20,659: elbo_loss:595041.875, custom_loss:22759.388671875
2024-09-22 23:19:45,559: elbo_loss:522819.6875, custom_loss:21587.345703125
2024-09-22 23:20:10,670: elbo_loss:476056.5, custom_loss:20331.4140625
2024-09-22 23:20:35,676: elbo_loss:446465.75, custom_loss:19661.353515625
2024-09-22 23:20:35,684: [iteration 10001] loss: 19.3037
2024-09-22 23:21:00,599: elbo_loss:426458.65625, custom_loss:18843.447265625
2024-09-22 23:21:25,089: elbo_loss:412543.21875, custom_loss:18089.439453125
2024-09-22 23:21:49,956: elbo_loss:403899.1875, custom_loss:18111.361328125
2024-09-22 23:22:14,757: elbo_loss:397648.28125, custom_loss:17882.33984375
2024-09-22 23:22:39,656: elbo_loss:393673.75, custom_loss:17087.322265625
2024-09-22 23:23:04,516: elbo_loss:391097.0, custom_loss:16864.322265625
2024-09-22 23:23:29,318: elbo_loss:389168.40625, custom_loss:16898.130859375
2024-09-22 23:23:54,264: elbo_loss:387942.21875, custom_loss:16506.83203125
2024-09-22 23:24:20,716: elbo_loss:387186.0, custom_loss:16261.607421875
2024-09-22 23:24:59,079: saved causal model in: models_save/cfpup.pt
2024-09-22 23:24:59,102: =========== evaluation for cfp_up predictor ================: {'F1-score': 0.5159447881960971, 'Accuracy': 0.6631334879099039}
2024-09-22 23:24:59,122: constant
2024-09-22 23:24:59,122: {'MMD': {'0_1': 0.0, '0_2': 0.0, '1_2': 0.0, 'Average': 0.0}, 'Wass': {'0_1': 0.6330676078796387, '0_2': 0.6330673098564148, '1_2': 0.6330673098564148, 'Average': 0.6330674091974894}}
2024-09-22 23:24:59,130: full
2024-09-22 23:24:59,130: {'MMD': {'0_1': 3057.072265625, '0_2': 1.2352060079574585, '1_2': 3181.2080078125, 'Average': 2079.8384931484857}, 'Wass': {'0_1': 29.018476486206055, '0_2': 11.004814147949219, '1_2': 32.309288024902344, 'Average': 24.110859553019207}}
2024-09-22 23:24:59,138: unaware
2024-09-22 23:24:59,138: {'MMD': {'0_1': 2739.38427734375, '0_2': 53.04776382446289, '1_2': 3554.844482421875, 'Average': 2115.758841196696}, 'Wass': {'0_1': 25.134410858154297, '0_2': 11.367884635925293, '1_2': 34.2845573425293, 'Average': 23.59561761220296}}
2024-09-22 23:24:59,145: cfpu
2024-09-22 23:24:59,145: {'MMD': {'0_1': 311.3264465332031, '0_2': 234.88394165039062, '1_2': 5.375542163848877, 'Average': 183.86197678248087}, 'Wass': {'0_1': 6.228665351867676, '0_2': 5.807301998138428, '1_2': 5.671657562255859, 'Average': 5.902541637420654}}
2024-09-22 23:24:59,153: cfpup
2024-09-22 23:24:59,153: {'MMD': {'0_1': 339.8038330078125, '0_2': 134.83343505859375, '1_2': 46.539546966552734, 'Average': 173.72560501098633}, 'Wass': {'0_1': 6.390158653259277, '0_2': 5.721868515014648, '1_2': 5.69380521774292, 'Average': 5.935277462005615}}
