2024-09-22 23:10:48,037: Namespace(cudanum=4, dataset='adult', synthetic=0, seed=50, training=1, pyromodel='models_save/cfpup.pt', pyroparam='models_save/cfpup_param.pt', lrcausalmodel=0.001, alpha=100000.0, num_iterations_causalmodel=20000, epochs_vae=10, decoder_type='together', lr=0.002)
2024-09-22 23:10:48,039: Namespace(cudanum=4, dataset='adult', synthetic=0, seed=50, training=1, pyromodel='models_save/cfpup.pt', pyroparam='models_save/cfpup_param.pt', lrcausalmodel=0.001, alpha=100000.0, num_iterations_causalmodel=20000, epochs_vae=10, decoder_type='together', lr=0.002)
2024-09-22 23:10:48,210: =========== evaluation for constant predictor ================: {'F1-score': 0.0, 'Accuracy': 0.7479297780722094}
2024-09-22 23:10:48,349: =========== evaluation for full predictor ================: {'F1-score': 0.631578947368421, 'Accuracy': 0.7658164955283207}
2024-09-22 23:10:48,491: =========== evaluation for unaware predictor ================: {'F1-score': 0.6308654848800834, 'Accuracy': 0.7654852600198742}
2024-09-22 23:10:51,209: [iteration 0001] loss: 1230.2366
2024-09-22 23:11:18,257: [iteration 1001] loss: 664.1250
2024-09-22 23:11:47,069: [iteration 2001] loss: 347.4303
2024-09-22 23:12:06,010: [iteration 3001] loss: 193.0704
2024-09-22 23:12:24,664: [iteration 4001] loss: 132.1601
2024-09-22 23:12:43,211: [iteration 5001] loss: 110.5378
2024-09-22 23:13:01,698: [iteration 6001] loss: 99.0102
2024-09-22 23:13:19,561: [iteration 7001] loss: 90.0419
2024-09-22 23:13:35,942: [iteration 8001] loss: 82.7015
2024-09-22 23:13:52,317: [iteration 9001] loss: 76.6208
2024-09-22 23:14:08,569: [iteration 10001] loss: 71.6938
2024-09-22 23:14:25,078: [iteration 11001] loss: 67.6263
2024-09-22 23:14:41,463: [iteration 12001] loss: 64.3714
2024-09-22 23:14:57,924: [iteration 13001] loss: 61.7784
2024-09-22 23:15:14,219: [iteration 14001] loss: 59.6589
2024-09-22 23:15:30,208: [iteration 15001] loss: 57.9294
2024-09-22 23:15:46,423: [iteration 16001] loss: 56.4512
2024-09-22 23:16:02,544: [iteration 17001] loss: 55.2183
2024-09-22 23:16:18,959: [iteration 18001] loss: 54.1779
2024-09-22 23:16:35,408: [iteration 19001] loss: 53.3192
2024-09-22 23:16:51,891: saved causal model in: models_save/cfpup.pt
2024-09-22 23:16:51,917: =========== evaluation for cfp_u predictor ================: {'F1-score': 0.5172074729596854, 'Accuracy': 0.6747267307055317}
2024-09-22 23:16:51,944: elbo_loss:29815190.0, custom_loss:22427.486328125
2024-09-22 23:16:51,954: [iteration 0001] loss: 1235.6656
2024-09-22 23:17:16,455: elbo_loss:13939070.0, custom_loss:42535.40625
2024-09-22 23:17:40,880: elbo_loss:5030930.0, custom_loss:50953.21484375
2024-09-22 23:18:05,326: elbo_loss:2093187.5, custom_loss:39249.59765625
2024-09-22 23:18:29,633: elbo_loss:1278371.125, custom_loss:31853.79296875
2024-09-22 23:18:53,987: elbo_loss:916547.6875, custom_loss:28430.474609375
2024-09-22 23:19:18,310: elbo_loss:711748.375, custom_loss:24949.4140625
2024-09-22 23:19:42,769: elbo_loss:595898.3125, custom_loss:22985.88671875
2024-09-22 23:20:06,999: elbo_loss:523288.90625, custom_loss:21483.580078125
2024-09-22 23:20:31,070: elbo_loss:476587.875, custom_loss:20278.892578125
2024-09-22 23:20:55,162: elbo_loss:445984.0, custom_loss:19495.287109375
2024-09-22 23:20:55,170: [iteration 10001] loss: 19.2769
2024-09-22 23:21:19,134: elbo_loss:426185.4375, custom_loss:19011.693359375
2024-09-22 23:21:43,071: elbo_loss:412763.625, custom_loss:18661.4375
2024-09-22 23:22:07,470: elbo_loss:403946.25, custom_loss:18100.80078125
2024-09-22 23:22:31,818: elbo_loss:397559.96875, custom_loss:17688.61328125
2024-09-22 23:22:56,043: elbo_loss:393406.25, custom_loss:17407.693359375
2024-09-22 23:23:20,325: elbo_loss:390846.09375, custom_loss:16886.65234375
2024-09-22 23:23:44,479: elbo_loss:389345.0, custom_loss:16740.810546875
2024-09-22 23:24:08,942: elbo_loss:387894.53125, custom_loss:16493.380859375
2024-09-22 23:24:42,209: elbo_loss:386912.5625, custom_loss:16367.2373046875
2024-09-22 23:25:20,364: saved causal model in: models_save/cfpup.pt
2024-09-22 23:25:20,387: =========== evaluation for cfp_up predictor ================: {'F1-score': 0.5149402390438247, 'Accuracy': 0.6773766147731036}
2024-09-22 23:25:20,405: constant
2024-09-22 23:25:20,405: {'MMD': {'0_1': 0.0, '0_2': 0.0, '1_2': 0.0, 'Average': 0.0}, 'Wass': {'0_1': 0.6330670118331909, '0_2': 0.6330671310424805, '1_2': 0.63306725025177, 'Average': 0.6330671310424805}}
2024-09-22 23:25:20,413: full
2024-09-22 23:25:20,413: {'MMD': {'0_1': 4340.544921875, '0_2': 50.874267578125, '1_2': 3451.58544921875, 'Average': 2614.3348795572915}, 'Wass': {'0_1': 40.65032196044922, '0_2': 10.698570251464844, '1_2': 36.297035217285156, 'Average': 29.215309143066406}}
2024-09-22 23:25:20,420: unaware
2024-09-22 23:25:20,421: {'MMD': {'0_1': 3888.5908203125, '0_2': 1.843010663986206, '1_2': 4059.74658203125, 'Average': 2650.0601376692453}, 'Wass': {'0_1': 38.00033950805664, '0_2': 11.054993629455566, '1_2': 39.1689567565918, 'Average': 29.408096631368}}
2024-09-22 23:25:20,428: cfpu
2024-09-22 23:25:20,428: {'MMD': {'0_1': 599.7843627929688, '0_2': 64.73094177246094, '1_2': 270.4361267089844, 'Average': 311.6504770914714}, 'Wass': {'0_1': 9.006092071533203, '0_2': 5.379504680633545, '1_2': 7.374401569366455, 'Average': 7.253332773844401}}
2024-09-22 23:25:20,435: cfpup
2024-09-22 23:25:20,435: {'MMD': {'0_1': 571.9174194335938, '0_2': 111.51814270019531, '1_2': 178.3448028564453, 'Average': 287.26012166341144}, 'Wass': {'0_1': 8.957708358764648, '0_2': 5.047079563140869, '1_2': 5.479434967041016, 'Average': 6.494740962982178}}
