2024-09-01 15:43:14,981: Namespace(cudanum=5, dataset='law', seed=51, training=1, pyromodel='models_save/cfpup.pt', pyroparam='models_save/cfpup_param.pt', lrcausalmodel=0.001, alpha=10000.0, num_iterations_causalmodel=12000, epochs_vae=10, decoder_type='together', lr=0.002)
2024-09-01 15:43:14,982: Namespace(cudanum=5, dataset='law', seed=51, training=1, pyromodel='models_save/cfpup.pt', pyroparam='models_save/cfpup_param.pt', lrcausalmodel=0.001, alpha=10000.0, num_iterations_causalmodel=12000, epochs_vae=10, decoder_type='together', lr=0.002)
2024-09-01 15:43:15,011: =========== evaluation for constant predictor ================: {'RMSE': 0.9175059961537937, 'MAE': 0.7380266048450319}
2024-09-01 15:43:15,015: =========== evaluation for full predictor ================: {'RMSE': 0.8640766126327115, 'MAE': 0.6971051284052866}
2024-09-01 15:43:15,016: =========== evaluation for unaware predictor ================: {'RMSE': 0.878023866374578, 'MAE': 0.7062602526592523}
2024-09-01 15:43:17,426: [iteration 0001] loss: 184.7848
2024-09-01 15:43:52,370: [iteration 1001] loss: 27.1976
2024-09-01 15:44:27,219: [iteration 2001] loss: 15.0593
2024-09-01 15:45:02,190: [iteration 3001] loss: 14.0212
2024-09-01 15:45:37,113: [iteration 4001] loss: 13.8366
2024-09-01 15:46:12,069: [iteration 5001] loss: 13.6925
2024-09-01 15:46:47,028: [iteration 6001] loss: 13.5196
2024-09-01 15:47:21,999: [iteration 7001] loss: 13.2860
2024-09-01 15:47:56,971: [iteration 8001] loss: 12.9307
2024-09-01 15:48:31,968: [iteration 9001] loss: 12.3157
2024-09-01 15:49:06,970: [iteration 10001] loss: 11.1249
2024-09-01 15:49:41,979: [iteration 11001] loss: 9.9176
2024-09-01 15:50:16,947: saved causal model in: models_save/cfpup.pt
2024-09-01 15:50:16,956: =========== evaluation for cfp_u predictor ================: {'RMSE': 0.893832484854211, 'MAE': 0.7171060470904047}
2024-09-01 15:50:17,033: elbo_loss:2340771.0, custom_loss:2217.775390625
2024-09-01 15:50:17,045: [iteration 0001] loss: 191.3112
2024-09-01 15:51:17,624: elbo_loss:226937.296875, custom_loss:2808.78955078125
2024-09-01 15:52:18,214: elbo_loss:190415.65625, custom_loss:2525.16943359375
2024-09-01 15:53:18,796: elbo_loss:170945.75, custom_loss:4260.51708984375
2024-09-01 15:54:19,366: elbo_loss:161137.78125, custom_loss:4860.5849609375
2024-09-01 15:55:19,953: elbo_loss:154770.375, custom_loss:5097.23388671875
2024-09-01 15:56:20,531: elbo_loss:146016.515625, custom_loss:5041.806640625
2024-09-01 15:57:21,119: elbo_loss:134614.390625, custom_loss:5047.48388671875
2024-09-01 15:58:21,704: elbo_loss:125408.2734375, custom_loss:5072.70263671875
2024-09-01 15:59:22,276: elbo_loss:120466.296875, custom_loss:5174.82275390625
2024-09-01 16:00:22,837: elbo_loss:118306.2578125, custom_loss:5124.10107421875
2024-09-01 16:00:22,848: [iteration 10001] loss: 10.0784
2024-09-01 16:01:23,420: elbo_loss:117252.6796875, custom_loss:5178.82421875
2024-09-01 16:02:23,962: saved causal model in: models_save/cfpup.pt
2024-09-01 16:02:23,968: =========== evaluation for cfp_up predictor ================: {'RMSE': 0.8936543360541244, 'MAE': 0.7157045619322584}
2024-09-01 16:02:24,327: saved VAE model in: models_save/vae.pt
2024-09-01 16:02:24,345: constant
2024-09-01 16:02:24,345: {'MMD': {'0_1': 0.0, '0_2': 0.0, '1_2': 0.0, 'Average': 0.0}, 'Wass': {'0_1': 0.6330661773681641, '0_2': 0.6330661773681641, '1_2': 0.6330661773681641, 'Average': 0.6330661773681641}}
2024-09-01 16:02:24,361: full
2024-09-01 16:02:24,361: {'MMD': {'0_1': 12804.775390625, '0_2': 51219.08984375, '1_2': 12804.7666015625, 'Average': 25609.5439453125}, 'Wass': {'0_1': 68.00019836425781, '0_2': 135.95797729492188, '1_2': 67.99996185302734, 'Average': 90.65271250406902}}
2024-09-01 16:02:24,375: unaware
2024-09-01 16:02:24,376: {'MMD': {'0_1': 9.868649794952944e-05, '0_2': 0.0003915943088941276, '1_2': 9.711383609101176e-05, 'Average': 0.00019579821431155628}, 'Wass': {'0_1': 0.6711516380310059, '0_2': 0.6711521148681641, '1_2': 0.6710715293884277, 'Average': 0.6711250940958658}}
2024-09-01 16:02:24,390: cfpu
2024-09-01 16:02:24,390: {'MMD': {'0_1': 2.751221472863108e-05, '0_2': 2.92048880510265e-05, '1_2': 2.526374309752555e-08, 'Average': 1.8914122174251702e-05}, 'Wass': {'0_1': 12.572402000427246, '0_2': 12.571525573730469, '1_2': 12.573015213012695, 'Average': 12.572314262390137}}
2024-09-01 16:02:24,405: cfpup
2024-09-01 16:02:24,405: {'MMD': {'0_1': 1.4551915228366852e-05, '0_2': 1.5164561773417518e-05, '1_2': 6.315935774381387e-09, 'Average': 9.907597645852917e-06}, 'Wass': {'0_1': 9.307066917419434, '0_2': 9.306436538696289, '1_2': 9.307417869567871, 'Average': 9.306973775227865}}
