2024-09-22 23:10:48,047: Namespace(cudanum=7, dataset='adult', synthetic=1, seed=53, training=1, pyromodel='models_save/cfpup.pt', pyroparam='models_save/cfpup_param.pt', lrcausalmodel=0.001, alpha=100000.0, num_iterations_causalmodel=20000, epochs_vae=10, decoder_type='together', lr=0.002)
2024-09-22 23:10:48,049: Namespace(cudanum=7, dataset='adult', synthetic=1, seed=53, training=1, pyromodel='models_save/cfpup.pt', pyroparam='models_save/cfpup_param.pt', lrcausalmodel=0.001, alpha=100000.0, num_iterations_causalmodel=20000, epochs_vae=10, decoder_type='together', lr=0.002)
2024-09-22 23:10:48,215: =========== evaluation for constant predictor ================: {'F1-score': 0.0, 'Accuracy': 0.7456111295130838}
2024-09-22 23:10:48,350: =========== evaluation for full predictor ================: {'F1-score': 0.6514759192128431, 'Accuracy': 0.7770785028155018}
2024-09-22 23:10:48,481: =========== evaluation for unaware predictor ================: {'F1-score': 0.6518134715025907, 'Accuracy': 0.7774097383239483}
2024-09-22 23:10:50,817: [iteration 0001] loss: 1230.2229
2024-09-22 23:11:07,299: [iteration 1001] loss: 664.1058
2024-09-22 23:11:23,742: [iteration 2001] loss: 347.4398
2024-09-22 23:11:40,704: [iteration 3001] loss: 192.9700
2024-09-22 23:11:56,822: [iteration 4001] loss: 132.1185
2024-09-22 23:12:12,627: [iteration 5001] loss: 110.5446
2024-09-22 23:12:28,485: [iteration 6001] loss: 99.0967
2024-09-22 23:12:44,439: [iteration 7001] loss: 90.0680
2024-09-22 23:13:00,583: [iteration 8001] loss: 82.6746
2024-09-22 23:13:16,585: [iteration 9001] loss: 76.6243
2024-09-22 23:13:32,605: [iteration 10001] loss: 71.6654
2024-09-22 23:13:48,657: [iteration 11001] loss: 67.6011
2024-09-22 23:14:04,706: [iteration 12001] loss: 64.3965
2024-09-22 23:14:20,445: [iteration 13001] loss: 61.7795
2024-09-22 23:14:36,584: [iteration 14001] loss: 59.6711
2024-09-22 23:14:52,683: [iteration 15001] loss: 57.9173
2024-09-22 23:15:08,758: [iteration 16001] loss: 56.4675
2024-09-22 23:15:24,818: [iteration 17001] loss: 55.2199
2024-09-22 23:15:40,923: [iteration 18001] loss: 54.1837
2024-09-22 23:15:56,943: [iteration 19001] loss: 53.3179
2024-09-22 23:16:12,936: saved causal model in: models_save/cfpup.pt
2024-09-22 23:16:12,968: =========== evaluation for cfp_u predictor ================: {'F1-score': 0.5191654536632703, 'Accuracy': 0.671745611129513}
2024-09-22 23:16:12,994: elbo_loss:29819460.0, custom_loss:22586.228515625
2024-09-22 23:16:13,004: [iteration 0001] loss: 1235.8490
2024-09-22 23:16:36,655: elbo_loss:13941837.0, custom_loss:41986.1875
2024-09-22 23:17:00,844: elbo_loss:5031593.0, custom_loss:50757.26953125
2024-09-22 23:17:24,847: elbo_loss:2095169.125, custom_loss:38680.6328125
2024-09-22 23:17:48,886: elbo_loss:1278643.875, custom_loss:31705.0390625
2024-09-22 23:18:12,868: elbo_loss:916165.625, custom_loss:28160.431640625
2024-09-22 23:18:37,009: elbo_loss:713139.5625, custom_loss:25132.20703125
2024-09-22 23:19:01,080: elbo_loss:595449.8125, custom_loss:22970.765625
2024-09-22 23:19:25,060: elbo_loss:522604.375, custom_loss:21463.021484375
2024-09-22 23:19:49,022: elbo_loss:476380.65625, custom_loss:20410.71484375
2024-09-22 23:20:13,168: elbo_loss:446039.5, custom_loss:19490.21875
2024-09-22 23:20:13,176: [iteration 10001] loss: 19.2790
2024-09-22 23:20:37,218: elbo_loss:426211.8125, custom_loss:18944.548828125
2024-09-22 23:21:01,188: elbo_loss:412806.9375, custom_loss:18460.228515625
2024-09-22 23:21:24,756: elbo_loss:403431.6875, custom_loss:18245.3515625
2024-09-22 23:21:48,768: elbo_loss:397586.5, custom_loss:17602.6171875
2024-09-22 23:22:12,590: elbo_loss:393649.84375, custom_loss:17221.09765625
2024-09-22 23:22:36,500: elbo_loss:390734.15625, custom_loss:17199.052734375
2024-09-22 23:23:00,413: elbo_loss:389009.125, custom_loss:16587.666015625
2024-09-22 23:23:24,179: elbo_loss:387852.15625, custom_loss:16271.2275390625
2024-09-22 23:23:48,152: elbo_loss:387278.125, custom_loss:16376.0576171875
2024-09-22 23:24:12,086: saved causal model in: models_save/cfpup.pt
2024-09-22 23:24:12,107: =========== evaluation for cfp_up predictor ================: {'F1-score': 0.5261083743842364, 'Accuracy': 0.6813514408744618}
2024-09-22 23:24:12,117: Epoch: 0001, loss_train: 950.6703, loss_test: nan, time: 0.0083s
2024-09-22 23:24:12,154: saved VAE model in: models_save/vae.pt
2024-09-22 23:24:12,164: constant
2024-09-22 23:24:12,164: {'MMD': {'0_1': 0.0, '0_2': 0.0, '1_2': 0.0, 'Average': 0.0}, 'Wass': {'0_1': 0.6330673694610596, '0_2': 0.6330673694610596, '1_2': 0.6330673694610596, 'Average': 0.6330673694610596}}
2024-09-22 23:24:12,171: full
2024-09-22 23:24:12,171: {'MMD': {'0_1': 0.5506259202957153, '0_2': 1.650486946105957, '1_2': 0.29449182748794556, 'Average': 0.8318682312965393}, 'Wass': {'0_1': 0.8989758491516113, '0_2': 1.0955774784088135, '1_2': 0.8143388032913208, 'Average': 0.9362973769505819}}
2024-09-22 23:24:12,178: unaware
2024-09-22 23:24:12,178: {'MMD': {'0_1': 0.5365813970565796, '0_2': 1.5932508707046509, '1_2': 0.280606746673584, 'Average': 0.8034796714782715}, 'Wass': {'0_1': 0.9093914031982422, '0_2': 1.1023184061050415, '1_2': 0.8262842893600464, 'Average': 0.9459980328877767}}
2024-09-22 23:24:12,185: cfpu
2024-09-22 23:24:12,185: {'MMD': {'0_1': 0.4172327220439911, '0_2': 4.493886947631836, '1_2': 2.1725094318389893, 'Average': 2.3612097005049386}, 'Wass': {'0_1': 5.180998802185059, '0_2': 5.202895641326904, '1_2': 5.182933807373047, 'Average': 5.188942750295003}}
2024-09-22 23:24:12,192: cfpup
2024-09-22 23:24:12,192: {'MMD': {'0_1': 0.0872204527258873, '0_2': 1.1127992868423462, '1_2': 0.576934278011322, 'Average': 0.5923180058598518}, 'Wass': {'0_1': 4.960411548614502, '0_2': 4.979728698730469, '1_2': 4.981006622314453, 'Average': 4.973715623219808}}
