2024-09-22 23:24:15,598: Namespace(cudanum=0, dataset='law', synthetic=0, seed=50, training=1, pyromodel='models_save/cfpup.pt', pyroparam='models_save/cfpup_param.pt', lrcausalmodel=0.001, alpha=0.0, num_iterations_causalmodel=20000, epochs_vae=10, decoder_type='together', lr=0.002)
2024-09-22 23:24:15,599: Namespace(cudanum=0, dataset='law', synthetic=0, seed=50, training=1, pyromodel='models_save/cfpup.pt', pyroparam='models_save/cfpup_param.pt', lrcausalmodel=0.001, alpha=0.0, num_iterations_causalmodel=20000, epochs_vae=10, decoder_type='together', lr=0.002)
2024-09-22 23:24:15,632: =========== evaluation for constant predictor ================: {'RMSE': 0.9218197901142571, 'MAE': 0.7359503518763207}
2024-09-22 23:24:15,635: =========== evaluation for full predictor ================: {'RMSE': 0.8688112374892244, 'MAE': 0.7003106479543398}
2024-09-22 23:24:15,637: =========== evaluation for unaware predictor ================: {'RMSE': 0.8813496379949248, 'MAE': 0.708820682441671}
2024-09-22 23:24:17,463: [iteration 0001] loss: 138.5821
2024-09-22 23:24:29,006: [iteration 1001] loss: 20.4735
2024-09-22 23:24:40,974: [iteration 2001] loss: 11.2897
2024-09-22 23:24:53,055: [iteration 3001] loss: 10.5234
2024-09-22 23:25:04,235: [iteration 4001] loss: 10.3778
2024-09-22 23:25:16,668: [iteration 5001] loss: 10.2690
2024-09-22 23:25:28,224: [iteration 6001] loss: 10.1395
2024-09-22 23:25:37,199: [iteration 7001] loss: 9.9673
2024-09-22 23:25:45,283: [iteration 8001] loss: 9.6988
2024-09-22 23:25:52,603: [iteration 9001] loss: 9.2359
2024-09-22 23:25:59,914: [iteration 10001] loss: 8.3417
2024-09-22 23:26:07,235: [iteration 11001] loss: 7.4356
2024-09-22 23:26:14,718: [iteration 12001] loss: 7.0831
2024-09-22 23:26:22,198: [iteration 13001] loss: 6.9111
2024-09-22 23:26:29,674: [iteration 14001] loss: 6.8162
2024-09-22 23:26:37,002: [iteration 15001] loss: 6.7642
2024-09-22 23:26:44,304: [iteration 16001] loss: 6.7362
2024-09-22 23:26:51,607: [iteration 17001] loss: 6.7166
2024-09-22 23:26:58,912: [iteration 18001] loss: 6.7067
2024-09-22 23:27:06,254: [iteration 19001] loss: 6.7013
2024-09-22 23:27:13,584: saved causal model in: models_save/cfpup.pt
2024-09-22 23:27:13,589: =========== evaluation for cfp_u predictor ================: {'RMSE': 0.9065620331664285, 'MAE': 0.724984163986291}
2024-09-22 23:27:13,604: elbo_loss:2341002.0, custom_loss:0.0
2024-09-22 23:27:13,610: [iteration 0001] loss: 143.3647
2024-09-22 23:27:26,318: elbo_loss:228415.109375, custom_loss:0.0
2024-09-22 23:27:39,023: elbo_loss:189283.0, custom_loss:0.0
2024-09-22 23:27:52,055: elbo_loss:162975.046875, custom_loss:0.0
2024-09-22 23:28:05,373: elbo_loss:151543.84375, custom_loss:0.0
2024-09-22 23:28:18,746: elbo_loss:140629.0, custom_loss:0.0
2024-09-22 23:28:31,583: elbo_loss:132508.859375, custom_loss:0.0
2024-09-22 23:28:44,308: elbo_loss:126181.6328125, custom_loss:0.0
2024-09-22 23:28:57,048: elbo_loss:121360.6328125, custom_loss:0.0
2024-09-22 23:29:10,195: elbo_loss:118373.59375, custom_loss:0.0
2024-09-22 23:29:22,943: elbo_loss:116909.90625, custom_loss:0.0
2024-09-22 23:29:22,948: [iteration 10001] loss: 7.1596
2024-09-22 23:29:35,893: elbo_loss:115947.171875, custom_loss:0.0
2024-09-22 23:29:55,262: elbo_loss:115345.7421875, custom_loss:0.0
2024-09-22 23:30:15,079: elbo_loss:114836.1875, custom_loss:0.0
2024-09-22 23:30:34,855: elbo_loss:114557.3359375, custom_loss:0.0
2024-09-22 23:30:54,706: elbo_loss:114312.6171875, custom_loss:0.0
2024-09-22 23:31:14,555: elbo_loss:114162.71875, custom_loss:0.0
2024-09-22 23:31:34,427: elbo_loss:114047.4453125, custom_loss:0.0
2024-09-22 23:31:54,333: elbo_loss:113973.265625, custom_loss:0.0
2024-09-22 23:32:14,210: elbo_loss:113892.265625, custom_loss:0.0
2024-09-22 23:32:34,060: saved causal model in: models_save/cfpup.pt
2024-09-22 23:32:34,065: =========== evaluation for cfp_up predictor ================: {'RMSE': 0.887663423374698, 'MAE': 0.7116587891495338}
2024-09-22 23:32:34,079: constant
2024-09-22 23:32:34,079: {'MMD': {'0_1': 6.167906029669323e-12, '0_2': 2.4671624118677293e-11, '1_2': 6.167906029669323e-12, 'Average': 1.2335812059338647e-11}, 'Wass': {'0_1': 0.6330671310424805, '0_2': 0.6330666542053223, '1_2': 0.6330677270889282, 'Average': 0.6330671707789103}}
2024-09-22 23:32:34,086: full
2024-09-22 23:32:34,086: {'MMD': {'0_1': 53657.1015625, '0_2': 59593.203125, '1_2': 155.67950439453125, 'Average': 37801.99473063151}, 'Wass': {'0_1': 140.08480834960938, '0_2': 147.27630615234375, '1_2': 11.067366600036621, 'Average': 99.47616036732991}}
2024-09-22 23:32:34,093: unaware
2024-09-22 23:32:34,093: {'MMD': {'0_1': 18768.1640625, '0_2': 560.9465942382812, '1_2': 12839.755859375, 'Average': 10722.955505371094}, 'Wass': {'0_1': 84.13741302490234, '0_2': 17.20222282409668, '1_2': 69.85633087158203, 'Average': 57.06532224019369}}
2024-09-22 23:32:34,100: cfpu
2024-09-22 23:32:34,100: {'MMD': {'0_1': 708.9691162109375, '0_2': 170.48858642578125, '1_2': 1574.7882080078125, 'Average': 818.0819702148438}, 'Wass': {'0_1': 17.427078247070312, '0_2': 7.599748611450195, '1_2': 24.897172927856445, 'Average': 16.641333262125652}}
2024-09-22 23:32:34,107: cfpup
2024-09-22 23:32:34,107: {'MMD': {'0_1': 33594.37890625, '0_2': 102528.265625, '1_2': 18745.072265625, 'Average': 51622.572265625}, 'Wass': {'0_1': 110.33668518066406, '0_2': 193.34243774414062, '1_2': 82.56376647949219, 'Average': 128.74762980143228}}
