2024-09-22 22:56:50,428: Namespace(cudanum=5, dataset='adult', synthetic=0, seed=51, training=1, pyromodel='models_save/cfpup.pt', pyroparam='models_save/cfpup_param.pt', lrcausalmodel=0.001, alpha=10000.0, num_iterations_causalmodel=20000, epochs_vae=10, decoder_type='together', lr=0.002)
2024-09-22 22:56:50,429: Namespace(cudanum=5, dataset='adult', synthetic=0, seed=51, training=1, pyromodel='models_save/cfpup.pt', pyroparam='models_save/cfpup_param.pt', lrcausalmodel=0.001, alpha=10000.0, num_iterations_causalmodel=20000, epochs_vae=10, decoder_type='together', lr=0.002)
2024-09-22 22:56:50,601: =========== evaluation for constant predictor ================: {'F1-score': 0.0, 'Accuracy': 0.7376614773103677}
2024-09-22 22:56:50,737: =========== evaluation for full predictor ================: {'F1-score': 0.6623181133968891, 'Accuracy': 0.7770785028155018}
2024-09-22 22:56:50,863: =========== evaluation for unaware predictor ================: {'F1-score': 0.6613306653326664, 'Accuracy': 0.7757535607817158}
2024-09-22 22:56:53,678: [iteration 0001] loss: 1230.2578
2024-09-22 22:57:10,633: [iteration 1001] loss: 664.1523
2024-09-22 22:57:27,186: [iteration 2001] loss: 347.5288
2024-09-22 22:57:45,087: [iteration 3001] loss: 193.0364
2024-09-22 22:58:02,115: [iteration 4001] loss: 132.2401
2024-09-22 22:58:19,380: [iteration 5001] loss: 110.6284
2024-09-22 22:58:36,349: [iteration 6001] loss: 99.0518
2024-09-22 22:58:52,932: [iteration 7001] loss: 90.0489
2024-09-22 22:59:09,704: [iteration 8001] loss: 82.6789
2024-09-22 22:59:26,359: [iteration 9001] loss: 76.6515
2024-09-22 22:59:43,034: [iteration 10001] loss: 71.6581
2024-09-22 22:59:59,690: [iteration 11001] loss: 67.6537
2024-09-22 23:00:16,744: [iteration 12001] loss: 64.3771
2024-09-22 23:00:34,144: [iteration 13001] loss: 61.8073
2024-09-22 23:00:51,593: [iteration 14001] loss: 59.6802
2024-09-22 23:01:08,070: [iteration 15001] loss: 57.9382
2024-09-22 23:01:25,913: [iteration 16001] loss: 56.4642
2024-09-22 23:01:44,227: [iteration 17001] loss: 55.2174
2024-09-22 23:02:00,025: [iteration 18001] loss: 54.1928
2024-09-22 23:02:16,126: [iteration 19001] loss: 53.3173
2024-09-22 23:02:32,092: saved causal model in: models_save/cfpup.pt
2024-09-22 23:02:32,124: =========== evaluation for cfp_u predictor ================: {'F1-score': 0.519294902334445, 'Accuracy': 0.665783371977476}
2024-09-22 23:02:32,151: elbo_loss:29819334.0, custom_loss:2238.00146484375
2024-09-22 23:02:32,160: [iteration 0001] loss: 1235.0011
2024-09-22 23:02:55,871: elbo_loss:13930912.0, custom_loss:6761.34423828125
2024-09-22 23:03:19,697: elbo_loss:5023408.0, custom_loss:10643.0234375
2024-09-22 23:03:43,760: elbo_loss:2079883.75, custom_loss:13335.626953125
2024-09-22 23:04:07,560: elbo_loss:1255863.375, custom_loss:15512.4345703125
2024-09-22 23:04:31,217: elbo_loss:882034.375, custom_loss:17532.0625
2024-09-22 23:04:55,087: elbo_loss:673683.9375, custom_loss:18615.677734375
2024-09-22 23:05:19,100: elbo_loss:554466.625, custom_loss:18624.486328125
2024-09-22 23:05:43,092: elbo_loss:482000.75, custom_loss:18314.462890625
2024-09-22 23:06:06,979: elbo_loss:435600.0625, custom_loss:17661.470703125
2024-09-22 23:06:30,705: elbo_loss:406735.65625, custom_loss:17129.88671875
2024-09-22 23:06:30,713: [iteration 10001] loss: 17.5535
2024-09-22 23:06:54,506: elbo_loss:387831.0, custom_loss:16506.947265625
2024-09-22 23:07:18,349: elbo_loss:375439.125, custom_loss:15739.7529296875
2024-09-22 23:07:42,432: elbo_loss:368078.625, custom_loss:15463.625
2024-09-22 23:08:08,263: elbo_loss:363220.90625, custom_loss:15119.3447265625
2024-09-22 23:08:32,494: elbo_loss:360585.0625, custom_loss:14436.0029296875
2024-09-22 23:08:56,301: elbo_loss:359116.21875, custom_loss:14074.18359375
2024-09-22 23:09:20,023: elbo_loss:358298.9375, custom_loss:13851.263671875
2024-09-22 23:09:43,738: elbo_loss:357864.34375, custom_loss:13511.3955078125
2024-09-22 23:10:07,484: elbo_loss:357850.21875, custom_loss:13281.1650390625
2024-09-22 23:10:31,191: saved causal model in: models_save/cfpup.pt
2024-09-22 23:10:31,214: =========== evaluation for cfp_up predictor ================: {'F1-score': 0.520952380952381, 'Accuracy': 0.6667770785028155}
2024-09-22 23:10:31,227: constant
2024-09-22 23:10:31,227: {'MMD': {'0_1': 0.0, '0_2': 0.0, '1_2': 0.0, 'Average': 0.0}, 'Wass': {'0_1': 0.6330676078796387, '0_2': 0.6330673098564148, '1_2': 0.6330673098564148, 'Average': 0.6330674091974894}}
2024-09-22 23:10:31,232: full
2024-09-22 23:10:31,232: {'MMD': {'0_1': 3057.072265625, '0_2': 1.2352060079574585, '1_2': 3181.2080078125, 'Average': 2079.8384931484857}, 'Wass': {'0_1': 29.018476486206055, '0_2': 11.004814147949219, '1_2': 32.309288024902344, 'Average': 24.110859553019207}}
2024-09-22 23:10:31,237: unaware
2024-09-22 23:10:31,237: {'MMD': {'0_1': 2739.38427734375, '0_2': 53.04776382446289, '1_2': 3554.844482421875, 'Average': 2115.758841196696}, 'Wass': {'0_1': 25.134410858154297, '0_2': 11.367884635925293, '1_2': 34.2845573425293, 'Average': 23.59561761220296}}
2024-09-22 23:10:31,242: cfpu
2024-09-22 23:10:31,242: {'MMD': {'0_1': 311.3264465332031, '0_2': 234.88394165039062, '1_2': 5.375542163848877, 'Average': 183.86197678248087}, 'Wass': {'0_1': 6.228665351867676, '0_2': 5.807301998138428, '1_2': 5.671657562255859, 'Average': 5.902541637420654}}
2024-09-22 23:10:31,247: cfpup
2024-09-22 23:10:31,247: {'MMD': {'0_1': 341.0667724609375, '0_2': 152.29348754882812, '1_2': 37.543418884277344, 'Average': 176.967892964681}, 'Wass': {'0_1': 6.395105838775635, '0_2': 5.8041582107543945, '1_2': 5.732467174530029, 'Average': 5.977243741353353}}
