2024-09-22 22:56:50,563: Namespace(cudanum=2, dataset='adult', synthetic=0, seed=52, training=1, pyromodel='models_save/cfpup.pt', pyroparam='models_save/cfpup_param.pt', lrcausalmodel=0.001, alpha=0.0, num_iterations_causalmodel=20000, epochs_vae=10, decoder_type='together', lr=0.002)
2024-09-22 22:56:50,564: Namespace(cudanum=2, dataset='adult', synthetic=0, seed=52, training=1, pyromodel='models_save/cfpup.pt', pyroparam='models_save/cfpup_param.pt', lrcausalmodel=0.001, alpha=0.0, num_iterations_causalmodel=20000, epochs_vae=10, decoder_type='together', lr=0.002)
2024-09-22 22:56:50,716: =========== evaluation for constant predictor ================: {'F1-score': 0.0, 'Accuracy': 0.7565419012918185}
2024-09-22 22:56:50,840: =========== evaluation for full predictor ================: {'F1-score': 0.6428571428571429, 'Accuracy': 0.7780722093408413}
2024-09-22 22:56:50,967: =========== evaluation for unaware predictor ================: {'F1-score': 0.6400862068965517, 'Accuracy': 0.7787346803577343}
2024-09-22 22:56:53,722: [iteration 0001] loss: 1229.9450
2024-09-22 22:57:11,940: [iteration 1001] loss: 663.9560
2024-09-22 22:57:29,679: [iteration 2001] loss: 347.3659
2024-09-22 22:57:46,433: [iteration 3001] loss: 192.8833
2024-09-22 22:58:03,253: [iteration 4001] loss: 132.1103
2024-09-22 22:58:20,066: [iteration 5001] loss: 110.5497
2024-09-22 22:58:36,889: [iteration 6001] loss: 99.0271
2024-09-22 22:58:53,801: [iteration 7001] loss: 90.0199
2024-09-22 22:59:10,765: [iteration 8001] loss: 82.7056
2024-09-22 22:59:27,710: [iteration 9001] loss: 76.6383
2024-09-22 22:59:44,634: [iteration 10001] loss: 71.6633
2024-09-22 23:00:01,505: [iteration 11001] loss: 67.6522
2024-09-22 23:00:18,684: [iteration 12001] loss: 64.3692
2024-09-22 23:00:36,038: [iteration 13001] loss: 61.7938
2024-09-22 23:00:53,754: [iteration 14001] loss: 59.6847
2024-09-22 23:01:11,081: [iteration 15001] loss: 57.9494
2024-09-22 23:01:27,809: [iteration 16001] loss: 56.4735
2024-09-22 23:01:44,494: [iteration 17001] loss: 55.2332
2024-09-22 23:02:01,194: [iteration 18001] loss: 54.2016
2024-09-22 23:02:17,884: [iteration 19001] loss: 53.3202
2024-09-22 23:02:34,623: saved causal model in: models_save/cfpup.pt
2024-09-22 23:02:34,653: =========== evaluation for cfp_u predictor ================: {'F1-score': 0.4932330827067669, 'Accuracy': 0.665120900960583}
2024-09-22 23:02:34,680: elbo_loss:29819638.0, custom_loss:0.0
2024-09-22 23:02:34,690: [iteration 0001] loss: 1234.9210
2024-09-22 23:02:59,808: elbo_loss:13935172.0, custom_loss:0.0
2024-09-22 23:03:25,745: elbo_loss:5020864.5, custom_loss:0.0
2024-09-22 23:03:50,868: elbo_loss:2073735.25, custom_loss:0.0
2024-09-22 23:04:15,965: elbo_loss:1249862.75, custom_loss:0.0
2024-09-22 23:04:41,073: elbo_loss:874992.625, custom_loss:0.0
2024-09-22 23:05:06,155: elbo_loss:664293.8125, custom_loss:0.0
2024-09-22 23:05:31,212: elbo_loss:544831.1875, custom_loss:0.0
2024-09-22 23:05:56,306: elbo_loss:472606.03125, custom_loss:0.0
2024-09-22 23:06:21,387: elbo_loss:427386.8125, custom_loss:0.0
2024-09-22 23:06:46,550: elbo_loss:398033.9375, custom_loss:0.0
2024-09-22 23:06:46,560: [iteration 10001] loss: 16.4838
2024-09-22 23:07:12,631: elbo_loss:379463.96875, custom_loss:0.0
2024-09-22 23:07:38,808: elbo_loss:367499.25, custom_loss:0.0
2024-09-22 23:08:05,061: elbo_loss:360006.0625, custom_loss:0.0
2024-09-22 23:08:31,266: elbo_loss:354944.3125, custom_loss:0.0
2024-09-22 23:08:57,157: elbo_loss:352118.5, custom_loss:0.0
2024-09-22 23:09:22,504: elbo_loss:350432.34375, custom_loss:0.0
2024-09-22 23:09:47,769: elbo_loss:349657.3125, custom_loss:0.0
2024-09-22 23:10:13,042: elbo_loss:349027.625, custom_loss:0.0
2024-09-22 23:10:38,340: elbo_loss:348578.78125, custom_loss:0.0
2024-09-22 23:11:11,451: saved causal model in: models_save/cfpup.pt
2024-09-22 23:11:11,473: =========== evaluation for cfp_up predictor ================: {'F1-score': 0.5040322580645161, 'Accuracy': 0.6740642596886386}
2024-09-22 23:11:11,490: constant
2024-09-22 23:11:11,490: {'MMD': {'0_1': 0.0, '0_2': 0.0, '1_2': 0.0, 'Average': 0.0}, 'Wass': {'0_1': 0.6330670714378357, '0_2': 0.6330670118331909, '1_2': 0.6330674290657043, 'Average': 0.6330671707789103}}
2024-09-22 23:11:11,496: full
2024-09-22 23:11:11,497: {'MMD': {'0_1': 3334.577392578125, '0_2': 388.73419189453125, '1_2': 6000.3837890625, 'Average': 3241.2317911783853}, 'Wass': {'0_1': 32.8209114074707, '0_2': 10.205000877380371, '1_2': 47.671817779541016, 'Average': 30.232576688130695}}
2024-09-22 23:11:11,504: unaware
2024-09-22 23:11:11,504: {'MMD': {'0_1': 3054.67431640625, '0_2': 640.6253051757812, '1_2': 6493.08642578125, 'Average': 3396.1286824544272}, 'Wass': {'0_1': 30.381572723388672, '0_2': 10.623675346374512, '1_2': 49.479190826416016, 'Average': 30.161479632059734}}
2024-09-22 23:11:11,512: cfpu
2024-09-22 23:11:11,512: {'MMD': {'0_1': 116.16207122802734, '0_2': 94.0198745727539, '1_2': 419.1943359375, 'Average': 209.7920939127604}, 'Wass': {'0_1': 5.250571250915527, '0_2': 5.403459548950195, '1_2': 8.0377779006958, 'Average': 6.230602900187175}}
2024-09-22 23:11:11,519: cfpup
2024-09-22 23:11:11,519: {'MMD': {'0_1': 294.0119323730469, '0_2': 2.989309310913086, '1_2': 237.70899963378906, 'Average': 178.23674710591635}, 'Wass': {'0_1': 6.239637851715088, '0_2': 4.906109809875488, '1_2': 6.709843158721924, 'Average': 5.951863606770833}}
