2024-09-01 15:43:15,041: Namespace(cudanum=7, dataset='law', seed=53, training=1, pyromodel='models_save/cfpup.pt', pyroparam='models_save/cfpup_param.pt', lrcausalmodel=0.001, alpha=10000.0, num_iterations_causalmodel=12000, epochs_vae=10, decoder_type='together', lr=0.002)
2024-09-01 15:43:15,042: Namespace(cudanum=7, dataset='law', seed=53, training=1, pyromodel='models_save/cfpup.pt', pyroparam='models_save/cfpup_param.pt', lrcausalmodel=0.001, alpha=10000.0, num_iterations_causalmodel=12000, epochs_vae=10, decoder_type='together', lr=0.002)
2024-09-01 15:43:15,073: =========== evaluation for constant predictor ================: {'RMSE': 0.9275566681560324, 'MAE': 0.749091289002164}
2024-09-01 15:43:15,076: =========== evaluation for full predictor ================: {'RMSE': 0.8821476571410778, 'MAE': 0.7138086088983635}
2024-09-01 15:43:15,078: =========== evaluation for unaware predictor ================: {'RMSE': 0.8894583862957466, 'MAE': 0.7182368939245409}
2024-09-01 15:43:17,855: [iteration 0001] loss: 184.7767
2024-09-01 15:43:53,454: [iteration 1001] loss: 27.3465
2024-09-01 15:44:29,309: [iteration 2001] loss: 15.0409
2024-09-01 15:45:05,021: [iteration 3001] loss: 14.0225
2024-09-01 15:45:40,943: [iteration 4001] loss: 13.8330
2024-09-01 15:46:16,888: [iteration 5001] loss: 13.6927
2024-09-01 15:46:52,222: [iteration 6001] loss: 13.5227
2024-09-01 15:47:27,206: [iteration 7001] loss: 13.2829
2024-09-01 15:48:02,180: [iteration 8001] loss: 12.9333
2024-09-01 15:48:37,194: [iteration 9001] loss: 12.3104
2024-09-01 15:49:12,209: [iteration 10001] loss: 11.1209
2024-09-01 15:49:47,230: [iteration 11001] loss: 9.9118
2024-09-01 15:50:22,215: saved causal model in: models_save/cfpup.pt
2024-09-01 15:50:22,225: =========== evaluation for cfp_u predictor ================: {'RMSE': 0.907491492753338, 'MAE': 0.7337660259659308}
2024-09-01 15:50:22,312: elbo_loss:2340536.25, custom_loss:2259.756103515625
2024-09-01 15:50:22,326: [iteration 0001] loss: 191.2955
2024-09-01 15:51:22,919: elbo_loss:227754.484375, custom_loss:2783.666015625
2024-09-01 15:52:23,508: elbo_loss:190984.65625, custom_loss:2572.227783203125
2024-09-01 15:53:24,088: elbo_loss:171887.90625, custom_loss:4361.451171875
2024-09-01 15:54:24,663: elbo_loss:161624.75, custom_loss:4893.80615234375
2024-09-01 15:55:25,245: elbo_loss:154713.28125, custom_loss:5003.9267578125
2024-09-01 15:56:25,828: elbo_loss:145916.1875, custom_loss:5081.7294921875
2024-09-01 15:57:26,419: elbo_loss:134169.21875, custom_loss:5126.755859375
2024-09-01 15:58:26,994: elbo_loss:124946.53125, custom_loss:5065.0322265625
2024-09-01 15:59:27,567: elbo_loss:119997.6796875, custom_loss:5180.705078125
2024-09-01 16:00:28,138: elbo_loss:118011.6484375, custom_loss:5144.73779296875
2024-09-01 16:00:28,150: [iteration 10001] loss: 10.0560
2024-09-01 16:01:28,717: elbo_loss:117054.171875, custom_loss:5014.29541015625
2024-09-01 16:02:25,512: saved causal model in: models_save/cfpup.pt
2024-09-01 16:02:25,517: =========== evaluation for cfp_up predictor ================: {'RMSE': 0.9080402833341846, 'MAE': 0.7333471245835611}
2024-09-01 16:02:26,232: saved VAE model in: models_save/vae.pt
2024-09-01 16:02:26,253: constant
2024-09-01 16:02:26,253: {'MMD': {'0_1': 0.0, '0_2': 0.0, '1_2': 0.0, 'Average': 0.0}, 'Wass': {'0_1': 0.6330661773681641, '0_2': 0.6330661773681641, '1_2': 0.6330661773681641, 'Average': 0.6330661773681641}}
2024-09-01 16:02:26,269: full
2024-09-01 16:02:26,269: {'MMD': {'0_1': 13904.228515625, '0_2': 56020.9375, '1_2': 14106.607421875, 'Average': 28010.591145833332}, 'Wass': {'0_1': 71.13634490966797, '0_2': 142.36846923828125, '1_2': 71.53038787841797, 'Average': 95.01173400878906}}
2024-09-01 16:02:26,284: unaware
2024-09-01 16:02:26,284: {'MMD': {'0_1': 2.6979544162750244, '0_2': 5.351706027984619, '1_2': 0.4500134587287903, 'Average': 2.833224634329478}, 'Wass': {'0_1': 1.4233388900756836, '0_2': 1.7725516557693481, '1_2': 0.9463372826576233, 'Average': 1.380742609500885}}
2024-09-01 16:02:26,299: cfpu
2024-09-01 16:02:26,300: {'MMD': {'0_1': 37.83095932006836, '0_2': 5.1076884269714355, '1_2': 15.137300491333008, 'Average': 19.358649412790935}, 'Wass': {'0_1': 10.607513427734375, '0_2': 10.24664306640625, '1_2': 10.014507293701172, 'Average': 10.289554595947266}}
2024-09-01 16:02:26,315: cfpup
2024-09-01 16:02:26,315: {'MMD': {'0_1': 17.92840576171875, '0_2': 2.420577049255371, '1_2': 7.173690319061279, 'Average': 9.174224376678467}, 'Wass': {'0_1': 7.369742393493652, '0_2': 7.1219162940979, '1_2': 6.962651252746582, 'Average': 7.151436646779378}}
