2024-09-01 18:17:21,765: Namespace(cudanum=6, dataset='law', seed=52, training=1, pyromodel='models_save/cfpup.pt', pyroparam='models_save/cfpup_param.pt', lrcausalmodel=0.001, alpha=1000000.0, num_iterations_causalmodel=70000, epochs_vae=10, decoder_type='together', lr=0.002)
2024-09-01 18:17:21,765: Namespace(cudanum=6, dataset='law', seed=52, training=1, pyromodel='models_save/cfpup.pt', pyroparam='models_save/cfpup_param.pt', lrcausalmodel=0.001, alpha=1000000.0, num_iterations_causalmodel=70000, epochs_vae=10, decoder_type='together', lr=0.002)
2024-09-01 18:17:21,795: =========== evaluation for constant predictor ================: {'RMSE': 0.9242293614606009, 'MAE': 0.7420654844650884}
2024-09-01 18:17:21,799: =========== evaluation for full predictor ================: {'RMSE': 0.8732027023472552, 'MAE': 0.7005569256798195}
2024-09-01 18:17:21,801: =========== evaluation for unaware predictor ================: {'RMSE': 0.88326241873674, 'MAE': 0.7083086274068068}
2024-09-01 18:17:24,626: [iteration 0001] loss: 184.7659
2024-09-01 18:17:59,422: [iteration 1001] loss: 27.3136
2024-09-01 18:18:34,191: [iteration 2001] loss: 15.0483
2024-09-01 18:19:08,949: [iteration 3001] loss: 14.0222
2024-09-01 18:19:43,797: [iteration 4001] loss: 13.8366
2024-09-01 18:20:18,675: [iteration 5001] loss: 13.6933
2024-09-01 18:20:53,634: [iteration 6001] loss: 13.5201
2024-09-01 18:21:28,645: [iteration 7001] loss: 13.2874
2024-09-01 18:22:03,673: [iteration 8001] loss: 12.9324
2024-09-01 18:22:38,658: [iteration 9001] loss: 12.3133
2024-09-01 18:23:13,620: [iteration 10001] loss: 11.1181
2024-09-01 18:23:48,625: [iteration 11001] loss: 9.9141
2024-09-01 18:24:23,612: [iteration 12001] loss: 9.4445
2024-09-01 18:24:58,594: [iteration 13001] loss: 9.2150
2024-09-01 18:25:33,555: [iteration 14001] loss: 9.0892
2024-09-01 18:26:08,517: [iteration 15001] loss: 9.0204
2024-09-01 18:26:43,490: [iteration 16001] loss: 8.9801
2024-09-01 18:27:18,438: [iteration 17001] loss: 8.9562
2024-09-01 18:27:53,432: [iteration 18001] loss: 8.9419
2024-09-01 18:28:28,387: [iteration 19001] loss: 8.9339
2024-09-01 18:29:03,354: [iteration 20001] loss: 8.9299
2024-09-01 18:29:38,343: [iteration 21001] loss: 8.9275
2024-09-01 18:30:13,329: [iteration 22001] loss: 8.9269
2024-09-01 18:30:48,309: [iteration 23001] loss: 8.9241
2024-09-01 18:31:23,290: [iteration 24001] loss: 8.9232
2024-09-01 18:31:58,271: [iteration 25001] loss: 8.9229
2024-09-01 18:32:33,242: [iteration 26001] loss: 8.9230
2024-09-01 18:33:08,237: [iteration 27001] loss: 8.9225
2024-09-01 18:33:43,231: [iteration 28001] loss: 8.9221
2024-09-01 18:34:18,258: [iteration 29001] loss: 8.9219
2024-09-01 18:34:53,310: [iteration 30001] loss: 8.9220
2024-09-01 18:35:28,324: [iteration 31001] loss: 8.9223
2024-09-01 18:36:03,349: [iteration 32001] loss: 8.9225
2024-09-01 18:36:38,339: [iteration 33001] loss: 8.9239
2024-09-01 18:37:13,311: [iteration 34001] loss: 8.9234
2024-09-01 18:37:48,287: [iteration 35001] loss: 8.9227
2024-09-01 18:38:23,275: [iteration 36001] loss: 8.9228
2024-09-01 18:38:58,266: [iteration 37001] loss: 8.9229
2024-09-01 18:39:33,233: [iteration 38001] loss: 8.9227
2024-09-01 18:40:08,167: [iteration 39001] loss: 8.9226
2024-09-01 18:40:43,093: [iteration 40001] loss: 8.9227
2024-09-01 18:41:18,023: [iteration 41001] loss: 8.9225
2024-09-01 18:41:52,952: [iteration 42001] loss: 8.9221
2024-09-01 18:42:27,940: [iteration 43001] loss: 8.9218
2024-09-01 18:43:02,915: [iteration 44001] loss: 8.9221
2024-09-01 18:43:37,894: [iteration 45001] loss: 8.9225
2024-09-01 18:44:12,864: [iteration 46001] loss: 8.9237
2024-09-01 18:44:47,840: [iteration 47001] loss: 8.9224
2024-09-01 18:45:22,813: [iteration 48001] loss: 8.9220
2024-09-01 18:45:57,798: [iteration 49001] loss: 8.9229
2024-09-01 18:46:32,759: [iteration 50001] loss: 8.9230
2024-09-01 18:47:07,704: [iteration 51001] loss: 8.9230
2024-09-01 18:47:42,673: [iteration 52001] loss: 8.9219
2024-09-01 18:48:17,660: [iteration 53001] loss: 8.9225
2024-09-01 18:48:52,664: [iteration 54001] loss: 8.9235
2024-09-01 18:49:27,655: [iteration 55001] loss: 8.9221
2024-09-01 18:50:02,669: [iteration 56001] loss: 8.9225
2024-09-01 18:50:37,681: [iteration 57001] loss: 8.9232
2024-09-01 18:51:12,669: [iteration 58001] loss: 8.9218
2024-09-01 18:51:47,679: [iteration 59001] loss: 8.9229
2024-09-01 18:52:22,702: [iteration 60001] loss: 8.9223
2024-09-01 18:52:57,706: [iteration 61001] loss: 8.9221
2024-09-01 18:53:32,704: [iteration 62001] loss: 8.9237
2024-09-01 18:54:07,715: [iteration 63001] loss: 8.9221
2024-09-01 18:54:42,733: [iteration 64001] loss: 8.9224
2024-09-01 18:55:17,752: [iteration 65001] loss: 8.9230
2024-09-01 18:55:52,740: [iteration 66001] loss: 8.9226
2024-09-01 18:56:27,733: [iteration 67001] loss: 8.9220
2024-09-01 18:57:02,739: [iteration 68001] loss: 8.9226
2024-09-01 18:57:37,749: [iteration 69001] loss: 8.9223
2024-09-01 18:58:12,718: saved causal model in: models_save/cfpup.pt
2024-09-01 18:58:12,727: =========== evaluation for cfp_u predictor ================: {'RMSE': 0.9133857250630945, 'MAE': 0.7311511917271774}
2024-09-01 18:58:12,803: elbo_loss:2340775.5, custom_loss:223061.765625
2024-09-01 18:58:12,816: [iteration 0001] loss: 209.3441
2024-09-01 18:59:13,610: elbo_loss:280626.78125, custom_loss:31450.88671875
2024-09-01 19:00:14,420: elbo_loss:232356.765625, custom_loss:16083.6181640625
2024-09-01 19:01:15,237: elbo_loss:218144.234375, custom_loss:14334.1357421875
2024-09-01 19:02:16,060: elbo_loss:209246.1875, custom_loss:13231.044921875
2024-09-01 19:03:16,877: elbo_loss:200847.1875, custom_loss:12134.884765625
2024-09-01 19:04:17,683: elbo_loss:195054.953125, custom_loss:11466.6953125
2024-09-01 19:05:18,525: elbo_loss:186858.59375, custom_loss:10949.01953125
2024-09-01 19:06:19,337: elbo_loss:172673.484375, custom_loss:10779.7744140625
2024-09-01 19:07:20,167: elbo_loss:161186.3125, custom_loss:10717.8955078125
2024-09-01 19:08:20,969: elbo_loss:156275.59375, custom_loss:10854.8671875
2024-09-01 19:08:20,980: [iteration 10001] loss: 13.6466
2024-09-01 19:09:21,800: elbo_loss:154008.671875, custom_loss:10509.84765625
2024-09-01 19:10:22,636: elbo_loss:152541.609375, custom_loss:10840.8671875
2024-09-01 19:11:23,496: elbo_loss:151898.84375, custom_loss:10538.1259765625
2024-09-01 19:12:24,341: elbo_loss:151635.65625, custom_loss:10767.48828125
2024-09-01 19:13:25,203: elbo_loss:151270.84375, custom_loss:10641.1904296875
2024-09-01 19:14:26,041: elbo_loss:151175.34375, custom_loss:10561.4794921875
2024-09-01 19:15:26,859: elbo_loss:151054.046875, custom_loss:10513.3544921875
2024-09-01 19:16:27,667: elbo_loss:151204.140625, custom_loss:10631.8740234375
2024-09-01 19:17:28,476: elbo_loss:151251.671875, custom_loss:10452.65625
2024-09-01 19:18:29,304: elbo_loss:151307.890625, custom_loss:10710.025390625
2024-09-01 19:18:29,316: [iteration 20001] loss: 13.2292
2024-09-01 19:19:30,129: elbo_loss:151307.453125, custom_loss:10576.5087890625
2024-09-01 19:20:30,951: elbo_loss:151311.203125, custom_loss:10599.5439453125
2024-09-01 19:21:31,760: elbo_loss:151292.6875, custom_loss:10514.4365234375
2024-09-01 19:22:32,569: elbo_loss:151260.46875, custom_loss:10549.294921875
2024-09-01 19:23:33,406: elbo_loss:151235.09375, custom_loss:10566.357421875
2024-09-01 19:24:34,230: elbo_loss:151143.3125, custom_loss:10585.7470703125
2024-09-01 19:25:35,093: elbo_loss:151197.796875, custom_loss:10542.1650390625
2024-09-01 19:26:35,944: elbo_loss:151301.203125, custom_loss:10599.384765625
2024-09-01 19:27:36,779: elbo_loss:151247.671875, custom_loss:10473.1806640625
2024-09-01 19:28:37,596: elbo_loss:151088.890625, custom_loss:10510.94921875
2024-09-01 19:28:37,608: [iteration 30001] loss: 13.1951
2024-09-01 19:29:38,431: elbo_loss:151128.609375, custom_loss:10465.298828125
2024-09-01 19:30:39,265: elbo_loss:151313.75, custom_loss:10418.5859375
2024-09-01 19:31:40,087: elbo_loss:151245.25, custom_loss:10549.951171875
2024-09-01 19:32:40,923: elbo_loss:151210.8125, custom_loss:10484.537109375
2024-09-01 19:33:41,778: elbo_loss:151325.875, custom_loss:10421.49609375
2024-09-01 19:34:42,650: elbo_loss:151286.71875, custom_loss:10307.25
2024-09-01 19:35:43,505: elbo_loss:151069.03125, custom_loss:10687.19140625
2024-09-01 19:36:44,371: elbo_loss:151201.53125, custom_loss:10613.0302734375
2024-09-01 19:37:45,212: elbo_loss:151100.046875, custom_loss:10342.310546875
2024-09-01 19:38:46,051: elbo_loss:151202.671875, custom_loss:10299.0908203125
2024-09-01 19:38:46,063: [iteration 40001] loss: 13.1870
2024-09-01 19:39:46,904: elbo_loss:151316.21875, custom_loss:10267.328125
2024-09-01 19:40:47,744: elbo_loss:151091.203125, custom_loss:10517.634765625
2024-09-01 19:41:48,584: elbo_loss:151124.609375, custom_loss:10468.0126953125
2024-09-01 19:42:49,458: elbo_loss:151188.84375, custom_loss:10557.6650390625
2024-09-01 19:43:50,321: elbo_loss:151210.234375, custom_loss:10471.892578125
2024-09-01 19:44:51,172: elbo_loss:151149.140625, custom_loss:10634.2119140625
2024-09-01 19:45:52,012: elbo_loss:151092.890625, custom_loss:10604.767578125
2024-09-01 19:46:52,894: elbo_loss:151129.765625, custom_loss:10621.0673828125
2024-09-01 19:47:53,720: elbo_loss:151095.4375, custom_loss:10535.353515625
2024-09-01 19:48:54,554: elbo_loss:151193.3125, custom_loss:10659.236328125
2024-09-01 19:48:54,566: [iteration 50001] loss: 13.2157
2024-09-01 19:49:55,392: elbo_loss:150941.296875, custom_loss:10454.99609375
2024-09-01 19:50:56,222: elbo_loss:151295.796875, custom_loss:10645.6064453125
2024-09-01 19:51:57,046: elbo_loss:151112.984375, custom_loss:10560.5595703125
2024-09-01 19:52:57,871: elbo_loss:150922.625, custom_loss:10549.7373046875
2024-09-01 19:53:58,698: elbo_loss:150895.21875, custom_loss:10514.7529296875
2024-09-01 19:54:59,568: elbo_loss:151097.703125, custom_loss:10498.998046875
2024-09-01 19:56:00,411: elbo_loss:150906.984375, custom_loss:10661.783203125
2024-09-01 19:57:01,222: elbo_loss:150983.546875, custom_loss:10657.462890625
2024-09-01 19:58:02,066: elbo_loss:151128.625, custom_loss:10466.8671875
2024-09-01 19:59:02,908: elbo_loss:151123.53125, custom_loss:10640.017578125
2024-09-01 19:59:02,920: [iteration 60001] loss: 13.2084
2024-09-01 20:00:03,744: elbo_loss:150916.40625, custom_loss:10553.9306640625
2024-09-01 20:01:04,609: elbo_loss:151035.640625, custom_loss:10485.111328125
2024-09-01 20:02:05,466: elbo_loss:151024.046875, custom_loss:10521.275390625
2024-09-01 20:03:06,342: elbo_loss:150885.078125, custom_loss:10569.408203125
2024-09-01 20:04:07,313: elbo_loss:150939.828125, custom_loss:10508.439453125
2024-09-01 20:05:08,369: elbo_loss:151113.203125, custom_loss:10440.875
2024-09-01 20:06:09,362: elbo_loss:150896.90625, custom_loss:10443.7177734375
2024-09-01 20:07:10,399: elbo_loss:150976.90625, custom_loss:10432.638671875
2024-09-01 20:08:11,411: elbo_loss:150957.78125, custom_loss:10599.9970703125
2024-09-01 20:09:11,205: saved causal model in: models_save/cfpup.pt
2024-09-01 20:09:11,210: =========== evaluation for cfp_up predictor ================: {'RMSE': 0.9076234254247526, 'MAE': 0.7280345370452428}
2024-09-01 20:09:11,570: saved VAE model in: models_save/vae.pt
2024-09-01 20:09:11,588: constant
2024-09-01 20:09:11,588: {'MMD': {'0_1': 0.0, '0_2': 0.0, '1_2': 0.0, 'Average': 0.0}, 'Wass': {'0_1': 0.6330661773681641, '0_2': 0.6330661773681641, '1_2': 0.6330661773681641, 'Average': 0.6330661773681641}}
2024-09-01 20:09:11,603: full
2024-09-01 20:09:11,603: {'MMD': {'0_1': 3986.056884765625, '0_2': 15933.853515625, '1_2': 3980.870849609375, 'Average': 7966.927083333333}, 'Wass': {'0_1': 38.61001205444336, '0_2': 76.13218688964844, '1_2': 38.56501007080078, 'Average': 51.102403004964195}}
2024-09-01 20:09:11,618: unaware
2024-09-01 20:09:11,618: {'MMD': {'0_1': 3419.267333984375, '0_2': 13687.6865234375, '1_2': 3424.57666015625, 'Average': 6843.843505859375}, 'Wass': {'0_1': 35.962589263916016, '0_2': 70.93865966796875, '1_2': 36.070865631103516, 'Average': 47.657371520996094}}
2024-09-01 20:09:11,633: cfpu
2024-09-01 20:09:11,633: {'MMD': {'0_1': 0.0005022684345021844, '0_2': 0.0005202373140491545, '1_2': 0.0020448537543416023, 'Average': 0.0010224531676309805}, 'Wass': {'0_1': 4.964670181274414, '0_2': 4.9873762130737305, '1_2': 4.966320991516113, 'Average': 4.972789128621419}}
2024-09-01 20:09:11,648: cfpup
2024-09-01 20:09:11,648: {'MMD': {'0_1': 0.0007670846534892917, '0_2': 0.000789253565017134, '1_2': 0.0031125182285904884, 'Average': 0.001556285482365638}, 'Wass': {'0_1': 6.058457851409912, '0_2': 6.086948394775391, '1_2': 6.0606513023376465, 'Average': 6.068685849507649}}
