2024-09-01 18:17:21,697: Namespace(cudanum=7, dataset='law', seed=53, training=1, pyromodel='models_save/cfpup.pt', pyroparam='models_save/cfpup_param.pt', lrcausalmodel=0.001, alpha=1000000.0, num_iterations_causalmodel=70000, epochs_vae=10, decoder_type='together', lr=0.002)
2024-09-01 18:17:21,698: Namespace(cudanum=7, dataset='law', seed=53, training=1, pyromodel='models_save/cfpup.pt', pyroparam='models_save/cfpup_param.pt', lrcausalmodel=0.001, alpha=1000000.0, num_iterations_causalmodel=70000, epochs_vae=10, decoder_type='together', lr=0.002)
2024-09-01 18:17:21,725: =========== evaluation for constant predictor ================: {'RMSE': 0.9275566681560324, 'MAE': 0.749091289002164}
2024-09-01 18:17:21,728: =========== evaluation for full predictor ================: {'RMSE': 0.8821476571410778, 'MAE': 0.7138086088983635}
2024-09-01 18:17:21,730: =========== evaluation for unaware predictor ================: {'RMSE': 0.8894583862957466, 'MAE': 0.7182368939245409}
2024-09-01 18:17:23,902: [iteration 0001] loss: 184.7767
2024-09-01 18:17:59,054: [iteration 1001] loss: 27.3465
2024-09-01 18:18:34,585: [iteration 2001] loss: 15.0409
2024-09-01 18:19:10,307: [iteration 3001] loss: 14.0225
2024-09-01 18:19:45,221: [iteration 4001] loss: 13.8330
2024-09-01 18:20:20,079: [iteration 5001] loss: 13.6927
2024-09-01 18:20:55,045: [iteration 6001] loss: 13.5227
2024-09-01 18:21:30,021: [iteration 7001] loss: 13.2829
2024-09-01 18:22:05,039: [iteration 8001] loss: 12.9333
2024-09-01 18:22:40,022: [iteration 9001] loss: 12.3104
2024-09-01 18:23:14,984: [iteration 10001] loss: 11.1209
2024-09-01 18:23:50,010: [iteration 11001] loss: 9.9118
2024-09-01 18:24:24,976: [iteration 12001] loss: 9.4489
2024-09-01 18:24:59,976: [iteration 13001] loss: 9.2131
2024-09-01 18:25:34,941: [iteration 14001] loss: 9.0910
2024-09-01 18:26:09,909: [iteration 15001] loss: 9.0178
2024-09-01 18:26:44,873: [iteration 16001] loss: 8.9804
2024-09-01 18:27:19,821: [iteration 17001] loss: 8.9568
2024-09-01 18:27:54,812: [iteration 18001] loss: 8.9420
2024-09-01 18:28:29,755: [iteration 19001] loss: 8.9339
2024-09-01 18:29:04,724: [iteration 20001] loss: 8.9286
2024-09-01 18:29:39,717: [iteration 21001] loss: 8.9269
2024-09-01 18:30:14,705: [iteration 22001] loss: 8.9246
2024-09-01 18:30:49,676: [iteration 23001] loss: 8.9249
2024-09-01 18:31:24,666: [iteration 24001] loss: 8.9241
2024-09-01 18:31:59,635: [iteration 25001] loss: 8.9241
2024-09-01 18:32:34,618: [iteration 26001] loss: 8.9228
2024-09-01 18:33:09,609: [iteration 27001] loss: 8.9233
2024-09-01 18:33:44,600: [iteration 28001] loss: 8.9231
2024-09-01 18:34:19,646: [iteration 29001] loss: 8.9231
2024-09-01 18:34:54,688: [iteration 30001] loss: 8.9223
2024-09-01 18:35:29,698: [iteration 31001] loss: 8.9229
2024-09-01 18:36:04,722: [iteration 32001] loss: 8.9233
2024-09-01 18:36:39,689: [iteration 33001] loss: 8.9227
2024-09-01 18:37:14,707: [iteration 34001] loss: 8.9228
2024-09-01 18:37:49,694: [iteration 35001] loss: 8.9226
2024-09-01 18:38:24,675: [iteration 36001] loss: 8.9228
2024-09-01 18:38:59,754: [iteration 37001] loss: 8.9226
2024-09-01 18:39:35,118: [iteration 38001] loss: 8.9222
2024-09-01 18:40:10,534: [iteration 39001] loss: 8.9221
2024-09-01 18:40:45,985: [iteration 40001] loss: 8.9229
2024-09-01 18:41:21,446: [iteration 41001] loss: 8.9226
2024-09-01 18:41:56,980: [iteration 42001] loss: 8.9225
2024-09-01 18:42:32,554: [iteration 43001] loss: 8.9228
2024-09-01 18:43:08,114: [iteration 44001] loss: 8.9226
2024-09-01 18:43:43,643: [iteration 45001] loss: 8.9219
2024-09-01 18:44:19,206: [iteration 46001] loss: 8.9226
2024-09-01 18:44:54,771: [iteration 47001] loss: 8.9228
2024-09-01 18:45:30,278: [iteration 48001] loss: 8.9224
2024-09-01 18:46:05,788: [iteration 49001] loss: 8.9228
2024-09-01 18:46:41,313: [iteration 50001] loss: 8.9224
2024-09-01 18:47:16,903: [iteration 51001] loss: 8.9225
2024-09-01 18:47:52,467: [iteration 52001] loss: 8.9232
2024-09-01 18:48:27,995: [iteration 53001] loss: 8.9223
2024-09-01 18:49:03,579: [iteration 54001] loss: 8.9224
2024-09-01 18:49:39,095: [iteration 55001] loss: 8.9228
2024-09-01 18:50:14,583: [iteration 56001] loss: 8.9221
2024-09-01 18:50:50,089: [iteration 57001] loss: 8.9214
2024-09-01 18:51:25,621: [iteration 58001] loss: 8.9223
2024-09-01 18:52:01,182: [iteration 59001] loss: 8.9222
2024-09-01 18:52:36,692: [iteration 60001] loss: 8.9227
2024-09-01 18:53:12,175: [iteration 61001] loss: 8.9219
2024-09-01 18:53:47,673: [iteration 62001] loss: 8.9227
2024-09-01 18:54:23,222: [iteration 63001] loss: 8.9227
2024-09-01 18:54:58,795: [iteration 64001] loss: 8.9223
2024-09-01 18:55:34,327: [iteration 65001] loss: 8.9221
2024-09-01 18:56:09,813: [iteration 66001] loss: 8.9221
2024-09-01 18:56:45,328: [iteration 67001] loss: 8.9231
2024-09-01 18:57:20,886: [iteration 68001] loss: 8.9207
2024-09-01 18:57:56,491: [iteration 69001] loss: 8.9221
2024-09-01 18:58:31,926: saved causal model in: models_save/cfpup.pt
2024-09-01 18:58:31,931: =========== evaluation for cfp_u predictor ================: {'RMSE': 0.9141801695895886, 'MAE': 0.738398195365291}
2024-09-01 18:58:32,008: elbo_loss:2340522.75, custom_loss:222290.359375
2024-09-01 18:58:32,022: [iteration 0001] loss: 209.2605
2024-09-01 18:59:33,188: elbo_loss:281007.0625, custom_loss:30985.24609375
2024-09-01 19:00:34,349: elbo_loss:232139.171875, custom_loss:16003.0908203125
2024-09-01 19:01:35,489: elbo_loss:218752.53125, custom_loss:14497.6796875
2024-09-01 19:02:36,633: elbo_loss:210003.421875, custom_loss:13312.2802734375
2024-09-01 19:03:37,751: elbo_loss:200935.15625, custom_loss:12187.8544921875
2024-09-01 19:04:38,877: elbo_loss:195253.78125, custom_loss:11549.6669921875
2024-09-01 19:05:40,014: elbo_loss:186334.0625, custom_loss:11149.2412109375
2024-09-01 19:06:41,152: elbo_loss:172122.546875, custom_loss:11127.208984375
2024-09-01 19:07:42,293: elbo_loss:161130.671875, custom_loss:10707.283203125
2024-09-01 19:08:43,415: elbo_loss:156065.03125, custom_loss:10505.9853515625
2024-09-01 19:08:43,427: [iteration 10001] loss: 13.6010
2024-09-01 19:09:44,597: elbo_loss:153826.328125, custom_loss:10941.6650390625
2024-09-01 19:10:45,682: elbo_loss:152688.46875, custom_loss:10616.708984375
2024-09-01 19:11:46,550: elbo_loss:151944.953125, custom_loss:10503.423828125
2024-09-01 19:12:47,400: elbo_loss:151675.46875, custom_loss:10605.4560546875
2024-09-01 19:13:48,261: elbo_loss:151433.109375, custom_loss:10480.1103515625
2024-09-01 19:14:49,079: elbo_loss:151282.8125, custom_loss:10599.470703125
2024-09-01 19:15:49,901: elbo_loss:151209.4375, custom_loss:10475.7978515625
2024-09-01 19:16:50,712: elbo_loss:151434.859375, custom_loss:10605.5302734375
2024-09-01 19:17:51,542: elbo_loss:151093.34375, custom_loss:10703.9736328125
2024-09-01 19:18:52,372: elbo_loss:151264.578125, custom_loss:10488.88671875
2024-09-01 19:18:52,384: [iteration 20001] loss: 13.2076
2024-09-01 19:19:53,232: elbo_loss:151320.59375, custom_loss:10755.732421875
2024-09-01 19:20:54,079: elbo_loss:151158.140625, custom_loss:10538.4130859375
2024-09-01 19:21:54,914: elbo_loss:151317.75, custom_loss:10457.99609375
2024-09-01 19:22:55,738: elbo_loss:151233.890625, custom_loss:10536.4755859375
2024-09-01 19:23:56,585: elbo_loss:151113.34375, custom_loss:10664.7158203125
2024-09-01 19:24:57,416: elbo_loss:150986.21875, custom_loss:10568.1953125
2024-09-01 19:25:58,277: elbo_loss:151196.265625, custom_loss:10349.2177734375
2024-09-01 19:26:59,139: elbo_loss:151270.109375, custom_loss:10515.7451171875
2024-09-01 19:27:59,994: elbo_loss:151309.640625, custom_loss:10726.009765625
2024-09-01 19:29:00,821: elbo_loss:151295.671875, custom_loss:10599.580078125
2024-09-01 19:29:00,833: [iteration 30001] loss: 13.2192
2024-09-01 19:30:01,658: elbo_loss:151140.25, custom_loss:10472.4013671875
2024-09-01 19:31:02,506: elbo_loss:151334.921875, custom_loss:10486.923828125
2024-09-01 19:32:03,346: elbo_loss:151040.78125, custom_loss:10752.2421875
2024-09-01 19:33:04,187: elbo_loss:151347.15625, custom_loss:10590.2958984375
2024-09-01 19:34:05,053: elbo_loss:151186.484375, custom_loss:10828.4482421875
2024-09-01 19:35:05,916: elbo_loss:151188.09375, custom_loss:10462.7958984375
2024-09-01 19:36:06,768: elbo_loss:151141.21875, custom_loss:10387.97265625
2024-09-01 19:37:07,632: elbo_loss:151058.203125, custom_loss:10427.4462890625
2024-09-01 19:38:08,503: elbo_loss:151201.421875, custom_loss:10443.58203125
2024-09-01 19:39:09,352: elbo_loss:151043.15625, custom_loss:10498.490234375
2024-09-01 19:39:09,363: [iteration 40001] loss: 13.1903
2024-09-01 19:40:10,209: elbo_loss:151083.359375, custom_loss:10547.6025390625
2024-09-01 19:41:11,074: elbo_loss:151156.65625, custom_loss:10607.07421875
2024-09-01 19:42:11,918: elbo_loss:151157.09375, custom_loss:10435.7783203125
2024-09-01 19:43:12,798: elbo_loss:151138.75, custom_loss:10606.4208984375
2024-09-01 19:44:13,688: elbo_loss:151091.09375, custom_loss:10606.6298828125
2024-09-01 19:45:14,556: elbo_loss:151175.140625, custom_loss:10340.830078125
2024-09-01 19:46:15,425: elbo_loss:151089.875, custom_loss:10691.72265625
2024-09-01 19:47:16,287: elbo_loss:151201.015625, custom_loss:10341.974609375
2024-09-01 19:48:17,132: elbo_loss:151087.15625, custom_loss:10658.5478515625
2024-09-01 19:49:17,996: elbo_loss:151076.609375, custom_loss:10647.9169921875
2024-09-01 19:49:18,008: [iteration 50001] loss: 13.2052
2024-09-01 19:50:18,856: elbo_loss:151214.3125, custom_loss:10519.2060546875
2024-09-01 19:51:19,689: elbo_loss:150986.296875, custom_loss:10651.232421875
2024-09-01 19:52:20,524: elbo_loss:151255.6875, custom_loss:10659.923828125
2024-09-01 19:53:21,354: elbo_loss:151087.359375, custom_loss:10545.3681640625
2024-09-01 19:54:22,218: elbo_loss:151195.34375, custom_loss:10503.1845703125
2024-09-01 19:55:23,086: elbo_loss:150997.65625, custom_loss:10511.1962890625
2024-09-01 19:56:23,920: elbo_loss:151091.46875, custom_loss:10563.2060546875
2024-09-01 19:57:24,753: elbo_loss:151084.546875, custom_loss:10750.6669921875
2024-09-01 19:58:25,607: elbo_loss:151223.203125, custom_loss:10534.1337890625
2024-09-01 19:59:26,464: elbo_loss:151044.03125, custom_loss:10661.4345703125
2024-09-01 19:59:26,476: [iteration 60001] loss: 13.2037
2024-09-01 20:00:27,296: elbo_loss:150944.046875, custom_loss:10702.4541015625
2024-09-01 20:01:28,167: elbo_loss:151001.375, custom_loss:10397.0576171875
2024-09-01 20:02:29,068: elbo_loss:151030.734375, custom_loss:10516.9833984375
2024-09-01 20:03:29,945: elbo_loss:150932.75, custom_loss:10479.775390625
2024-09-01 20:04:30,986: elbo_loss:150948.53125, custom_loss:10666.7685546875
2024-09-01 20:05:32,041: elbo_loss:151156.9375, custom_loss:10353.0234375
2024-09-01 20:06:33,082: elbo_loss:150852.859375, custom_loss:10484.13671875
2024-09-01 20:07:34,127: elbo_loss:151125.234375, custom_loss:10409.611328125
2024-09-01 20:08:35,156: elbo_loss:151073.53125, custom_loss:10740.091796875
2024-09-01 20:09:20,573: saved causal model in: models_save/cfpup.pt
2024-09-01 20:09:20,577: =========== evaluation for cfp_up predictor ================: {'RMSE': 0.9110594581598397, 'MAE': 0.73550342971423}
2024-09-01 20:09:20,929: saved VAE model in: models_save/vae.pt
2024-09-01 20:09:20,947: constant
2024-09-01 20:09:20,947: {'MMD': {'0_1': 0.0, '0_2': 0.0, '1_2': 0.0, 'Average': 0.0}, 'Wass': {'0_1': 0.6330661773681641, '0_2': 0.6330661773681641, '1_2': 0.6330661773681641, 'Average': 0.6330661773681641}}
2024-09-01 20:09:20,962: full
2024-09-01 20:09:20,962: {'MMD': {'0_1': 13904.15234375, '0_2': 56020.640625, '1_2': 14106.53125, 'Average': 28010.44140625}, 'Wass': {'0_1': 71.13619995117188, '0_2': 142.36819458007812, '1_2': 71.5302963256836, 'Average': 95.01156361897786}}
2024-09-01 20:09:20,977: unaware
2024-09-01 20:09:20,977: {'MMD': {'0_1': 2.6989989280700684, '0_2': 5.353912353515625, '1_2': 0.450226753950119, 'Average': 2.834379345178604}, 'Wass': {'0_1': 1.423526644706726, '0_2': 1.7728888988494873, '1_2': 0.946497917175293, 'Average': 1.3809711535771687}}
2024-09-01 20:09:20,992: cfpu
2024-09-01 20:09:20,992: {'MMD': {'0_1': 11.369438171386719, '0_2': 1.535027027130127, '1_2': 4.549252033233643, 'Average': 5.817905743916829}, 'Wass': {'0_1': 5.9207868576049805, '0_2': 5.723875045776367, '1_2': 5.597450256347656, 'Average': 5.747370719909668}}
2024-09-01 20:09:21,006: cfpup
2024-09-01 20:09:21,006: {'MMD': {'0_1': 16.929832458496094, '0_2': 2.2857584953308105, '1_2': 6.774125576019287, 'Average': 8.663238843282064}, 'Wass': {'0_1': 7.1683349609375, '0_2': 6.927581310272217, '1_2': 6.772866725921631, 'Average': 6.956260999043782}}
