2024-09-01 18:17:21,760: Namespace(cudanum=5, dataset='law', seed=51, training=1, pyromodel='models_save/cfpup.pt', pyroparam='models_save/cfpup_param.pt', lrcausalmodel=0.001, alpha=1000000.0, num_iterations_causalmodel=70000, epochs_vae=10, decoder_type='together', lr=0.002)
2024-09-01 18:17:21,761: Namespace(cudanum=5, dataset='law', seed=51, training=1, pyromodel='models_save/cfpup.pt', pyroparam='models_save/cfpup_param.pt', lrcausalmodel=0.001, alpha=1000000.0, num_iterations_causalmodel=70000, epochs_vae=10, decoder_type='together', lr=0.002)
2024-09-01 18:17:21,788: =========== evaluation for constant predictor ================: {'RMSE': 0.9175059961537937, 'MAE': 0.7380266048450319}
2024-09-01 18:17:21,791: =========== evaluation for full predictor ================: {'RMSE': 0.8640766126327115, 'MAE': 0.6971051284052866}
2024-09-01 18:17:21,793: =========== evaluation for unaware predictor ================: {'RMSE': 0.878023866374578, 'MAE': 0.7062602526592523}
2024-09-01 18:17:24,577: [iteration 0001] loss: 184.7848
2024-09-01 18:17:59,569: [iteration 1001] loss: 27.1976
2024-09-01 18:18:34,342: [iteration 2001] loss: 15.0593
2024-09-01 18:19:09,096: [iteration 3001] loss: 14.0212
2024-09-01 18:19:43,864: [iteration 4001] loss: 13.8366
2024-09-01 18:20:18,605: [iteration 5001] loss: 13.6925
2024-09-01 18:20:53,483: [iteration 6001] loss: 13.5196
2024-09-01 18:21:28,385: [iteration 7001] loss: 13.2860
2024-09-01 18:22:03,288: [iteration 8001] loss: 12.9307
2024-09-01 18:22:38,198: [iteration 9001] loss: 12.3157
2024-09-01 18:23:13,134: [iteration 10001] loss: 11.1249
2024-09-01 18:23:48,057: [iteration 11001] loss: 9.9176
2024-09-01 18:24:22,983: [iteration 12001] loss: 9.4467
2024-09-01 18:24:57,898: [iteration 13001] loss: 9.2188
2024-09-01 18:25:32,820: [iteration 14001] loss: 9.0919
2024-09-01 18:26:07,747: [iteration 15001] loss: 9.0205
2024-09-01 18:26:42,656: [iteration 16001] loss: 8.9782
2024-09-01 18:27:17,565: [iteration 17001] loss: 8.9567
2024-09-01 18:27:52,475: [iteration 18001] loss: 8.9421
2024-09-01 18:28:27,377: [iteration 19001] loss: 8.9341
2024-09-01 18:29:02,273: [iteration 20001] loss: 8.9287
2024-09-01 18:29:37,192: [iteration 21001] loss: 8.9269
2024-09-01 18:30:12,113: [iteration 22001] loss: 8.9249
2024-09-01 18:30:47,040: [iteration 23001] loss: 8.9255
2024-09-01 18:31:21,953: [iteration 24001] loss: 8.9242
2024-09-01 18:31:56,868: [iteration 25001] loss: 8.9235
2024-09-01 18:32:31,785: [iteration 26001] loss: 8.9230
2024-09-01 18:33:06,697: [iteration 27001] loss: 8.9224
2024-09-01 18:33:41,600: [iteration 28001] loss: 8.9225
2024-09-01 18:34:16,536: [iteration 29001] loss: 8.9226
2024-09-01 18:34:51,476: [iteration 30001] loss: 8.9224
2024-09-01 18:35:26,417: [iteration 31001] loss: 8.9227
2024-09-01 18:36:01,371: [iteration 32001] loss: 8.9224
2024-09-01 18:36:36,322: [iteration 33001] loss: 8.9212
2024-09-01 18:37:11,285: [iteration 34001] loss: 8.9230
2024-09-01 18:37:46,229: [iteration 35001] loss: 8.9216
2024-09-01 18:38:21,187: [iteration 36001] loss: 8.9219
2024-09-01 18:38:56,139: [iteration 37001] loss: 8.9227
2024-09-01 18:39:31,070: [iteration 38001] loss: 8.9224
2024-09-01 18:40:05,998: [iteration 39001] loss: 8.9224
2024-09-01 18:40:40,919: [iteration 40001] loss: 8.9236
2024-09-01 18:41:15,832: [iteration 41001] loss: 8.9225
2024-09-01 18:41:50,744: [iteration 42001] loss: 8.9226
2024-09-01 18:42:25,664: [iteration 43001] loss: 8.9227
2024-09-01 18:43:00,613: [iteration 44001] loss: 8.9223
2024-09-01 18:43:35,523: [iteration 45001] loss: 8.9225
2024-09-01 18:44:10,457: [iteration 46001] loss: 8.9227
2024-09-01 18:44:45,367: [iteration 47001] loss: 8.9231
2024-09-01 18:45:20,292: [iteration 48001] loss: 8.9226
2024-09-01 18:45:55,222: [iteration 49001] loss: 8.9235
2024-09-01 18:46:30,144: [iteration 50001] loss: 8.9218
2024-09-01 18:47:05,067: [iteration 51001] loss: 8.9221
2024-09-01 18:47:39,980: [iteration 52001] loss: 8.9225
2024-09-01 18:48:14,911: [iteration 53001] loss: 8.9211
2024-09-01 18:48:49,882: [iteration 54001] loss: 8.9224
2024-09-01 18:49:24,871: [iteration 55001] loss: 8.9237
2024-09-01 18:49:59,865: [iteration 56001] loss: 8.9222
2024-09-01 18:50:34,851: [iteration 57001] loss: 8.9229
2024-09-01 18:51:09,837: [iteration 58001] loss: 8.9223
2024-09-01 18:51:44,802: [iteration 59001] loss: 8.9224
2024-09-01 18:52:19,781: [iteration 60001] loss: 8.9221
2024-09-01 18:52:54,776: [iteration 61001] loss: 8.9221
2024-09-01 18:53:29,765: [iteration 62001] loss: 8.9221
2024-09-01 18:54:04,766: [iteration 63001] loss: 8.9233
2024-09-01 18:54:39,755: [iteration 64001] loss: 8.9234
2024-09-01 18:55:14,756: [iteration 65001] loss: 8.9224
2024-09-01 18:55:49,754: [iteration 66001] loss: 8.9226
2024-09-01 18:56:24,749: [iteration 67001] loss: 8.9218
2024-09-01 18:56:59,756: [iteration 68001] loss: 8.9220
2024-09-01 18:57:34,741: [iteration 69001] loss: 8.9214
2024-09-01 18:58:09,691: saved causal model in: models_save/cfpup.pt
2024-09-01 18:58:09,696: =========== evaluation for cfp_u predictor ================: {'RMSE': 0.9018764516862474, 'MAE': 0.723726823327298}
2024-09-01 18:58:09,773: elbo_loss:2340431.25, custom_loss:222723.5
2024-09-01 18:58:09,786: [iteration 0001] loss: 209.2884
2024-09-01 18:59:10,583: elbo_loss:281585.25, custom_loss:30903.458984375
2024-09-01 19:00:11,390: elbo_loss:232151.09375, custom_loss:16196.880859375
2024-09-01 19:01:12,212: elbo_loss:218694.828125, custom_loss:14168.1279296875
2024-09-01 19:02:13,037: elbo_loss:210752.90625, custom_loss:13365.392578125
2024-09-01 19:03:13,852: elbo_loss:200675.484375, custom_loss:12190.32421875
2024-09-01 19:04:14,661: elbo_loss:195114.5, custom_loss:11471.7490234375
2024-09-01 19:05:15,501: elbo_loss:186667.265625, custom_loss:11295.634765625
2024-09-01 19:06:16,307: elbo_loss:172982.078125, custom_loss:10978.6064453125
2024-09-01 19:07:17,144: elbo_loss:162117.765625, custom_loss:10954.205078125
2024-09-01 19:08:17,949: elbo_loss:157271.28125, custom_loss:10940.55859375
2024-09-01 19:08:17,961: [iteration 10001] loss: 13.7349
2024-09-01 19:09:18,779: elbo_loss:154701.921875, custom_loss:10714.0263671875
2024-09-01 19:10:19,620: elbo_loss:153102.90625, custom_loss:10599.095703125
2024-09-01 19:11:20,480: elbo_loss:152349.859375, custom_loss:10753.2734375
2024-09-01 19:12:21,321: elbo_loss:151826.5, custom_loss:10568.091796875
2024-09-01 19:13:22,186: elbo_loss:151450.921875, custom_loss:10475.6943359375
2024-09-01 19:14:23,025: elbo_loss:151490.953125, custom_loss:10473.61328125
2024-09-01 19:15:23,838: elbo_loss:151329.4375, custom_loss:10556.8349609375
2024-09-01 19:16:24,643: elbo_loss:151225.296875, custom_loss:10807.3955078125
2024-09-01 19:17:25,450: elbo_loss:151197.90625, custom_loss:10476.064453125
2024-09-01 19:18:26,272: elbo_loss:151185.09375, custom_loss:10597.7958984375
2024-09-01 19:18:26,283: [iteration 20001] loss: 13.2100
2024-09-01 19:19:27,098: elbo_loss:151186.65625, custom_loss:10462.2255859375
2024-09-01 19:20:27,920: elbo_loss:151266.15625, custom_loss:10669.859375
2024-09-01 19:21:28,735: elbo_loss:151059.21875, custom_loss:10649.275390625
2024-09-01 19:22:29,541: elbo_loss:151280.875, custom_loss:10608.640625
2024-09-01 19:23:30,378: elbo_loss:151522.5625, custom_loss:10297.669921875
2024-09-01 19:24:31,206: elbo_loss:151324.078125, custom_loss:10645.0341796875
2024-09-01 19:25:32,062: elbo_loss:151311.34375, custom_loss:10563.3857421875
2024-09-01 19:26:32,910: elbo_loss:151027.1875, custom_loss:10406.560546875
2024-09-01 19:27:33,747: elbo_loss:151116.546875, custom_loss:10557.8388671875
2024-09-01 19:28:34,573: elbo_loss:151090.890625, custom_loss:10524.244140625
2024-09-01 19:28:34,585: [iteration 30001] loss: 13.1963
2024-09-01 19:29:35,408: elbo_loss:151270.578125, custom_loss:10651.6796875
2024-09-01 19:30:36,241: elbo_loss:151232.984375, custom_loss:10593.7587890625
2024-09-01 19:31:37,065: elbo_loss:151235.21875, custom_loss:10477.0830078125
2024-09-01 19:32:37,902: elbo_loss:151073.953125, custom_loss:10488.015625
2024-09-01 19:33:38,755: elbo_loss:151194.609375, custom_loss:10574.486328125
2024-09-01 19:34:39,626: elbo_loss:151085.140625, custom_loss:10657.623046875
2024-09-01 19:35:40,482: elbo_loss:151102.421875, custom_loss:10611.94140625
2024-09-01 19:36:41,346: elbo_loss:151164.296875, custom_loss:10549.05078125
2024-09-01 19:37:42,189: elbo_loss:151047.015625, custom_loss:10524.990234375
2024-09-01 19:38:43,029: elbo_loss:151227.96875, custom_loss:10443.8193359375
2024-09-01 19:38:43,040: [iteration 40001] loss: 13.2009
2024-09-01 19:39:43,886: elbo_loss:151210.625, custom_loss:10637.669921875
2024-09-01 19:40:44,725: elbo_loss:151028.71875, custom_loss:10417.1171875
2024-09-01 19:41:45,564: elbo_loss:151073.296875, custom_loss:10318.8505859375
2024-09-01 19:42:46,436: elbo_loss:151086.640625, custom_loss:10476.6494140625
2024-09-01 19:43:47,297: elbo_loss:151010.8125, custom_loss:10515.953125
2024-09-01 19:44:48,193: elbo_loss:151049.96875, custom_loss:10451.232421875
2024-09-01 19:45:49,060: elbo_loss:151160.40625, custom_loss:10449.75390625
2024-09-01 19:46:49,945: elbo_loss:151325.6875, custom_loss:10417.876953125
2024-09-01 19:47:50,793: elbo_loss:151230.640625, custom_loss:10593.94140625
2024-09-01 19:48:51,687: elbo_loss:151180.796875, custom_loss:10503.9521484375
2024-09-01 19:48:51,699: [iteration 50001] loss: 13.2020
2024-09-01 19:49:52,530: elbo_loss:151120.046875, custom_loss:10633.2685546875
2024-09-01 19:50:53,355: elbo_loss:151133.390625, custom_loss:10687.84375
2024-09-01 19:51:54,173: elbo_loss:151162.625, custom_loss:10410.2744140625
2024-09-01 19:52:55,006: elbo_loss:151228.90625, custom_loss:10462.642578125
2024-09-01 19:53:55,833: elbo_loss:151046.765625, custom_loss:10502.716796875
2024-09-01 19:54:56,703: elbo_loss:151249.5, custom_loss:10576.0693359375
2024-09-01 19:55:57,547: elbo_loss:151293.265625, custom_loss:10714.7724609375
2024-09-01 19:56:58,367: elbo_loss:151058.34375, custom_loss:10623.5185546875
2024-09-01 19:57:59,233: elbo_loss:150934.25, custom_loss:10623.03125
2024-09-01 19:59:00,076: elbo_loss:151308.890625, custom_loss:10570.9892578125
2024-09-01 19:59:00,088: [iteration 60001] loss: 13.2179
2024-09-01 20:00:00,916: elbo_loss:150980.1875, custom_loss:10591.4892578125
2024-09-01 20:01:01,786: elbo_loss:150831.265625, custom_loss:10428.3291015625
2024-09-01 20:02:02,643: elbo_loss:151067.515625, custom_loss:10436.177734375
2024-09-01 20:03:03,533: elbo_loss:150968.4375, custom_loss:10522.6162109375
2024-09-01 20:04:04,501: elbo_loss:150915.640625, custom_loss:10557.5439453125
2024-09-01 20:05:05,558: elbo_loss:150982.34375, custom_loss:10451.630859375
2024-09-01 20:06:06,553: elbo_loss:151081.78125, custom_loss:10328.33203125
2024-09-01 20:07:07,589: elbo_loss:150951.25, custom_loss:10253.62109375
2024-09-01 20:08:08,602: elbo_loss:150925.765625, custom_loss:10597.345703125
2024-09-01 20:09:09,439: saved causal model in: models_save/cfpup.pt
2024-09-01 20:09:09,444: =========== evaluation for cfp_up predictor ================: {'RMSE': 0.8966129654799343, 'MAE': 0.7186308456310272}
2024-09-01 20:09:09,819: saved VAE model in: models_save/vae.pt
2024-09-01 20:09:09,837: constant
2024-09-01 20:09:09,837: {'MMD': {'0_1': 0.0, '0_2': 0.0, '1_2': 0.0, 'Average': 0.0}, 'Wass': {'0_1': 0.6330661773681641, '0_2': 0.6330661773681641, '1_2': 0.6330661773681641, 'Average': 0.6330661773681641}}
2024-09-01 20:09:09,853: full
2024-09-01 20:09:09,853: {'MMD': {'0_1': 12804.775390625, '0_2': 51219.08984375, '1_2': 12804.7666015625, 'Average': 25609.5439453125}, 'Wass': {'0_1': 68.00019836425781, '0_2': 135.95799255371094, '1_2': 67.99996185302734, 'Average': 90.65271759033203}}
2024-09-01 20:09:09,868: unaware
2024-09-01 20:09:09,868: {'MMD': {'0_1': 9.868649794952944e-05, '0_2': 0.0003915943088941276, '1_2': 9.711383609101176e-05, 'Average': 0.00019579821431155628}, 'Wass': {'0_1': 0.6711511611938477, '0_2': 0.6711577773094177, '1_2': 0.6710726022720337, 'Average': 0.671127180258433}}
2024-09-01 20:09:09,883: cfpu
2024-09-01 20:09:09,883: {'MMD': {'0_1': 7.737021405773703e-06, '0_2': 8.185452315956354e-06, '1_2': 6.315935774381387e-09, 'Average': 5.309596552501479e-06}, 'Wass': {'0_1': 7.046389579772949, '0_2': 7.045924663543701, '1_2': 7.0466718673706055, 'Average': 7.046328703562419}}
2024-09-01 20:09:09,898: cfpup
2024-09-01 20:09:09,898: {'MMD': {'0_1': 1.0617088264552876e-05, '0_2': 1.1141310096718371e-05, '1_2': 6.315935774381387e-09, 'Average': 7.254904765681876e-06}, 'Wass': {'0_1': 8.225438117980957, '0_2': 8.224865913391113, '1_2': 8.2257661819458, 'Average': 8.225356737772623}}
