2024-09-01 16:21:54,139: Namespace(cudanum=3, dataset='law', seed=53, training=1, pyromodel='models_save/cfpup.pt', pyroparam='models_save/cfpup_param.pt', lrcausalmodel=0.001, alpha=-10000.0, num_iterations_causalmodel=12000, epochs_vae=10, decoder_type='together', lr=0.002)
2024-09-01 16:21:54,140: Namespace(cudanum=3, dataset='law', seed=53, training=1, pyromodel='models_save/cfpup.pt', pyroparam='models_save/cfpup_param.pt', lrcausalmodel=0.001, alpha=-10000.0, num_iterations_causalmodel=12000, epochs_vae=10, decoder_type='together', lr=0.002)
2024-09-01 16:21:54,172: =========== evaluation for constant predictor ================: {'RMSE': 0.9275566681560324, 'MAE': 0.749091289002164}
2024-09-01 16:21:54,175: =========== evaluation for full predictor ================: {'RMSE': 0.8821476571410778, 'MAE': 0.7138086088983635}
2024-09-01 16:21:54,177: =========== evaluation for unaware predictor ================: {'RMSE': 0.8894583862957466, 'MAE': 0.7182368939245409}
2024-09-01 16:21:56,770: [iteration 0001] loss: 184.7767
2024-09-01 16:22:36,297: [iteration 1001] loss: 27.3465
2024-09-01 16:23:15,659: [iteration 2001] loss: 15.0409
2024-09-01 16:23:55,011: [iteration 3001] loss: 14.0225
2024-09-01 16:24:34,363: [iteration 4001] loss: 13.8330
2024-09-01 16:25:13,725: [iteration 5001] loss: 13.6927
2024-09-01 16:25:53,083: [iteration 6001] loss: 13.5227
2024-09-01 16:26:32,428: [iteration 7001] loss: 13.2829
2024-09-01 16:27:11,782: [iteration 8001] loss: 12.9333
2024-09-01 16:27:51,138: [iteration 9001] loss: 12.3104
2024-09-01 16:28:30,496: [iteration 10001] loss: 11.1209
2024-09-01 16:29:09,837: [iteration 11001] loss: 9.9118
2024-09-01 16:29:49,150: saved causal model in: models_save/cfpup.pt
2024-09-01 16:29:49,160: =========== evaluation for cfp_u predictor ================: {'RMSE': 0.907491492753338, 'MAE': 0.7337660259659308}
2024-09-01 16:29:49,247: elbo_loss:2340536.25, custom_loss:-2259.756103515625
2024-09-01 16:29:49,261: [iteration 0001] loss: 190.9265
2024-09-01 16:30:57,952: elbo_loss:229036.515625, custom_loss:-62535.375
2024-09-01 16:32:06,642: elbo_loss:190034.671875, custom_loss:-163748.6875
2024-09-01 16:33:15,336: elbo_loss:169125.703125, custom_loss:-314270.5
2024-09-01 16:34:24,034: elbo_loss:155777.375, custom_loss:-522513.0
2024-09-01 16:35:32,724: elbo_loss:143386.96875, custom_loss:-793411.875
2024-09-01 16:36:41,414: elbo_loss:131918.390625, custom_loss:-1125466.5
2024-09-01 16:37:50,109: elbo_loss:123582.9765625, custom_loss:-1538135.125
2024-09-01 16:38:58,811: elbo_loss:119272.3359375, custom_loss:-2025971.875
2024-09-01 16:40:07,507: elbo_loss:117252.6015625, custom_loss:-2589783.25
2024-09-01 16:41:16,198: elbo_loss:116959.765625, custom_loss:-3252611.5
2024-09-01 16:41:16,211: [iteration 10001] loss: -256.0343
2024-09-01 16:42:24,894: elbo_loss:117077.7734375, custom_loss:-3986511.75
2024-09-01 16:43:33,573: saved causal model in: models_save/cfpup.pt
2024-09-01 16:43:33,579: =========== evaluation for cfp_up predictor ================: {'RMSE': 0.8998022290811425, 'MAE': 0.7263037002045398}
2024-09-01 16:43:33,951: saved VAE model in: models_save/vae.pt
2024-09-01 16:43:33,970: constant
2024-09-01 16:43:33,970: {'MMD': {'0_1': 0.0, '0_2': 0.0, '1_2': 0.0, 'Average': 0.0}, 'Wass': {'0_1': 0.6330661773681641, '0_2': 0.6330661773681641, '1_2': 0.6330661773681641, 'Average': 0.6330661773681641}}
2024-09-01 16:43:33,985: full
2024-09-01 16:43:33,985: {'MMD': {'0_1': 14011.677734375, '0_2': 56355.31640625, '1_2': 14166.193359375, 'Average': 28177.729166666668}, 'Wass': {'0_1': 71.36769104003906, '0_2': 142.7395782470703, '1_2': 71.63721466064453, 'Average': 95.24816131591797}}
2024-09-01 16:43:34,001: unaware
2024-09-01 16:43:34,001: {'MMD': {'0_1': 1.266917109489441, '0_2': 2.2846152782440186, '1_2': 0.14893442392349243, 'Average': 1.233488937218984}, 'Wass': {'0_1': 1.1694014072418213, '0_2': 1.3497883081436157, '1_2': 0.8196593523025513, 'Average': 1.1129496892293294}}
2024-09-01 16:43:34,016: cfpu
2024-09-01 16:43:34,016: {'MMD': {'0_1': 37.83200454711914, '0_2': 5.107822895050049, '1_2': 15.137725830078125, 'Average': 19.35918442408244}, 'Wass': {'0_1': 10.689884185791016, '0_2': 10.30724811553955, '1_2': 10.084634780883789, 'Average': 10.360589027404785}}
2024-09-01 16:43:34,031: cfpup
2024-09-01 16:43:34,031: {'MMD': {'0_1': 24.443397521972656, '0_2': 3.300218105316162, '1_2': 9.780482292175293, 'Average': 12.508032639821371}, 'Wass': {'0_1': 8.632808685302734, '0_2': 8.325450897216797, '1_2': 8.146963119506836, 'Average': 8.368407567342123}}
