2024-09-01 15:43:14,994: Namespace(cudanum=2, dataset='law', seed=52, training=1, pyromodel='models_save/cfpup.pt', pyroparam='models_save/cfpup_param.pt', lrcausalmodel=0.001, alpha=0.0, num_iterations_causalmodel=12000, epochs_vae=10, decoder_type='together', lr=0.002)
2024-09-01 15:43:14,995: Namespace(cudanum=2, dataset='law', seed=52, training=1, pyromodel='models_save/cfpup.pt', pyroparam='models_save/cfpup_param.pt', lrcausalmodel=0.001, alpha=0.0, num_iterations_causalmodel=12000, epochs_vae=10, decoder_type='together', lr=0.002)
2024-09-01 15:43:15,026: =========== evaluation for constant predictor ================: {'RMSE': 0.9242293614606009, 'MAE': 0.7420654844650884}
2024-09-01 15:43:15,030: =========== evaluation for full predictor ================: {'RMSE': 0.8732027023472552, 'MAE': 0.7005569256798195}
2024-09-01 15:43:15,032: =========== evaluation for unaware predictor ================: {'RMSE': 0.88326241873674, 'MAE': 0.7083086274068068}
2024-09-01 15:43:17,438: [iteration 0001] loss: 184.7659
2024-09-01 15:43:52,594: [iteration 1001] loss: 27.3136
2024-09-01 15:44:28,004: [iteration 2001] loss: 15.0483
2024-09-01 15:45:03,398: [iteration 3001] loss: 14.0222
2024-09-01 15:45:38,787: [iteration 4001] loss: 13.8366
2024-09-01 15:46:13,742: [iteration 5001] loss: 13.6933
2024-09-01 15:46:48,716: [iteration 6001] loss: 13.5201
2024-09-01 15:47:23,684: [iteration 7001] loss: 13.2874
2024-09-01 15:47:58,662: [iteration 8001] loss: 12.9324
2024-09-01 15:48:33,662: [iteration 9001] loss: 12.3133
2024-09-01 15:49:08,661: [iteration 10001] loss: 11.1181
2024-09-01 15:49:43,669: [iteration 11001] loss: 9.9141
2024-09-01 15:50:18,622: saved causal model in: models_save/cfpup.pt
2024-09-01 15:50:18,630: =========== evaluation for cfp_u predictor ================: {'RMSE': 0.9069220342610691, 'MAE': 0.7261885236369361}
2024-09-01 15:50:18,711: elbo_loss:2340625.25, custom_loss:0.0
2024-09-01 15:50:18,723: [iteration 0001] loss: 191.1183
2024-09-01 15:51:19,304: elbo_loss:226941.09375, custom_loss:0.0
2024-09-01 15:52:19,897: elbo_loss:189640.171875, custom_loss:0.0
2024-09-01 15:53:20,478: elbo_loss:169443.421875, custom_loss:0.0
2024-09-01 15:54:21,049: elbo_loss:158971.15625, custom_loss:0.0
2024-09-01 15:55:21,636: elbo_loss:152564.40625, custom_loss:0.0
2024-09-01 15:56:22,215: elbo_loss:143712.4375, custom_loss:0.0
2024-09-01 15:57:22,805: elbo_loss:132330.828125, custom_loss:0.0
2024-09-01 15:58:23,379: elbo_loss:123243.6875, custom_loss:0.0
2024-09-01 15:59:23,951: elbo_loss:118347.25, custom_loss:0.0
2024-09-01 16:00:24,513: elbo_loss:116246.390625, custom_loss:0.0
2024-09-01 16:00:24,524: [iteration 10001] loss: 9.4918
2024-09-01 16:01:25,095: elbo_loss:115297.125, custom_loss:0.0
2024-09-01 16:02:24,789: saved causal model in: models_save/cfpup.pt
2024-09-01 16:02:24,794: =========== evaluation for cfp_up predictor ================: {'RMSE': 0.9075557637281886, 'MAE': 0.7271751952151618}
2024-09-01 16:02:25,313: saved VAE model in: models_save/vae.pt
2024-09-01 16:02:25,419: constant
2024-09-01 16:02:25,420: {'MMD': {'0_1': 0.0, '0_2': 0.0, '1_2': 0.0, 'Average': 0.0}, 'Wass': {'0_1': 0.6330661773681641, '0_2': 0.6330661773681641, '1_2': 0.6330661773681641, 'Average': 0.6330661773681641}}
2024-09-01 16:02:25,435: full
2024-09-01 16:02:25,435: {'MMD': {'0_1': 3986.0693359375, '0_2': 15933.91015625, '1_2': 3980.8857421875, 'Average': 7966.955078125}, 'Wass': {'0_1': 38.61080551147461, '0_2': 76.132568359375, '1_2': 38.565818786621094, 'Average': 51.1030642191569}}
2024-09-01 16:02:25,450: unaware
2024-09-01 16:02:25,451: {'MMD': {'0_1': 3419.253662109375, '0_2': 13687.6396484375, '1_2': 3424.567138671875, 'Average': 6843.820149739583}, 'Wass': {'0_1': 35.96298599243164, '0_2': 70.93909454345703, '1_2': 36.07133102416992, 'Average': 47.65780385335287}}
2024-09-01 16:02:25,466: cfpu
2024-09-01 16:02:25,466: {'MMD': {'0_1': 0.0015916412230581045, '0_2': 0.001636339002288878, '1_2': 0.006455650087445974, 'Average': 0.0032278767709309855}, 'Wass': {'0_1': 8.616697311401367, '0_2': 8.658517837524414, '1_2': 8.620108604431152, 'Average': 8.63177458445231}}
2024-09-01 16:02:25,481: cfpup
2024-09-01 16:02:25,481: {'MMD': {'0_1': 0.000784794450737536, '0_2': 0.0008094756049104035, '1_2': 0.0031883493065834045, 'Average': 0.0015942064540771146}, 'Wass': {'0_1': 6.133814334869385, '0_2': 6.162749290466309, '1_2': 6.135987281799316, 'Average': 6.14418363571167}}
