2024-09-01 16:21:54,157: Namespace(cudanum=5, dataset='law', seed=51, training=1, pyromodel='models_save/cfpup.pt', pyroparam='models_save/cfpup_param.pt', lrcausalmodel=0.001, alpha=10000.0, num_iterations_causalmodel=70000, epochs_vae=10, decoder_type='together', lr=0.002)
2024-09-01 16:21:54,158: Namespace(cudanum=5, dataset='law', seed=51, training=1, pyromodel='models_save/cfpup.pt', pyroparam='models_save/cfpup_param.pt', lrcausalmodel=0.001, alpha=10000.0, num_iterations_causalmodel=70000, epochs_vae=10, decoder_type='together', lr=0.002)
2024-09-01 16:21:54,192: =========== evaluation for constant predictor ================: {'RMSE': 0.9175059961537937, 'MAE': 0.7380266048450319}
2024-09-01 16:21:54,195: =========== evaluation for full predictor ================: {'RMSE': 0.8640766126327115, 'MAE': 0.6971051284052866}
2024-09-01 16:21:54,197: =========== evaluation for unaware predictor ================: {'RMSE': 0.878023866374578, 'MAE': 0.7062602526592523}
2024-09-01 16:21:56,891: [iteration 0001] loss: 184.7848
2024-09-01 16:22:36,535: [iteration 1001] loss: 27.1976
2024-09-01 16:23:16,289: [iteration 2001] loss: 15.0593
2024-09-01 16:23:55,667: [iteration 3001] loss: 14.0212
2024-09-01 16:24:35,052: [iteration 4001] loss: 13.8366
2024-09-01 16:25:14,434: [iteration 5001] loss: 13.6925
2024-09-01 16:25:53,812: [iteration 6001] loss: 13.5196
2024-09-01 16:26:33,165: [iteration 7001] loss: 13.2860
2024-09-01 16:27:12,530: [iteration 8001] loss: 12.9307
2024-09-01 16:27:51,899: [iteration 9001] loss: 12.3157
2024-09-01 16:28:31,280: [iteration 10001] loss: 11.1249
2024-09-01 16:29:10,636: [iteration 11001] loss: 9.9176
2024-09-01 16:29:50,034: [iteration 12001] loss: 9.4467
2024-09-01 16:30:29,425: [iteration 13001] loss: 9.2188
2024-09-01 16:31:08,833: [iteration 14001] loss: 9.0919
2024-09-01 16:31:48,244: [iteration 15001] loss: 9.0205
2024-09-01 16:32:27,644: [iteration 16001] loss: 8.9782
2024-09-01 16:33:07,031: [iteration 17001] loss: 8.9567
2024-09-01 16:33:46,400: [iteration 18001] loss: 8.9421
2024-09-01 16:34:25,742: [iteration 19001] loss: 8.9341
2024-09-01 16:35:05,084: [iteration 20001] loss: 8.9287
2024-09-01 16:35:44,429: [iteration 21001] loss: 8.9269
2024-09-01 16:36:23,776: [iteration 22001] loss: 8.9249
2024-09-01 16:37:03,119: [iteration 23001] loss: 8.9255
2024-09-01 16:37:42,467: [iteration 24001] loss: 8.9242
2024-09-01 16:38:21,815: [iteration 25001] loss: 8.9235
2024-09-01 16:39:01,168: [iteration 26001] loss: 8.9230
2024-09-01 16:39:40,517: [iteration 27001] loss: 8.9224
2024-09-01 16:40:19,864: [iteration 28001] loss: 8.9225
2024-09-01 16:40:59,207: [iteration 29001] loss: 8.9226
2024-09-01 16:41:38,541: [iteration 30001] loss: 8.9224
2024-09-01 16:42:17,888: [iteration 31001] loss: 8.9227
2024-09-01 16:42:57,272: [iteration 32001] loss: 8.9224
2024-09-01 16:43:36,276: [iteration 33001] loss: 8.9212
2024-09-01 16:44:10,775: [iteration 34001] loss: 8.9230
2024-09-01 16:44:45,258: [iteration 35001] loss: 8.9216
2024-09-01 16:45:19,766: [iteration 36001] loss: 8.9219
2024-09-01 16:45:54,227: [iteration 37001] loss: 8.9227
2024-09-01 16:46:28,684: [iteration 38001] loss: 8.9224
2024-09-01 16:47:03,163: [iteration 39001] loss: 8.9224
2024-09-01 16:47:37,611: [iteration 40001] loss: 8.9236
2024-09-01 16:48:12,060: [iteration 41001] loss: 8.9225
2024-09-01 16:48:46,506: [iteration 42001] loss: 8.9226
2024-09-01 16:49:20,996: [iteration 43001] loss: 8.9227
2024-09-01 16:49:55,488: [iteration 44001] loss: 8.9223
2024-09-01 16:50:29,963: [iteration 45001] loss: 8.9225
2024-09-01 16:51:04,434: [iteration 46001] loss: 8.9227
2024-09-01 16:51:38,892: [iteration 47001] loss: 8.9231
2024-09-01 16:52:13,354: [iteration 48001] loss: 8.9226
2024-09-01 16:52:47,815: [iteration 49001] loss: 8.9235
2024-09-01 16:53:22,290: [iteration 50001] loss: 8.9218
2024-09-01 16:53:56,766: [iteration 51001] loss: 8.9221
2024-09-01 16:54:31,277: [iteration 52001] loss: 8.9225
2024-09-01 16:55:05,731: [iteration 53001] loss: 8.9211
2024-09-01 16:55:40,157: [iteration 54001] loss: 8.9224
2024-09-01 16:56:14,624: [iteration 55001] loss: 8.9237
2024-09-01 16:56:49,112: [iteration 56001] loss: 8.9222
2024-09-01 16:57:23,585: [iteration 57001] loss: 8.9229
2024-09-01 16:57:58,033: [iteration 58001] loss: 8.9223
2024-09-01 16:58:32,482: [iteration 59001] loss: 8.9224
2024-09-01 16:59:06,970: [iteration 60001] loss: 8.9221
2024-09-01 16:59:41,463: [iteration 61001] loss: 8.9221
2024-09-01 17:00:15,940: [iteration 62001] loss: 8.9221
2024-09-01 17:00:50,421: [iteration 63001] loss: 8.9233
2024-09-01 17:01:25,078: [iteration 64001] loss: 8.9234
2024-09-01 17:02:00,110: [iteration 65001] loss: 8.9224
2024-09-01 17:02:34,974: [iteration 66001] loss: 8.9226
2024-09-01 17:03:09,450: [iteration 67001] loss: 8.9218
2024-09-01 17:03:43,935: [iteration 68001] loss: 8.9220
2024-09-01 17:04:18,402: [iteration 69001] loss: 8.9214
2024-09-01 17:04:52,892: saved causal model in: models_save/cfpup.pt
2024-09-01 17:04:52,901: =========== evaluation for cfp_u predictor ================: {'RMSE': 0.9018764516862474, 'MAE': 0.723726823327298}
2024-09-01 17:04:52,978: elbo_loss:2340431.25, custom_loss:2227.235107421875
2024-09-01 17:04:52,991: [iteration 0001] loss: 191.2843
2024-09-01 17:05:53,768: elbo_loss:226873.6875, custom_loss:2809.53857421875
2024-09-01 17:06:54,563: elbo_loss:190648.28125, custom_loss:2577.852783203125
2024-09-01 17:07:55,374: elbo_loss:171136.578125, custom_loss:4237.43603515625
2024-09-01 17:08:56,203: elbo_loss:161337.78125, custom_loss:4868.412109375
2024-09-01 17:09:57,032: elbo_loss:154676.71875, custom_loss:5070.50146484375
2024-09-01 17:10:57,835: elbo_loss:145900.1875, custom_loss:5047.251953125
2024-09-01 17:11:58,637: elbo_loss:134520.328125, custom_loss:5160.1669921875
2024-09-01 17:12:59,439: elbo_loss:125234.3203125, custom_loss:5080.453125
2024-09-01 17:14:00,216: elbo_loss:120327.125, custom_loss:5126.32568359375
2024-09-01 17:15:01,003: elbo_loss:118124.515625, custom_loss:5169.5185546875
2024-09-01 17:15:01,014: [iteration 10001] loss: 10.0673
2024-09-01 17:16:01,794: elbo_loss:117175.9609375, custom_loss:5079.6640625
2024-09-01 17:17:02,570: elbo_loss:116660.4375, custom_loss:5058.70751953125
2024-09-01 17:18:03,337: elbo_loss:116475.5, custom_loss:5127.271484375
2024-09-01 17:19:04,106: elbo_loss:116312.390625, custom_loss:5042.89501953125
2024-09-01 17:20:04,883: elbo_loss:116190.796875, custom_loss:5017.54248046875
2024-09-01 17:21:08,949: elbo_loss:116250.5234375, custom_loss:5036.50146484375
2024-09-01 17:22:17,437: elbo_loss:116202.078125, custom_loss:5068.24267578125
2024-09-01 17:23:25,887: elbo_loss:116157.9921875, custom_loss:5186.9912109375
2024-09-01 17:24:34,371: elbo_loss:116159.265625, custom_loss:5026.0009765625
2024-09-01 17:25:42,819: elbo_loss:116163.46875, custom_loss:5092.83447265625
2024-09-01 17:25:42,831: [iteration 20001] loss: 9.9009
2024-09-01 17:26:51,346: elbo_loss:116151.3984375, custom_loss:5033.96826171875
2024-09-01 17:27:59,869: elbo_loss:116205.90625, custom_loss:5145.81201171875
2024-09-01 17:29:09,234: elbo_loss:116102.359375, custom_loss:5108.55029296875
2024-09-01 17:30:17,765: elbo_loss:116201.8515625, custom_loss:5113.86767578125
2024-09-01 17:31:26,287: elbo_loss:116302.6953125, custom_loss:4955.8212890625
2024-09-01 17:32:34,828: elbo_loss:116205.8828125, custom_loss:5115.9453125
2024-09-01 17:33:43,368: elbo_loss:116198.015625, custom_loss:5079.89599609375
2024-09-01 17:34:51,901: elbo_loss:116058.4140625, custom_loss:5026.01318359375
2024-09-01 17:36:00,387: elbo_loss:116089.296875, custom_loss:5084.1396484375
2024-09-01 17:37:11,219: elbo_loss:116069.4140625, custom_loss:5081.3369140625
2024-09-01 17:37:11,230: [iteration 30001] loss: 9.8923
2024-09-01 17:38:11,228: elbo_loss:116162.953125, custom_loss:5155.5634765625
2024-09-01 17:39:11,261: elbo_loss:116133.8203125, custom_loss:5116.6611328125
2024-09-01 17:40:11,312: elbo_loss:116119.0078125, custom_loss:5057.79541015625
2024-09-01 17:41:11,392: elbo_loss:116029.6953125, custom_loss:5068.578125
2024-09-01 17:42:11,422: elbo_loss:116084.890625, custom_loss:5090.69970703125
2024-09-01 17:43:11,510: elbo_loss:116001.265625, custom_loss:5140.83935546875
2024-09-01 17:44:11,555: elbo_loss:116011.84375, custom_loss:5130.2236328125
2024-09-01 17:45:11,587: elbo_loss:116062.625, custom_loss:5095.9755859375
2024-09-01 17:46:11,637: elbo_loss:115996.0703125, custom_loss:5106.79248046875
2024-09-01 17:47:11,678: elbo_loss:116055.078125, custom_loss:5036.53369140625
2024-09-01 17:47:11,689: [iteration 40001] loss: 9.8875
2024-09-01 17:48:11,743: elbo_loss:116032.1015625, custom_loss:5155.1572265625
2024-09-01 17:49:11,818: elbo_loss:115947.1171875, custom_loss:5031.7216796875
2024-09-01 17:50:11,870: elbo_loss:115949.4453125, custom_loss:4993.806640625
2024-09-01 17:51:11,914: elbo_loss:115971.53125, custom_loss:5073.11865234375
2024-09-01 17:52:11,933: elbo_loss:115926.328125, custom_loss:5077.30126953125
2024-09-01 17:53:11,952: elbo_loss:115942.71875, custom_loss:5051.5458984375
2024-09-01 17:54:11,977: elbo_loss:115992.53125, custom_loss:5054.59033203125
2024-09-01 17:55:11,997: elbo_loss:116102.171875, custom_loss:5030.25634765625
2024-09-01 17:56:12,021: elbo_loss:116046.8203125, custom_loss:5127.568359375
2024-09-01 17:57:12,040: elbo_loss:116004.9921875, custom_loss:5075.21826171875
2024-09-01 17:57:12,051: [iteration 50001] loss: 9.8865
2024-09-01 17:58:12,059: elbo_loss:115989.84375, custom_loss:5112.30810546875
2024-09-01 17:59:12,080: elbo_loss:115981.9140625, custom_loss:5178.74755859375
2024-09-01 18:00:12,097: elbo_loss:116001.4453125, custom_loss:5035.10595703125
2024-09-01 18:01:12,115: elbo_loss:116060.015625, custom_loss:5068.599609375
2024-09-01 18:02:12,134: elbo_loss:115980.5, custom_loss:5070.37646484375
2024-09-01 18:03:12,152: elbo_loss:116074.140625, custom_loss:5103.30712890625
2024-09-01 18:04:12,172: elbo_loss:116097.1953125, custom_loss:5177.68310546875
2024-09-01 18:05:12,234: elbo_loss:116001.171875, custom_loss:5143.80615234375
2024-09-01 18:06:12,268: elbo_loss:115925.34375, custom_loss:5138.2294921875
2024-09-01 18:07:12,333: elbo_loss:116115.8203125, custom_loss:5115.4892578125
2024-09-01 18:07:12,345: [iteration 60001] loss: 9.8989
2024-09-01 18:08:12,379: elbo_loss:115953.046875, custom_loss:5118.49560546875
2024-09-01 18:09:12,406: elbo_loss:115880.9765625, custom_loss:5054.56640625
2024-09-01 18:10:12,445: elbo_loss:115993.4140625, custom_loss:5048.8310546875
2024-09-01 18:11:12,473: elbo_loss:115948.6640625, custom_loss:5102.93115234375
2024-09-01 18:12:12,510: elbo_loss:115942.6953125, custom_loss:5116.23681640625
2024-09-01 18:13:12,554: elbo_loss:115968.1875, custom_loss:5068.82666015625
2024-09-01 18:14:12,589: elbo_loss:116014.78125, custom_loss:5004.0078125
2024-09-01 18:15:12,620: elbo_loss:115940.0703125, custom_loss:4992.96533203125
2024-09-01 18:16:12,664: elbo_loss:115928.9765625, custom_loss:5148.4912109375
2024-09-01 18:17:11,228: saved causal model in: models_save/cfpup.pt
2024-09-01 18:17:11,237: =========== evaluation for cfp_up predictor ================: {'RMSE': 0.8920541871139281, 'MAE': 0.7148866123365416}
2024-09-01 18:17:11,561: saved VAE model in: models_save/vae.pt
2024-09-01 18:17:11,578: constant
2024-09-01 18:17:11,578: {'MMD': {'0_1': 0.0, '0_2': 0.0, '1_2': 0.0, 'Average': 0.0}, 'Wass': {'0_1': 0.6330661773681641, '0_2': 0.6330661773681641, '1_2': 0.6330661773681641, 'Average': 0.6330661773681641}}
2024-09-01 18:17:11,593: full
2024-09-01 18:17:11,594: {'MMD': {'0_1': 12804.775390625, '0_2': 51219.08984375, '1_2': 12804.7666015625, 'Average': 25609.5439453125}, 'Wass': {'0_1': 68.00019836425781, '0_2': 135.95797729492188, '1_2': 67.99996185302734, 'Average': 90.65271250406902}}
2024-09-01 18:17:11,608: unaware
2024-09-01 18:17:11,608: {'MMD': {'0_1': 9.868649794952944e-05, '0_2': 0.0003915943088941276, '1_2': 9.711383609101176e-05, 'Average': 0.00019579821431155628}, 'Wass': {'0_1': 0.6711516380310059, '0_2': 0.6711521148681641, '1_2': 0.6710715293884277, 'Average': 0.6711250940958658}}
2024-09-01 18:17:11,623: cfpu
2024-09-01 18:17:11,623: {'MMD': {'0_1': 7.737021405773703e-06, '0_2': 8.185452315956354e-06, '1_2': 6.315935774381387e-09, 'Average': 5.309596552501479e-06}, 'Wass': {'0_1': 7.046395301818848, '0_2': 7.045891761779785, '1_2': 7.0466628074646, 'Average': 7.046316623687744}}
2024-09-01 18:17:11,638: cfpup
2024-09-01 18:17:11,638: {'MMD': {'0_1': 1.3364520782488398e-05, '0_2': 1.5164561773417518e-05, '1_2': 5.6843418860808015e-08, 'Average': 9.528641991588907e-06}, 'Wass': {'0_1': 9.236308097839355, '0_2': 9.235666275024414, '1_2': 9.236655235290527, 'Average': 9.236209869384766}}
