2024-09-22 23:24:15,699: Namespace(cudanum=4, dataset='law', synthetic=0, seed=50, training=1, pyromodel='models_save/cfpup.pt', pyroparam='models_save/cfpup_param.pt', lrcausalmodel=0.001, alpha=10000.0, num_iterations_causalmodel=20000, epochs_vae=10, decoder_type='together', lr=0.002)
2024-09-22 23:24:15,700: Namespace(cudanum=4, dataset='law', synthetic=0, seed=50, training=1, pyromodel='models_save/cfpup.pt', pyroparam='models_save/cfpup_param.pt', lrcausalmodel=0.001, alpha=10000.0, num_iterations_causalmodel=20000, epochs_vae=10, decoder_type='together', lr=0.002)
2024-09-22 23:24:15,731: =========== evaluation for constant predictor ================: {'RMSE': 0.9218197901142571, 'MAE': 0.7359503518763207}
2024-09-22 23:24:15,735: =========== evaluation for full predictor ================: {'RMSE': 0.8688112374892244, 'MAE': 0.7003106479543398}
2024-09-22 23:24:15,737: =========== evaluation for unaware predictor ================: {'RMSE': 0.8813496379949248, 'MAE': 0.708820682441671}
2024-09-22 23:24:17,672: [iteration 0001] loss: 138.5821
2024-09-22 23:24:30,062: [iteration 1001] loss: 20.4735
2024-09-22 23:24:42,590: [iteration 2001] loss: 11.2897
2024-09-22 23:24:54,560: [iteration 3001] loss: 10.5234
2024-09-22 23:25:06,293: [iteration 4001] loss: 10.3778
2024-09-22 23:25:17,742: [iteration 5001] loss: 10.2690
2024-09-22 23:25:25,821: [iteration 6001] loss: 10.1395
2024-09-22 23:25:32,971: [iteration 7001] loss: 9.9673
2024-09-22 23:25:40,119: [iteration 8001] loss: 9.6988
2024-09-22 23:25:47,268: [iteration 9001] loss: 9.2359
2024-09-22 23:25:54,415: [iteration 10001] loss: 8.3417
2024-09-22 23:26:01,561: [iteration 11001] loss: 7.4356
2024-09-22 23:26:08,715: [iteration 12001] loss: 7.0831
2024-09-22 23:26:15,866: [iteration 13001] loss: 6.9111
2024-09-22 23:26:23,021: [iteration 14001] loss: 6.8162
2024-09-22 23:26:30,173: [iteration 15001] loss: 6.7642
2024-09-22 23:26:37,330: [iteration 16001] loss: 6.7362
2024-09-22 23:26:44,488: [iteration 17001] loss: 6.7166
2024-09-22 23:26:51,643: [iteration 18001] loss: 6.7067
2024-09-22 23:26:58,795: [iteration 19001] loss: 6.7013
2024-09-22 23:27:05,943: saved causal model in: models_save/cfpup.pt
2024-09-22 23:27:05,951: =========== evaluation for cfp_u predictor ================: {'RMSE': 0.9065620331664285, 'MAE': 0.724984163986291}
2024-09-22 23:27:05,965: elbo_loss:2341002.0, custom_loss:2255.54248046875
2024-09-22 23:27:05,970: [iteration 0001] loss: 143.5028
2024-09-22 23:27:18,440: elbo_loss:228829.421875, custom_loss:2729.8955078125
2024-09-22 23:27:30,888: elbo_loss:190433.8125, custom_loss:2521.447509765625
2024-09-22 23:27:43,363: elbo_loss:164838.609375, custom_loss:4259.46044921875
2024-09-22 23:27:55,820: elbo_loss:153406.6875, custom_loss:5029.88916015625
2024-09-22 23:28:08,258: elbo_loss:142643.1875, custom_loss:5180.30322265625
2024-09-22 23:28:20,745: elbo_loss:134800.8125, custom_loss:5297.333984375
2024-09-22 23:28:33,209: elbo_loss:128387.0703125, custom_loss:5263.09619140625
2024-09-22 23:28:45,665: elbo_loss:123664.90625, custom_loss:5250.43603515625
2024-09-22 23:28:58,117: elbo_loss:120657.9453125, custom_loss:5075.294921875
2024-09-22 23:29:10,558: elbo_loss:119074.359375, custom_loss:5185.90283203125
2024-09-22 23:29:10,562: [iteration 10001] loss: 7.6098
2024-09-22 23:29:23,029: elbo_loss:117957.140625, custom_loss:5198.83447265625
2024-09-22 23:29:35,671: elbo_loss:117428.8984375, custom_loss:5218.06787109375
2024-09-22 23:29:54,861: elbo_loss:116961.0, custom_loss:5198.40771484375
2024-09-22 23:30:14,571: elbo_loss:116598.890625, custom_loss:5287.6611328125
2024-09-22 23:30:34,512: elbo_loss:116371.2109375, custom_loss:5182.0517578125
2024-09-22 23:30:54,344: elbo_loss:116168.7265625, custom_loss:5177.517578125
2024-09-22 23:31:14,139: elbo_loss:116059.3515625, custom_loss:5215.45703125
2024-09-22 23:31:33,773: elbo_loss:116019.046875, custom_loss:5162.25439453125
2024-09-22 23:31:53,717: elbo_loss:115943.1640625, custom_loss:5210.41259765625
2024-09-22 23:32:13,652: saved causal model in: models_save/cfpup.pt
2024-09-22 23:32:13,657: =========== evaluation for cfp_up predictor ================: {'RMSE': 0.8875044900635279, 'MAE': 0.7115505784997364}
2024-09-22 23:32:13,669: constant
2024-09-22 23:32:13,670: {'MMD': {'0_1': 6.167906029669323e-12, '0_2': 2.4671624118677293e-11, '1_2': 6.167906029669323e-12, 'Average': 1.2335812059338647e-11}, 'Wass': {'0_1': 0.6330671310424805, '0_2': 0.6330666542053223, '1_2': 0.6330677270889282, 'Average': 0.6330671707789103}}
2024-09-22 23:32:13,677: full
2024-09-22 23:32:13,677: {'MMD': {'0_1': 53657.1015625, '0_2': 59593.203125, '1_2': 155.67950439453125, 'Average': 37801.99473063151}, 'Wass': {'0_1': 140.08480834960938, '0_2': 147.27630615234375, '1_2': 11.067366600036621, 'Average': 99.47616036732991}}
2024-09-22 23:32:13,685: unaware
2024-09-22 23:32:13,685: {'MMD': {'0_1': 18768.1640625, '0_2': 560.9465942382812, '1_2': 12839.755859375, 'Average': 10722.955505371094}, 'Wass': {'0_1': 84.13741302490234, '0_2': 17.20222282409668, '1_2': 69.85633087158203, 'Average': 57.06532224019369}}
2024-09-22 23:32:13,691: cfpu
2024-09-22 23:32:13,691: {'MMD': {'0_1': 708.9691162109375, '0_2': 170.48858642578125, '1_2': 1574.7882080078125, 'Average': 818.0819702148438}, 'Wass': {'0_1': 17.427078247070312, '0_2': 7.599748611450195, '1_2': 24.897172927856445, 'Average': 16.641333262125652}}
2024-09-22 23:32:13,698: cfpup
2024-09-22 23:32:13,698: {'MMD': {'0_1': 33624.046875, '0_2': 102122.765625, '1_2': 18549.87890625, 'Average': 51432.23046875}, 'Wass': {'0_1': 110.37091064453125, '0_2': 192.93260192871094, '1_2': 82.12210845947266, 'Average': 128.47520701090494}}
