2024-09-22 22:56:50,422: Namespace(cudanum=3, dataset='adult', synthetic=0, seed=53, training=1, pyromodel='models_save/cfpup.pt', pyroparam='models_save/cfpup_param.pt', lrcausalmodel=0.001, alpha=0.0, num_iterations_causalmodel=20000, epochs_vae=10, decoder_type='together', lr=0.002)
2024-09-22 22:56:50,423: Namespace(cudanum=3, dataset='adult', synthetic=0, seed=53, training=1, pyromodel='models_save/cfpup.pt', pyroparam='models_save/cfpup_param.pt', lrcausalmodel=0.001, alpha=0.0, num_iterations_causalmodel=20000, epochs_vae=10, decoder_type='together', lr=0.002)
2024-09-22 22:56:50,598: =========== evaluation for constant predictor ================: {'F1-score': 0.0, 'Accuracy': 0.7456111295130838}
2024-09-22 22:56:50,736: =========== evaluation for full predictor ================: {'F1-score': 0.6514759192128431, 'Accuracy': 0.7770785028155018}
2024-09-22 22:56:50,862: =========== evaluation for unaware predictor ================: {'F1-score': 0.6518134715025907, 'Accuracy': 0.7774097383239483}
2024-09-22 22:56:53,661: [iteration 0001] loss: 1230.2229
2024-09-22 22:57:11,684: [iteration 1001] loss: 664.1058
2024-09-22 22:57:29,900: [iteration 2001] loss: 347.4398
2024-09-22 22:57:48,220: [iteration 3001] loss: 192.9700
2024-09-22 22:58:06,877: [iteration 4001] loss: 132.1185
2024-09-22 22:58:26,292: [iteration 5001] loss: 110.5446
2024-09-22 22:58:45,428: [iteration 6001] loss: 99.0967
2024-09-22 22:59:01,927: [iteration 7001] loss: 90.0680
2024-09-22 22:59:18,641: [iteration 8001] loss: 82.6746
2024-09-22 22:59:34,498: [iteration 9001] loss: 76.6243
2024-09-22 22:59:50,727: [iteration 10001] loss: 71.6654
2024-09-22 23:00:07,696: [iteration 11001] loss: 67.6011
2024-09-22 23:00:23,755: [iteration 12001] loss: 64.3965
2024-09-22 23:00:41,271: [iteration 13001] loss: 61.7795
2024-09-22 23:00:58,333: [iteration 14001] loss: 59.6711
2024-09-22 23:01:13,908: [iteration 15001] loss: 57.9173
2024-09-22 23:01:30,005: [iteration 16001] loss: 56.4675
2024-09-22 23:01:47,758: [iteration 17001] loss: 55.2199
2024-09-22 23:02:05,168: [iteration 18001] loss: 54.1837
2024-09-22 23:02:22,789: [iteration 19001] loss: 53.3179
2024-09-22 23:02:40,405: saved causal model in: models_save/cfpup.pt
2024-09-22 23:02:40,432: =========== evaluation for cfp_u predictor ================: {'F1-score': 0.5191654536632703, 'Accuracy': 0.671745611129513}
2024-09-22 23:02:40,456: elbo_loss:29819460.0, custom_loss:0.0
2024-09-22 23:02:40,469: [iteration 0001] loss: 1234.9137
2024-09-22 23:03:06,438: elbo_loss:13935447.0, custom_loss:0.0
2024-09-22 23:03:32,714: elbo_loss:5023197.0, custom_loss:0.0
2024-09-22 23:03:58,853: elbo_loss:2077173.25, custom_loss:0.0
2024-09-22 23:04:24,835: elbo_loss:1251543.625, custom_loss:0.0
2024-09-22 23:04:50,463: elbo_loss:875680.0, custom_loss:0.0
2024-09-22 23:05:13,838: elbo_loss:665863.875, custom_loss:0.0
2024-09-22 23:05:36,694: elbo_loss:545993.6875, custom_loss:0.0
2024-09-22 23:05:59,424: elbo_loss:473344.59375, custom_loss:0.0
2024-09-22 23:06:21,996: elbo_loss:427685.5625, custom_loss:0.0
2024-09-22 23:06:44,700: elbo_loss:398248.71875, custom_loss:0.0
2024-09-22 23:06:44,707: [iteration 10001] loss: 16.4927
2024-09-22 23:07:07,292: elbo_loss:379571.34375, custom_loss:0.0
2024-09-22 23:07:29,989: elbo_loss:367415.5625, custom_loss:0.0
2024-09-22 23:07:53,086: elbo_loss:359817.125, custom_loss:0.0
2024-09-22 23:08:15,665: elbo_loss:355217.96875, custom_loss:0.0
2024-09-22 23:08:38,235: elbo_loss:352171.75, custom_loss:0.0
2024-09-22 23:09:00,898: elbo_loss:350403.53125, custom_loss:0.0
2024-09-22 23:09:23,421: elbo_loss:349485.46875, custom_loss:0.0
2024-09-22 23:09:45,992: elbo_loss:348964.625, custom_loss:0.0
2024-09-22 23:10:08,501: elbo_loss:348698.625, custom_loss:0.0
2024-09-22 23:10:31,056: saved causal model in: models_save/cfpup.pt
2024-09-22 23:10:31,079: =========== evaluation for cfp_up predictor ================: {'F1-score': 0.52734375, 'Accuracy': 0.6793640278237827}
2024-09-22 23:10:31,091: constant
2024-09-22 23:10:31,091: {'MMD': {'0_1': 0.0, '0_2': 0.0, '1_2': 0.0, 'Average': 0.0}, 'Wass': {'0_1': 0.6330670714378357, '0_2': 0.6330668330192566, '1_2': 0.6330673098564148, 'Average': 0.6330670714378357}}
2024-09-22 23:10:31,095: full
2024-09-22 23:10:31,095: {'MMD': {'0_1': 2955.6943359375, '0_2': 1.8143165111541748, '1_2': 3103.9677734375, 'Average': 2020.4921419620514}, 'Wass': {'0_1': 29.143178939819336, '0_2': 9.136466979980469, '1_2': 33.708335876464844, 'Average': 23.995993932088215}}
2024-09-22 23:10:31,100: unaware
2024-09-22 23:10:31,100: {'MMD': {'0_1': 2793.217529296875, '0_2': 15.015682220458984, '1_2': 3217.828369140625, 'Average': 2008.687193552653}, 'Wass': {'0_1': 27.604415893554688, '0_2': 9.060896873474121, '1_2': 34.21210479736328, 'Average': 23.625805854797363}}
2024-09-22 23:10:31,104: cfpu
2024-09-22 23:10:31,104: {'MMD': {'0_1': 542.4800415039062, '0_2': 0.016194067895412445, '1_2': 536.5682983398438, 'Average': 359.68817797054845}, 'Wass': {'0_1': 8.23331356048584, '0_2': 5.0369977951049805, '1_2': 8.472481727600098, 'Average': 7.247597694396973}}
2024-09-22 23:10:31,108: cfpup
2024-09-22 23:10:31,108: {'MMD': {'0_1': 396.9426574707031, '0_2': 3.245727300643921, '1_2': 471.9760437011719, 'Average': 290.7214761575063}, 'Wass': {'0_1': 6.610235691070557, '0_2': 5.833417892456055, '1_2': 7.803885459899902, 'Average': 6.749179681142171}}
