2024-09-01 15:43:15,037: Namespace(cudanum=3, dataset='law', seed=53, training=1, pyromodel='models_save/cfpup.pt', pyroparam='models_save/cfpup_param.pt', lrcausalmodel=0.001, alpha=0.0, num_iterations_causalmodel=12000, epochs_vae=10, decoder_type='together', lr=0.002)
2024-09-01 15:43:15,038: Namespace(cudanum=3, dataset='law', seed=53, training=1, pyromodel='models_save/cfpup.pt', pyroparam='models_save/cfpup_param.pt', lrcausalmodel=0.001, alpha=0.0, num_iterations_causalmodel=12000, epochs_vae=10, decoder_type='together', lr=0.002)
2024-09-01 15:43:15,070: =========== evaluation for constant predictor ================: {'RMSE': 0.9275566681560324, 'MAE': 0.749091289002164}
2024-09-01 15:43:15,074: =========== evaluation for full predictor ================: {'RMSE': 0.8821476571410778, 'MAE': 0.7138086088983635}
2024-09-01 15:43:15,076: =========== evaluation for unaware predictor ================: {'RMSE': 0.8894583862957466, 'MAE': 0.7182368939245409}
2024-09-01 15:43:17,888: [iteration 0001] loss: 184.7767
2024-09-01 15:43:52,971: [iteration 1001] loss: 27.3465
2024-09-01 15:44:27,876: [iteration 2001] loss: 15.0409
2024-09-01 15:45:02,839: [iteration 3001] loss: 14.0225
2024-09-01 15:45:37,762: [iteration 4001] loss: 13.8330
2024-09-01 15:46:12,708: [iteration 5001] loss: 13.6927
2024-09-01 15:46:47,674: [iteration 6001] loss: 13.5227
2024-09-01 15:47:22,635: [iteration 7001] loss: 13.2829
2024-09-01 15:47:57,606: [iteration 8001] loss: 12.9333
2024-09-01 15:48:32,599: [iteration 9001] loss: 12.3104
2024-09-01 15:49:07,603: [iteration 10001] loss: 11.1209
2024-09-01 15:49:42,597: [iteration 11001] loss: 9.9118
2024-09-01 15:50:17,552: saved causal model in: models_save/cfpup.pt
2024-09-01 15:50:17,561: =========== evaluation for cfp_u predictor ================: {'RMSE': 0.907491492753338, 'MAE': 0.7337660259659308}
2024-09-01 15:50:17,638: elbo_loss:2340536.25, custom_loss:0.0
2024-09-01 15:50:17,650: [iteration 0001] loss: 191.1110
2024-09-01 15:51:18,232: elbo_loss:227429.09375, custom_loss:0.0
2024-09-01 15:52:18,822: elbo_loss:189648.921875, custom_loss:0.0
2024-09-01 15:53:19,405: elbo_loss:169957.78125, custom_loss:0.0
2024-09-01 15:54:19,973: elbo_loss:159513.890625, custom_loss:0.0
2024-09-01 15:55:20,562: elbo_loss:152563.859375, custom_loss:0.0
2024-09-01 15:56:21,139: elbo_loss:143729.609375, custom_loss:0.0
2024-09-01 15:57:21,727: elbo_loss:132182.90625, custom_loss:0.0
2024-09-01 15:58:22,312: elbo_loss:123015.3203125, custom_loss:0.0
2024-09-01 15:59:22,883: elbo_loss:118111.78125, custom_loss:0.0
2024-09-01 16:00:23,444: elbo_loss:116103.90625, custom_loss:0.0
2024-09-01 16:00:23,455: [iteration 10001] loss: 9.4802
2024-09-01 16:01:24,028: elbo_loss:115140.328125, custom_loss:0.0
2024-09-01 16:02:24,402: saved causal model in: models_save/cfpup.pt
2024-09-01 16:02:24,408: =========== evaluation for cfp_up predictor ================: {'RMSE': 0.9077654956710146, 'MAE': 0.7331134214417376}
2024-09-01 16:02:24,791: saved VAE model in: models_save/vae.pt
2024-09-01 16:02:24,809: constant
2024-09-01 16:02:24,809: {'MMD': {'0_1': 0.0, '0_2': 0.0, '1_2': 0.0, 'Average': 0.0}, 'Wass': {'0_1': 0.6330661773681641, '0_2': 0.6330661773681641, '1_2': 0.6330661773681641, 'Average': 0.6330661773681641}}
2024-09-01 16:02:24,824: full
2024-09-01 16:02:24,824: {'MMD': {'0_1': 13922.71484375, '0_2': 56081.1875, '1_2': 14118.2197265625, 'Average': 28040.707356770832}, 'Wass': {'0_1': 71.17689514160156, '0_2': 142.435791015625, '1_2': 71.55233001708984, 'Average': 95.0550053914388}}
2024-09-01 16:02:24,839: unaware
2024-09-01 16:02:24,839: {'MMD': {'0_1': 2.4134724140167236, '0_2': 4.702722072601318, '1_2': 0.3782747983932495, 'Average': 2.498156428337097}, 'Wass': {'0_1': 1.3802893161773682, '0_2': 1.6956672668457031, '1_2': 0.9201154112815857, 'Average': 1.3320239981015523}}
2024-09-01 16:02:24,854: cfpu
2024-09-01 16:02:24,854: {'MMD': {'0_1': 37.8311767578125, '0_2': 5.10772180557251, '1_2': 15.137378692626953, 'Average': 19.358759085337322}, 'Wass': {'0_1': 10.619556427001953, '0_2': 10.25481128692627, '1_2': 10.023256301879883, 'Average': 10.299208005269369}}
2024-09-01 16:02:24,869: cfpup
2024-09-01 16:02:24,869: {'MMD': {'0_1': 18.139928817749023, '0_2': 2.449145793914795, '1_2': 7.258310317993164, 'Average': 9.282461643218994}, 'Wass': {'0_1': 7.419982433319092, '0_2': 7.16793966293335, '1_2': 7.008224010467529, 'Average': 7.198715368906657}}
