2024-09-01 16:02:41,449: Namespace(cudanum=3, dataset='law', seed=53, training=1, pyromodel='models_save/cfpup.pt', pyroparam='models_save/cfpup_param.pt', lrcausalmodel=0.001, alpha=100000.0, num_iterations_causalmodel=12000, epochs_vae=10, decoder_type='together', lr=0.002)
2024-09-01 16:02:41,450: Namespace(cudanum=3, dataset='law', seed=53, training=1, pyromodel='models_save/cfpup.pt', pyroparam='models_save/cfpup_param.pt', lrcausalmodel=0.001, alpha=100000.0, num_iterations_causalmodel=12000, epochs_vae=10, decoder_type='together', lr=0.002)
2024-09-01 16:02:41,478: =========== evaluation for constant predictor ================: {'RMSE': 0.9275566681560324, 'MAE': 0.749091289002164}
2024-09-01 16:02:41,481: =========== evaluation for full predictor ================: {'RMSE': 0.8821476571410778, 'MAE': 0.7138086088983635}
2024-09-01 16:02:41,482: =========== evaluation for unaware predictor ================: {'RMSE': 0.8894583862957466, 'MAE': 0.7182368939245409}
2024-09-01 16:02:44,287: [iteration 0001] loss: 184.7767
2024-09-01 16:03:19,038: [iteration 1001] loss: 27.3465
2024-09-01 16:03:53,902: [iteration 2001] loss: 15.0409
2024-09-01 16:04:28,796: [iteration 3001] loss: 14.0225
2024-09-01 16:05:03,699: [iteration 4001] loss: 13.8330
2024-09-01 16:05:38,595: [iteration 5001] loss: 13.6927
2024-09-01 16:06:13,491: [iteration 6001] loss: 13.5227
2024-09-01 16:06:48,371: [iteration 7001] loss: 13.2829
2024-09-01 16:07:23,250: [iteration 8001] loss: 12.9333
2024-09-01 16:07:58,161: [iteration 9001] loss: 12.3104
2024-09-01 16:08:33,046: [iteration 10001] loss: 11.1209
2024-09-01 16:09:07,931: [iteration 11001] loss: 9.9118
2024-09-01 16:09:42,782: saved causal model in: models_save/cfpup.pt
2024-09-01 16:09:42,786: =========== evaluation for cfp_u predictor ================: {'RMSE': 0.907491492753338, 'MAE': 0.7337660259659308}
2024-09-01 16:09:42,864: elbo_loss:2340536.25, custom_loss:22597.560546875
2024-09-01 16:09:42,876: [iteration 0001] loss: 192.9561
2024-09-01 16:10:43,497: elbo_loss:232739.890625, custom_loss:14711.73046875
2024-09-01 16:11:44,162: elbo_loss:202385.203125, custom_loss:9067.986328125
2024-09-01 16:12:44,777: elbo_loss:186129.625, custom_loss:9938.3388671875
2024-09-01 16:13:45,376: elbo_loss:175994.046875, custom_loss:9665.751953125
2024-09-01 16:14:45,950: elbo_loss:169347.1875, custom_loss:9525.705078125
2024-09-01 16:15:46,519: elbo_loss:160902.671875, custom_loss:9579.5830078125
2024-09-01 16:16:47,060: elbo_loss:148585.703125, custom_loss:9596.810546875
2024-09-01 16:17:47,584: elbo_loss:138625.25, custom_loss:9430.5205078125
2024-09-01 16:18:48,116: elbo_loss:133295.71875, custom_loss:9626.109375
2024-09-01 16:19:48,635: elbo_loss:131194.546875, custom_loss:9560.1962890625
2024-09-01 16:19:48,646: [iteration 10001] loss: 11.4930
2024-09-01 16:20:49,130: elbo_loss:130189.15625, custom_loss:9301.884765625
2024-09-01 16:21:49,386: saved causal model in: models_save/cfpup.pt
2024-09-01 16:21:49,391: =========== evaluation for cfp_up predictor ================: {'RMSE': 0.9087853114183089, 'MAE': 0.7339836616443706}
2024-09-01 16:21:49,768: saved VAE model in: models_save/vae.pt
2024-09-01 16:21:49,786: constant
2024-09-01 16:21:49,786: {'MMD': {'0_1': 0.0, '0_2': 0.0, '1_2': 0.0, 'Average': 0.0}, 'Wass': {'0_1': 0.6330661773681641, '0_2': 0.6330661773681641, '1_2': 0.6330661773681641, 'Average': 0.6330661773681641}}
2024-09-01 16:21:49,801: full
2024-09-01 16:21:49,801: {'MMD': {'0_1': 13904.134765625, '0_2': 56020.640625, '1_2': 14106.5517578125, 'Average': 28010.4423828125}, 'Wass': {'0_1': 71.13619995117188, '0_2': 142.36822509765625, '1_2': 71.5302963256836, 'Average': 95.0115737915039}}
2024-09-01 16:21:49,816: unaware
2024-09-01 16:21:49,816: {'MMD': {'0_1': 2.6989989280700684, '0_2': 5.353912353515625, '1_2': 0.450226753950119, 'Average': 2.834379345178604}, 'Wass': {'0_1': 1.4235153198242188, '0_2': 1.7728544473648071, '1_2': 0.9464209675788879, 'Average': 1.380930244922638}}
2024-09-01 16:21:49,831: cfpu
2024-09-01 16:21:49,831: {'MMD': {'0_1': 37.83095932006836, '0_2': 5.1076884269714355, '1_2': 15.137300491333008, 'Average': 19.358649412790935}, 'Wass': {'0_1': 10.607478141784668, '0_2': 10.246621131896973, '1_2': 10.014488220214844, 'Average': 10.289529164632162}}
2024-09-01 16:21:49,846: cfpup
2024-09-01 16:21:49,846: {'MMD': {'0_1': 17.44499969482422, '0_2': 2.3553051948547363, '1_2': 6.980273246765137, 'Average': 8.926859378814697}, 'Wass': {'0_1': 7.272940158843994, '0_2': 7.028519153594971, '1_2': 6.8714423179626465, 'Average': 7.057633876800537}}
