2024-09-01 16:21:54,174: Namespace(cudanum=0, dataset='law', seed=50, training=1, pyromodel='models_save/cfpup.pt', pyroparam='models_save/cfpup_param.pt', lrcausalmodel=0.001, alpha=0.0, num_iterations_causalmodel=70000, epochs_vae=10, decoder_type='together', lr=0.002)
2024-09-01 16:21:54,175: Namespace(cudanum=0, dataset='law', seed=50, training=1, pyromodel='models_save/cfpup.pt', pyroparam='models_save/cfpup_param.pt', lrcausalmodel=0.001, alpha=0.0, num_iterations_causalmodel=70000, epochs_vae=10, decoder_type='together', lr=0.002)
2024-09-01 16:21:54,205: =========== evaluation for constant predictor ================: {'RMSE': 0.9167934668005728, 'MAE': 0.7334379971115002}
2024-09-01 16:21:54,208: =========== evaluation for full predictor ================: {'RMSE': 0.8642435038680293, 'MAE': 0.6928120504534926}
2024-09-01 16:21:54,210: =========== evaluation for unaware predictor ================: {'RMSE': 0.8772728680708756, 'MAE': 0.7028238004363482}
2024-09-01 16:21:56,369: [iteration 0001] loss: 184.7724
2024-09-01 16:22:35,170: [iteration 1001] loss: 27.2974
2024-09-01 16:23:14,527: [iteration 2001] loss: 15.0527
2024-09-01 16:23:53,878: [iteration 3001] loss: 14.0308
2024-09-01 16:24:33,231: [iteration 4001] loss: 13.8368
2024-09-01 16:25:12,589: [iteration 5001] loss: 13.6917
2024-09-01 16:25:51,948: [iteration 6001] loss: 13.5191
2024-09-01 16:26:31,290: [iteration 7001] loss: 13.2894
2024-09-01 16:27:10,644: [iteration 8001] loss: 12.9314
2024-09-01 16:27:49,997: [iteration 9001] loss: 12.3143
2024-09-01 16:28:29,353: [iteration 10001] loss: 11.1220
2024-09-01 16:29:08,693: [iteration 11001] loss: 9.9139
2024-09-01 16:29:48,035: [iteration 12001] loss: 9.4440
2024-09-01 16:30:27,383: [iteration 13001] loss: 9.2145
2024-09-01 16:31:06,736: [iteration 14001] loss: 9.0880
2024-09-01 16:31:46,080: [iteration 15001] loss: 9.0188
2024-09-01 16:32:25,427: [iteration 16001] loss: 8.9814
2024-09-01 16:33:04,775: [iteration 17001] loss: 8.9553
2024-09-01 16:33:44,129: [iteration 18001] loss: 8.9421
2024-09-01 16:34:23,472: [iteration 19001] loss: 8.9349
2024-09-01 16:35:02,813: [iteration 20001] loss: 8.9305
2024-09-01 16:35:42,155: [iteration 21001] loss: 8.9273
2024-09-01 16:36:21,499: [iteration 22001] loss: 8.9258
2024-09-01 16:37:00,839: [iteration 23001] loss: 8.9234
2024-09-01 16:37:40,186: [iteration 24001] loss: 8.9228
2024-09-01 16:38:19,529: [iteration 25001] loss: 8.9230
2024-09-01 16:38:58,880: [iteration 26001] loss: 8.9234
2024-09-01 16:39:38,230: [iteration 27001] loss: 8.9231
2024-09-01 16:40:17,576: [iteration 28001] loss: 8.9229
2024-09-01 16:40:56,917: [iteration 29001] loss: 8.9224
2024-09-01 16:41:36,250: [iteration 30001] loss: 8.9224
2024-09-01 16:42:15,592: [iteration 31001] loss: 8.9226
2024-09-01 16:42:54,975: [iteration 32001] loss: 8.9224
2024-09-01 16:43:34,248: [iteration 33001] loss: 8.9218
2024-09-01 16:44:08,731: [iteration 34001] loss: 8.9228
2024-09-01 16:44:43,189: [iteration 35001] loss: 8.9232
2024-09-01 16:45:17,647: [iteration 36001] loss: 8.9226
2024-09-01 16:45:52,105: [iteration 37001] loss: 8.9228
2024-09-01 16:46:26,567: [iteration 38001] loss: 8.9226
2024-09-01 16:47:01,028: [iteration 39001] loss: 8.9225
2024-09-01 16:47:35,483: [iteration 40001] loss: 8.9217
2024-09-01 16:48:09,943: [iteration 41001] loss: 8.9220
2024-09-01 16:48:44,392: [iteration 42001] loss: 8.9223
2024-09-01 16:49:18,857: [iteration 43001] loss: 8.9223
2024-09-01 16:49:53,323: [iteration 44001] loss: 8.9216
2024-09-01 16:50:27,767: [iteration 45001] loss: 8.9219
2024-09-01 16:51:02,230: [iteration 46001] loss: 8.9226
2024-09-01 16:51:36,676: [iteration 47001] loss: 8.9217
2024-09-01 16:52:11,129: [iteration 48001] loss: 8.9227
2024-09-01 16:52:45,583: [iteration 49001] loss: 8.9232
2024-09-01 16:53:20,041: [iteration 50001] loss: 8.9232
2024-09-01 16:53:54,510: [iteration 51001] loss: 8.9220
2024-09-01 16:54:28,988: [iteration 52001] loss: 8.9228
2024-09-01 16:55:03,438: [iteration 53001] loss: 8.9224
2024-09-01 16:55:37,890: [iteration 54001] loss: 8.9234
2024-09-01 16:56:12,342: [iteration 55001] loss: 8.9231
2024-09-01 16:56:46,798: [iteration 56001] loss: 8.9228
2024-09-01 16:57:21,264: [iteration 57001] loss: 8.9219
2024-09-01 16:57:55,718: [iteration 58001] loss: 8.9227
2024-09-01 16:58:30,161: [iteration 59001] loss: 8.9230
2024-09-01 16:59:04,633: [iteration 60001] loss: 8.9221
2024-09-01 16:59:39,112: [iteration 61001] loss: 8.9223
2024-09-01 17:00:13,575: [iteration 62001] loss: 8.9222
2024-09-01 17:00:48,051: [iteration 63001] loss: 8.9225
2024-09-01 17:01:22,513: [iteration 64001] loss: 8.9212
2024-09-01 17:01:56,971: [iteration 65001] loss: 8.9231
2024-09-01 17:02:31,428: [iteration 66001] loss: 8.9229
2024-09-01 17:03:05,892: [iteration 67001] loss: 8.9238
2024-09-01 17:03:40,338: [iteration 68001] loss: 8.9235
2024-09-01 17:04:14,802: [iteration 69001] loss: 8.9222
2024-09-01 17:04:49,223: saved causal model in: models_save/cfpup.pt
2024-09-01 17:04:49,228: =========== evaluation for cfp_u predictor ================: {'RMSE': 0.9020018624877109, 'MAE': 0.7222331608446854}
2024-09-01 17:04:49,304: elbo_loss:2340507.25, custom_loss:0.0
2024-09-01 17:04:49,315: [iteration 0001] loss: 191.1086
2024-09-01 17:05:50,088: elbo_loss:227103.1875, custom_loss:0.0
2024-09-01 17:06:50,884: elbo_loss:189893.046875, custom_loss:0.0
2024-09-01 17:07:51,693: elbo_loss:169909.84375, custom_loss:0.0
2024-09-01 17:08:52,522: elbo_loss:159315.59375, custom_loss:0.0
2024-09-01 17:09:53,332: elbo_loss:152538.4375, custom_loss:0.0
2024-09-01 17:10:54,131: elbo_loss:143453.15625, custom_loss:0.0
2024-09-01 17:11:54,932: elbo_loss:131866.6875, custom_loss:0.0
2024-09-01 17:12:55,752: elbo_loss:122853.8671875, custom_loss:0.0
2024-09-01 17:13:56,512: elbo_loss:118117.359375, custom_loss:0.0
2024-09-01 17:14:57,302: elbo_loss:116042.2890625, custom_loss:0.0
2024-09-01 17:14:57,314: [iteration 10001] loss: 9.4752
2024-09-01 17:15:58,088: elbo_loss:115163.6640625, custom_loss:0.0
2024-09-01 17:16:58,864: elbo_loss:114720.109375, custom_loss:0.0
2024-09-01 17:17:59,630: elbo_loss:114514.6171875, custom_loss:0.0
2024-09-01 17:19:00,402: elbo_loss:114413.2421875, custom_loss:0.0
2024-09-01 17:20:01,171: elbo_loss:114348.609375, custom_loss:0.0
2024-09-01 17:21:04,795: elbo_loss:114313.625, custom_loss:0.0
2024-09-01 17:22:13,283: elbo_loss:114303.609375, custom_loss:0.0
2024-09-01 17:23:21,838: elbo_loss:114273.109375, custom_loss:0.0
2024-09-01 17:24:30,384: elbo_loss:114269.546875, custom_loss:0.0
2024-09-01 17:25:38,941: elbo_loss:114267.6171875, custom_loss:0.0
2024-09-01 17:25:38,955: [iteration 20001] loss: 9.3303
2024-09-01 17:26:47,498: elbo_loss:114281.609375, custom_loss:0.0
2024-09-01 17:27:56,031: elbo_loss:114258.6953125, custom_loss:0.0
2024-09-01 17:29:05,402: elbo_loss:114240.28125, custom_loss:0.0
2024-09-01 17:30:13,930: elbo_loss:114228.390625, custom_loss:0.0
2024-09-01 17:31:22,472: elbo_loss:114257.78125, custom_loss:0.0
2024-09-01 17:32:30,994: elbo_loss:114237.390625, custom_loss:0.0
2024-09-01 17:33:39,533: elbo_loss:114215.1875, custom_loss:0.0
2024-09-01 17:34:48,071: elbo_loss:114210.640625, custom_loss:0.0
2024-09-01 17:35:56,554: elbo_loss:114210.4453125, custom_loss:0.0
2024-09-01 17:37:07,860: elbo_loss:114181.4921875, custom_loss:0.0
2024-09-01 17:37:07,871: [iteration 30001] loss: 9.3232
2024-09-01 17:38:07,863: elbo_loss:114188.421875, custom_loss:0.0
2024-09-01 17:39:07,883: elbo_loss:114177.6875, custom_loss:0.0
2024-09-01 17:40:07,910: elbo_loss:114196.984375, custom_loss:0.0
2024-09-01 17:41:07,941: elbo_loss:114157.140625, custom_loss:0.0
2024-09-01 17:42:07,972: elbo_loss:114122.484375, custom_loss:0.0
2024-09-01 17:43:08,049: elbo_loss:114097.2578125, custom_loss:0.0
2024-09-01 17:44:08,076: elbo_loss:114097.6875, custom_loss:0.0
2024-09-01 17:45:08,104: elbo_loss:114097.359375, custom_loss:0.0
2024-09-01 17:46:08,157: elbo_loss:114117.3359375, custom_loss:0.0
2024-09-01 17:47:08,196: elbo_loss:114083.734375, custom_loss:0.0
2024-09-01 17:47:08,208: [iteration 40001] loss: 9.3152
2024-09-01 17:48:08,232: elbo_loss:114101.03125, custom_loss:0.0
2024-09-01 17:49:08,274: elbo_loss:114059.2421875, custom_loss:0.0
2024-09-01 17:50:08,321: elbo_loss:114028.3515625, custom_loss:0.0
2024-09-01 17:51:08,350: elbo_loss:114038.6796875, custom_loss:0.0
2024-09-01 17:52:08,373: elbo_loss:114046.3125, custom_loss:0.0
2024-09-01 17:53:08,399: elbo_loss:114057.4375, custom_loss:0.0
2024-09-01 17:54:08,415: elbo_loss:114064.8046875, custom_loss:0.0
2024-09-01 17:55:08,433: elbo_loss:114063.6015625, custom_loss:0.0
2024-09-01 17:56:08,461: elbo_loss:114048.34375, custom_loss:0.0
2024-09-01 17:57:08,479: elbo_loss:114039.1640625, custom_loss:0.0
2024-09-01 17:57:08,491: [iteration 50001] loss: 9.3116
2024-09-01 17:58:08,497: elbo_loss:114049.6640625, custom_loss:0.0
2024-09-01 17:59:08,513: elbo_loss:114081.3828125, custom_loss:0.0
2024-09-01 18:00:08,528: elbo_loss:114018.3515625, custom_loss:0.0
2024-09-01 18:01:08,543: elbo_loss:114046.421875, custom_loss:0.0
2024-09-01 18:02:08,563: elbo_loss:114039.1171875, custom_loss:0.0
2024-09-01 18:03:08,582: elbo_loss:114031.125, custom_loss:0.0
2024-09-01 18:04:08,608: elbo_loss:114043.2890625, custom_loss:0.0
2024-09-01 18:05:08,658: elbo_loss:114052.0546875, custom_loss:0.0
2024-09-01 18:06:08,695: elbo_loss:114041.0234375, custom_loss:0.0
2024-09-01 18:07:08,735: elbo_loss:113998.7421875, custom_loss:0.0
2024-09-01 18:07:08,747: [iteration 60001] loss: 9.3083
2024-09-01 18:08:08,781: elbo_loss:114023.265625, custom_loss:0.0
2024-09-01 18:09:08,806: elbo_loss:114050.5234375, custom_loss:0.0
2024-09-01 18:10:08,847: elbo_loss:114025.765625, custom_loss:0.0
2024-09-01 18:11:08,873: elbo_loss:114033.078125, custom_loss:0.0
2024-09-01 18:12:08,910: elbo_loss:114020.2265625, custom_loss:0.0
2024-09-01 18:13:08,955: elbo_loss:114028.2734375, custom_loss:0.0
2024-09-01 18:14:08,990: elbo_loss:114020.59375, custom_loss:0.0
2024-09-01 18:15:09,021: elbo_loss:114039.4296875, custom_loss:0.0
2024-09-01 18:16:09,067: elbo_loss:114039.09375, custom_loss:0.0
2024-09-01 18:17:09,058: saved causal model in: models_save/cfpup.pt
2024-09-01 18:17:09,064: =========== evaluation for cfp_up predictor ================: {'RMSE': 0.8904319558930388, 'MAE': 0.7126697418829434}
2024-09-01 18:17:09,139: saved VAE model in: models_save/vae.pt
2024-09-01 18:17:09,177: constant
2024-09-01 18:17:09,177: {'MMD': {'0_1': 0.0, '0_2': 0.0, '1_2': 0.0, 'Average': 0.0}, 'Wass': {'0_1': 0.6330661773681641, '0_2': 0.6330661773681641, '1_2': 0.6330661773681641, 'Average': 0.6330661773681641}}
2024-09-01 18:17:09,212: full
2024-09-01 18:17:09,212: {'MMD': {'0_1': 7892.41357421875, '0_2': 31570.40234375, '1_2': 7892.78759765625, 'Average': 15785.201171875}, 'Wass': {'0_1': 53.465450286865234, '0_2': 106.8216552734375, '1_2': 53.47416305541992, 'Average': 71.25375620524089}}
2024-09-01 18:17:09,247: unaware
2024-09-01 18:17:09,247: {'MMD': {'0_1': 732.869140625, '0_2': 2931.22705078125, '1_2': 732.744384765625, 'Average': 1465.613525390625}, 'Wass': {'0_1': 16.36907196044922, '0_2': 32.63068389892578, '1_2': 16.37490463256836, 'Average': 21.791553497314453}}
2024-09-01 18:17:09,281: cfpu
2024-09-01 18:17:09,281: {'MMD': {'0_1': 0.7826138138771057, '0_2': 2.6614792346954346, '1_2': 0.5576345920562744, 'Average': 1.3339092135429382}, 'Wass': {'0_1': 3.464420795440674, '0_2': 3.4253251552581787, '1_2': 3.378828287124634, 'Average': 3.4228580792744956}}
2024-09-01 18:17:09,313: cfpup
2024-09-01 18:17:09,313: {'MMD': {'0_1': 1.3622817993164062, '0_2': 4.6327972412109375, '1_2': 0.9706684350967407, 'Average': 2.3219158252080283}, 'Wass': {'0_1': 4.463937282562256, '0_2': 4.411294937133789, '1_2': 4.350372791290283, 'Average': 4.408535003662109}}
