2024-09-22 23:24:15,727: Namespace(cudanum=7, dataset='law', synthetic=1, seed=53, training=1, pyromodel='models_save/cfpup.pt', pyroparam='models_save/cfpup_param.pt', lrcausalmodel=0.001, alpha=10000.0, num_iterations_causalmodel=20000, epochs_vae=10, decoder_type='together', lr=0.002)
2024-09-22 23:24:15,729: Namespace(cudanum=7, dataset='law', synthetic=1, seed=53, training=1, pyromodel='models_save/cfpup.pt', pyroparam='models_save/cfpup_param.pt', lrcausalmodel=0.001, alpha=10000.0, num_iterations_causalmodel=20000, epochs_vae=10, decoder_type='together', lr=0.002)
2024-09-22 23:24:15,762: =========== evaluation for constant predictor ================: {'RMSE': 0.9324225082657746, 'MAE': 0.7516095706256555}
2024-09-22 23:24:15,766: =========== evaluation for full predictor ================: {'RMSE': 0.8802753975493797, 'MAE': 0.7099425986240434}
2024-09-22 23:24:15,768: =========== evaluation for unaware predictor ================: {'RMSE': 0.8905317575182867, 'MAE': 0.7188799247202043}
2024-09-22 23:24:17,850: [iteration 0001] loss: 138.5853
2024-09-22 23:24:26,589: [iteration 1001] loss: 20.5103
2024-09-22 23:24:35,082: [iteration 2001] loss: 11.2809
2024-09-22 23:24:43,063: [iteration 3001] loss: 10.5171
2024-09-22 23:24:50,523: [iteration 4001] loss: 10.3750
2024-09-22 23:24:57,967: [iteration 5001] loss: 10.2697
2024-09-22 23:25:05,404: [iteration 6001] loss: 10.1422
2024-09-22 23:25:12,844: [iteration 7001] loss: 9.9624
2024-09-22 23:25:20,284: [iteration 8001] loss: 9.7002
2024-09-22 23:25:27,722: [iteration 9001] loss: 9.2330
2024-09-22 23:25:35,037: [iteration 10001] loss: 8.3409
2024-09-22 23:25:42,179: [iteration 11001] loss: 7.4340
2024-09-22 23:25:49,379: [iteration 12001] loss: 7.0868
2024-09-22 23:25:56,567: [iteration 13001] loss: 6.9100
2024-09-22 23:26:03,652: [iteration 14001] loss: 6.8184
2024-09-22 23:26:10,797: [iteration 15001] loss: 6.7635
2024-09-22 23:26:17,853: [iteration 16001] loss: 6.7355
2024-09-22 23:26:24,971: [iteration 17001] loss: 6.7177
2024-09-22 23:26:32,106: [iteration 18001] loss: 6.7066
2024-09-22 23:26:39,168: [iteration 19001] loss: 6.7006
2024-09-22 23:26:46,277: saved causal model in: models_save/cfpup.pt
2024-09-22 23:26:46,284: =========== evaluation for cfp_u predictor ================: {'RMSE': 0.924496471238705, 'MAE': 0.7424087763252238}
2024-09-22 23:26:46,298: elbo_loss:2340415.75, custom_loss:2226.166015625
2024-09-22 23:26:46,303: [iteration 0001] loss: 143.4651
2024-09-22 23:26:58,603: elbo_loss:228917.21875, custom_loss:2802.490966796875
2024-09-22 23:27:10,844: elbo_loss:190233.125, custom_loss:2566.144775390625
2024-09-22 23:27:23,033: elbo_loss:164748.9375, custom_loss:4275.06005859375
2024-09-22 23:27:35,277: elbo_loss:153057.484375, custom_loss:5018.2841796875
2024-09-22 23:27:47,744: elbo_loss:142585.15625, custom_loss:5106.9521484375
2024-09-22 23:28:00,258: elbo_loss:134594.1875, custom_loss:5251.7548828125
2024-09-22 23:28:12,493: elbo_loss:128411.9375, custom_loss:5300.517578125
2024-09-22 23:28:24,719: elbo_loss:123598.1796875, custom_loss:5154.84521484375
2024-09-22 23:28:36,901: elbo_loss:120575.3828125, custom_loss:5286.6728515625
2024-09-22 23:28:49,174: elbo_loss:119017.6484375, custom_loss:5235.82177734375
2024-09-22 23:28:49,178: [iteration 10001] loss: 7.6094
2024-09-22 23:29:01,509: elbo_loss:118125.1640625, custom_loss:5245.17041015625
2024-09-22 23:29:13,810: elbo_loss:117549.078125, custom_loss:5259.404296875
2024-09-22 23:29:26,135: elbo_loss:117008.96875, custom_loss:5161.62744140625
2024-09-22 23:29:40,282: elbo_loss:116636.8125, custom_loss:5260.169921875
2024-09-22 23:30:00,401: elbo_loss:116312.9375, custom_loss:5191.376953125
2024-09-22 23:30:20,570: elbo_loss:116230.5703125, custom_loss:5194.1357421875
2024-09-22 23:30:40,633: elbo_loss:116079.78125, custom_loss:5103.77490234375
2024-09-22 23:31:00,457: elbo_loss:116080.3359375, custom_loss:5267.70068359375
2024-09-22 23:31:20,515: elbo_loss:115949.6953125, custom_loss:5280.26416015625
2024-09-22 23:31:40,625: saved causal model in: models_save/cfpup.pt
2024-09-22 23:31:40,630: =========== evaluation for cfp_up predictor ================: {'RMSE': 0.9040914919993487, 'MAE': 0.7258767792811649}
2024-09-22 23:31:40,642: Epoch: 0001, loss_train: 137.1299, loss_test: 137.6061, time: 0.0099s
2024-09-22 23:31:40,684: saved VAE model in: models_save/vae.pt
2024-09-22 23:31:40,696: constant
2024-09-22 23:31:40,696: {'MMD': {'0_1': 0.0, '0_2': 0.0, '1_2': 0.0, 'Average': 0.0}, 'Wass': {'0_1': 0.6330674886703491, '0_2': 0.6330674886703491, '1_2': 0.6330674886703491, 'Average': 0.6330674886703491}}
2024-09-22 23:31:40,705: full
2024-09-22 23:31:40,705: {'MMD': {'0_1': 12320.8564453125, '0_2': 49651.07421875, '1_2': 12505.0244140625, 'Average': 24825.651692708332}, 'Wass': {'0_1': 66.9579849243164, '0_2': 134.01242065429688, '1_2': 67.32930755615234, 'Average': 89.43323771158855}}
2024-09-22 23:31:40,713: unaware
2024-09-22 23:31:40,713: {'MMD': {'0_1': 2.4354991912841797, '0_2': 4.814365386962891, '1_2': 0.401395320892334, 'Average': 2.5504199663798013}, 'Wass': {'0_1': 1.3744215965270996, '0_2': 1.7066633701324463, '1_2': 0.9265406131744385, 'Average': 1.3358751932779949}}
2024-09-22 23:31:40,721: cfpu
2024-09-22 23:31:40,721: {'MMD': {'0_1': 21.149795532226562, '0_2': 45.26074981689453, '1_2': 4.531450271606445, 'Average': 23.647331873575848}, 'Wass': {'0_1': 5.955292701721191, '0_2': 6.032321453094482, '1_2': 5.9794230461120605, 'Average': 5.989012400309245}}
2024-09-22 23:31:40,729: cfpup
2024-09-22 23:31:40,729: {'MMD': {'0_1': 55.25239562988281, '0_2': 118.2403793334961, '1_2': 11.838029861450195, 'Average': 61.7769349416097}, 'Wass': {'0_1': 9.480311393737793, '0_2': 9.606049537658691, '1_2': 9.521066665649414, 'Average': 9.535809199015299}}
