2024-09-01 16:21:54,159: Namespace(cudanum=2, dataset='law', seed=52, training=1, pyromodel='models_save/cfpup.pt', pyroparam='models_save/cfpup_param.pt', lrcausalmodel=0.001, alpha=0.0, num_iterations_causalmodel=70000, epochs_vae=10, decoder_type='together', lr=0.002)
2024-09-01 16:21:54,160: Namespace(cudanum=2, dataset='law', seed=52, training=1, pyromodel='models_save/cfpup.pt', pyroparam='models_save/cfpup_param.pt', lrcausalmodel=0.001, alpha=0.0, num_iterations_causalmodel=70000, epochs_vae=10, decoder_type='together', lr=0.002)
2024-09-01 16:21:54,193: =========== evaluation for constant predictor ================: {'RMSE': 0.9242293614606009, 'MAE': 0.7420654844650884}
2024-09-01 16:21:54,196: =========== evaluation for full predictor ================: {'RMSE': 0.8732027023472552, 'MAE': 0.7005569256798195}
2024-09-01 16:21:54,198: =========== evaluation for unaware predictor ================: {'RMSE': 0.88326241873674, 'MAE': 0.7083086274068068}
2024-09-01 16:21:57,137: [iteration 0001] loss: 184.7659
2024-09-01 16:22:36,547: [iteration 1001] loss: 27.3136
2024-09-01 16:23:15,943: [iteration 2001] loss: 15.0483
2024-09-01 16:23:55,328: [iteration 3001] loss: 14.0222
2024-09-01 16:24:34,686: [iteration 4001] loss: 13.8366
2024-09-01 16:25:14,195: [iteration 5001] loss: 13.6933
2024-09-01 16:25:53,553: [iteration 6001] loss: 13.5201
2024-09-01 16:26:32,895: [iteration 7001] loss: 13.2874
2024-09-01 16:27:12,249: [iteration 8001] loss: 12.9324
2024-09-01 16:27:51,604: [iteration 9001] loss: 12.3133
2024-09-01 16:28:30,960: [iteration 10001] loss: 11.1181
2024-09-01 16:29:10,302: [iteration 11001] loss: 9.9141
2024-09-01 16:29:49,648: [iteration 12001] loss: 9.4445
2024-09-01 16:30:29,002: [iteration 13001] loss: 9.2150
2024-09-01 16:31:08,353: [iteration 14001] loss: 9.0892
2024-09-01 16:31:47,697: [iteration 15001] loss: 9.0204
2024-09-01 16:32:27,044: [iteration 16001] loss: 8.9801
2024-09-01 16:33:06,395: [iteration 17001] loss: 8.9562
2024-09-01 16:33:45,751: [iteration 18001] loss: 8.9419
2024-09-01 16:34:25,094: [iteration 19001] loss: 8.9339
2024-09-01 16:35:04,436: [iteration 20001] loss: 8.9299
2024-09-01 16:35:43,780: [iteration 21001] loss: 8.9275
2024-09-01 16:36:23,128: [iteration 22001] loss: 8.9269
2024-09-01 16:37:02,469: [iteration 23001] loss: 8.9241
2024-09-01 16:37:41,818: [iteration 24001] loss: 8.9232
2024-09-01 16:38:21,165: [iteration 25001] loss: 8.9229
2024-09-01 16:39:00,518: [iteration 26001] loss: 8.9230
2024-09-01 16:39:39,868: [iteration 27001] loss: 8.9225
2024-09-01 16:40:19,215: [iteration 28001] loss: 8.9221
2024-09-01 16:40:58,556: [iteration 29001] loss: 8.9219
2024-09-01 16:41:37,891: [iteration 30001] loss: 8.9220
2024-09-01 16:42:17,234: [iteration 31001] loss: 8.9223
2024-09-01 16:42:56,617: [iteration 32001] loss: 8.9225
2024-09-01 16:43:35,701: [iteration 33001] loss: 8.9239
2024-09-01 16:44:10,195: [iteration 34001] loss: 8.9234
2024-09-01 16:44:44,682: [iteration 35001] loss: 8.9227
2024-09-01 16:45:19,186: [iteration 36001] loss: 8.9228
2024-09-01 16:45:53,643: [iteration 37001] loss: 8.9229
2024-09-01 16:46:28,092: [iteration 38001] loss: 8.9227
2024-09-01 16:47:02,549: [iteration 39001] loss: 8.9226
2024-09-01 16:47:36,981: [iteration 40001] loss: 8.9227
2024-09-01 16:48:11,417: [iteration 41001] loss: 8.9225
2024-09-01 16:48:45,856: [iteration 42001] loss: 8.9221
2024-09-01 16:49:20,317: [iteration 43001] loss: 8.9218
2024-09-01 16:49:54,801: [iteration 44001] loss: 8.9221
2024-09-01 16:50:29,276: [iteration 45001] loss: 8.9225
2024-09-01 16:51:03,765: [iteration 46001] loss: 8.9237
2024-09-01 16:51:38,227: [iteration 47001] loss: 8.9224
2024-09-01 16:52:12,699: [iteration 48001] loss: 8.9220
2024-09-01 16:52:47,154: [iteration 49001] loss: 8.9229
2024-09-01 16:53:21,615: [iteration 50001] loss: 8.9230
2024-09-01 16:53:56,095: [iteration 51001] loss: 8.9230
2024-09-01 16:54:30,592: [iteration 52001] loss: 8.9219
2024-09-01 16:55:05,053: [iteration 53001] loss: 8.9225
2024-09-01 16:55:39,493: [iteration 54001] loss: 8.9235
2024-09-01 16:56:13,953: [iteration 55001] loss: 8.9221
2024-09-01 16:56:48,426: [iteration 56001] loss: 8.9225
2024-09-01 16:57:22,899: [iteration 57001] loss: 8.9232
2024-09-01 16:57:57,349: [iteration 58001] loss: 8.9218
2024-09-01 16:58:31,807: [iteration 59001] loss: 8.9229
2024-09-01 16:59:06,311: [iteration 60001] loss: 8.9223
2024-09-01 16:59:40,791: [iteration 61001] loss: 8.9221
2024-09-01 17:00:15,276: [iteration 62001] loss: 8.9237
2024-09-01 17:00:49,757: [iteration 63001] loss: 8.9221
2024-09-01 17:01:24,232: [iteration 64001] loss: 8.9224
2024-09-01 17:01:58,692: [iteration 65001] loss: 8.9230
2024-09-01 17:02:33,162: [iteration 66001] loss: 8.9226
2024-09-01 17:03:07,631: [iteration 67001] loss: 8.9220
2024-09-01 17:03:42,093: [iteration 68001] loss: 8.9226
2024-09-01 17:04:16,556: [iteration 69001] loss: 8.9223
2024-09-01 17:04:51,015: saved causal model in: models_save/cfpup.pt
2024-09-01 17:04:51,024: =========== evaluation for cfp_u predictor ================: {'RMSE': 0.9133857250630945, 'MAE': 0.7311511917271774}
2024-09-01 17:04:51,102: elbo_loss:2340775.5, custom_loss:0.0
2024-09-01 17:04:51,115: [iteration 0001] loss: 191.1305
2024-09-01 17:05:51,907: elbo_loss:225450.84375, custom_loss:0.0
2024-09-01 17:06:52,703: elbo_loss:188993.328125, custom_loss:0.0
2024-09-01 17:07:53,516: elbo_loss:168268.53125, custom_loss:0.0
2024-09-01 17:08:54,345: elbo_loss:158457.453125, custom_loss:0.0
2024-09-01 17:09:55,151: elbo_loss:152334.09375, custom_loss:0.0
2024-09-01 17:10:55,952: elbo_loss:143271.265625, custom_loss:0.0
2024-09-01 17:11:56,755: elbo_loss:132241.546875, custom_loss:0.0
2024-09-01 17:12:57,559: elbo_loss:123172.4609375, custom_loss:0.0
2024-09-01 17:13:58,334: elbo_loss:118324.984375, custom_loss:0.0
2024-09-01 17:14:59,120: elbo_loss:116234.03125, custom_loss:0.0
2024-09-01 17:14:59,132: [iteration 10001] loss: 9.4908
2024-09-01 17:15:59,910: elbo_loss:115304.75, custom_loss:0.0
2024-09-01 17:17:00,689: elbo_loss:114805.3125, custom_loss:0.0
2024-09-01 17:18:01,460: elbo_loss:114613.203125, custom_loss:0.0
2024-09-01 17:19:02,230: elbo_loss:114424.8359375, custom_loss:0.0
2024-09-01 17:20:03,000: elbo_loss:114355.5703125, custom_loss:0.0
2024-09-01 17:21:06,832: elbo_loss:114356.28125, custom_loss:0.0
2024-09-01 17:22:15,315: elbo_loss:114277.953125, custom_loss:0.0
2024-09-01 17:23:23,766: elbo_loss:114293.9921875, custom_loss:0.0
2024-09-01 17:24:32,249: elbo_loss:114285.0546875, custom_loss:0.0
2024-09-01 17:25:40,717: elbo_loss:114237.3671875, custom_loss:0.0
2024-09-01 17:25:40,729: [iteration 20001] loss: 9.3278
2024-09-01 17:26:49,222: elbo_loss:114251.828125, custom_loss:0.0
2024-09-01 17:27:57,748: elbo_loss:114284.2421875, custom_loss:0.0
2024-09-01 17:29:07,134: elbo_loss:114248.046875, custom_loss:0.0
2024-09-01 17:30:15,681: elbo_loss:114239.3359375, custom_loss:0.0
2024-09-01 17:31:24,198: elbo_loss:114227.3203125, custom_loss:0.0
2024-09-01 17:32:32,711: elbo_loss:114235.2578125, custom_loss:0.0
2024-09-01 17:33:41,257: elbo_loss:114231.6328125, custom_loss:0.0
2024-09-01 17:34:49,787: elbo_loss:114239.171875, custom_loss:0.0
2024-09-01 17:35:58,310: elbo_loss:114203.03125, custom_loss:0.0
2024-09-01 17:37:09,370: elbo_loss:114197.1328125, custom_loss:0.0
2024-09-01 17:37:09,381: [iteration 30001] loss: 9.3245
2024-09-01 17:38:09,403: elbo_loss:114221.484375, custom_loss:0.0
2024-09-01 17:39:09,424: elbo_loss:114173.46875, custom_loss:0.0
2024-09-01 17:40:09,449: elbo_loss:114163.203125, custom_loss:0.0
2024-09-01 17:41:09,500: elbo_loss:114183.3046875, custom_loss:0.0
2024-09-01 17:42:09,531: elbo_loss:114155.953125, custom_loss:0.0
2024-09-01 17:43:09,626: elbo_loss:114131.921875, custom_loss:0.0
2024-09-01 17:44:09,690: elbo_loss:114131.828125, custom_loss:0.0
2024-09-01 17:45:09,724: elbo_loss:114116.25, custom_loss:0.0
2024-09-01 17:46:09,787: elbo_loss:114075.5859375, custom_loss:0.0
2024-09-01 17:47:09,854: elbo_loss:114107.0703125, custom_loss:0.0
2024-09-01 17:47:09,866: [iteration 40001] loss: 9.3171
2024-09-01 17:48:09,915: elbo_loss:114088.734375, custom_loss:0.0
2024-09-01 17:49:09,979: elbo_loss:114084.9921875, custom_loss:0.0
2024-09-01 17:50:10,032: elbo_loss:114085.15625, custom_loss:0.0
2024-09-01 17:51:10,152: elbo_loss:114062.640625, custom_loss:0.0
2024-09-01 17:52:10,354: elbo_loss:114046.96875, custom_loss:0.0
2024-09-01 17:53:10,584: elbo_loss:114077.78125, custom_loss:0.0
2024-09-01 17:54:10,853: elbo_loss:114070.90625, custom_loss:0.0
2024-09-01 17:55:11,132: elbo_loss:114031.53125, custom_loss:0.0
2024-09-01 17:56:11,396: elbo_loss:114058.6796875, custom_loss:0.0
2024-09-01 17:57:11,659: elbo_loss:114049.4453125, custom_loss:0.0
2024-09-01 17:57:11,671: [iteration 50001] loss: 9.3124
2024-09-01 17:58:11,916: elbo_loss:114038.84375, custom_loss:0.0
2024-09-01 17:59:12,180: elbo_loss:114072.6796875, custom_loss:0.0
2024-09-01 18:00:12,431: elbo_loss:114068.875, custom_loss:0.0
2024-09-01 18:01:12,673: elbo_loss:114040.75, custom_loss:0.0
2024-09-01 18:02:12,943: elbo_loss:114049.0703125, custom_loss:0.0
2024-09-01 18:03:13,199: elbo_loss:114001.140625, custom_loss:0.0
2024-09-01 18:04:13,300: elbo_loss:114045.5234375, custom_loss:0.0
2024-09-01 18:05:13,349: elbo_loss:114017.703125, custom_loss:0.0
2024-09-01 18:06:13,408: elbo_loss:114033.3046875, custom_loss:0.0
2024-09-01 18:07:13,473: elbo_loss:114051.9375, custom_loss:0.0
2024-09-01 18:07:13,485: [iteration 60001] loss: 9.3126
2024-09-01 18:08:13,521: elbo_loss:114053.3828125, custom_loss:0.0
2024-09-01 18:09:13,572: elbo_loss:114043.375, custom_loss:0.0
2024-09-01 18:10:13,616: elbo_loss:114036.390625, custom_loss:0.0
2024-09-01 18:11:13,642: elbo_loss:114029.0546875, custom_loss:0.0
2024-09-01 18:12:13,699: elbo_loss:114047.90625, custom_loss:0.0
2024-09-01 18:13:13,756: elbo_loss:114027.1796875, custom_loss:0.0
2024-09-01 18:14:13,793: elbo_loss:114023.2734375, custom_loss:0.0
2024-09-01 18:15:13,847: elbo_loss:114032.625, custom_loss:0.0
2024-09-01 18:16:13,891: elbo_loss:114022.2578125, custom_loss:0.0
2024-09-01 18:17:11,651: saved causal model in: models_save/cfpup.pt
2024-09-01 18:17:11,656: =========== evaluation for cfp_up predictor ================: {'RMSE': 0.9025642935866286, 'MAE': 0.7244635318449584}
2024-09-01 18:17:12,019: saved VAE model in: models_save/vae.pt
2024-09-01 18:17:12,036: constant
2024-09-01 18:17:12,036: {'MMD': {'0_1': 0.0, '0_2': 0.0, '1_2': 0.0, 'Average': 0.0}, 'Wass': {'0_1': 0.6330661773681641, '0_2': 0.6330661773681641, '1_2': 0.6330661773681641, 'Average': 0.6330661773681641}}
2024-09-01 18:17:12,052: full
2024-09-01 18:17:12,052: {'MMD': {'0_1': 3986.0693359375, '0_2': 15933.91015625, '1_2': 3980.8857421875, 'Average': 7966.955078125}, 'Wass': {'0_1': 38.61080551147461, '0_2': 76.132568359375, '1_2': 38.565818786621094, 'Average': 51.1030642191569}}
2024-09-01 18:17:12,067: unaware
2024-09-01 18:17:12,067: {'MMD': {'0_1': 3419.253662109375, '0_2': 13687.6396484375, '1_2': 3424.567138671875, 'Average': 6843.820149739583}, 'Wass': {'0_1': 35.96298599243164, '0_2': 70.93909454345703, '1_2': 36.07133102416992, 'Average': 47.65780385335287}}
2024-09-01 18:17:12,082: cfpu
2024-09-01 18:17:12,082: {'MMD': {'0_1': 0.0005022684345021844, '0_2': 0.0005202373140491545, '1_2': 0.0020448537543416023, 'Average': 0.0010224531676309805}, 'Wass': {'0_1': 4.967291831970215, '0_2': 4.9900360107421875, '1_2': 4.968857288360596, 'Average': 4.975395043690999}}
2024-09-01 18:17:12,097: cfpup
2024-09-01 18:17:12,097: {'MMD': {'0_1': 0.0009557337616570294, '0_2': 0.0009854439413174987, '1_2': 0.0038821278139948845, 'Average': 0.0019411018389898043}, 'Wass': {'0_1': 6.74882698059082, '0_2': 6.780954360961914, '1_2': 6.751333236694336, 'Average': 6.7603715260823565}}
