2024-09-01 16:02:41,455: Namespace(cudanum=1, dataset='law', seed=51, training=1, pyromodel='models_save/cfpup.pt', pyroparam='models_save/cfpup_param.pt', lrcausalmodel=0.001, alpha=100000.0, num_iterations_causalmodel=12000, epochs_vae=10, decoder_type='together', lr=0.002)
2024-09-01 16:02:41,456: Namespace(cudanum=1, dataset='law', seed=51, training=1, pyromodel='models_save/cfpup.pt', pyroparam='models_save/cfpup_param.pt', lrcausalmodel=0.001, alpha=100000.0, num_iterations_causalmodel=12000, epochs_vae=10, decoder_type='together', lr=0.002)
2024-09-01 16:02:41,485: =========== evaluation for constant predictor ================: {'RMSE': 0.9175059961537937, 'MAE': 0.7380266048450319}
2024-09-01 16:02:41,488: =========== evaluation for full predictor ================: {'RMSE': 0.8640766126327115, 'MAE': 0.6971051284052866}
2024-09-01 16:02:41,490: =========== evaluation for unaware predictor ================: {'RMSE': 0.878023866374578, 'MAE': 0.7062602526592523}
2024-09-01 16:02:44,305: [iteration 0001] loss: 184.7848
2024-09-01 16:03:19,011: [iteration 1001] loss: 27.1976
2024-09-01 16:03:53,861: [iteration 2001] loss: 15.0593
2024-09-01 16:04:28,742: [iteration 3001] loss: 14.0212
2024-09-01 16:05:03,630: [iteration 4001] loss: 13.8366
2024-09-01 16:05:38,510: [iteration 5001] loss: 13.6925
2024-09-01 16:06:13,394: [iteration 6001] loss: 13.5196
2024-09-01 16:06:48,276: [iteration 7001] loss: 13.2860
2024-09-01 16:07:23,147: [iteration 8001] loss: 12.9307
2024-09-01 16:07:58,029: [iteration 9001] loss: 12.3157
2024-09-01 16:08:32,917: [iteration 10001] loss: 11.1249
2024-09-01 16:09:07,801: [iteration 11001] loss: 9.9176
2024-09-01 16:09:42,654: saved causal model in: models_save/cfpup.pt
2024-09-01 16:09:42,662: =========== evaluation for cfp_u predictor ================: {'RMSE': 0.893832484854211, 'MAE': 0.7171060470904047}
2024-09-01 16:09:42,739: elbo_loss:2340771.0, custom_loss:22177.751953125
2024-09-01 16:09:42,754: [iteration 0001] loss: 192.9410
2024-09-01 16:10:43,371: elbo_loss:231940.71875, custom_loss:14843.11328125
2024-09-01 16:11:44,029: elbo_loss:201838.53125, custom_loss:8855.5791015625
2024-09-01 16:12:44,657: elbo_loss:185332.9375, custom_loss:9704.4736328125
2024-09-01 16:13:45,252: elbo_loss:175499.96875, custom_loss:9611.2822265625
2024-09-01 16:14:45,825: elbo_loss:169440.21875, custom_loss:9704.580078125
2024-09-01 16:15:46,393: elbo_loss:161008.65625, custom_loss:9474.8515625
2024-09-01 16:16:46,930: elbo_loss:149060.1875, custom_loss:9436.5517578125
2024-09-01 16:17:47,454: elbo_loss:139025.203125, custom_loss:9445.6806640625
2024-09-01 16:18:47,991: elbo_loss:133807.09375, custom_loss:9627.919921875
2024-09-01 16:19:48,509: elbo_loss:131555.71875, custom_loss:9513.7197265625
2024-09-01 16:19:48,521: [iteration 10001] loss: 11.5187
2024-09-01 16:20:49,003: elbo_loss:130400.359375, custom_loss:9617.7412109375
2024-09-01 16:21:49,308: saved causal model in: models_save/cfpup.pt
2024-09-01 16:21:49,313: =========== evaluation for cfp_up predictor ================: {'RMSE': 0.8945207993048333, 'MAE': 0.7164835501891227}
2024-09-01 16:21:49,701: saved VAE model in: models_save/vae.pt
2024-09-01 16:21:49,718: constant
2024-09-01 16:21:49,719: {'MMD': {'0_1': 0.0, '0_2': 0.0, '1_2': 0.0, 'Average': 0.0}, 'Wass': {'0_1': 0.6330661773681641, '0_2': 0.6330661773681641, '1_2': 0.6330661773681641, 'Average': 0.6330661773681641}}
2024-09-01 16:21:49,734: full
2024-09-01 16:21:49,734: {'MMD': {'0_1': 12804.775390625, '0_2': 51219.08984375, '1_2': 12804.7666015625, 'Average': 25609.5439453125}, 'Wass': {'0_1': 68.00019836425781, '0_2': 135.95799255371094, '1_2': 67.99996185302734, 'Average': 90.65271759033203}}
2024-09-01 16:21:49,749: unaware
2024-09-01 16:21:49,749: {'MMD': {'0_1': 9.868649794952944e-05, '0_2': 0.0003915943088941276, '1_2': 9.711383609101176e-05, 'Average': 0.00019579821431155628}, 'Wass': {'0_1': 0.6711511611938477, '0_2': 0.6711573600769043, '1_2': 0.6710718274116516, 'Average': 0.6711267828941345}}
2024-09-01 16:21:49,764: cfpu
2024-09-01 16:21:49,764: {'MMD': {'0_1': 2.587007293186616e-05, '0_2': 2.92048880510265e-05, '1_2': 1.010549723901022e-07, 'Average': 1.839200531842759e-05}, 'Wass': {'0_1': 12.572433471679688, '0_2': 12.571578025817871, '1_2': 12.57309627532959, 'Average': 12.572369257609049}}
2024-09-01 16:21:49,779: cfpup
2024-09-01 16:21:49,779: {'MMD': {'0_1': 1.3364520782488398e-05, '0_2': 1.4551915228366852e-05, '1_2': 2.526374309752555e-08, 'Average': 9.313899917984259e-06}, 'Wass': {'0_1': 9.126769065856934, '0_2': 9.126212120056152, '1_2': 9.127266883850098, 'Average': 9.126749356587728}}
