2024-09-01 16:02:41,446: Namespace(cudanum=7, dataset='law', seed=53, training=1, pyromodel='models_save/cfpup.pt', pyroparam='models_save/cfpup_param.pt', lrcausalmodel=0.001, alpha=1000000.0, num_iterations_causalmodel=12000, epochs_vae=10, decoder_type='together', lr=0.002)
2024-09-01 16:02:41,447: Namespace(cudanum=7, dataset='law', seed=53, training=1, pyromodel='models_save/cfpup.pt', pyroparam='models_save/cfpup_param.pt', lrcausalmodel=0.001, alpha=1000000.0, num_iterations_causalmodel=12000, epochs_vae=10, decoder_type='together', lr=0.002)
2024-09-01 16:02:41,476: =========== evaluation for constant predictor ================: {'RMSE': 0.9275566681560324, 'MAE': 0.749091289002164}
2024-09-01 16:02:41,479: =========== evaluation for full predictor ================: {'RMSE': 0.8821476571410778, 'MAE': 0.7138086088983635}
2024-09-01 16:02:41,480: =========== evaluation for unaware predictor ================: {'RMSE': 0.8894583862957466, 'MAE': 0.7182368939245409}
2024-09-01 16:02:44,314: [iteration 0001] loss: 184.7767
2024-09-01 16:03:19,242: [iteration 1001] loss: 27.3465
2024-09-01 16:03:54,098: [iteration 2001] loss: 15.0409
2024-09-01 16:04:28,995: [iteration 3001] loss: 14.0225
2024-09-01 16:05:03,893: [iteration 4001] loss: 13.8330
2024-09-01 16:05:38,785: [iteration 5001] loss: 13.6927
2024-09-01 16:06:13,670: [iteration 6001] loss: 13.5227
2024-09-01 16:06:48,555: [iteration 7001] loss: 13.2829
2024-09-01 16:07:23,453: [iteration 8001] loss: 12.9333
2024-09-01 16:07:58,340: [iteration 9001] loss: 12.3104
2024-09-01 16:08:33,228: [iteration 10001] loss: 11.1209
2024-09-01 16:09:08,114: [iteration 11001] loss: 9.9118
2024-09-01 16:09:42,961: saved causal model in: models_save/cfpup.pt
2024-09-01 16:09:42,966: =========== evaluation for cfp_u predictor ================: {'RMSE': 0.907491492753338, 'MAE': 0.7337660259659308}
2024-09-01 16:09:43,042: elbo_loss:2340536.25, custom_loss:225975.609375
2024-09-01 16:09:43,055: [iteration 0001] loss: 209.5625
2024-09-01 16:10:43,681: elbo_loss:281791.9375, custom_loss:30605.533203125
2024-09-01 16:11:44,347: elbo_loss:232282.953125, custom_loss:16267.798828125
2024-09-01 16:12:44,962: elbo_loss:218720.875, custom_loss:14636.1435546875
2024-09-01 16:13:45,552: elbo_loss:211051.5625, custom_loss:13141.58203125
2024-09-01 16:14:46,126: elbo_loss:200902.6875, custom_loss:12010.6630859375
2024-09-01 16:15:46,693: elbo_loss:195270.34375, custom_loss:11556.9970703125
2024-09-01 16:16:47,226: elbo_loss:186302.53125, custom_loss:11299.9794921875
2024-09-01 16:17:47,745: elbo_loss:172432.5, custom_loss:10904.4150390625
2024-09-01 16:18:48,274: elbo_loss:161110.296875, custom_loss:11008.9365234375
2024-09-01 16:19:48,794: elbo_loss:156324.109375, custom_loss:10885.705078125
2024-09-01 16:19:48,805: [iteration 10001] loss: 13.6531
2024-09-01 16:20:49,287: elbo_loss:153878.421875, custom_loss:10519.5029296875
2024-09-01 16:21:49,465: saved causal model in: models_save/cfpup.pt
2024-09-01 16:21:49,470: =========== evaluation for cfp_up predictor ================: {'RMSE': 0.9107306479420351, 'MAE': 0.7356205113616618}
2024-09-01 16:21:49,851: saved VAE model in: models_save/vae.pt
2024-09-01 16:21:49,869: constant
2024-09-01 16:21:49,869: {'MMD': {'0_1': 0.0, '0_2': 0.0, '1_2': 0.0, 'Average': 0.0}, 'Wass': {'0_1': 0.6330661773681641, '0_2': 0.6330661773681641, '1_2': 0.6330661773681641, 'Average': 0.6330661773681641}}
2024-09-01 16:21:49,884: full
2024-09-01 16:21:49,884: {'MMD': {'0_1': 13904.15234375, '0_2': 56020.640625, '1_2': 14106.53125, 'Average': 28010.44140625}, 'Wass': {'0_1': 71.13619995117188, '0_2': 142.36819458007812, '1_2': 71.5302963256836, 'Average': 95.01156361897786}}
2024-09-01 16:21:49,899: unaware
2024-09-01 16:21:49,899: {'MMD': {'0_1': 2.6989989280700684, '0_2': 5.353912353515625, '1_2': 0.450226753950119, 'Average': 2.834379345178604}, 'Wass': {'0_1': 1.423526644706726, '0_2': 1.7728888988494873, '1_2': 0.946497917175293, 'Average': 1.3809711535771687}}
2024-09-01 16:21:49,914: cfpu
2024-09-01 16:21:49,914: {'MMD': {'0_1': 37.830928802490234, '0_2': 5.1076884269714355, '1_2': 15.137282371520996, 'Average': 19.358633200327557}, 'Wass': {'0_1': 10.60747241973877, '0_2': 10.24661636352539, '1_2': 10.014488220214844, 'Average': 10.289525667826334}}
2024-09-01 16:21:49,929: cfpup
2024-09-01 16:21:49,929: {'MMD': {'0_1': 18.208791732788086, '0_2': 2.4584357738494873, '1_2': 7.2858757972717285, 'Average': 9.3177011013031}, 'Wass': {'0_1': 7.425264835357666, '0_2': 7.175503730773926, '1_2': 7.014980792999268, 'Average': 7.205249786376953}}
