2024-09-01 15:43:15,044: Namespace(cudanum=6, dataset='law', seed=52, training=1, pyromodel='models_save/cfpup.pt', pyroparam='models_save/cfpup_param.pt', lrcausalmodel=0.001, alpha=10000.0, num_iterations_causalmodel=12000, epochs_vae=10, decoder_type='together', lr=0.002)
2024-09-01 15:43:15,045: Namespace(cudanum=6, dataset='law', seed=52, training=1, pyromodel='models_save/cfpup.pt', pyroparam='models_save/cfpup_param.pt', lrcausalmodel=0.001, alpha=10000.0, num_iterations_causalmodel=12000, epochs_vae=10, decoder_type='together', lr=0.002)
2024-09-01 15:43:15,078: =========== evaluation for constant predictor ================: {'RMSE': 0.9242293614606009, 'MAE': 0.7420654844650884}
2024-09-01 15:43:15,081: =========== evaluation for full predictor ================: {'RMSE': 0.8732027023472552, 'MAE': 0.7005569256798195}
2024-09-01 15:43:15,083: =========== evaluation for unaware predictor ================: {'RMSE': 0.88326241873674, 'MAE': 0.7083086274068068}
2024-09-01 15:43:17,931: [iteration 0001] loss: 184.7659
2024-09-01 15:43:53,046: [iteration 1001] loss: 27.3136
2024-09-01 15:44:28,297: [iteration 2001] loss: 15.0483
2024-09-01 15:45:03,303: [iteration 3001] loss: 14.0222
2024-09-01 15:45:38,228: [iteration 4001] loss: 13.8366
2024-09-01 15:46:13,177: [iteration 5001] loss: 13.6933
2024-09-01 15:46:48,160: [iteration 6001] loss: 13.5201
2024-09-01 15:47:23,145: [iteration 7001] loss: 13.2874
2024-09-01 15:47:58,121: [iteration 8001] loss: 12.9324
2024-09-01 15:48:33,118: [iteration 9001] loss: 12.3133
2024-09-01 15:49:08,121: [iteration 10001] loss: 11.1181
2024-09-01 15:49:43,129: [iteration 11001] loss: 9.9141
2024-09-01 15:50:18,085: saved causal model in: models_save/cfpup.pt
2024-09-01 15:50:18,094: =========== evaluation for cfp_u predictor ================: {'RMSE': 0.9069220342610691, 'MAE': 0.7261885236369361}
2024-09-01 15:50:18,170: elbo_loss:2340625.25, custom_loss:2254.803955078125
2024-09-01 15:50:18,184: [iteration 0001] loss: 191.3024
2024-09-01 15:51:18,766: elbo_loss:227271.5625, custom_loss:2783.656005859375
2024-09-01 15:52:19,361: elbo_loss:190964.015625, custom_loss:2547.427734375
2024-09-01 15:53:19,943: elbo_loss:171312.65625, custom_loss:4289.9482421875
2024-09-01 15:54:20,512: elbo_loss:161059.796875, custom_loss:4887.00634765625
2024-09-01 15:55:21,098: elbo_loss:154767.125, custom_loss:4968.7724609375
2024-09-01 15:56:21,676: elbo_loss:145932.015625, custom_loss:5144.38623046875
2024-09-01 15:57:22,265: elbo_loss:134392.984375, custom_loss:5017.44287109375
2024-09-01 15:58:22,846: elbo_loss:125189.7421875, custom_loss:5005.37158203125
2024-09-01 15:59:23,420: elbo_loss:120291.234375, custom_loss:5107.759765625
2024-09-01 16:00:23,979: elbo_loss:118047.7421875, custom_loss:5076.24609375
2024-09-01 16:00:23,991: [iteration 10001] loss: 10.0534
2024-09-01 16:01:24,562: elbo_loss:117211.3671875, custom_loss:5127.15380859375
2024-09-01 16:02:24,629: saved causal model in: models_save/cfpup.pt
2024-09-01 16:02:24,634: =========== evaluation for cfp_up predictor ================: {'RMSE': 0.907792607191428, 'MAE': 0.7273605240334738}
2024-09-01 16:02:25,006: saved VAE model in: models_save/vae.pt
2024-09-01 16:02:25,023: constant
2024-09-01 16:02:25,023: {'MMD': {'0_1': 0.0, '0_2': 0.0, '1_2': 0.0, 'Average': 0.0}, 'Wass': {'0_1': 0.6330661773681641, '0_2': 0.6330661773681641, '1_2': 0.6330661773681641, 'Average': 0.6330661773681641}}
2024-09-01 16:02:25,039: full
2024-09-01 16:02:25,039: {'MMD': {'0_1': 3986.062255859375, '0_2': 15933.873046875, '1_2': 3980.875732421875, 'Average': 7966.93701171875}, 'Wass': {'0_1': 38.61018371582031, '0_2': 76.13229370117188, '1_2': 38.565208435058594, 'Average': 51.102561950683594}}
2024-09-01 16:02:25,054: unaware
2024-09-01 16:02:25,054: {'MMD': {'0_1': 3419.253662109375, '0_2': 13687.6572265625, '1_2': 3424.57666015625, 'Average': 6843.829182942708}, 'Wass': {'0_1': 35.962669372558594, '0_2': 70.93872833251953, '1_2': 36.070953369140625, 'Average': 47.657450358072914}}
2024-09-01 16:02:25,069: cfpu
2024-09-01 16:02:25,069: {'MMD': {'0_1': 0.0015853061340749264, '0_2': 0.001636339002288878, '1_2': 0.006442886311560869, 'Average': 0.0032215104826415577}, 'Wass': {'0_1': 8.613072395324707, '0_2': 8.654790878295898, '1_2': 8.616551399230957, 'Average': 8.628138224283854}}
2024-09-01 16:02:25,084: cfpup
2024-09-01 16:02:25,084: {'MMD': {'0_1': 0.000780348083935678, '0_2': 0.0008004564442671835, '1_2': 0.003161481348797679, 'Average': 0.0015807619590001802}, 'Wass': {'0_1': 6.1000847816467285, '0_2': 6.128759860992432, '1_2': 6.102302074432373, 'Average': 6.110382239023845}}
