2024-09-01 18:17:21,760: Namespace(cudanum=3, dataset='law', seed=53, training=1, pyromodel='models_save/cfpup.pt', pyroparam='models_save/cfpup_param.pt', lrcausalmodel=0.001, alpha=100000.0, num_iterations_causalmodel=70000, epochs_vae=10, decoder_type='together', lr=0.002)
2024-09-01 18:17:21,761: Namespace(cudanum=3, dataset='law', seed=53, training=1, pyromodel='models_save/cfpup.pt', pyroparam='models_save/cfpup_param.pt', lrcausalmodel=0.001, alpha=100000.0, num_iterations_causalmodel=70000, epochs_vae=10, decoder_type='together', lr=0.002)
2024-09-01 18:17:21,789: =========== evaluation for constant predictor ================: {'RMSE': 0.9275566681560324, 'MAE': 0.749091289002164}
2024-09-01 18:17:21,792: =========== evaluation for full predictor ================: {'RMSE': 0.8821476571410778, 'MAE': 0.7138086088983635}
2024-09-01 18:17:21,794: =========== evaluation for unaware predictor ================: {'RMSE': 0.8894583862957466, 'MAE': 0.7182368939245409}
2024-09-01 18:17:24,493: [iteration 0001] loss: 184.7767
2024-09-01 18:17:59,545: [iteration 1001] loss: 27.3465
2024-09-01 18:18:34,622: [iteration 2001] loss: 15.0409
2024-09-01 18:19:09,683: [iteration 3001] loss: 14.0225
2024-09-01 18:19:44,861: [iteration 4001] loss: 13.8330
2024-09-01 18:20:20,042: [iteration 5001] loss: 13.6927
2024-09-01 18:20:55,343: [iteration 6001] loss: 13.5227
2024-09-01 18:21:30,665: [iteration 7001] loss: 13.2829
2024-09-01 18:22:05,948: [iteration 8001] loss: 12.9333
2024-09-01 18:22:41,209: [iteration 9001] loss: 12.3104
2024-09-01 18:23:16,512: [iteration 10001] loss: 11.1209
2024-09-01 18:23:51,828: [iteration 11001] loss: 9.9118
2024-09-01 18:24:27,122: [iteration 12001] loss: 9.4489
2024-09-01 18:25:02,229: [iteration 13001] loss: 9.2131
2024-09-01 18:25:37,207: [iteration 14001] loss: 9.0910
2024-09-01 18:26:12,172: [iteration 15001] loss: 9.0178
2024-09-01 18:26:47,129: [iteration 16001] loss: 8.9804
2024-09-01 18:27:22,248: [iteration 17001] loss: 8.9568
2024-09-01 18:27:57,693: [iteration 18001] loss: 8.9420
2024-09-01 18:28:33,142: [iteration 19001] loss: 8.9339
2024-09-01 18:29:08,573: [iteration 20001] loss: 8.9286
2024-09-01 18:29:44,013: [iteration 21001] loss: 8.9269
2024-09-01 18:30:19,270: [iteration 22001] loss: 8.9246
2024-09-01 18:30:54,194: [iteration 23001] loss: 8.9249
2024-09-01 18:31:29,185: [iteration 24001] loss: 8.9241
2024-09-01 18:32:04,171: [iteration 25001] loss: 8.9241
2024-09-01 18:32:39,146: [iteration 26001] loss: 8.9228
2024-09-01 18:33:14,134: [iteration 27001] loss: 8.9233
2024-09-01 18:33:49,117: [iteration 28001] loss: 8.9231
2024-09-01 18:34:24,173: [iteration 29001] loss: 8.9231
2024-09-01 18:34:59,223: [iteration 30001] loss: 8.9223
2024-09-01 18:35:34,222: [iteration 31001] loss: 8.9229
2024-09-01 18:36:09,264: [iteration 32001] loss: 8.9233
2024-09-01 18:36:44,775: [iteration 33001] loss: 8.9227
2024-09-01 18:37:20,169: [iteration 34001] loss: 8.9228
2024-09-01 18:37:55,544: [iteration 35001] loss: 8.9226
2024-09-01 18:38:30,950: [iteration 36001] loss: 8.9228
2024-09-01 18:39:06,346: [iteration 37001] loss: 8.9226
2024-09-01 18:39:41,707: [iteration 38001] loss: 8.9222
2024-09-01 18:40:17,045: [iteration 39001] loss: 8.9221
2024-09-01 18:40:52,339: [iteration 40001] loss: 8.9229
2024-09-01 18:41:27,650: [iteration 41001] loss: 8.9226
2024-09-01 18:42:02,865: [iteration 42001] loss: 8.9225
2024-09-01 18:42:37,852: [iteration 43001] loss: 8.9228
2024-09-01 18:43:12,832: [iteration 44001] loss: 8.9226
2024-09-01 18:43:47,788: [iteration 45001] loss: 8.9219
2024-09-01 18:44:22,761: [iteration 46001] loss: 8.9226
2024-09-01 18:44:57,704: [iteration 47001] loss: 8.9228
2024-09-01 18:45:32,664: [iteration 48001] loss: 8.9224
2024-09-01 18:46:07,625: [iteration 49001] loss: 8.9228
2024-09-01 18:46:42,574: [iteration 50001] loss: 8.9224
2024-09-01 18:47:17,530: [iteration 51001] loss: 8.9225
2024-09-01 18:47:52,490: [iteration 52001] loss: 8.9232
2024-09-01 18:48:27,466: [iteration 53001] loss: 8.9223
2024-09-01 18:49:02,464: [iteration 54001] loss: 8.9224
2024-09-01 18:49:37,446: [iteration 55001] loss: 8.9228
2024-09-01 18:50:12,448: [iteration 56001] loss: 8.9221
2024-09-01 18:50:47,447: [iteration 57001] loss: 8.9214
2024-09-01 18:51:22,422: [iteration 58001] loss: 8.9223
2024-09-01 18:51:57,413: [iteration 59001] loss: 8.9222
2024-09-01 18:52:32,404: [iteration 60001] loss: 8.9227
2024-09-01 18:53:07,405: [iteration 61001] loss: 8.9219
2024-09-01 18:53:42,401: [iteration 62001] loss: 8.9227
2024-09-01 18:54:17,410: [iteration 63001] loss: 8.9227
2024-09-01 18:54:52,410: [iteration 64001] loss: 8.9223
2024-09-01 18:55:27,413: [iteration 65001] loss: 8.9221
2024-09-01 18:56:02,416: [iteration 66001] loss: 8.9221
2024-09-01 18:56:37,415: [iteration 67001] loss: 8.9231
2024-09-01 18:57:12,417: [iteration 68001] loss: 8.9207
2024-09-01 18:57:47,410: [iteration 69001] loss: 8.9221
2024-09-01 18:58:22,356: saved causal model in: models_save/cfpup.pt
2024-09-01 18:58:22,361: =========== evaluation for cfp_u predictor ================: {'RMSE': 0.9141801695895886, 'MAE': 0.738398195365291}
2024-09-01 18:58:22,439: elbo_loss:2340522.75, custom_loss:22229.03515625
2024-09-01 18:58:22,452: [iteration 0001] loss: 192.9249
2024-09-01 18:59:23,242: elbo_loss:232125.796875, custom_loss:14849.71484375
2024-09-01 19:00:24,053: elbo_loss:202339.21875, custom_loss:8961.505859375
2024-09-01 19:01:24,866: elbo_loss:185986.84375, custom_loss:9881.44140625
2024-09-01 19:02:25,689: elbo_loss:175528.171875, custom_loss:9849.544921875
2024-09-01 19:03:26,509: elbo_loss:169523.25, custom_loss:9685.04296875
2024-09-01 19:04:27,316: elbo_loss:160945.484375, custom_loss:9601.384765625
2024-09-01 19:05:28,149: elbo_loss:148807.15625, custom_loss:9476.375
2024-09-01 19:06:28,959: elbo_loss:138645.59375, custom_loss:9638.3798828125
2024-09-01 19:07:29,796: elbo_loss:133483.84375, custom_loss:9360.8857421875
2024-09-01 19:08:30,602: elbo_loss:130995.0625, custom_loss:9221.556640625
2024-09-01 19:08:30,613: [iteration 10001] loss: 11.4491
2024-09-01 19:09:31,449: elbo_loss:130170.484375, custom_loss:9660.8037109375
2024-09-01 19:10:32,288: elbo_loss:129819.1328125, custom_loss:9413.23828125
2024-09-01 19:11:33,138: elbo_loss:129521.09375, custom_loss:9320.6044921875
2024-09-01 19:12:33,976: elbo_loss:129490.296875, custom_loss:9409.12109375
2024-09-01 19:13:34,842: elbo_loss:129382.71875, custom_loss:9291.7333984375
2024-09-01 19:14:35,671: elbo_loss:129313.0859375, custom_loss:9414.705078125
2024-09-01 19:15:36,490: elbo_loss:129276.4296875, custom_loss:9326.4775390625
2024-09-01 19:16:37,295: elbo_loss:129509.265625, custom_loss:9442.7841796875
2024-09-01 19:17:38,108: elbo_loss:129208.3203125, custom_loss:9517.287109375
2024-09-01 19:18:38,931: elbo_loss:129363.53125, custom_loss:9364.6708984375
2024-09-01 19:18:38,942: [iteration 20001] loss: 11.3275
2024-09-01 19:19:39,748: elbo_loss:129398.1015625, custom_loss:9594.265625
2024-09-01 19:20:40,572: elbo_loss:129274.6953125, custom_loss:9401.603515625
2024-09-01 19:21:41,383: elbo_loss:129397.6328125, custom_loss:9346.8154296875
2024-09-01 19:22:42,194: elbo_loss:129322.375, custom_loss:9421.4345703125
2024-09-01 19:23:43,037: elbo_loss:129226.421875, custom_loss:9530.431640625
2024-09-01 19:24:43,856: elbo_loss:129085.171875, custom_loss:9446.77734375
2024-09-01 19:25:44,717: elbo_loss:129285.6484375, custom_loss:9247.04296875
2024-09-01 19:26:45,569: elbo_loss:129355.8828125, custom_loss:9394.0009765625
2024-09-01 19:27:46,409: elbo_loss:129390.0390625, custom_loss:9592.896484375
2024-09-01 19:28:47,226: elbo_loss:129366.34375, custom_loss:9476.740234375
2024-09-01 19:28:47,237: [iteration 30001] loss: 11.3369
2024-09-01 19:29:48,064: elbo_loss:129216.421875, custom_loss:9368.63671875
2024-09-01 19:30:48,903: elbo_loss:129390.625, custom_loss:9380.955078125
2024-09-01 19:31:49,724: elbo_loss:129138.890625, custom_loss:9626.125
2024-09-01 19:32:50,563: elbo_loss:129407.765625, custom_loss:9479.5927734375
2024-09-01 19:33:51,421: elbo_loss:129260.375, custom_loss:9707.365234375
2024-09-01 19:34:52,293: elbo_loss:129263.4375, custom_loss:9365.8173828125
2024-09-01 19:35:53,145: elbo_loss:129204.75, custom_loss:9312.404296875
2024-09-01 19:36:54,006: elbo_loss:129124.2890625, custom_loss:9361.30859375
2024-09-01 19:37:54,847: elbo_loss:129264.046875, custom_loss:9354.876953125
2024-09-01 19:38:55,690: elbo_loss:129124.25, custom_loss:9390.7314453125
2024-09-01 19:38:55,702: [iteration 40001] loss: 11.3101
2024-09-01 19:39:56,541: elbo_loss:129134.3828125, custom_loss:9455.564453125
2024-09-01 19:40:57,386: elbo_loss:129217.3828125, custom_loss:9505.443359375
2024-09-01 19:41:58,229: elbo_loss:129210.6953125, custom_loss:9354.7890625
2024-09-01 19:42:59,103: elbo_loss:129192.3359375, custom_loss:9521.7041015625
2024-09-01 19:43:59,962: elbo_loss:129135.8515625, custom_loss:9517.23828125
2024-09-01 19:45:00,808: elbo_loss:129219.703125, custom_loss:9268.466796875
2024-09-01 19:46:01,668: elbo_loss:129124.8125, custom_loss:9589.142578125
2024-09-01 19:47:02,532: elbo_loss:129211.71875, custom_loss:9284.6171875
2024-09-01 19:48:03,363: elbo_loss:129087.9140625, custom_loss:9562.39453125
2024-09-01 19:49:04,200: elbo_loss:129102.921875, custom_loss:9551.283203125
2024-09-01 19:49:04,211: [iteration 50001] loss: 11.3215
2024-09-01 19:50:05,023: elbo_loss:129237.09375, custom_loss:9406.24609375
2024-09-01 19:51:05,859: elbo_loss:129024.875, custom_loss:9556.40234375
2024-09-01 19:52:06,674: elbo_loss:129285.5859375, custom_loss:9552.3017578125
2024-09-01 19:53:07,507: elbo_loss:129131.875, custom_loss:9447.45703125
2024-09-01 19:54:08,342: elbo_loss:129246.609375, custom_loss:9406.591796875
2024-09-01 19:55:09,215: elbo_loss:129069.5234375, custom_loss:9421.2138671875
2024-09-01 19:56:10,048: elbo_loss:129150.3671875, custom_loss:9460.1552734375
2024-09-01 19:57:10,858: elbo_loss:129135.546875, custom_loss:9620.4697265625
2024-09-01 19:58:11,706: elbo_loss:129292.921875, custom_loss:9407.26171875
2024-09-01 19:59:12,566: elbo_loss:129146.8515625, custom_loss:9530.7841796875
2024-09-01 19:59:12,578: [iteration 60001] loss: 11.3234
2024-09-01 20:00:13,399: elbo_loss:129068.34375, custom_loss:9557.8896484375
2024-09-01 20:01:14,277: elbo_loss:129112.625, custom_loss:9305.2197265625
2024-09-01 20:02:15,143: elbo_loss:129126.4765625, custom_loss:9396.580078125
2024-09-01 20:03:16,010: elbo_loss:129039.6875, custom_loss:9379.7392578125
2024-09-01 20:04:16,998: elbo_loss:129068.765625, custom_loss:9569.3427734375
2024-09-01 20:05:18,037: elbo_loss:129250.4453125, custom_loss:9277.2158203125
2024-09-01 20:06:19,042: elbo_loss:129016.78125, custom_loss:9424.873046875
2024-09-01 20:07:20,077: elbo_loss:129232.796875, custom_loss:9347.7529296875
2024-09-01 20:08:21,331: elbo_loss:129181.7109375, custom_loss:9666.021484375
2024-09-01 20:09:16,399: saved causal model in: models_save/cfpup.pt
2024-09-01 20:09:16,404: =========== evaluation for cfp_up predictor ================: {'RMSE': 0.9083414220870021, 'MAE': 0.7329834981513774}
2024-09-01 20:09:16,757: saved VAE model in: models_save/vae.pt
2024-09-01 20:09:16,775: constant
2024-09-01 20:09:16,775: {'MMD': {'0_1': 0.0, '0_2': 0.0, '1_2': 0.0, 'Average': 0.0}, 'Wass': {'0_1': 0.6330661773681641, '0_2': 0.6330661773681641, '1_2': 0.6330661773681641, 'Average': 0.6330661773681641}}
2024-09-01 20:09:16,791: full
2024-09-01 20:09:16,791: {'MMD': {'0_1': 13904.134765625, '0_2': 56020.640625, '1_2': 14106.5517578125, 'Average': 28010.4423828125}, 'Wass': {'0_1': 71.13619995117188, '0_2': 142.36822509765625, '1_2': 71.5302963256836, 'Average': 95.0115737915039}}
2024-09-01 20:09:16,806: unaware
2024-09-01 20:09:16,806: {'MMD': {'0_1': 2.6989989280700684, '0_2': 5.353912353515625, '1_2': 0.450226753950119, 'Average': 2.834379345178604}, 'Wass': {'0_1': 1.4235153198242188, '0_2': 1.7728544473648071, '1_2': 0.9464209675788879, 'Average': 1.380930244922638}}
2024-09-01 20:09:16,821: cfpu
2024-09-01 20:09:16,821: {'MMD': {'0_1': 11.369438171386719, '0_2': 1.5350394248962402, '1_2': 4.549231052398682, 'Average': 5.81790288289388}, 'Wass': {'0_1': 5.920788288116455, '0_2': 5.723877429962158, '1_2': 5.597452640533447, 'Average': 5.7473727862040205}}
2024-09-01 20:09:16,836: cfpup
2024-09-01 20:09:16,836: {'MMD': {'0_1': 20.307628631591797, '0_2': 2.741807460784912, '1_2': 8.125680923461914, 'Average': 10.391705671946207}, 'Wass': {'0_1': 7.828386306762695, '0_2': 7.56450891494751, '1_2': 7.394885063171387, 'Average': 7.595926761627197}}
