2024-09-01 15:43:15,031: Namespace(cudanum=0, dataset='law', seed=50, training=1, pyromodel='models_save/cfpup.pt', pyroparam='models_save/cfpup_param.pt', lrcausalmodel=0.001, alpha=0.0, num_iterations_causalmodel=12000, epochs_vae=10, decoder_type='together', lr=0.002)
2024-09-01 15:43:15,032: Namespace(cudanum=0, dataset='law', seed=50, training=1, pyromodel='models_save/cfpup.pt', pyroparam='models_save/cfpup_param.pt', lrcausalmodel=0.001, alpha=0.0, num_iterations_causalmodel=12000, epochs_vae=10, decoder_type='together', lr=0.002)
2024-09-01 15:43:15,065: =========== evaluation for constant predictor ================: {'RMSE': 0.9167934668005728, 'MAE': 0.7334379971115002}
2024-09-01 15:43:15,069: =========== evaluation for full predictor ================: {'RMSE': 0.8642435038680293, 'MAE': 0.6928120504534926}
2024-09-01 15:43:15,071: =========== evaluation for unaware predictor ================: {'RMSE': 0.8772728680708756, 'MAE': 0.7028238004363482}
2024-09-01 15:43:17,220: [iteration 0001] loss: 184.7724
2024-09-01 15:43:51,606: [iteration 1001] loss: 27.2974
2024-09-01 15:44:26,470: [iteration 2001] loss: 15.0527
2024-09-01 15:45:01,437: [iteration 3001] loss: 14.0308
2024-09-01 15:45:36,355: [iteration 4001] loss: 13.8368
2024-09-01 15:46:11,303: [iteration 5001] loss: 13.6917
2024-09-01 15:46:46,273: [iteration 6001] loss: 13.5191
2024-09-01 15:47:21,262: [iteration 7001] loss: 13.2894
2024-09-01 15:47:56,232: [iteration 8001] loss: 12.9314
2024-09-01 15:48:31,225: [iteration 9001] loss: 12.3143
2024-09-01 15:49:06,227: [iteration 10001] loss: 11.1220
2024-09-01 15:49:41,227: [iteration 11001] loss: 9.9139
2024-09-01 15:50:16,204: saved causal model in: models_save/cfpup.pt
2024-09-01 15:50:16,213: =========== evaluation for cfp_u predictor ================: {'RMSE': 0.8936116526232927, 'MAE': 0.7152287126425221}
2024-09-01 15:50:16,290: elbo_loss:2340397.0, custom_loss:0.0
2024-09-01 15:50:16,303: [iteration 0001] loss: 191.0996
2024-09-01 15:51:16,885: elbo_loss:227153.703125, custom_loss:0.0
2024-09-01 15:52:17,478: elbo_loss:189562.140625, custom_loss:0.0
2024-09-01 15:53:18,057: elbo_loss:170182.640625, custom_loss:0.0
2024-09-01 15:54:18,629: elbo_loss:159245.328125, custom_loss:0.0
2024-09-01 15:55:19,214: elbo_loss:152541.8125, custom_loss:0.0
2024-09-01 15:56:19,796: elbo_loss:143519.34375, custom_loss:0.0
2024-09-01 15:57:20,384: elbo_loss:132393.09375, custom_loss:0.0
2024-09-01 15:58:20,963: elbo_loss:123232.0859375, custom_loss:0.0
2024-09-01 15:59:21,537: elbo_loss:118378.4375, custom_loss:0.0
2024-09-01 16:00:22,099: elbo_loss:116200.375, custom_loss:0.0
2024-09-01 16:00:22,110: [iteration 10001] loss: 9.4881
2024-09-01 16:01:22,680: elbo_loss:115290.46875, custom_loss:0.0
2024-09-01 16:02:23,213: saved causal model in: models_save/cfpup.pt
2024-09-01 16:02:23,219: =========== evaluation for cfp_up predictor ================: {'RMSE': 0.8940470562784262, 'MAE': 0.7172456862478025}
2024-09-01 16:02:23,298: saved VAE model in: models_save/vae.pt
2024-09-01 16:02:23,335: constant
2024-09-01 16:02:23,335: {'MMD': {'0_1': 0.0, '0_2': 0.0, '1_2': 0.0, 'Average': 0.0}, 'Wass': {'0_1': 0.6330661773681641, '0_2': 0.6330661773681641, '1_2': 0.6330661773681641, 'Average': 0.6330661773681641}}
2024-09-01 16:02:23,370: full
2024-09-01 16:02:23,371: {'MMD': {'0_1': 7893.50048828125, '0_2': 31569.3828125, '1_2': 7891.19189453125, 'Average': 15784.691731770834}, 'Wass': {'0_1': 53.468441009521484, '0_2': 106.79768371582031, '1_2': 53.447078704833984, 'Average': 71.23773447672527}}
2024-09-01 16:02:23,405: unaware
2024-09-01 16:02:23,405: {'MMD': {'0_1': 732.4992065429688, '0_2': 2931.579833984375, '1_2': 733.2908325195312, 'Average': 1465.7899576822917}, 'Wass': {'0_1': 16.367647171020508, '0_2': 32.636871337890625, '1_2': 16.38152313232422, 'Average': 21.795347213745117}}
2024-09-01 16:02:23,440: cfpu
2024-09-01 16:02:23,440: {'MMD': {'0_1': 0.7549813985824585, '0_2': 11.17442798614502, '1_2': 6.120283126831055, 'Average': 6.016564170519511}, 'Wass': {'0_1': 5.994353294372559, '0_2': 5.958224296569824, '1_2': 6.047245979309082, 'Average': 5.999941190083821}}
2024-09-01 16:02:23,475: cfpup
2024-09-01 16:02:23,475: {'MMD': {'0_1': 0.3688426613807678, '0_2': 5.459370136260986, '1_2': 2.9901506900787354, 'Average': 2.93945449590683}, 'Wass': {'0_1': 4.277993679046631, '0_2': 4.252877235412598, '1_2': 4.314495086669922, 'Average': 4.28178866704305}}
