2024-09-01 16:21:54,095: Namespace(cudanum=4, dataset='law', seed=50, training=1, pyromodel='models_save/cfpup.pt', pyroparam='models_save/cfpup_param.pt', lrcausalmodel=0.001, alpha=10000.0, num_iterations_causalmodel=70000, epochs_vae=10, decoder_type='together', lr=0.002)
2024-09-01 16:21:54,096: Namespace(cudanum=4, dataset='law', seed=50, training=1, pyromodel='models_save/cfpup.pt', pyroparam='models_save/cfpup_param.pt', lrcausalmodel=0.001, alpha=10000.0, num_iterations_causalmodel=70000, epochs_vae=10, decoder_type='together', lr=0.002)
2024-09-01 16:21:54,128: =========== evaluation for constant predictor ================: {'RMSE': 0.9167934668005728, 'MAE': 0.7334379971115002}
2024-09-01 16:21:54,132: =========== evaluation for full predictor ================: {'RMSE': 0.8642435038680293, 'MAE': 0.6928120504534926}
2024-09-01 16:21:54,134: =========== evaluation for unaware predictor ================: {'RMSE': 0.8772728680708756, 'MAE': 0.7028238004363482}
2024-09-01 16:21:56,937: [iteration 0001] loss: 184.7724
2024-09-01 16:22:36,274: [iteration 1001] loss: 27.2974
2024-09-01 16:23:15,626: [iteration 2001] loss: 15.0527
2024-09-01 16:23:54,975: [iteration 3001] loss: 14.0308
2024-09-01 16:24:34,321: [iteration 4001] loss: 13.8368
2024-09-01 16:25:13,680: [iteration 5001] loss: 13.6917
2024-09-01 16:25:53,038: [iteration 6001] loss: 13.5191
2024-09-01 16:26:32,379: [iteration 7001] loss: 13.2894
2024-09-01 16:27:11,732: [iteration 8001] loss: 12.9314
2024-09-01 16:27:51,088: [iteration 9001] loss: 12.3143
2024-09-01 16:28:30,443: [iteration 10001] loss: 11.1220
2024-09-01 16:29:09,785: [iteration 11001] loss: 9.9139
2024-09-01 16:29:49,127: [iteration 12001] loss: 9.4440
2024-09-01 16:30:28,477: [iteration 13001] loss: 9.2145
2024-09-01 16:31:07,823: [iteration 14001] loss: 9.0880
2024-09-01 16:31:47,167: [iteration 15001] loss: 9.0188
2024-09-01 16:32:26,513: [iteration 16001] loss: 8.9814
2024-09-01 16:33:05,857: [iteration 17001] loss: 8.9553
2024-09-01 16:33:45,211: [iteration 18001] loss: 8.9421
2024-09-01 16:34:24,550: [iteration 19001] loss: 8.9349
2024-09-01 16:35:03,891: [iteration 20001] loss: 8.9305
2024-09-01 16:35:43,232: [iteration 21001] loss: 8.9273
2024-09-01 16:36:22,579: [iteration 22001] loss: 8.9258
2024-09-01 16:37:01,917: [iteration 23001] loss: 8.9234
2024-09-01 16:37:41,263: [iteration 24001] loss: 8.9228
2024-09-01 16:38:20,610: [iteration 25001] loss: 8.9230
2024-09-01 16:38:59,961: [iteration 26001] loss: 8.9234
2024-09-01 16:39:39,307: [iteration 27001] loss: 8.9231
2024-09-01 16:40:18,655: [iteration 28001] loss: 8.9229
2024-09-01 16:40:57,995: [iteration 29001] loss: 8.9224
2024-09-01 16:41:37,328: [iteration 30001] loss: 8.9224
2024-09-01 16:42:16,663: [iteration 31001] loss: 8.9226
2024-09-01 16:42:56,080: [iteration 32001] loss: 8.9224
2024-09-01 16:43:35,228: [iteration 33001] loss: 8.9218
2024-09-01 16:44:09,676: [iteration 34001] loss: 8.9228
2024-09-01 16:44:44,128: [iteration 35001] loss: 8.9232
2024-09-01 16:45:18,584: [iteration 36001] loss: 8.9226
2024-09-01 16:45:53,031: [iteration 37001] loss: 8.9228
2024-09-01 16:46:27,478: [iteration 38001] loss: 8.9226
2024-09-01 16:47:01,934: [iteration 39001] loss: 8.9225
2024-09-01 16:47:36,370: [iteration 40001] loss: 8.9217
2024-09-01 16:48:10,804: [iteration 41001] loss: 8.9220
2024-09-01 16:48:45,238: [iteration 42001] loss: 8.9223
2024-09-01 16:49:19,689: [iteration 43001] loss: 8.9223
2024-09-01 16:49:54,128: [iteration 44001] loss: 8.9216
2024-09-01 16:50:28,564: [iteration 45001] loss: 8.9219
2024-09-01 16:51:02,997: [iteration 46001] loss: 8.9226
2024-09-01 16:51:37,450: [iteration 47001] loss: 8.9217
2024-09-01 16:52:11,887: [iteration 48001] loss: 8.9227
2024-09-01 16:52:46,315: [iteration 49001] loss: 8.9232
2024-09-01 16:53:20,764: [iteration 50001] loss: 8.9232
2024-09-01 16:53:55,207: [iteration 51001] loss: 8.9220
2024-09-01 16:54:29,670: [iteration 52001] loss: 8.9228
2024-09-01 16:55:04,104: [iteration 53001] loss: 8.9224
2024-09-01 16:55:38,537: [iteration 54001] loss: 8.9234
2024-09-01 16:56:12,976: [iteration 55001] loss: 8.9231
2024-09-01 16:56:47,429: [iteration 56001] loss: 8.9228
2024-09-01 16:57:21,873: [iteration 57001] loss: 8.9219
2024-09-01 16:57:56,304: [iteration 58001] loss: 8.9227
2024-09-01 16:58:30,738: [iteration 59001] loss: 8.9230
2024-09-01 16:59:05,200: [iteration 60001] loss: 8.9221
2024-09-01 16:59:39,679: [iteration 61001] loss: 8.9223
2024-09-01 17:00:14,126: [iteration 62001] loss: 8.9222
2024-09-01 17:00:48,588: [iteration 63001] loss: 8.9225
2024-09-01 17:01:23,034: [iteration 64001] loss: 8.9212
2024-09-01 17:01:57,489: [iteration 65001] loss: 8.9231
2024-09-01 17:02:31,932: [iteration 66001] loss: 8.9229
2024-09-01 17:03:06,357: [iteration 67001] loss: 8.9238
2024-09-01 17:03:40,793: [iteration 68001] loss: 8.9235
2024-09-01 17:04:15,243: [iteration 69001] loss: 8.9222
2024-09-01 17:04:49,658: saved causal model in: models_save/cfpup.pt
2024-09-01 17:04:49,667: =========== evaluation for cfp_u predictor ================: {'RMSE': 0.9020018624877109, 'MAE': 0.7222331608446854}
2024-09-01 17:04:49,744: elbo_loss:2340507.25, custom_loss:2244.923095703125
2024-09-01 17:04:49,757: [iteration 0001] loss: 191.2919
2024-09-01 17:05:50,529: elbo_loss:227425.796875, custom_loss:2827.086669921875
2024-09-01 17:06:51,325: elbo_loss:191220.125, custom_loss:2548.52587890625
2024-09-01 17:07:52,139: elbo_loss:171809.203125, custom_loss:4346.72802734375
2024-09-01 17:08:52,970: elbo_loss:161376.96875, custom_loss:4979.91015625
2024-09-01 17:09:53,774: elbo_loss:154807.703125, custom_loss:5081.408203125
2024-09-01 17:10:54,564: elbo_loss:145678.359375, custom_loss:4937.12548828125
2024-09-01 17:11:55,376: elbo_loss:134002.3125, custom_loss:5108.71533203125
2024-09-01 17:12:56,180: elbo_loss:124830.5, custom_loss:5066.2900390625
2024-09-01 17:13:56,943: elbo_loss:120106.484375, custom_loss:5037.529296875
2024-09-01 17:14:57,733: elbo_loss:117950.8984375, custom_loss:5149.78955078125
2024-09-01 17:14:57,745: [iteration 10001] loss: 10.0515
2024-09-01 17:15:58,517: elbo_loss:117086.8671875, custom_loss:5049.76708984375
2024-09-01 17:16:59,295: elbo_loss:116578.0390625, custom_loss:5042.40576171875
2024-09-01 17:18:00,066: elbo_loss:116359.140625, custom_loss:5067.19287109375
2024-09-01 17:19:00,838: elbo_loss:116297.4453125, custom_loss:5142.06982421875
2024-09-01 17:20:01,607: elbo_loss:116358.0546875, custom_loss:5088.39599609375
2024-09-01 17:21:05,281: elbo_loss:116329.5390625, custom_loss:5073.3671875
2024-09-01 17:22:13,764: elbo_loss:116247.1796875, custom_loss:5105.9072265625
2024-09-01 17:23:22,248: elbo_loss:116268.6953125, custom_loss:5041.056640625
2024-09-01 17:24:30,728: elbo_loss:116169.3203125, custom_loss:5047.00244140625
2024-09-01 17:25:39,146: elbo_loss:116219.2421875, custom_loss:5009.9580078125
2024-09-01 17:25:39,159: [iteration 20001] loss: 9.8987
2024-09-01 17:26:47,662: elbo_loss:116257.7265625, custom_loss:5100.7880859375
2024-09-01 17:27:56,225: elbo_loss:116167.921875, custom_loss:4990.0751953125
2024-09-01 17:29:05,604: elbo_loss:116154.125, custom_loss:5062.53564453125
2024-09-01 17:30:14,131: elbo_loss:116212.078125, custom_loss:5100.29248046875
2024-09-01 17:31:22,639: elbo_loss:116130.71875, custom_loss:5084.5341796875
2024-09-01 17:32:31,191: elbo_loss:116156.8984375, custom_loss:5116.3583984375
2024-09-01 17:33:39,731: elbo_loss:116159.40625, custom_loss:5068.29443359375
2024-09-01 17:34:48,269: elbo_loss:116193.3828125, custom_loss:5053.20263671875
2024-09-01 17:35:56,752: elbo_loss:116254.1171875, custom_loss:5158.38671875
2024-09-01 17:37:08,023: elbo_loss:116077.3203125, custom_loss:5037.29248046875
2024-09-01 17:37:08,035: [iteration 30001] loss: 9.8893
2024-09-01 17:38:08,024: elbo_loss:116156.4453125, custom_loss:4980.76171875
2024-09-01 17:39:08,045: elbo_loss:116035.7265625, custom_loss:5149.318359375
2024-09-01 17:40:08,072: elbo_loss:116162.8125, custom_loss:5123.712890625
2024-09-01 17:41:08,108: elbo_loss:116141.484375, custom_loss:5056.9892578125
2024-09-01 17:42:08,142: elbo_loss:116156.1171875, custom_loss:5039.1787109375
2024-09-01 17:43:08,209: elbo_loss:116024.65625, custom_loss:5100.80224609375
2024-09-01 17:44:08,228: elbo_loss:116103.515625, custom_loss:5041.63671875
2024-09-01 17:45:08,259: elbo_loss:116035.78125, custom_loss:5030.298828125
2024-09-01 17:46:08,312: elbo_loss:116085.46875, custom_loss:5161.74609375
2024-09-01 17:47:08,355: elbo_loss:116023.796875, custom_loss:5168.294921875
2024-09-01 17:47:08,366: [iteration 40001] loss: 9.8957
2024-09-01 17:48:08,390: elbo_loss:116075.7890625, custom_loss:5046.41015625
2024-09-01 17:49:08,444: elbo_loss:115968.9921875, custom_loss:5091.32861328125
2024-09-01 17:50:08,495: elbo_loss:115971.328125, custom_loss:5123.88037109375
2024-09-01 17:51:08,522: elbo_loss:115932.203125, custom_loss:5153.923828125
2024-09-01 17:52:08,542: elbo_loss:115996.765625, custom_loss:5083.65771484375
2024-09-01 17:53:08,554: elbo_loss:116030.34375, custom_loss:5121.06494140625
2024-09-01 17:54:08,567: elbo_loss:115961.03125, custom_loss:5145.65771484375
2024-09-01 17:55:08,586: elbo_loss:115983.609375, custom_loss:5087.07763671875
2024-09-01 17:56:08,624: elbo_loss:115949.6015625, custom_loss:5156.17431640625
2024-09-01 17:57:08,641: elbo_loss:115902.546875, custom_loss:5043.02880859375
2024-09-01 17:57:08,652: [iteration 50001] loss: 9.8755
2024-09-01 17:58:08,658: elbo_loss:116021.859375, custom_loss:5069.12744140625
2024-09-01 17:59:08,672: elbo_loss:116087.5234375, custom_loss:5067.140625
2024-09-01 18:00:08,687: elbo_loss:115951.6484375, custom_loss:5108.83203125
2024-09-01 18:01:08,705: elbo_loss:115922.8671875, custom_loss:5046.6748046875
2024-09-01 18:02:08,734: elbo_loss:115964.046875, custom_loss:5106.69580078125
2024-09-01 18:03:08,752: elbo_loss:115898.5625, custom_loss:5079.98291015625
2024-09-01 18:04:08,770: elbo_loss:115911.7265625, custom_loss:5140.48974609375
2024-09-01 18:05:08,813: elbo_loss:115947.9453125, custom_loss:5103.740234375
2024-09-01 18:06:08,846: elbo_loss:115864.8359375, custom_loss:5143.896484375
2024-09-01 18:07:08,888: elbo_loss:115987.734375, custom_loss:5173.0029296875
2024-09-01 18:07:08,899: [iteration 60001] loss: 9.8931
2024-09-01 18:08:08,934: elbo_loss:116042.890625, custom_loss:5109.52197265625
2024-09-01 18:09:08,959: elbo_loss:116044.71875, custom_loss:5153.99560546875
2024-09-01 18:10:09,000: elbo_loss:116035.015625, custom_loss:5106.0546875
2024-09-01 18:11:09,027: elbo_loss:115888.328125, custom_loss:5104.642578125
2024-09-01 18:12:09,063: elbo_loss:115991.0234375, custom_loss:5136.61865234375
2024-09-01 18:13:09,110: elbo_loss:115972.5, custom_loss:5174.759765625
2024-09-01 18:14:09,144: elbo_loss:115968.140625, custom_loss:5047.43701171875
2024-09-01 18:15:09,177: elbo_loss:115898.546875, custom_loss:5092.4228515625
2024-09-01 18:16:09,224: elbo_loss:115979.4296875, custom_loss:5132.90234375
2024-09-01 18:17:09,276: saved causal model in: models_save/cfpup.pt
2024-09-01 18:17:09,285: =========== evaluation for cfp_up predictor ================: {'RMSE': 0.8910430356516404, 'MAE': 0.7131814714835579}
2024-09-01 18:17:09,656: saved VAE model in: models_save/vae.pt
2024-09-01 18:17:09,674: constant
2024-09-01 18:17:09,674: {'MMD': {'0_1': 0.0, '0_2': 0.0, '1_2': 0.0, 'Average': 0.0}, 'Wass': {'0_1': 0.6330661773681641, '0_2': 0.6330661773681641, '1_2': 0.6330661773681641, 'Average': 0.6330661773681641}}
2024-09-01 18:17:09,690: full
2024-09-01 18:17:09,690: {'MMD': {'0_1': 7891.26953125, '0_2': 31583.564453125, '1_2': 7900.513671875, 'Average': 15791.782552083334}, 'Wass': {'0_1': 53.461002349853516, '0_2': 106.84083557128906, '1_2': 53.4921760559082, 'Average': 71.2646713256836}}
2024-09-01 18:17:09,705: unaware
2024-09-01 18:17:09,705: {'MMD': {'0_1': 733.2564697265625, '0_2': 2926.77978515625, '1_2': 730.1350708007812, 'Average': 1463.3904418945312}, 'Wass': {'0_1': 16.372589111328125, '0_2': 32.60750961303711, '1_2': 16.344202041625977, 'Average': 21.77476692199707}}
2024-09-01 18:17:09,720: cfpu
2024-09-01 18:17:09,720: {'MMD': {'0_1': 1.7294869422912598, '0_2': 0.7055888175964355, '1_2': 4.644425868988037, 'Average': 2.3598338762919107}, 'Wass': {'0_1': 3.4363739490509033, '0_2': 3.521282196044922, '1_2': 3.501739263534546, 'Average': 3.4864651362101235}}
2024-09-01 18:17:09,735: cfpup
2024-09-01 18:17:09,735: {'MMD': {'0_1': 2.930482864379883, '0_2': 1.1955183744430542, '1_2': 7.869499206542969, 'Average': 3.9985001484553018}, 'Wass': {'0_1': 4.372364521026611, '0_2': 4.484020709991455, '1_2': 4.457601070404053, 'Average': 4.437995433807373}}
