2024-09-01 16:02:41,441: Namespace(cudanum=2, dataset='law', seed=52, training=1, pyromodel='models_save/cfpup.pt', pyroparam='models_save/cfpup_param.pt', lrcausalmodel=0.001, alpha=100000.0, num_iterations_causalmodel=12000, epochs_vae=10, decoder_type='together', lr=0.002)
2024-09-01 16:02:41,442: Namespace(cudanum=2, dataset='law', seed=52, training=1, pyromodel='models_save/cfpup.pt', pyroparam='models_save/cfpup_param.pt', lrcausalmodel=0.001, alpha=100000.0, num_iterations_causalmodel=12000, epochs_vae=10, decoder_type='together', lr=0.002)
2024-09-01 16:02:41,473: =========== evaluation for constant predictor ================: {'RMSE': 0.9242293614606009, 'MAE': 0.7420654844650884}
2024-09-01 16:02:41,476: =========== evaluation for full predictor ================: {'RMSE': 0.8732027023472552, 'MAE': 0.7005569256798195}
2024-09-01 16:02:41,478: =========== evaluation for unaware predictor ================: {'RMSE': 0.88326241873674, 'MAE': 0.7083086274068068}
2024-09-01 16:02:44,257: [iteration 0001] loss: 184.7659
2024-09-01 16:03:19,427: [iteration 1001] loss: 27.3136
2024-09-01 16:03:54,662: [iteration 2001] loss: 15.0483
2024-09-01 16:04:29,560: [iteration 3001] loss: 14.0222
2024-09-01 16:05:04,459: [iteration 4001] loss: 13.8366
2024-09-01 16:05:39,346: [iteration 5001] loss: 13.6933
2024-09-01 16:06:14,245: [iteration 6001] loss: 13.5201
2024-09-01 16:06:49,141: [iteration 7001] loss: 13.2874
2024-09-01 16:07:24,036: [iteration 8001] loss: 12.9324
2024-09-01 16:07:58,931: [iteration 9001] loss: 12.3133
2024-09-01 16:08:33,820: [iteration 10001] loss: 11.1181
2024-09-01 16:09:08,727: [iteration 11001] loss: 9.9141
2024-09-01 16:09:43,596: saved causal model in: models_save/cfpup.pt
2024-09-01 16:09:43,606: =========== evaluation for cfp_u predictor ================: {'RMSE': 0.9069220342610691, 'MAE': 0.7261885236369361}
2024-09-01 16:09:43,682: elbo_loss:2340625.25, custom_loss:22548.041015625
2024-09-01 16:09:43,695: [iteration 0001] loss: 192.9594
2024-09-01 16:10:44,333: elbo_loss:232367.84375, custom_loss:14669.576171875
2024-09-01 16:11:44,991: elbo_loss:202366.5625, custom_loss:8947.3447265625
2024-09-01 16:12:45,602: elbo_loss:185585.9375, custom_loss:9780.4736328125
2024-09-01 16:13:46,196: elbo_loss:175390.40625, custom_loss:9616.56640625
2024-09-01 16:14:46,770: elbo_loss:169449.421875, custom_loss:9440.876953125
2024-09-01 16:15:47,340: elbo_loss:160938.328125, custom_loss:9677.150390625
2024-09-01 16:16:47,881: elbo_loss:148838.71875, custom_loss:9373.5185546875
2024-09-01 16:17:48,406: elbo_loss:138856.265625, custom_loss:9323.34765625
2024-09-01 16:18:48,936: elbo_loss:133617.09375, custom_loss:9499.5341796875
2024-09-01 16:19:49,453: elbo_loss:131114.75, custom_loss:9444.6826171875
2024-09-01 16:19:49,465: [iteration 10001] loss: 11.4771
2024-09-01 16:20:49,949: elbo_loss:130336.859375, custom_loss:9530.357421875
2024-09-01 16:21:49,667: saved causal model in: models_save/cfpup.pt
2024-09-01 16:21:49,671: =========== evaluation for cfp_up predictor ================: {'RMSE': 0.9084858601053383, 'MAE': 0.727892873823504}
2024-09-01 16:21:50,144: saved VAE model in: models_save/vae.pt
2024-09-01 16:21:50,256: constant
2024-09-01 16:21:50,256: {'MMD': {'0_1': 0.0, '0_2': 0.0, '1_2': 0.0, 'Average': 0.0}, 'Wass': {'0_1': 0.6330661773681641, '0_2': 0.6330661773681641, '1_2': 0.6330661773681641, 'Average': 0.6330661773681641}}
2024-09-01 16:21:50,271: full
2024-09-01 16:21:50,271: {'MMD': {'0_1': 3986.0498046875, '0_2': 15933.84765625, '1_2': 3980.875732421875, 'Average': 7966.924397786458}, 'Wass': {'0_1': 38.610023498535156, '0_2': 76.1322021484375, '1_2': 38.56502914428711, 'Average': 51.10241826375326}}
2024-09-01 16:21:50,287: unaware
2024-09-01 16:21:50,287: {'MMD': {'0_1': 3419.258056640625, '0_2': 13687.6806640625, '1_2': 3424.583740234375, 'Average': 6843.8408203125}, 'Wass': {'0_1': 35.962589263916016, '0_2': 70.93866729736328, '1_2': 36.070884704589844, 'Average': 47.65738042195638}}
2024-09-01 16:21:50,302: cfpu
2024-09-01 16:21:50,302: {'MMD': {'0_1': 0.0015916412230581045, '0_2': 0.0016235049115493894, '1_2': 0.006430134177207947, 'Average': 0.0032150934372718134}, 'Wass': {'0_1': 8.61214828491211, '0_2': 8.653899192810059, '1_2': 8.615684509277344, 'Average': 8.627243995666504}}
2024-09-01 16:21:50,317: cfpup
2024-09-01 16:21:50,317: {'MMD': {'0_1': 0.0007561185630038381, '0_2': 0.0007781295571476221, '1_2': 0.0030683386139571667, 'Average': 0.0015341955780362089}, 'Wass': {'0_1': 6.0219244956970215, '0_2': 6.050173759460449, '1_2': 6.024135589599609, 'Average': 6.03207794825236}}
