2024-09-01 18:17:21,717: Namespace(cudanum=4, dataset='law', seed=50, training=1, pyromodel='models_save/cfpup.pt', pyroparam='models_save/cfpup_param.pt', lrcausalmodel=0.001, alpha=1000000.0, num_iterations_causalmodel=70000, epochs_vae=10, decoder_type='together', lr=0.002)
2024-09-01 18:17:21,718: Namespace(cudanum=4, dataset='law', seed=50, training=1, pyromodel='models_save/cfpup.pt', pyroparam='models_save/cfpup_param.pt', lrcausalmodel=0.001, alpha=1000000.0, num_iterations_causalmodel=70000, epochs_vae=10, decoder_type='together', lr=0.002)
2024-09-01 18:17:21,746: =========== evaluation for constant predictor ================: {'RMSE': 0.9167934668005728, 'MAE': 0.7334379971115002}
2024-09-01 18:17:21,749: =========== evaluation for full predictor ================: {'RMSE': 0.8642435038680293, 'MAE': 0.6928120504534926}
2024-09-01 18:17:21,751: =========== evaluation for unaware predictor ================: {'RMSE': 0.8772728680708756, 'MAE': 0.7028238004363482}
2024-09-01 18:17:24,088: [iteration 0001] loss: 184.7724
2024-09-01 18:17:59,302: [iteration 1001] loss: 27.2974
2024-09-01 18:18:34,793: [iteration 2001] loss: 15.0527
2024-09-01 18:19:10,357: [iteration 3001] loss: 14.0308
2024-09-01 18:19:45,729: [iteration 4001] loss: 13.8368
2024-09-01 18:20:21,085: [iteration 5001] loss: 13.6917
2024-09-01 18:20:56,578: [iteration 6001] loss: 13.5191
2024-09-01 18:21:32,068: [iteration 7001] loss: 13.2894
2024-09-01 18:22:07,549: [iteration 8001] loss: 12.9314
2024-09-01 18:22:43,034: [iteration 9001] loss: 12.3143
2024-09-01 18:23:18,479: [iteration 10001] loss: 11.1220
2024-09-01 18:23:53,954: [iteration 11001] loss: 9.9139
2024-09-01 18:24:29,437: [iteration 12001] loss: 9.4440
2024-09-01 18:25:04,893: [iteration 13001] loss: 9.2145
2024-09-01 18:25:40,347: [iteration 14001] loss: 9.0880
2024-09-01 18:26:15,818: [iteration 15001] loss: 9.0188
2024-09-01 18:26:51,286: [iteration 16001] loss: 8.9814
2024-09-01 18:27:26,730: [iteration 17001] loss: 8.9553
2024-09-01 18:28:02,200: [iteration 18001] loss: 8.9421
2024-09-01 18:28:37,637: [iteration 19001] loss: 8.9349
2024-09-01 18:29:13,096: [iteration 20001] loss: 8.9305
2024-09-01 18:29:48,544: [iteration 21001] loss: 8.9273
2024-09-01 18:30:23,900: [iteration 22001] loss: 8.9258
2024-09-01 18:30:59,365: [iteration 23001] loss: 8.9234
2024-09-01 18:31:34,838: [iteration 24001] loss: 8.9228
2024-09-01 18:32:10,315: [iteration 25001] loss: 8.9230
2024-09-01 18:32:45,757: [iteration 26001] loss: 8.9234
2024-09-01 18:33:21,206: [iteration 27001] loss: 8.9231
2024-09-01 18:33:56,553: [iteration 28001] loss: 8.9229
2024-09-01 18:34:31,543: [iteration 29001] loss: 8.9224
2024-09-01 18:35:06,542: [iteration 30001] loss: 8.9224
2024-09-01 18:35:41,545: [iteration 31001] loss: 8.9226
2024-09-01 18:36:16,549: [iteration 32001] loss: 8.9224
2024-09-01 18:36:51,526: [iteration 33001] loss: 8.9218
2024-09-01 18:37:26,492: [iteration 34001] loss: 8.9228
2024-09-01 18:38:01,466: [iteration 35001] loss: 8.9232
2024-09-01 18:38:36,419: [iteration 36001] loss: 8.9226
2024-09-01 18:39:11,371: [iteration 37001] loss: 8.9228
2024-09-01 18:39:46,306: [iteration 38001] loss: 8.9226
2024-09-01 18:40:21,239: [iteration 39001] loss: 8.9225
2024-09-01 18:40:56,180: [iteration 40001] loss: 8.9217
2024-09-01 18:41:31,088: [iteration 41001] loss: 8.9220
2024-09-01 18:42:06,006: [iteration 42001] loss: 8.9223
2024-09-01 18:42:40,981: [iteration 43001] loss: 8.9223
2024-09-01 18:43:15,941: [iteration 44001] loss: 8.9216
2024-09-01 18:43:50,890: [iteration 45001] loss: 8.9219
2024-09-01 18:44:25,835: [iteration 46001] loss: 8.9226
2024-09-01 18:45:00,761: [iteration 47001] loss: 8.9217
2024-09-01 18:45:35,704: [iteration 48001] loss: 8.9227
2024-09-01 18:46:10,633: [iteration 49001] loss: 8.9232
2024-09-01 18:46:45,588: [iteration 50001] loss: 8.9232
2024-09-01 18:47:20,542: [iteration 51001] loss: 8.9220
2024-09-01 18:47:55,495: [iteration 52001] loss: 8.9228
2024-09-01 18:48:30,462: [iteration 53001] loss: 8.9224
2024-09-01 18:49:05,447: [iteration 54001] loss: 8.9234
2024-09-01 18:49:40,428: [iteration 55001] loss: 8.9231
2024-09-01 18:50:15,435: [iteration 56001] loss: 8.9228
2024-09-01 18:50:50,428: [iteration 57001] loss: 8.9219
2024-09-01 18:51:25,404: [iteration 58001] loss: 8.9227
2024-09-01 18:52:00,386: [iteration 59001] loss: 8.9230
2024-09-01 18:52:35,382: [iteration 60001] loss: 8.9221
2024-09-01 18:53:10,374: [iteration 61001] loss: 8.9223
2024-09-01 18:53:45,359: [iteration 62001] loss: 8.9222
2024-09-01 18:54:20,352: [iteration 63001] loss: 8.9225
2024-09-01 18:54:55,354: [iteration 64001] loss: 8.9212
2024-09-01 18:55:30,351: [iteration 65001] loss: 8.9231
2024-09-01 18:56:05,339: [iteration 66001] loss: 8.9229
2024-09-01 18:56:40,334: [iteration 67001] loss: 8.9238
2024-09-01 18:57:15,333: [iteration 68001] loss: 8.9235
2024-09-01 18:57:50,314: [iteration 69001] loss: 8.9222
2024-09-01 18:58:25,220: saved causal model in: models_save/cfpup.pt
2024-09-01 18:58:25,229: =========== evaluation for cfp_u predictor ================: {'RMSE': 0.9020018624877109, 'MAE': 0.7222331608446854}
2024-09-01 18:58:25,306: elbo_loss:2340507.25, custom_loss:224492.3125
2024-09-01 18:58:25,319: [iteration 0001] loss: 209.4390
2024-09-01 18:59:26,123: elbo_loss:280806.6875, custom_loss:31275.82421875
2024-09-01 19:00:26,938: elbo_loss:232222.8125, custom_loss:15998.853515625
2024-09-01 19:01:27,749: elbo_loss:218600.203125, custom_loss:14386.2939453125
2024-09-01 19:02:28,575: elbo_loss:210347.65625, custom_loss:13360.55859375
2024-09-01 19:03:29,395: elbo_loss:201090.859375, custom_loss:12084.27734375
2024-09-01 19:04:30,204: elbo_loss:195099.3125, custom_loss:11214.724609375
2024-09-01 19:05:31,037: elbo_loss:186241.28125, custom_loss:11263.341796875
2024-09-01 19:06:31,847: elbo_loss:172142.59375, custom_loss:10853.3154296875
2024-09-01 19:07:32,683: elbo_loss:161261.8125, custom_loss:10750.115234375
2024-09-01 19:08:33,490: elbo_loss:156236.3125, custom_loss:10884.9228515625
2024-09-01 19:08:33,501: [iteration 10001] loss: 13.6459
2024-09-01 19:09:34,338: elbo_loss:153889.015625, custom_loss:10608.2548828125
2024-09-01 19:10:35,182: elbo_loss:152491.84375, custom_loss:10599.0
2024-09-01 19:11:36,026: elbo_loss:151796.453125, custom_loss:10621.552734375
2024-09-01 19:12:36,863: elbo_loss:151546.25, custom_loss:10742.7724609375
2024-09-01 19:13:37,727: elbo_loss:151603.109375, custom_loss:10627.3828125
2024-09-01 19:14:38,553: elbo_loss:151537.40625, custom_loss:10597.6220703125
2024-09-01 19:15:39,372: elbo_loss:151323.359375, custom_loss:10666.8564453125
2024-09-01 19:16:40,180: elbo_loss:151393.390625, custom_loss:10504.3916015625
2024-09-01 19:17:40,998: elbo_loss:151177.15625, custom_loss:10499.6845703125
2024-09-01 19:18:41,814: elbo_loss:151258.46875, custom_loss:10407.224609375
2024-09-01 19:18:41,825: [iteration 20001] loss: 13.2004
2024-09-01 19:19:42,631: elbo_loss:151349.15625, custom_loss:10609.3876953125
2024-09-01 19:20:43,459: elbo_loss:151199.84375, custom_loss:10360.1650390625
2024-09-01 19:21:44,271: elbo_loss:151171.625, custom_loss:10545.8291015625
2024-09-01 19:22:45,081: elbo_loss:151330.484375, custom_loss:10584.2177734375
2024-09-01 19:23:45,927: elbo_loss:151162.765625, custom_loss:10546.166015625
2024-09-01 19:24:46,747: elbo_loss:151207.734375, custom_loss:10621.544921875
2024-09-01 19:25:47,611: elbo_loss:151224.5625, custom_loss:10552.216796875
2024-09-01 19:26:48,464: elbo_loss:151305.34375, custom_loss:10515.83984375
2024-09-01 19:27:49,301: elbo_loss:151438.53125, custom_loss:10690.4697265625
2024-09-01 19:28:50,119: elbo_loss:151093.21875, custom_loss:10430.4228515625
2024-09-01 19:28:50,131: [iteration 30001] loss: 13.1888
2024-09-01 19:29:50,955: elbo_loss:151256.96875, custom_loss:10369.4287109375
2024-09-01 19:30:51,794: elbo_loss:151044.578125, custom_loss:10683.845703125
2024-09-01 19:31:52,614: elbo_loss:151319.96875, custom_loss:10649.3642578125
2024-09-01 19:32:53,452: elbo_loss:151307.65625, custom_loss:10457.6494140625
2024-09-01 19:33:54,315: elbo_loss:151345.765625, custom_loss:10405.3759765625
2024-09-01 19:34:55,185: elbo_loss:151140.859375, custom_loss:10582.4365234375
2024-09-01 19:35:56,037: elbo_loss:151295.46875, custom_loss:10410.28515625
2024-09-01 19:36:56,903: elbo_loss:151147.09375, custom_loss:10409.9990234375
2024-09-01 19:37:57,738: elbo_loss:151258.34375, custom_loss:10695.103515625
2024-09-01 19:38:58,579: elbo_loss:151146.21875, custom_loss:10665.4345703125
2024-09-01 19:38:58,591: [iteration 40001] loss: 13.2124
2024-09-01 19:39:59,431: elbo_loss:151237.9375, custom_loss:10464.32421875
2024-09-01 19:41:00,273: elbo_loss:151101.5625, custom_loss:10529.73828125
2024-09-01 19:42:01,116: elbo_loss:151097.203125, custom_loss:10614.888671875
2024-09-01 19:43:01,995: elbo_loss:151013.03125, custom_loss:10619.7421875
2024-09-01 19:44:02,853: elbo_loss:151109.03125, custom_loss:10519.81640625
2024-09-01 19:45:03,693: elbo_loss:151229.640625, custom_loss:10582.64453125
2024-09-01 19:46:04,554: elbo_loss:151040.84375, custom_loss:10614.478515625
2024-09-01 19:47:05,422: elbo_loss:151087.875, custom_loss:10494.8876953125
2024-09-01 19:48:06,256: elbo_loss:151062.375, custom_loss:10654.173828125
2024-09-01 19:49:07,092: elbo_loss:150955.359375, custom_loss:10427.978515625
2024-09-01 19:49:07,103: [iteration 50001] loss: 13.1774
2024-09-01 19:50:07,908: elbo_loss:151146.15625, custom_loss:10486.99609375
2024-09-01 19:51:08,747: elbo_loss:151293.46875, custom_loss:10472.017578125
2024-09-01 19:52:09,565: elbo_loss:151038.03125, custom_loss:10572.87109375
2024-09-01 19:53:10,394: elbo_loss:150945.734375, custom_loss:10465.240234375
2024-09-01 19:54:11,233: elbo_loss:151049.4375, custom_loss:10591.216796875
2024-09-01 19:55:12,103: elbo_loss:150940.453125, custom_loss:10525.3349609375
2024-09-01 19:56:12,932: elbo_loss:150898.625, custom_loss:10650.2841796875
2024-09-01 19:57:13,745: elbo_loss:150968.703125, custom_loss:10560.861328125
2024-09-01 19:58:14,589: elbo_loss:150794.640625, custom_loss:10644.8701171875
2024-09-01 19:59:15,448: elbo_loss:151078.375, custom_loss:10697.6240234375
2024-09-01 19:59:15,460: [iteration 60001] loss: 13.2094
2024-09-01 20:00:16,279: elbo_loss:151138.25, custom_loss:10555.103515625
2024-09-01 20:01:17,142: elbo_loss:151135.421875, custom_loss:10655.9921875
2024-09-01 20:02:18,006: elbo_loss:151105.375, custom_loss:10536.8974609375
2024-09-01 20:03:18,874: elbo_loss:150808.015625, custom_loss:10524.267578125
2024-09-01 20:04:19,890: elbo_loss:151037.8125, custom_loss:10569.328125
2024-09-01 20:05:20,925: elbo_loss:150996.5, custom_loss:10656.86328125
2024-09-01 20:06:21,932: elbo_loss:150982.59375, custom_loss:10365.6669921875
2024-09-01 20:07:22,969: elbo_loss:150869.8125, custom_loss:10450.4111328125
2024-09-01 20:08:23,984: elbo_loss:151007.5, custom_loss:10548.15234375
2024-09-01 20:09:17,335: saved causal model in: models_save/cfpup.pt
2024-09-01 20:09:17,340: =========== evaluation for cfp_up predictor ================: {'RMSE': 0.8958257235339528, 'MAE': 0.717451036458736}
2024-09-01 20:09:17,690: saved VAE model in: models_save/vae.pt
2024-09-01 20:09:17,707: constant
2024-09-01 20:09:17,707: {'MMD': {'0_1': 0.0, '0_2': 0.0, '1_2': 0.0, 'Average': 0.0}, 'Wass': {'0_1': 0.6330661773681641, '0_2': 0.6330661773681641, '1_2': 0.6330661773681641, 'Average': 0.6330661773681641}}
2024-09-01 20:09:17,723: full
2024-09-01 20:09:17,723: {'MMD': {'0_1': 7891.26953125, '0_2': 31583.564453125, '1_2': 7900.513671875, 'Average': 15791.782552083334}, 'Wass': {'0_1': 53.461002349853516, '0_2': 106.84083557128906, '1_2': 53.492183685302734, 'Average': 71.26467386881511}}
2024-09-01 20:09:17,737: unaware
2024-09-01 20:09:17,737: {'MMD': {'0_1': 733.2564697265625, '0_2': 2926.77978515625, '1_2': 730.1350708007812, 'Average': 1463.3904418945312}, 'Wass': {'0_1': 16.372556686401367, '0_2': 32.60752487182617, '1_2': 16.34420394897461, 'Average': 21.77476183573405}}
2024-09-01 20:09:17,752: cfpu
2024-09-01 20:09:17,752: {'MMD': {'0_1': 1.729490041732788, '0_2': 0.705586850643158, '1_2': 4.644425868988037, 'Average': 2.3598342537879944}, 'Wass': {'0_1': 3.436344861984253, '0_2': 3.5212478637695312, '1_2': 3.5017154216766357, 'Average': 3.486436049143473}}
2024-09-01 20:09:17,767: cfpup
2024-09-01 20:09:17,767: {'MMD': {'0_1': 2.36122465133667, '0_2': 0.9633418321609497, '1_2': 6.340965747833252, 'Average': 3.2218440771102905}, 'Wass': {'0_1': 3.957648515701294, '0_2': 4.057490348815918, '1_2': 4.034113883972168, 'Average': 4.016417582829793}}
