2024-09-01 16:21:54,164: Namespace(cudanum=1, dataset='law', seed=51, training=1, pyromodel='models_save/cfpup.pt', pyroparam='models_save/cfpup_param.pt', lrcausalmodel=0.001, alpha=0.0, num_iterations_causalmodel=70000, epochs_vae=10, decoder_type='together', lr=0.002)
2024-09-01 16:21:54,165: Namespace(cudanum=1, dataset='law', seed=51, training=1, pyromodel='models_save/cfpup.pt', pyroparam='models_save/cfpup_param.pt', lrcausalmodel=0.001, alpha=0.0, num_iterations_causalmodel=70000, epochs_vae=10, decoder_type='together', lr=0.002)
2024-09-01 16:21:54,197: =========== evaluation for constant predictor ================: {'RMSE': 0.9175059961537937, 'MAE': 0.7380266048450319}
2024-09-01 16:21:54,201: =========== evaluation for full predictor ================: {'RMSE': 0.8640766126327115, 'MAE': 0.6971051284052866}
2024-09-01 16:21:54,203: =========== evaluation for unaware predictor ================: {'RMSE': 0.878023866374578, 'MAE': 0.7062602526592523}
2024-09-01 16:21:57,174: [iteration 0001] loss: 184.7848
2024-09-01 16:22:36,585: [iteration 1001] loss: 27.1976
2024-09-01 16:23:15,967: [iteration 2001] loss: 15.0593
2024-09-01 16:23:55,347: [iteration 3001] loss: 14.0212
2024-09-01 16:24:34,713: [iteration 4001] loss: 13.8366
2024-09-01 16:25:14,079: [iteration 5001] loss: 13.6925
2024-09-01 16:25:53,456: [iteration 6001] loss: 13.5196
2024-09-01 16:26:32,821: [iteration 7001] loss: 13.2860
2024-09-01 16:27:12,197: [iteration 8001] loss: 12.9307
2024-09-01 16:27:51,563: [iteration 9001] loss: 12.3157
2024-09-01 16:28:30,938: [iteration 10001] loss: 11.1249
2024-09-01 16:29:10,300: [iteration 11001] loss: 9.9176
2024-09-01 16:29:49,659: [iteration 12001] loss: 9.4467
2024-09-01 16:30:29,054: [iteration 13001] loss: 9.2188
2024-09-01 16:31:08,469: [iteration 14001] loss: 9.0919
2024-09-01 16:31:47,874: [iteration 15001] loss: 9.0205
2024-09-01 16:32:27,273: [iteration 16001] loss: 8.9782
2024-09-01 16:33:06,658: [iteration 17001] loss: 8.9567
2024-09-01 16:33:46,014: [iteration 18001] loss: 8.9421
2024-09-01 16:34:25,357: [iteration 19001] loss: 8.9341
2024-09-01 16:35:04,699: [iteration 20001] loss: 8.9287
2024-09-01 16:35:44,043: [iteration 21001] loss: 8.9269
2024-09-01 16:36:23,389: [iteration 22001] loss: 8.9249
2024-09-01 16:37:02,731: [iteration 23001] loss: 8.9255
2024-09-01 16:37:42,078: [iteration 24001] loss: 8.9242
2024-09-01 16:38:21,426: [iteration 25001] loss: 8.9235
2024-09-01 16:39:00,778: [iteration 26001] loss: 8.9230
2024-09-01 16:39:40,126: [iteration 27001] loss: 8.9224
2024-09-01 16:40:19,476: [iteration 28001] loss: 8.9225
2024-09-01 16:40:58,816: [iteration 29001] loss: 8.9226
2024-09-01 16:41:38,152: [iteration 30001] loss: 8.9224
2024-09-01 16:42:17,495: [iteration 31001] loss: 8.9227
2024-09-01 16:42:56,884: [iteration 32001] loss: 8.9224
2024-09-01 16:43:35,934: [iteration 33001] loss: 8.9212
2024-09-01 16:44:10,409: [iteration 34001] loss: 8.9230
2024-09-01 16:44:44,896: [iteration 35001] loss: 8.9216
2024-09-01 16:45:19,394: [iteration 36001] loss: 8.9219
2024-09-01 16:45:53,877: [iteration 37001] loss: 8.9227
2024-09-01 16:46:28,332: [iteration 38001] loss: 8.9224
2024-09-01 16:47:02,793: [iteration 39001] loss: 8.9224
2024-09-01 16:47:37,239: [iteration 40001] loss: 8.9236
2024-09-01 16:48:11,684: [iteration 41001] loss: 8.9225
2024-09-01 16:48:46,129: [iteration 42001] loss: 8.9226
2024-09-01 16:49:20,602: [iteration 43001] loss: 8.9227
2024-09-01 16:49:55,080: [iteration 44001] loss: 8.9223
2024-09-01 16:50:29,550: [iteration 45001] loss: 8.9225
2024-09-01 16:51:04,025: [iteration 46001] loss: 8.9227
2024-09-01 16:51:38,482: [iteration 47001] loss: 8.9231
2024-09-01 16:52:12,946: [iteration 48001] loss: 8.9226
2024-09-01 16:52:47,402: [iteration 49001] loss: 8.9235
2024-09-01 16:53:21,886: [iteration 50001] loss: 8.9218
2024-09-01 16:53:56,351: [iteration 51001] loss: 8.9221
2024-09-01 16:54:30,834: [iteration 52001] loss: 8.9225
2024-09-01 16:55:05,298: [iteration 53001] loss: 8.9211
2024-09-01 16:55:39,735: [iteration 54001] loss: 8.9224
2024-09-01 16:56:14,196: [iteration 55001] loss: 8.9237
2024-09-01 16:56:48,678: [iteration 56001] loss: 8.9222
2024-09-01 16:57:23,144: [iteration 57001] loss: 8.9229
2024-09-01 16:57:57,609: [iteration 58001] loss: 8.9223
2024-09-01 16:58:32,068: [iteration 59001] loss: 8.9224
2024-09-01 16:59:06,562: [iteration 60001] loss: 8.9221
2024-09-01 16:59:41,051: [iteration 61001] loss: 8.9221
2024-09-01 17:00:15,529: [iteration 62001] loss: 8.9221
2024-09-01 17:00:50,014: [iteration 63001] loss: 8.9233
2024-09-01 17:01:24,481: [iteration 64001] loss: 8.9234
2024-09-01 17:01:58,948: [iteration 65001] loss: 8.9224
2024-09-01 17:02:33,404: [iteration 66001] loss: 8.9226
2024-09-01 17:03:07,882: [iteration 67001] loss: 8.9218
2024-09-01 17:03:42,363: [iteration 68001] loss: 8.9220
2024-09-01 17:04:16,839: [iteration 69001] loss: 8.9214
2024-09-01 17:04:51,288: saved causal model in: models_save/cfpup.pt
2024-09-01 17:04:51,298: =========== evaluation for cfp_u predictor ================: {'RMSE': 0.9018764516862474, 'MAE': 0.723726823327298}
2024-09-01 17:04:51,375: elbo_loss:2340431.25, custom_loss:0.0
2024-09-01 17:04:51,388: [iteration 0001] loss: 191.1024
2024-09-01 17:05:52,168: elbo_loss:226575.75, custom_loss:0.0
2024-09-01 17:06:52,966: elbo_loss:189305.578125, custom_loss:0.0
2024-09-01 17:07:53,780: elbo_loss:169241.328125, custom_loss:0.0
2024-09-01 17:08:54,611: elbo_loss:159216.25, custom_loss:0.0
2024-09-01 17:09:55,414: elbo_loss:152495.75, custom_loss:0.0
2024-09-01 17:10:56,203: elbo_loss:143749.421875, custom_loss:0.0
2024-09-01 17:11:57,017: elbo_loss:132478.640625, custom_loss:0.0
2024-09-01 17:12:57,841: elbo_loss:123346.7734375, custom_loss:0.0
2024-09-01 17:13:58,615: elbo_loss:118481.8515625, custom_loss:0.0
2024-09-01 17:14:59,412: elbo_loss:116210.59375, custom_loss:0.0
2024-09-01 17:14:59,423: [iteration 10001] loss: 9.4889
2024-09-01 17:16:00,195: elbo_loss:115290.2890625, custom_loss:0.0
2024-09-01 17:17:00,993: elbo_loss:114821.5859375, custom_loss:0.0
2024-09-01 17:18:01,951: elbo_loss:114597.734375, custom_loss:0.0
2024-09-01 17:19:02,906: elbo_loss:114423.6796875, custom_loss:0.0
2024-09-01 17:20:03,852: elbo_loss:114369.140625, custom_loss:0.0
2024-09-01 17:21:07,931: elbo_loss:114316.7890625, custom_loss:0.0
2024-09-01 17:22:16,493: elbo_loss:114306.109375, custom_loss:0.0
2024-09-01 17:23:24,942: elbo_loss:114249.1796875, custom_loss:0.0
2024-09-01 17:24:33,511: elbo_loss:114263.1015625, custom_loss:0.0
2024-09-01 17:25:42,041: elbo_loss:114266.1875, custom_loss:0.0
2024-09-01 17:25:42,054: [iteration 20001] loss: 9.3301
2024-09-01 17:26:50,607: elbo_loss:114274.046875, custom_loss:0.0
2024-09-01 17:27:59,169: elbo_loss:114274.0234375, custom_loss:0.0
2024-09-01 17:29:08,599: elbo_loss:114260.2734375, custom_loss:0.0
2024-09-01 17:30:17,145: elbo_loss:114228.2890625, custom_loss:0.0
2024-09-01 17:31:25,720: elbo_loss:114250.390625, custom_loss:0.0
2024-09-01 17:32:34,274: elbo_loss:114223.78125, custom_loss:0.0
2024-09-01 17:33:42,818: elbo_loss:114218.7265625, custom_loss:0.0
2024-09-01 17:34:51,357: elbo_loss:114221.4453125, custom_loss:0.0
2024-09-01 17:35:59,911: elbo_loss:114211.0078125, custom_loss:0.0
2024-09-01 17:37:10,907: elbo_loss:114185.5078125, custom_loss:0.0
2024-09-01 17:37:10,919: [iteration 30001] loss: 9.3235
2024-09-01 17:38:11,084: elbo_loss:114203.4296875, custom_loss:0.0
2024-09-01 17:39:11,285: elbo_loss:114191.1875, custom_loss:0.0
2024-09-01 17:40:11,532: elbo_loss:114165.5, custom_loss:0.0
2024-09-01 17:41:11,752: elbo_loss:114142.1875, custom_loss:0.0
2024-09-01 17:42:12,032: elbo_loss:114141.6015625, custom_loss:0.0
2024-09-01 17:43:12,147: elbo_loss:114109.0859375, custom_loss:0.0
2024-09-01 17:44:12,168: elbo_loss:114122.1953125, custom_loss:0.0
2024-09-01 17:45:12,213: elbo_loss:114147.140625, custom_loss:0.0
2024-09-01 17:46:12,263: elbo_loss:114107.7265625, custom_loss:0.0
2024-09-01 17:47:12,304: elbo_loss:114087.3515625, custom_loss:0.0
2024-09-01 17:47:12,315: [iteration 40001] loss: 9.3155
2024-09-01 17:48:12,341: elbo_loss:114089.8046875, custom_loss:0.0
2024-09-01 17:49:12,386: elbo_loss:114068.2265625, custom_loss:0.0
2024-09-01 17:50:12,432: elbo_loss:114083.3046875, custom_loss:0.0
2024-09-01 17:51:12,460: elbo_loss:114067.5390625, custom_loss:0.0
2024-09-01 17:52:12,481: elbo_loss:114056.84375, custom_loss:0.0
2024-09-01 17:53:12,494: elbo_loss:114060.78125, custom_loss:0.0
2024-09-01 17:54:12,522: elbo_loss:114048.9375, custom_loss:0.0
2024-09-01 17:55:12,541: elbo_loss:114078.7265625, custom_loss:0.0
2024-09-01 17:56:12,565: elbo_loss:114065.7734375, custom_loss:0.0
2024-09-01 17:57:12,586: elbo_loss:114024.3359375, custom_loss:0.0
2024-09-01 17:57:12,598: [iteration 50001] loss: 9.3104
2024-09-01 17:58:12,610: elbo_loss:114061.5625, custom_loss:0.0
2024-09-01 17:59:12,626: elbo_loss:114048.21875, custom_loss:0.0
2024-09-01 18:00:12,642: elbo_loss:114062.0234375, custom_loss:0.0
2024-09-01 18:01:12,653: elbo_loss:114033.1015625, custom_loss:0.0
2024-09-01 18:02:12,671: elbo_loss:114075.0, custom_loss:0.0
2024-09-01 18:03:12,689: elbo_loss:114060.28125, custom_loss:0.0
2024-09-01 18:04:12,710: elbo_loss:114035.0390625, custom_loss:0.0
2024-09-01 18:05:12,764: elbo_loss:114088.828125, custom_loss:0.0
2024-09-01 18:06:12,799: elbo_loss:114049.359375, custom_loss:0.0
2024-09-01 18:07:12,842: elbo_loss:114016.015625, custom_loss:0.0
2024-09-01 18:07:12,854: [iteration 60001] loss: 9.3097
2024-09-01 18:08:12,886: elbo_loss:114014.015625, custom_loss:0.0
2024-09-01 18:09:12,914: elbo_loss:114013.1953125, custom_loss:0.0
2024-09-01 18:10:12,953: elbo_loss:114012.1640625, custom_loss:0.0
2024-09-01 18:11:12,978: elbo_loss:114026.4296875, custom_loss:0.0
2024-09-01 18:12:13,016: elbo_loss:114041.71875, custom_loss:0.0
2024-09-01 18:13:13,062: elbo_loss:114031.75, custom_loss:0.0
2024-09-01 18:14:13,097: elbo_loss:114041.453125, custom_loss:0.0
2024-09-01 18:15:13,129: elbo_loss:114034.40625, custom_loss:0.0
2024-09-01 18:16:13,173: elbo_loss:114024.359375, custom_loss:0.0
2024-09-01 18:17:11,428: saved causal model in: models_save/cfpup.pt
2024-09-01 18:17:11,432: =========== evaluation for cfp_up predictor ================: {'RMSE': 0.8914971946182236, 'MAE': 0.7144530996745222}
2024-09-01 18:17:11,784: saved VAE model in: models_save/vae.pt
2024-09-01 18:17:11,802: constant
2024-09-01 18:17:11,802: {'MMD': {'0_1': 0.0, '0_2': 0.0, '1_2': 0.0, 'Average': 0.0}, 'Wass': {'0_1': 0.6330661773681641, '0_2': 0.6330661773681641, '1_2': 0.6330661773681641, 'Average': 0.6330661773681641}}
2024-09-01 18:17:11,818: full
2024-09-01 18:17:11,818: {'MMD': {'0_1': 12804.775390625, '0_2': 51219.08984375, '1_2': 12804.7666015625, 'Average': 25609.5439453125}, 'Wass': {'0_1': 68.00019836425781, '0_2': 135.95797729492188, '1_2': 67.99996185302734, 'Average': 90.65271250406902}}
2024-09-01 18:17:11,833: unaware
2024-09-01 18:17:11,833: {'MMD': {'0_1': 9.868649794952944e-05, '0_2': 0.0003915943088941276, '1_2': 9.711383609101176e-05, 'Average': 0.00019579821431155628}, 'Wass': {'0_1': 0.6711480617523193, '0_2': 0.6711546182632446, '1_2': 0.6710705161094666, 'Average': 0.6711243987083435}}
2024-09-01 18:17:11,848: cfpu
2024-09-01 18:17:11,848: {'MMD': {'0_1': 7.737021405773703e-06, '0_2': 7.737021405773703e-06, '1_2': 0.0, 'Average': 5.158014270515802e-06}, 'Wass': {'0_1': 7.046421051025391, '0_2': 7.045917987823486, '1_2': 7.04667329788208, 'Average': 7.046337445576985}}
2024-09-01 18:17:11,863: cfpup
2024-09-01 18:17:11,863: {'MMD': {'0_1': 1.3951901564723812e-05, '0_2': 1.4551915228366852e-05, '1_2': 6.315935774381387e-09, 'Average': 9.503377576288349e-06}, 'Wass': {'0_1': 9.354187965393066, '0_2': 9.353598594665527, '1_2': 9.354610443115234, 'Average': 9.354132334391275}}
