2024-09-01 16:21:54,125: Namespace(cudanum=3, dataset='law', seed=53, training=1, pyromodel='models_save/cfpup.pt', pyroparam='models_save/cfpup_param.pt', lrcausalmodel=0.001, alpha=0.0, num_iterations_causalmodel=70000, epochs_vae=10, decoder_type='together', lr=0.002)
2024-09-01 16:21:54,126: Namespace(cudanum=3, dataset='law', seed=53, training=1, pyromodel='models_save/cfpup.pt', pyroparam='models_save/cfpup_param.pt', lrcausalmodel=0.001, alpha=0.0, num_iterations_causalmodel=70000, epochs_vae=10, decoder_type='together', lr=0.002)
2024-09-01 16:21:54,157: =========== evaluation for constant predictor ================: {'RMSE': 0.9275566681560324, 'MAE': 0.749091289002164}
2024-09-01 16:21:54,160: =========== evaluation for full predictor ================: {'RMSE': 0.8821476571410778, 'MAE': 0.7138086088983635}
2024-09-01 16:21:54,162: =========== evaluation for unaware predictor ================: {'RMSE': 0.8894583862957466, 'MAE': 0.7182368939245409}
2024-09-01 16:21:56,939: [iteration 0001] loss: 184.7767
2024-09-01 16:22:36,249: [iteration 1001] loss: 27.3465
2024-09-01 16:23:15,608: [iteration 2001] loss: 15.0409
2024-09-01 16:23:54,957: [iteration 3001] loss: 14.0225
2024-09-01 16:24:34,308: [iteration 4001] loss: 13.8330
2024-09-01 16:25:13,666: [iteration 5001] loss: 13.6927
2024-09-01 16:25:53,025: [iteration 6001] loss: 13.5227
2024-09-01 16:26:32,366: [iteration 7001] loss: 13.2829
2024-09-01 16:27:11,718: [iteration 8001] loss: 12.9333
2024-09-01 16:27:51,073: [iteration 9001] loss: 12.3104
2024-09-01 16:28:30,428: [iteration 10001] loss: 11.1209
2024-09-01 16:29:09,768: [iteration 11001] loss: 9.9118
2024-09-01 16:29:49,113: [iteration 12001] loss: 9.4489
2024-09-01 16:30:28,464: [iteration 13001] loss: 9.2131
2024-09-01 16:31:07,810: [iteration 14001] loss: 9.0910
2024-09-01 16:31:47,150: [iteration 15001] loss: 9.0178
2024-09-01 16:32:26,496: [iteration 16001] loss: 8.9804
2024-09-01 16:33:05,847: [iteration 17001] loss: 8.9568
2024-09-01 16:33:45,201: [iteration 18001] loss: 8.9420
2024-09-01 16:34:24,541: [iteration 19001] loss: 8.9339
2024-09-01 16:35:03,882: [iteration 20001] loss: 8.9286
2024-09-01 16:35:43,224: [iteration 21001] loss: 8.9269
2024-09-01 16:36:22,570: [iteration 22001] loss: 8.9246
2024-09-01 16:37:01,909: [iteration 23001] loss: 8.9249
2024-09-01 16:37:41,255: [iteration 24001] loss: 8.9241
2024-09-01 16:38:20,601: [iteration 25001] loss: 8.9241
2024-09-01 16:38:59,952: [iteration 26001] loss: 8.9228
2024-09-01 16:39:39,296: [iteration 27001] loss: 8.9233
2024-09-01 16:40:18,642: [iteration 28001] loss: 8.9231
2024-09-01 16:40:57,980: [iteration 29001] loss: 8.9231
2024-09-01 16:41:37,314: [iteration 30001] loss: 8.9223
2024-09-01 16:42:16,657: [iteration 31001] loss: 8.9229
2024-09-01 16:42:56,049: [iteration 32001] loss: 8.9233
2024-09-01 16:43:35,385: [iteration 33001] loss: 8.9227
2024-09-01 16:44:09,844: [iteration 34001] loss: 8.9228
2024-09-01 16:44:44,297: [iteration 35001] loss: 8.9226
2024-09-01 16:45:18,749: [iteration 36001] loss: 8.9228
2024-09-01 16:45:53,202: [iteration 37001] loss: 8.9226
2024-09-01 16:46:27,658: [iteration 38001] loss: 8.9222
2024-09-01 16:47:02,113: [iteration 39001] loss: 8.9221
2024-09-01 16:47:36,558: [iteration 40001] loss: 8.9229
2024-09-01 16:48:11,019: [iteration 41001] loss: 8.9226
2024-09-01 16:48:45,463: [iteration 42001] loss: 8.9225
2024-09-01 16:49:19,914: [iteration 43001] loss: 8.9228
2024-09-01 16:49:54,362: [iteration 44001] loss: 8.9226
2024-09-01 16:50:28,815: [iteration 45001] loss: 8.9219
2024-09-01 16:51:03,246: [iteration 46001] loss: 8.9226
2024-09-01 16:51:37,699: [iteration 47001] loss: 8.9228
2024-09-01 16:52:12,155: [iteration 48001] loss: 8.9224
2024-09-01 16:52:46,583: [iteration 49001] loss: 8.9228
2024-09-01 16:53:21,031: [iteration 50001] loss: 8.9224
2024-09-01 16:53:55,482: [iteration 51001] loss: 8.9225
2024-09-01 16:54:29,952: [iteration 52001] loss: 8.9232
2024-09-01 16:55:04,407: [iteration 53001] loss: 8.9223
2024-09-01 16:55:38,841: [iteration 54001] loss: 8.9224
2024-09-01 16:56:13,307: [iteration 55001] loss: 8.9228
2024-09-01 16:56:47,758: [iteration 56001] loss: 8.9221
2024-09-01 16:57:22,216: [iteration 57001] loss: 8.9214
2024-09-01 16:57:56,667: [iteration 58001] loss: 8.9223
2024-09-01 16:58:31,110: [iteration 59001] loss: 8.9222
2024-09-01 16:59:05,570: [iteration 60001] loss: 8.9227
2024-09-01 16:59:40,051: [iteration 61001] loss: 8.9219
2024-09-01 17:00:14,502: [iteration 62001] loss: 8.9227
2024-09-01 17:00:48,957: [iteration 63001] loss: 8.9227
2024-09-01 17:01:23,397: [iteration 64001] loss: 8.9223
2024-09-01 17:01:57,859: [iteration 65001] loss: 8.9221
2024-09-01 17:02:32,304: [iteration 66001] loss: 8.9221
2024-09-01 17:03:06,732: [iteration 67001] loss: 8.9231
2024-09-01 17:03:41,170: [iteration 68001] loss: 8.9207
2024-09-01 17:04:15,616: [iteration 69001] loss: 8.9221
2024-09-01 17:04:50,045: saved causal model in: models_save/cfpup.pt
2024-09-01 17:04:50,051: =========== evaluation for cfp_u predictor ================: {'RMSE': 0.9141801695895886, 'MAE': 0.738398195365291}
2024-09-01 17:04:50,127: elbo_loss:2340522.75, custom_loss:0.0
2024-09-01 17:04:50,140: [iteration 0001] loss: 191.1099
2024-09-01 17:05:50,912: elbo_loss:227025.421875, custom_loss:0.0
2024-09-01 17:06:51,706: elbo_loss:189637.265625, custom_loss:0.0
2024-09-01 17:07:52,517: elbo_loss:169846.671875, custom_loss:0.0
2024-09-01 17:08:53,345: elbo_loss:159162.140625, custom_loss:0.0
2024-09-01 17:09:54,150: elbo_loss:152645.21875, custom_loss:0.0
2024-09-01 17:10:54,948: elbo_loss:143680.890625, custom_loss:0.0
2024-09-01 17:11:55,750: elbo_loss:132328.015625, custom_loss:0.0
2024-09-01 17:12:56,645: elbo_loss:123188.0703125, custom_loss:0.0
2024-09-01 17:13:57,408: elbo_loss:118303.140625, custom_loss:0.0
2024-09-01 17:14:58,201: elbo_loss:116159.2421875, custom_loss:0.0
2024-09-01 17:14:58,212: [iteration 10001] loss: 9.4847
2024-09-01 17:15:58,985: elbo_loss:115231.4453125, custom_loss:0.0
2024-09-01 17:16:59,765: elbo_loss:114799.859375, custom_loss:0.0
2024-09-01 17:18:00,537: elbo_loss:114525.3359375, custom_loss:0.0
2024-09-01 17:19:01,304: elbo_loss:114417.8359375, custom_loss:0.0
2024-09-01 17:20:02,069: elbo_loss:114317.9609375, custom_loss:0.0
2024-09-01 17:21:05,774: elbo_loss:114305.2109375, custom_loss:0.0
2024-09-01 17:22:14,262: elbo_loss:114265.2734375, custom_loss:0.0
2024-09-01 17:23:22,733: elbo_loss:114299.875, custom_loss:0.0
2024-09-01 17:24:31,213: elbo_loss:114259.8984375, custom_loss:0.0
2024-09-01 17:25:39,657: elbo_loss:114254.015625, custom_loss:0.0
2024-09-01 17:25:39,669: [iteration 20001] loss: 9.3291
2024-09-01 17:26:48,192: elbo_loss:114256.125, custom_loss:0.0
2024-09-01 17:27:56,718: elbo_loss:114228.9140625, custom_loss:0.0
2024-09-01 17:29:06,090: elbo_loss:114241.203125, custom_loss:0.0
2024-09-01 17:30:14,616: elbo_loss:114249.7734375, custom_loss:0.0
2024-09-01 17:31:23,161: elbo_loss:114229.640625, custom_loss:0.0
2024-09-01 17:32:31,682: elbo_loss:114220.7421875, custom_loss:0.0
2024-09-01 17:33:40,225: elbo_loss:114210.9140625, custom_loss:0.0
2024-09-01 17:34:48,758: elbo_loss:114227.0390625, custom_loss:0.0
2024-09-01 17:35:57,242: elbo_loss:114189.484375, custom_loss:0.0
2024-09-01 17:37:08,446: elbo_loss:114173.8203125, custom_loss:0.0
2024-09-01 17:37:08,457: [iteration 30001] loss: 9.3226
2024-09-01 17:38:08,461: elbo_loss:114202.8359375, custom_loss:0.0
2024-09-01 17:39:08,485: elbo_loss:114172.90625, custom_loss:0.0
2024-09-01 17:40:08,513: elbo_loss:114145.390625, custom_loss:0.0
2024-09-01 17:41:08,544: elbo_loss:114174.9765625, custom_loss:0.0
2024-09-01 17:42:08,577: elbo_loss:114138.4921875, custom_loss:0.0
2024-09-01 17:43:08,651: elbo_loss:114131.5703125, custom_loss:0.0
2024-09-01 17:44:08,679: elbo_loss:114108.296875, custom_loss:0.0
2024-09-01 17:45:08,708: elbo_loss:114127.296875, custom_loss:0.0
2024-09-01 17:46:08,762: elbo_loss:114120.953125, custom_loss:0.0
2024-09-01 17:47:08,801: elbo_loss:114087.4140625, custom_loss:0.0
2024-09-01 17:47:08,813: [iteration 40001] loss: 9.3155
2024-09-01 17:48:08,837: elbo_loss:114096.9765625, custom_loss:0.0
2024-09-01 17:49:08,878: elbo_loss:114077.7890625, custom_loss:0.0
2024-09-01 17:50:08,925: elbo_loss:114054.8203125, custom_loss:0.0
2024-09-01 17:51:08,952: elbo_loss:114052.7421875, custom_loss:0.0
2024-09-01 17:52:08,980: elbo_loss:114081.9140625, custom_loss:0.0
2024-09-01 17:53:09,002: elbo_loss:114036.4140625, custom_loss:0.0
2024-09-01 17:54:09,019: elbo_loss:114032.078125, custom_loss:0.0
2024-09-01 17:55:09,036: elbo_loss:114065.8359375, custom_loss:0.0
2024-09-01 17:56:09,065: elbo_loss:114046.921875, custom_loss:0.0
2024-09-01 17:57:09,083: elbo_loss:114037.3671875, custom_loss:0.0
2024-09-01 17:57:09,095: [iteration 50001] loss: 9.3115
2024-09-01 17:58:09,099: elbo_loss:114062.859375, custom_loss:0.0
2024-09-01 17:59:09,114: elbo_loss:114051.7578125, custom_loss:0.0
2024-09-01 18:00:09,130: elbo_loss:114041.6484375, custom_loss:0.0
2024-09-01 18:01:09,145: elbo_loss:114010.3828125, custom_loss:0.0
2024-09-01 18:02:09,166: elbo_loss:114050.4140625, custom_loss:0.0
2024-09-01 18:03:09,183: elbo_loss:114066.2421875, custom_loss:0.0
2024-09-01 18:04:09,218: elbo_loss:114060.140625, custom_loss:0.0
2024-09-01 18:05:09,262: elbo_loss:114033.546875, custom_loss:0.0
2024-09-01 18:06:09,297: elbo_loss:114029.8203125, custom_loss:0.0
2024-09-01 18:07:09,338: elbo_loss:114032.140625, custom_loss:0.0
2024-09-01 18:07:09,350: [iteration 60001] loss: 9.3110
2024-09-01 18:08:09,385: elbo_loss:114036.5859375, custom_loss:0.0
2024-09-01 18:09:09,409: elbo_loss:114039.53125, custom_loss:0.0
2024-09-01 18:10:09,451: elbo_loss:114055.2890625, custom_loss:0.0
2024-09-01 18:11:09,475: elbo_loss:114020.7265625, custom_loss:0.0
2024-09-01 18:12:09,512: elbo_loss:114043.53125, custom_loss:0.0
2024-09-01 18:13:09,558: elbo_loss:114038.1875, custom_loss:0.0
2024-09-01 18:14:09,593: elbo_loss:114000.25, custom_loss:0.0
2024-09-01 18:15:09,625: elbo_loss:114036.03125, custom_loss:0.0
2024-09-01 18:16:09,668: elbo_loss:114035.0859375, custom_loss:0.0
2024-09-01 18:17:09,635: saved causal model in: models_save/cfpup.pt
2024-09-01 18:17:09,640: =========== evaluation for cfp_up predictor ================: {'RMSE': 0.9076268886792714, 'MAE': 0.7323339772925508}
2024-09-01 18:17:10,011: saved VAE model in: models_save/vae.pt
2024-09-01 18:17:10,028: constant
2024-09-01 18:17:10,028: {'MMD': {'0_1': 0.0, '0_2': 0.0, '1_2': 0.0, 'Average': 0.0}, 'Wass': {'0_1': 0.6330661773681641, '0_2': 0.6330661773681641, '1_2': 0.6330661773681641, 'Average': 0.6330661773681641}}
2024-09-01 18:17:10,043: full
2024-09-01 18:17:10,043: {'MMD': {'0_1': 13922.71484375, '0_2': 56081.1875, '1_2': 14118.2197265625, 'Average': 28040.707356770832}, 'Wass': {'0_1': 71.17689514160156, '0_2': 142.435791015625, '1_2': 71.55233001708984, 'Average': 95.0550053914388}}
2024-09-01 18:17:10,058: unaware
2024-09-01 18:17:10,058: {'MMD': {'0_1': 2.4134724140167236, '0_2': 4.702722072601318, '1_2': 0.3782747983932495, 'Average': 2.498156428337097}, 'Wass': {'0_1': 1.3802893161773682, '0_2': 1.6956672668457031, '1_2': 0.9201154112815857, 'Average': 1.3320239981015523}}
2024-09-01 18:17:10,073: cfpu
2024-09-01 18:17:10,073: {'MMD': {'0_1': 11.369438171386719, '0_2': 1.5350514650344849, '1_2': 4.5492095947265625, 'Average': 5.817899743715922}, 'Wass': {'0_1': 5.927365303039551, '0_2': 5.728236675262451, '1_2': 5.602269172668457, 'Average': 5.752623716990153}}
2024-09-01 18:17:10,088: cfpup
2024-09-01 18:17:10,088: {'MMD': {'0_1': 21.165531158447266, '0_2': 2.8576343059539795, '1_2': 8.468957901000977, 'Average': 10.830707788467407}, 'Wass': {'0_1': 7.996238708496094, '0_2': 7.723843097686768, '1_2': 7.551148414611816, 'Average': 7.757076740264893}}
