2024-09-01 16:02:41,462: Namespace(cudanum=6, dataset='law', seed=52, training=1, pyromodel='models_save/cfpup.pt', pyroparam='models_save/cfpup_param.pt', lrcausalmodel=0.001, alpha=1000000.0, num_iterations_causalmodel=12000, epochs_vae=10, decoder_type='together', lr=0.002)
2024-09-01 16:02:41,463: Namespace(cudanum=6, dataset='law', seed=52, training=1, pyromodel='models_save/cfpup.pt', pyroparam='models_save/cfpup_param.pt', lrcausalmodel=0.001, alpha=1000000.0, num_iterations_causalmodel=12000, epochs_vae=10, decoder_type='together', lr=0.002)
2024-09-01 16:02:41,492: =========== evaluation for constant predictor ================: {'RMSE': 0.9242293614606009, 'MAE': 0.7420654844650884}
2024-09-01 16:02:41,495: =========== evaluation for full predictor ================: {'RMSE': 0.8732027023472552, 'MAE': 0.7005569256798195}
2024-09-01 16:02:41,496: =========== evaluation for unaware predictor ================: {'RMSE': 0.88326241873674, 'MAE': 0.7083086274068068}
2024-09-01 16:02:44,227: [iteration 0001] loss: 184.7659
2024-09-01 16:03:19,119: [iteration 1001] loss: 27.3136
2024-09-01 16:03:53,983: [iteration 2001] loss: 15.0483
2024-09-01 16:04:28,872: [iteration 3001] loss: 14.0222
2024-09-01 16:05:03,763: [iteration 4001] loss: 13.8366
2024-09-01 16:05:38,654: [iteration 5001] loss: 13.6933
2024-09-01 16:06:13,559: [iteration 6001] loss: 13.5201
2024-09-01 16:06:48,446: [iteration 7001] loss: 13.2874
2024-09-01 16:07:23,346: [iteration 8001] loss: 12.9324
2024-09-01 16:07:58,234: [iteration 9001] loss: 12.3133
2024-09-01 16:08:33,123: [iteration 10001] loss: 11.1181
2024-09-01 16:09:08,010: [iteration 11001] loss: 9.9141
2024-09-01 16:09:42,886: saved causal model in: models_save/cfpup.pt
2024-09-01 16:09:42,898: =========== evaluation for cfp_u predictor ================: {'RMSE': 0.9069220342610691, 'MAE': 0.7261885236369361}
2024-09-01 16:09:42,973: elbo_loss:2340625.25, custom_loss:225480.40625
2024-09-01 16:09:42,987: [iteration 0001] loss: 209.5293
2024-09-01 16:10:43,610: elbo_loss:281296.9375, custom_loss:30731.71875
2024-09-01 16:11:44,269: elbo_loss:232129.1875, custom_loss:15920.5517578125
2024-09-01 16:12:44,880: elbo_loss:218522.015625, custom_loss:14406.3642578125
2024-09-01 16:13:45,473: elbo_loss:209973.609375, custom_loss:12968.3232421875
2024-09-01 16:14:46,049: elbo_loss:200621.984375, custom_loss:11780.9091796875
2024-09-01 16:15:46,619: elbo_loss:194999.515625, custom_loss:11615.2216796875
2024-09-01 16:16:47,161: elbo_loss:186176.21875, custom_loss:11008.4921875
2024-09-01 16:17:47,683: elbo_loss:172270.984375, custom_loss:10776.6533203125
2024-09-01 16:18:48,211: elbo_loss:161396.703125, custom_loss:10857.9111328125
2024-09-01 16:19:48,729: elbo_loss:156386.59375, custom_loss:10775.427734375
2024-09-01 16:19:48,740: [iteration 10001] loss: 13.6492
2024-09-01 16:20:49,225: elbo_loss:154220.0625, custom_loss:10833.189453125
2024-09-01 16:21:49,441: saved causal model in: models_save/cfpup.pt
2024-09-01 16:21:49,446: =========== evaluation for cfp_up predictor ================: {'RMSE': 0.9102523795312267, 'MAE': 0.7291578120191016}
2024-09-01 16:21:49,824: saved VAE model in: models_save/vae.pt
2024-09-01 16:21:49,841: constant
2024-09-01 16:21:49,842: {'MMD': {'0_1': 0.0, '0_2': 0.0, '1_2': 0.0, 'Average': 0.0}, 'Wass': {'0_1': 0.6330661773681641, '0_2': 0.6330661773681641, '1_2': 0.6330661773681641, 'Average': 0.6330661773681641}}
2024-09-01 16:21:49,857: full
2024-09-01 16:21:49,857: {'MMD': {'0_1': 3986.056884765625, '0_2': 15933.853515625, '1_2': 3980.870849609375, 'Average': 7966.927083333333}, 'Wass': {'0_1': 38.61001205444336, '0_2': 76.13218688964844, '1_2': 38.56501007080078, 'Average': 51.102403004964195}}
2024-09-01 16:21:49,872: unaware
2024-09-01 16:21:49,872: {'MMD': {'0_1': 3419.267333984375, '0_2': 13687.6865234375, '1_2': 3424.57666015625, 'Average': 6843.843505859375}, 'Wass': {'0_1': 35.962589263916016, '0_2': 70.93865966796875, '1_2': 36.070865631103516, 'Average': 47.657371520996094}}
2024-09-01 16:21:49,887: cfpu
2024-09-01 16:21:49,887: {'MMD': {'0_1': 0.0015916412230581045, '0_2': 0.001636339002288878, '1_2': 0.006455650087445974, 'Average': 0.0032278767709309855}, 'Wass': {'0_1': 8.612000465393066, '0_2': 8.653757095336914, '1_2': 8.615565299987793, 'Average': 8.627107620239258}}
2024-09-01 16:21:49,902: cfpup
2024-09-01 16:21:49,902: {'MMD': {'0_1': 0.0007982095121406019, '0_2': 0.0008185452315956354, '1_2': 0.0032333815470337868, 'Average': 0.0016167120969233413}, 'Wass': {'0_1': 6.177903175354004, '0_2': 6.206982612609863, '1_2': 6.1801910400390625, 'Average': 6.1883589426676435}}
