2024-09-22 23:24:15,586: Namespace(cudanum=2, dataset='law', synthetic=0, seed=52, training=1, pyromodel='models_save/cfpup.pt', pyroparam='models_save/cfpup_param.pt', lrcausalmodel=0.001, alpha=0.0, num_iterations_causalmodel=20000, epochs_vae=10, decoder_type='together', lr=0.002)
2024-09-22 23:24:15,588: Namespace(cudanum=2, dataset='law', synthetic=0, seed=52, training=1, pyromodel='models_save/cfpup.pt', pyroparam='models_save/cfpup_param.pt', lrcausalmodel=0.001, alpha=0.0, num_iterations_causalmodel=20000, epochs_vae=10, decoder_type='together', lr=0.002)
2024-09-22 23:24:15,622: =========== evaluation for constant predictor ================: {'RMSE': 0.9380202069098637, 'MAE': 0.7533386257686507}
2024-09-22 23:24:15,625: =========== evaluation for full predictor ================: {'RMSE': 0.8879168501592303, 'MAE': 0.7140008795976593}
2024-09-22 23:24:15,627: =========== evaluation for unaware predictor ================: {'RMSE': 0.9044340820794905, 'MAE': 0.7261595665285413}
2024-09-22 23:24:17,493: [iteration 0001] loss: 138.5773
2024-09-22 23:24:24,802: [iteration 1001] loss: 20.4856
2024-09-22 23:24:32,306: [iteration 2001] loss: 11.2865
2024-09-22 23:24:39,897: [iteration 3001] loss: 10.5169
2024-09-22 23:24:47,119: [iteration 4001] loss: 10.3776
2024-09-22 23:24:54,388: [iteration 5001] loss: 10.2702
2024-09-22 23:25:01,661: [iteration 6001] loss: 10.1403
2024-09-22 23:25:08,934: [iteration 7001] loss: 9.9658
2024-09-22 23:25:16,217: [iteration 8001] loss: 9.6995
2024-09-22 23:25:23,471: [iteration 9001] loss: 9.2351
2024-09-22 23:25:30,840: [iteration 10001] loss: 8.3388
2024-09-22 23:25:37,734: [iteration 11001] loss: 7.4358
2024-09-22 23:25:44,621: [iteration 12001] loss: 7.0835
2024-09-22 23:25:51,670: [iteration 13001] loss: 6.9114
2024-09-22 23:25:58,571: [iteration 14001] loss: 6.8170
2024-09-22 23:26:05,491: [iteration 15001] loss: 6.7654
2024-09-22 23:26:12,401: [iteration 16001] loss: 6.7352
2024-09-22 23:26:19,291: [iteration 17001] loss: 6.7173
2024-09-22 23:26:26,218: [iteration 18001] loss: 6.7066
2024-09-22 23:26:33,176: [iteration 19001] loss: 6.7005
2024-09-22 23:26:40,010: saved causal model in: models_save/cfpup.pt
2024-09-22 23:26:40,018: =========== evaluation for cfp_u predictor ================: {'RMSE': 0.9290422374936457, 'MAE': 0.7449951962405682}
2024-09-22 23:26:40,032: elbo_loss:2340609.25, custom_loss:0.0
2024-09-22 23:26:40,036: [iteration 0001] loss: 143.3406
2024-09-22 23:26:52,019: elbo_loss:229740.15625, custom_loss:0.0
2024-09-22 23:27:04,033: elbo_loss:189849.03125, custom_loss:0.0
2024-09-22 23:27:15,849: elbo_loss:163467.84375, custom_loss:0.0
2024-09-22 23:27:27,643: elbo_loss:151927.578125, custom_loss:0.0
2024-09-22 23:27:39,625: elbo_loss:140983.609375, custom_loss:0.0
2024-09-22 23:27:51,807: elbo_loss:132572.75, custom_loss:0.0
2024-09-22 23:28:03,858: elbo_loss:126038.4296875, custom_loss:0.0
2024-09-22 23:28:15,558: elbo_loss:121200.984375, custom_loss:0.0
2024-09-22 23:28:27,278: elbo_loss:118383.25, custom_loss:0.0
2024-09-22 23:28:38,887: elbo_loss:116851.4609375, custom_loss:0.0
2024-09-22 23:28:38,891: [iteration 10001] loss: 7.1561
2024-09-22 23:28:50,705: elbo_loss:115931.3203125, custom_loss:0.0
2024-09-22 23:29:02,530: elbo_loss:115293.1640625, custom_loss:0.0
2024-09-22 23:29:14,316: elbo_loss:114840.53125, custom_loss:0.0
2024-09-22 23:29:26,099: elbo_loss:114513.2265625, custom_loss:0.0
2024-09-22 23:29:39,532: elbo_loss:114323.6328125, custom_loss:0.0
2024-09-22 23:29:59,217: elbo_loss:114146.4921875, custom_loss:0.0
2024-09-22 23:30:18,740: elbo_loss:114023.0390625, custom_loss:0.0
2024-09-22 23:30:38,279: elbo_loss:113968.5234375, custom_loss:0.0
2024-09-22 23:30:57,824: elbo_loss:113918.09375, custom_loss:0.0
2024-09-22 23:31:17,363: saved causal model in: models_save/cfpup.pt
2024-09-22 23:31:17,368: =========== evaluation for cfp_up predictor ================: {'RMSE': 0.9041968764752388, 'MAE': 0.7260918356637296}
2024-09-22 23:31:17,382: constant
2024-09-22 23:31:17,382: {'MMD': {'0_1': 2.4671624118677293e-11, '0_2': 0.0, '1_2': 2.4671624118677293e-11, 'Average': 1.644774941245153e-11}, 'Wass': {'0_1': 0.6330670118331909, '0_2': 0.6330671906471252, '1_2': 0.6330678462982178, 'Average': 0.6330673495928446}}
2024-09-22 23:31:17,389: full
2024-09-22 23:31:17,389: {'MMD': {'0_1': 55155.90234375, '0_2': 57464.6171875, '1_2': 23.66668701171875, 'Average': 37548.062072753906}, 'Wass': {'0_1': 141.5445098876953, '0_2': 144.46713256835938, '1_2': 8.400877952575684, 'Average': 98.13750680287679}}
2024-09-22 23:31:17,397: unaware
2024-09-22 23:31:17,397: {'MMD': {'0_1': 19198.18359375, '0_2': 142.2633819580078, '1_2': 16035.1796875, 'Average': 11791.87555440267}, 'Wass': {'0_1': 84.48802947998047, '0_2': 13.073013305664062, '1_2': 77.47370910644531, 'Average': 58.34491729736328}}
2024-09-22 23:31:17,403: cfpu
2024-09-22 23:31:17,403: {'MMD': {'0_1': 779.4944458007812, '0_2': 344.31549072265625, '1_2': 2159.94140625, 'Average': 1094.5837809244792}, 'Wass': {'0_1': 17.14409828186035, '0_2': 8.743489265441895, '1_2': 28.772157669067383, 'Average': 18.21991507212321}}
2024-09-22 23:31:17,410: cfpup
2024-09-22 23:31:17,410: {'MMD': {'0_1': 33340.2109375, '0_2': 105243.3515625, '1_2': 20112.71875, 'Average': 52898.760416666664}, 'Wass': {'0_1': 110.32880401611328, '0_2': 195.9860076904297, '1_2': 85.35458374023438, 'Average': 130.55646514892578}}
