2024-09-01 16:21:54,166: Namespace(cudanum=6, dataset='law', seed=52, training=1, pyromodel='models_save/cfpup.pt', pyroparam='models_save/cfpup_param.pt', lrcausalmodel=0.001, alpha=10000.0, num_iterations_causalmodel=70000, epochs_vae=10, decoder_type='together', lr=0.002)
2024-09-01 16:21:54,168: Namespace(cudanum=6, dataset='law', seed=52, training=1, pyromodel='models_save/cfpup.pt', pyroparam='models_save/cfpup_param.pt', lrcausalmodel=0.001, alpha=10000.0, num_iterations_causalmodel=70000, epochs_vae=10, decoder_type='together', lr=0.002)
2024-09-01 16:21:54,200: =========== evaluation for constant predictor ================: {'RMSE': 0.9242293614606009, 'MAE': 0.7420654844650884}
2024-09-01 16:21:54,203: =========== evaluation for full predictor ================: {'RMSE': 0.8732027023472552, 'MAE': 0.7005569256798195}
2024-09-01 16:21:54,205: =========== evaluation for unaware predictor ================: {'RMSE': 0.88326241873674, 'MAE': 0.7083086274068068}
2024-09-01 16:21:57,217: [iteration 0001] loss: 184.7659
2024-09-01 16:22:36,589: [iteration 1001] loss: 27.3136
2024-09-01 16:23:15,942: [iteration 2001] loss: 15.0483
2024-09-01 16:23:55,292: [iteration 3001] loss: 14.0222
2024-09-01 16:24:34,643: [iteration 4001] loss: 13.8366
2024-09-01 16:25:14,004: [iteration 5001] loss: 13.6933
2024-09-01 16:25:53,357: [iteration 6001] loss: 13.5201
2024-09-01 16:26:32,699: [iteration 7001] loss: 13.2874
2024-09-01 16:27:12,053: [iteration 8001] loss: 12.9324
2024-09-01 16:27:51,409: [iteration 9001] loss: 12.3133
2024-09-01 16:28:30,763: [iteration 10001] loss: 11.1181
2024-09-01 16:29:10,103: [iteration 11001] loss: 9.9141
2024-09-01 16:29:49,445: [iteration 12001] loss: 9.4445
2024-09-01 16:30:28,796: [iteration 13001] loss: 9.2150
2024-09-01 16:31:08,146: [iteration 14001] loss: 9.0892
2024-09-01 16:31:47,489: [iteration 15001] loss: 9.0204
2024-09-01 16:32:26,837: [iteration 16001] loss: 8.9801
2024-09-01 16:33:06,182: [iteration 17001] loss: 8.9562
2024-09-01 16:33:45,538: [iteration 18001] loss: 8.9419
2024-09-01 16:34:24,877: [iteration 19001] loss: 8.9339
2024-09-01 16:35:04,215: [iteration 20001] loss: 8.9299
2024-09-01 16:35:43,555: [iteration 21001] loss: 8.9275
2024-09-01 16:36:22,901: [iteration 22001] loss: 8.9269
2024-09-01 16:37:02,242: [iteration 23001] loss: 8.9241
2024-09-01 16:37:41,589: [iteration 24001] loss: 8.9232
2024-09-01 16:38:20,934: [iteration 25001] loss: 8.9229
2024-09-01 16:39:00,288: [iteration 26001] loss: 8.9230
2024-09-01 16:39:39,636: [iteration 27001] loss: 8.9225
2024-09-01 16:40:18,984: [iteration 28001] loss: 8.9221
2024-09-01 16:40:58,324: [iteration 29001] loss: 8.9219
2024-09-01 16:41:37,658: [iteration 30001] loss: 8.9220
2024-09-01 16:42:17,003: [iteration 31001] loss: 8.9223
2024-09-01 16:42:56,387: [iteration 32001] loss: 8.9225
2024-09-01 16:43:35,494: [iteration 33001] loss: 8.9239
2024-09-01 16:44:09,962: [iteration 34001] loss: 8.9234
2024-09-01 16:44:44,424: [iteration 35001] loss: 8.9227
2024-09-01 16:45:18,880: [iteration 36001] loss: 8.9228
2024-09-01 16:45:53,333: [iteration 37001] loss: 8.9229
2024-09-01 16:46:27,788: [iteration 38001] loss: 8.9227
2024-09-01 16:47:02,249: [iteration 39001] loss: 8.9226
2024-09-01 16:47:36,704: [iteration 40001] loss: 8.9227
2024-09-01 16:48:11,164: [iteration 41001] loss: 8.9225
2024-09-01 16:48:45,604: [iteration 42001] loss: 8.9221
2024-09-01 16:49:20,066: [iteration 43001] loss: 8.9218
2024-09-01 16:49:54,536: [iteration 44001] loss: 8.9221
2024-09-01 16:50:29,004: [iteration 45001] loss: 8.9225
2024-09-01 16:51:03,444: [iteration 46001] loss: 8.9237
2024-09-01 16:51:37,903: [iteration 47001] loss: 8.9224
2024-09-01 16:52:12,363: [iteration 48001] loss: 8.9220
2024-09-01 16:52:46,820: [iteration 49001] loss: 8.9229
2024-09-01 16:53:21,272: [iteration 50001] loss: 8.9230
2024-09-01 16:53:55,736: [iteration 51001] loss: 8.9230
2024-09-01 16:54:30,215: [iteration 52001] loss: 8.9219
2024-09-01 16:55:04,661: [iteration 53001] loss: 8.9225
2024-09-01 16:55:39,098: [iteration 54001] loss: 8.9235
2024-09-01 16:56:13,555: [iteration 55001] loss: 8.9221
2024-09-01 16:56:48,013: [iteration 56001] loss: 8.9225
2024-09-01 16:57:22,465: [iteration 57001] loss: 8.9232
2024-09-01 16:57:56,915: [iteration 58001] loss: 8.9218
2024-09-01 16:58:31,356: [iteration 59001] loss: 8.9229
2024-09-01 16:59:05,833: [iteration 60001] loss: 8.9223
2024-09-01 16:59:40,312: [iteration 61001] loss: 8.9221
2024-09-01 17:00:14,773: [iteration 62001] loss: 8.9237
2024-09-01 17:00:49,231: [iteration 63001] loss: 8.9221
2024-09-01 17:01:23,681: [iteration 64001] loss: 8.9224
2024-09-01 17:01:58,133: [iteration 65001] loss: 8.9230
2024-09-01 17:02:32,590: [iteration 66001] loss: 8.9226
2024-09-01 17:03:07,033: [iteration 67001] loss: 8.9220
2024-09-01 17:03:41,475: [iteration 68001] loss: 8.9226
2024-09-01 17:04:15,925: [iteration 69001] loss: 8.9223
2024-09-01 17:04:50,365: saved causal model in: models_save/cfpup.pt
2024-09-01 17:04:50,373: =========== evaluation for cfp_u predictor ================: {'RMSE': 0.9133857250630945, 'MAE': 0.7311511917271774}
2024-09-01 17:04:50,451: elbo_loss:2340775.5, custom_loss:2230.61767578125
2024-09-01 17:04:50,463: [iteration 0001] loss: 191.3126
2024-09-01 17:05:51,247: elbo_loss:225655.125, custom_loss:2785.45458984375
2024-09-01 17:06:52,041: elbo_loss:190604.5625, custom_loss:2559.337890625
2024-09-01 17:07:52,853: elbo_loss:170388.15625, custom_loss:4296.203125
2024-09-01 17:08:53,689: elbo_loss:161059.46875, custom_loss:4938.705078125
2024-09-01 17:09:54,499: elbo_loss:154549.296875, custom_loss:5074.4296875
2024-09-01 17:10:55,288: elbo_loss:145594.28125, custom_loss:5104.4921875
2024-09-01 17:11:56,092: elbo_loss:134408.640625, custom_loss:4998.33837890625
2024-09-01 17:12:56,909: elbo_loss:125071.359375, custom_loss:5021.12744140625
2024-09-01 17:13:57,671: elbo_loss:120073.3125, custom_loss:5033.140625
2024-09-01 17:14:58,458: elbo_loss:118000.421875, custom_loss:5129.96240234375
2024-09-01 17:14:58,470: [iteration 10001] loss: 10.0539
2024-09-01 17:15:59,245: elbo_loss:117156.109375, custom_loss:5003.740234375
2024-09-01 17:17:00,022: elbo_loss:116622.921875, custom_loss:5167.2197265625
2024-09-01 17:18:00,795: elbo_loss:116434.59375, custom_loss:5035.427734375
2024-09-01 17:19:01,563: elbo_loss:116339.5859375, custom_loss:5172.34130859375
2024-09-01 17:20:02,333: elbo_loss:116191.296875, custom_loss:5122.208984375
2024-09-01 17:21:06,102: elbo_loss:116170.8828125, custom_loss:5074.44384765625
2024-09-01 17:22:14,582: elbo_loss:116096.453125, custom_loss:5056.35400390625
2024-09-01 17:23:23,068: elbo_loss:116191.03125, custom_loss:5092.49169921875
2024-09-01 17:24:31,548: elbo_loss:116211.984375, custom_loss:5037.1904296875
2024-09-01 17:25:39,966: elbo_loss:116213.0546875, custom_loss:5142.06591796875
2024-09-01 17:25:39,980: [iteration 20001] loss: 9.9090
2024-09-01 17:26:48,482: elbo_loss:116234.078125, custom_loss:5090.19873046875
2024-09-01 17:27:57,034: elbo_loss:116232.453125, custom_loss:5103.20654296875
2024-09-01 17:29:06,424: elbo_loss:116214.1484375, custom_loss:5068.14892578125
2024-09-01 17:30:14,950: elbo_loss:116189.9921875, custom_loss:5079.9658203125
2024-09-01 17:31:23,455: elbo_loss:116168.0, custom_loss:5082.716796875
2024-09-01 17:32:32,006: elbo_loss:116122.5078125, custom_loss:5092.8173828125
2024-09-01 17:33:40,551: elbo_loss:116145.59375, custom_loss:5091.83447265625
2024-09-01 17:34:49,089: elbo_loss:116189.3203125, custom_loss:5103.62451171875
2024-09-01 17:35:57,576: elbo_loss:116162.9921875, custom_loss:5067.54150390625
2024-09-01 17:37:08,762: elbo_loss:116066.2421875, custom_loss:5075.4521484375
2024-09-01 17:37:08,774: [iteration 30001] loss: 9.8915
2024-09-01 17:38:08,768: elbo_loss:116097.6484375, custom_loss:5064.15966796875
2024-09-01 17:39:08,788: elbo_loss:116165.015625, custom_loss:5031.7607421875
2024-09-01 17:40:08,831: elbo_loss:116135.4765625, custom_loss:5092.6083984375
2024-09-01 17:41:08,866: elbo_loss:116112.984375, custom_loss:5067.91748046875
2024-09-01 17:42:08,898: elbo_loss:116156.0546875, custom_loss:5029.10986328125
2024-09-01 17:43:08,962: elbo_loss:116126.5625, custom_loss:4961.798828125
2024-09-01 17:44:08,981: elbo_loss:116030.015625, custom_loss:5163.978515625
2024-09-01 17:45:09,027: elbo_loss:116068.171875, custom_loss:5134.14208984375
2024-09-01 17:46:09,080: elbo_loss:116001.984375, custom_loss:5006.32177734375
2024-09-01 17:47:09,119: elbo_loss:116045.96875, custom_loss:4983.9345703125
2024-09-01 17:47:09,130: [iteration 40001] loss: 9.8824
2024-09-01 17:48:09,157: elbo_loss:116105.140625, custom_loss:4965.84130859375
2024-09-01 17:49:09,200: elbo_loss:115989.9765625, custom_loss:5081.498046875
2024-09-01 17:50:09,247: elbo_loss:116004.4765625, custom_loss:5050.08837890625
2024-09-01 17:51:09,274: elbo_loss:116028.0, custom_loss:5100.24560546875
2024-09-01 17:52:09,294: elbo_loss:116026.921875, custom_loss:5067.23095703125
2024-09-01 17:53:09,313: elbo_loss:116013.3828125, custom_loss:5133.50048828125
2024-09-01 17:54:09,338: elbo_loss:115985.359375, custom_loss:5111.76806640625
2024-09-01 17:55:09,356: elbo_loss:115983.3515625, custom_loss:5129.5107421875
2024-09-01 17:56:09,383: elbo_loss:115981.34375, custom_loss:5100.1005859375
2024-09-01 17:57:09,400: elbo_loss:116044.234375, custom_loss:5147.51611328125
2024-09-01 17:57:09,412: [iteration 50001] loss: 9.8956
2024-09-01 17:58:09,420: elbo_loss:115901.703125, custom_loss:5056.69482421875
2024-09-01 17:59:09,441: elbo_loss:116095.03125, custom_loss:5161.76171875
2024-09-01 18:00:09,457: elbo_loss:116009.734375, custom_loss:5091.10107421875
2024-09-01 18:01:09,472: elbo_loss:115885.3671875, custom_loss:5094.18603515625
2024-09-01 18:02:09,489: elbo_loss:115891.6875, custom_loss:5080.28076171875
2024-09-01 18:03:09,505: elbo_loss:115997.3984375, custom_loss:5063.21826171875
2024-09-01 18:04:09,522: elbo_loss:115906.0859375, custom_loss:5131.53662109375
2024-09-01 18:05:09,571: elbo_loss:115949.4921875, custom_loss:5165.06689453125
2024-09-01 18:06:09,610: elbo_loss:116031.375, custom_loss:5050.302734375
2024-09-01 18:07:09,657: elbo_loss:116041.2734375, custom_loss:5149.962890625
2024-09-01 18:07:09,669: [iteration 60001] loss: 9.8956
2024-09-01 18:08:09,704: elbo_loss:115936.28125, custom_loss:5096.5068359375
2024-09-01 18:09:09,730: elbo_loss:115989.109375, custom_loss:5089.2734375
2024-09-01 18:10:09,770: elbo_loss:115989.5078125, custom_loss:5095.6689453125
2024-09-01 18:11:09,796: elbo_loss:115926.828125, custom_loss:5127.4228515625
2024-09-01 18:12:09,834: elbo_loss:115942.5546875, custom_loss:5099.994140625
2024-09-01 18:13:09,879: elbo_loss:116005.5, custom_loss:5057.24560546875
2024-09-01 18:14:09,912: elbo_loss:115925.6015625, custom_loss:5083.03466796875
2024-09-01 18:15:09,947: elbo_loss:115962.859375, custom_loss:5088.1435546875
2024-09-01 18:16:09,992: elbo_loss:115942.3515625, custom_loss:5158.7099609375
2024-09-01 18:17:09,841: saved causal model in: models_save/cfpup.pt
2024-09-01 18:17:09,846: =========== evaluation for cfp_up predictor ================: {'RMSE': 0.9024506090447647, 'MAE': 0.724409422017059}
2024-09-01 18:17:10,193: saved VAE model in: models_save/vae.pt
2024-09-01 18:17:10,210: constant
2024-09-01 18:17:10,210: {'MMD': {'0_1': 0.0, '0_2': 0.0, '1_2': 0.0, 'Average': 0.0}, 'Wass': {'0_1': 0.6330661773681641, '0_2': 0.6330661773681641, '1_2': 0.6330661773681641, 'Average': 0.6330661773681641}}
2024-09-01 18:17:10,226: full
2024-09-01 18:17:10,226: {'MMD': {'0_1': 3986.062255859375, '0_2': 15933.873046875, '1_2': 3980.875732421875, 'Average': 7966.93701171875}, 'Wass': {'0_1': 38.61018371582031, '0_2': 76.13229370117188, '1_2': 38.565208435058594, 'Average': 51.102561950683594}}
2024-09-01 18:17:10,241: unaware
2024-09-01 18:17:10,241: {'MMD': {'0_1': 3419.253662109375, '0_2': 13687.6572265625, '1_2': 3424.57666015625, 'Average': 6843.829182942708}, 'Wass': {'0_1': 35.962669372558594, '0_2': 70.93872833251953, '1_2': 36.070953369140625, 'Average': 47.657450358072914}}
2024-09-01 18:17:10,256: cfpu
2024-09-01 18:17:10,256: {'MMD': {'0_1': 0.0005058369715698063, '0_2': 0.0005202373140491545, '1_2': 0.002052047522738576, 'Average': 0.0010260406027858455}, 'Wass': {'0_1': 4.965251922607422, '0_2': 4.987991809844971, '1_2': 4.966915607452393, 'Average': 4.973386446634929}}
2024-09-01 18:17:10,271: cfpup
2024-09-01 18:17:10,271: {'MMD': {'0_1': 0.000960653880611062, '0_2': 0.0009879403514787555, '1_2': 0.0038969973102211952, 'Average': 0.0019485305141036708}, 'Wass': {'0_1': 6.753190040588379, '0_2': 6.785382270812988, '1_2': 6.75577974319458, 'Average': 6.764784018198649}}
