2024-09-22 22:56:50,562: Namespace(cudanum=0, dataset='adult', synthetic=0, seed=50, training=1, pyromodel='models_save/cfpup.pt', pyroparam='models_save/cfpup_param.pt', lrcausalmodel=0.001, alpha=0.0, num_iterations_causalmodel=20000, epochs_vae=10, decoder_type='together', lr=0.002)
2024-09-22 22:56:50,564: Namespace(cudanum=0, dataset='adult', synthetic=0, seed=50, training=1, pyromodel='models_save/cfpup.pt', pyroparam='models_save/cfpup_param.pt', lrcausalmodel=0.001, alpha=0.0, num_iterations_causalmodel=20000, epochs_vae=10, decoder_type='together', lr=0.002)
2024-09-22 22:56:50,718: =========== evaluation for constant predictor ================: {'F1-score': 0.0, 'Accuracy': 0.7479297780722094}
2024-09-22 22:56:50,845: =========== evaluation for full predictor ================: {'F1-score': 0.631578947368421, 'Accuracy': 0.7658164955283207}
2024-09-22 22:56:50,971: =========== evaluation for unaware predictor ================: {'F1-score': 0.6308654848800834, 'Accuracy': 0.7654852600198742}
2024-09-22 22:56:53,722: [iteration 0001] loss: 1230.2366
2024-09-22 22:57:11,781: [iteration 1001] loss: 664.1250
2024-09-22 22:57:28,766: [iteration 2001] loss: 347.4303
2024-09-22 22:57:45,925: [iteration 3001] loss: 193.0704
2024-09-22 22:58:02,791: [iteration 4001] loss: 132.1601
2024-09-22 22:58:19,334: [iteration 5001] loss: 110.5378
2024-09-22 22:58:35,908: [iteration 6001] loss: 99.0102
2024-09-22 22:58:52,698: [iteration 7001] loss: 90.0419
2024-09-22 22:59:09,326: [iteration 8001] loss: 82.7015
2024-09-22 22:59:25,931: [iteration 9001] loss: 76.6208
2024-09-22 22:59:42,541: [iteration 10001] loss: 71.6938
2024-09-22 22:59:59,220: [iteration 11001] loss: 67.6263
2024-09-22 23:00:15,816: [iteration 12001] loss: 64.3714
2024-09-22 23:00:33,092: [iteration 13001] loss: 61.7784
2024-09-22 23:00:50,397: [iteration 14001] loss: 59.6589
2024-09-22 23:01:07,708: [iteration 15001] loss: 57.9294
2024-09-22 23:01:25,057: [iteration 16001] loss: 56.4512
2024-09-22 23:01:43,486: [iteration 17001] loss: 55.2183
2024-09-22 23:02:01,942: [iteration 18001] loss: 54.1779
2024-09-22 23:02:20,263: [iteration 19001] loss: 53.3192
2024-09-22 23:02:37,514: saved causal model in: models_save/cfpup.pt
2024-09-22 23:02:37,544: =========== evaluation for cfp_u predictor ================: {'F1-score': 0.5172074729596854, 'Accuracy': 0.6747267307055317}
2024-09-22 23:02:37,570: elbo_loss:29815190.0, custom_loss:0.0
2024-09-22 23:02:37,582: [iteration 0001] loss: 1234.7368
2024-09-22 23:03:03,454: elbo_loss:13932126.0, custom_loss:0.0
2024-09-22 23:03:29,376: elbo_loss:5022046.5, custom_loss:0.0
2024-09-22 23:03:55,305: elbo_loss:2075037.125, custom_loss:0.0
2024-09-22 23:04:21,219: elbo_loss:1251407.25, custom_loss:0.0
2024-09-22 23:04:47,121: elbo_loss:875961.5625, custom_loss:0.0
2024-09-22 23:05:13,039: elbo_loss:664311.25, custom_loss:0.0
2024-09-22 23:05:38,940: elbo_loss:546325.1875, custom_loss:0.0
2024-09-22 23:06:04,750: elbo_loss:473640.65625, custom_loss:0.0
2024-09-22 23:06:30,058: elbo_loss:427638.90625, custom_loss:0.0
2024-09-22 23:06:55,687: elbo_loss:398157.96875, custom_loss:0.0
2024-09-22 23:06:55,695: [iteration 10001] loss: 16.4889
2024-09-22 23:07:20,979: elbo_loss:379482.78125, custom_loss:0.0
2024-09-22 23:07:46,564: elbo_loss:367563.9375, custom_loss:0.0
2024-09-22 23:08:11,545: elbo_loss:360093.625, custom_loss:0.0
2024-09-22 23:08:37,363: elbo_loss:355096.875, custom_loss:0.0
2024-09-22 23:09:02,612: elbo_loss:352063.15625, custom_loss:0.0
2024-09-22 23:09:27,787: elbo_loss:350415.9375, custom_loss:0.0
2024-09-22 23:09:52,938: elbo_loss:349635.90625, custom_loss:0.0
2024-09-22 23:10:18,079: elbo_loss:348980.03125, custom_loss:0.0
2024-09-22 23:10:43,217: elbo_loss:348610.65625, custom_loss:0.0
2024-09-22 23:11:18,736: saved causal model in: models_save/cfpup.pt
2024-09-22 23:11:18,757: =========== evaluation for cfp_up predictor ================: {'F1-score': 0.5239520958083832, 'Accuracy': 0.6840013249420338}
2024-09-22 23:11:18,775: constant
2024-09-22 23:11:18,775: {'MMD': {'0_1': 0.0, '0_2': 0.0, '1_2': 0.0, 'Average': 0.0}, 'Wass': {'0_1': 0.6330670118331909, '0_2': 0.6330671310424805, '1_2': 0.63306725025177, 'Average': 0.6330671310424805}}
2024-09-22 23:11:18,782: full
2024-09-22 23:11:18,782: {'MMD': {'0_1': 4340.544921875, '0_2': 50.874267578125, '1_2': 3451.58544921875, 'Average': 2614.3348795572915}, 'Wass': {'0_1': 40.65032196044922, '0_2': 10.698570251464844, '1_2': 36.297035217285156, 'Average': 29.215309143066406}}
2024-09-22 23:11:18,790: unaware
2024-09-22 23:11:18,790: {'MMD': {'0_1': 3888.5908203125, '0_2': 1.843010663986206, '1_2': 4059.74658203125, 'Average': 2650.0601376692453}, 'Wass': {'0_1': 38.00033950805664, '0_2': 11.054993629455566, '1_2': 39.1689567565918, 'Average': 29.408096631368}}
2024-09-22 23:11:18,798: cfpu
2024-09-22 23:11:18,798: {'MMD': {'0_1': 599.7843627929688, '0_2': 64.73094177246094, '1_2': 270.4361267089844, 'Average': 311.6504770914714}, 'Wass': {'0_1': 9.006092071533203, '0_2': 5.379504680633545, '1_2': 7.374401569366455, 'Average': 7.253332773844401}}
2024-09-22 23:11:18,805: cfpup
2024-09-22 23:11:18,805: {'MMD': {'0_1': 616.0925903320312, '0_2': 167.0712890625, '1_2': 141.50546264648438, 'Average': 308.2231140136719}, 'Wass': {'0_1': 9.665236473083496, '0_2': 5.266384124755859, '1_2': 5.532270908355713, 'Average': 6.8212971687316895}}
