2024-09-22 23:24:15,563: Namespace(cudanum=6, dataset='law', synthetic=0, seed=52, training=1, pyromodel='models_save/cfpup.pt', pyroparam='models_save/cfpup_param.pt', lrcausalmodel=0.001, alpha=10000.0, num_iterations_causalmodel=20000, epochs_vae=10, decoder_type='together', lr=0.002)
2024-09-22 23:24:15,565: Namespace(cudanum=6, dataset='law', synthetic=0, seed=52, training=1, pyromodel='models_save/cfpup.pt', pyroparam='models_save/cfpup_param.pt', lrcausalmodel=0.001, alpha=10000.0, num_iterations_causalmodel=20000, epochs_vae=10, decoder_type='together', lr=0.002)
2024-09-22 23:24:15,600: =========== evaluation for constant predictor ================: {'RMSE': 0.9380202069098637, 'MAE': 0.7533386257686507}
2024-09-22 23:24:15,604: =========== evaluation for full predictor ================: {'RMSE': 0.8879168501592303, 'MAE': 0.7140008795976593}
2024-09-22 23:24:15,607: =========== evaluation for unaware predictor ================: {'RMSE': 0.9044340820794905, 'MAE': 0.7261595665285413}
2024-09-22 23:24:17,601: [iteration 0001] loss: 138.5773
2024-09-22 23:24:28,895: [iteration 1001] loss: 20.4856
2024-09-22 23:24:40,096: [iteration 2001] loss: 11.2865
2024-09-22 23:24:51,369: [iteration 3001] loss: 10.5169
2024-09-22 23:25:02,614: [iteration 4001] loss: 10.3776
2024-09-22 23:25:13,850: [iteration 5001] loss: 10.2702
2024-09-22 23:25:25,099: [iteration 6001] loss: 10.1403
2024-09-22 23:25:33,925: [iteration 7001] loss: 9.9658
2024-09-22 23:25:40,947: [iteration 8001] loss: 9.6995
2024-09-22 23:25:48,052: [iteration 9001] loss: 9.2351
2024-09-22 23:25:55,148: [iteration 10001] loss: 8.3388
2024-09-22 23:26:02,126: [iteration 11001] loss: 7.4358
2024-09-22 23:26:09,161: [iteration 12001] loss: 7.0835
2024-09-22 23:26:16,145: [iteration 13001] loss: 6.9114
2024-09-22 23:26:23,198: [iteration 14001] loss: 6.8170
2024-09-22 23:26:30,215: [iteration 15001] loss: 6.7654
2024-09-22 23:26:37,205: [iteration 16001] loss: 6.7352
2024-09-22 23:26:44,215: [iteration 17001] loss: 6.7173
2024-09-22 23:26:51,205: [iteration 18001] loss: 6.7066
2024-09-22 23:26:58,222: [iteration 19001] loss: 6.7005
2024-09-22 23:27:05,189: saved causal model in: models_save/cfpup.pt
2024-09-22 23:27:05,197: =========== evaluation for cfp_u predictor ================: {'RMSE': 0.9290422374936457, 'MAE': 0.7449951962405682}
2024-09-22 23:27:05,210: elbo_loss:2340609.25, custom_loss:2247.9228515625
2024-09-22 23:27:05,215: [iteration 0001] loss: 143.4783
2024-09-22 23:27:17,262: elbo_loss:230175.03125, custom_loss:2747.51904296875
2024-09-22 23:27:29,347: elbo_loss:191005.0625, custom_loss:2509.43603515625
2024-09-22 23:27:41,566: elbo_loss:165316.71875, custom_loss:4293.23681640625
2024-09-22 23:27:54,027: elbo_loss:153773.421875, custom_loss:4916.07373046875
2024-09-22 23:28:06,257: elbo_loss:143011.203125, custom_loss:5133.5908203125
2024-09-22 23:28:18,400: elbo_loss:134755.3125, custom_loss:5218.6875
2024-09-22 23:28:30,493: elbo_loss:128289.8515625, custom_loss:5319.61328125
2024-09-22 23:28:42,568: elbo_loss:123306.5859375, custom_loss:5213.74951171875
2024-09-22 23:28:54,760: elbo_loss:120584.390625, custom_loss:5093.9384765625
2024-09-22 23:29:06,960: elbo_loss:119001.046875, custom_loss:5301.31298828125
2024-09-22 23:29:06,964: [iteration 10001] loss: 7.6124
2024-09-22 23:29:19,141: elbo_loss:117994.875, custom_loss:5186.6455078125
2024-09-22 23:29:31,326: elbo_loss:117477.171875, custom_loss:5250.396484375
2024-09-22 23:29:48,659: elbo_loss:116923.9921875, custom_loss:5280.6083984375
2024-09-22 23:30:08,699: elbo_loss:116603.3359375, custom_loss:5186.19140625
2024-09-22 23:30:28,707: elbo_loss:116520.9609375, custom_loss:5183.94091796875
2024-09-22 23:30:48,874: elbo_loss:116198.7578125, custom_loss:5189.337890625
2024-09-22 23:31:08,932: elbo_loss:116147.859375, custom_loss:5191.97900390625
2024-09-22 23:31:29,216: elbo_loss:116024.2734375, custom_loss:5133.16162109375
2024-09-22 23:31:49,418: elbo_loss:115975.2421875, custom_loss:5092.77001953125
2024-09-22 23:32:09,642: saved causal model in: models_save/cfpup.pt
2024-09-22 23:32:09,646: =========== evaluation for cfp_up predictor ================: {'RMSE': 0.904140503186609, 'MAE': 0.7260665057822113}
2024-09-22 23:32:09,660: constant
2024-09-22 23:32:09,661: {'MMD': {'0_1': 2.4671624118677293e-11, '0_2': 0.0, '1_2': 2.4671624118677293e-11, 'Average': 1.644774941245153e-11}, 'Wass': {'0_1': 0.6330670118331909, '0_2': 0.6330671906471252, '1_2': 0.6330678462982178, 'Average': 0.6330673495928446}}
2024-09-22 23:32:09,668: full
2024-09-22 23:32:09,668: {'MMD': {'0_1': 55155.90234375, '0_2': 57464.6171875, '1_2': 23.66668701171875, 'Average': 37548.062072753906}, 'Wass': {'0_1': 141.5445098876953, '0_2': 144.46713256835938, '1_2': 8.400877952575684, 'Average': 98.13750680287679}}
2024-09-22 23:32:09,676: unaware
2024-09-22 23:32:09,676: {'MMD': {'0_1': 19198.18359375, '0_2': 142.2633819580078, '1_2': 16035.1796875, 'Average': 11791.87555440267}, 'Wass': {'0_1': 84.48802947998047, '0_2': 13.073013305664062, '1_2': 77.47370910644531, 'Average': 58.34491729736328}}
2024-09-22 23:32:09,683: cfpu
2024-09-22 23:32:09,683: {'MMD': {'0_1': 779.4944458007812, '0_2': 344.31549072265625, '1_2': 2159.94140625, 'Average': 1094.5837809244792}, 'Wass': {'0_1': 17.14409828186035, '0_2': 8.743489265441895, '1_2': 28.772157669067383, 'Average': 18.21991507212321}}
2024-09-22 23:32:09,689: cfpup
2024-09-22 23:32:09,689: {'MMD': {'0_1': 33376.6171875, '0_2': 104766.546875, '1_2': 19876.46484375, 'Average': 52673.209635416664}, 'Wass': {'0_1': 110.36858367919922, '0_2': 195.5354461669922, '1_2': 84.84544372558594, 'Average': 130.24982452392578}}
