2024-09-01 16:21:54,121: Namespace(cudanum=7, dataset='law', seed=53, training=1, pyromodel='models_save/cfpup.pt', pyroparam='models_save/cfpup_param.pt', lrcausalmodel=0.001, alpha=10000.0, num_iterations_causalmodel=70000, epochs_vae=10, decoder_type='together', lr=0.002)
2024-09-01 16:21:54,122: Namespace(cudanum=7, dataset='law', seed=53, training=1, pyromodel='models_save/cfpup.pt', pyroparam='models_save/cfpup_param.pt', lrcausalmodel=0.001, alpha=10000.0, num_iterations_causalmodel=70000, epochs_vae=10, decoder_type='together', lr=0.002)
2024-09-01 16:21:54,153: =========== evaluation for constant predictor ================: {'RMSE': 0.9275566681560324, 'MAE': 0.749091289002164}
2024-09-01 16:21:54,157: =========== evaluation for full predictor ================: {'RMSE': 0.8821476571410778, 'MAE': 0.7138086088983635}
2024-09-01 16:21:54,159: =========== evaluation for unaware predictor ================: {'RMSE': 0.8894583862957466, 'MAE': 0.7182368939245409}
2024-09-01 16:21:56,622: [iteration 0001] loss: 184.7767
2024-09-01 16:22:36,352: [iteration 1001] loss: 27.3465
2024-09-01 16:23:16,151: [iteration 2001] loss: 15.0409
2024-09-01 16:23:55,564: [iteration 3001] loss: 14.0225
2024-09-01 16:24:34,917: [iteration 4001] loss: 13.8330
2024-09-01 16:25:14,279: [iteration 5001] loss: 13.6927
2024-09-01 16:25:53,637: [iteration 6001] loss: 13.5227
2024-09-01 16:26:32,981: [iteration 7001] loss: 13.2829
2024-09-01 16:27:12,336: [iteration 8001] loss: 12.9333
2024-09-01 16:27:51,695: [iteration 9001] loss: 12.3104
2024-09-01 16:28:31,049: [iteration 10001] loss: 11.1209
2024-09-01 16:29:10,595: [iteration 11001] loss: 9.9118
2024-09-01 16:29:50,323: [iteration 12001] loss: 9.4489
2024-09-01 16:30:30,143: [iteration 13001] loss: 9.2131
2024-09-01 16:31:09,964: [iteration 14001] loss: 9.0910
2024-09-01 16:31:49,753: [iteration 15001] loss: 9.0178
2024-09-01 16:32:29,557: [iteration 16001] loss: 8.9804
2024-09-01 16:33:09,350: [iteration 17001] loss: 8.9568
2024-09-01 16:33:49,212: [iteration 18001] loss: 8.9420
2024-09-01 16:34:28,963: [iteration 19001] loss: 8.9339
2024-09-01 16:35:08,551: [iteration 20001] loss: 8.9286
2024-09-01 16:35:48,134: [iteration 21001] loss: 8.9269
2024-09-01 16:36:27,694: [iteration 22001] loss: 8.9246
2024-09-01 16:37:07,250: [iteration 23001] loss: 8.9249
2024-09-01 16:37:46,845: [iteration 24001] loss: 8.9241
2024-09-01 16:38:26,429: [iteration 25001] loss: 8.9241
2024-09-01 16:39:06,003: [iteration 26001] loss: 8.9228
2024-09-01 16:39:45,574: [iteration 27001] loss: 8.9233
2024-09-01 16:40:25,182: [iteration 28001] loss: 8.9231
2024-09-01 16:41:04,783: [iteration 29001] loss: 8.9231
2024-09-01 16:41:44,368: [iteration 30001] loss: 8.9223
2024-09-01 16:42:23,958: [iteration 31001] loss: 8.9229
2024-09-01 16:43:03,453: [iteration 32001] loss: 8.9233
2024-09-01 16:43:41,681: [iteration 33001] loss: 8.9227
2024-09-01 16:44:16,146: [iteration 34001] loss: 8.9228
2024-09-01 16:44:50,630: [iteration 35001] loss: 8.9226
2024-09-01 16:45:25,122: [iteration 36001] loss: 8.9228
2024-09-01 16:45:59,585: [iteration 37001] loss: 8.9226
2024-09-01 16:46:34,042: [iteration 38001] loss: 8.9222
2024-09-01 16:47:08,493: [iteration 39001] loss: 8.9221
2024-09-01 16:47:42,931: [iteration 40001] loss: 8.9229
2024-09-01 16:48:17,370: [iteration 41001] loss: 8.9226
2024-09-01 16:48:51,806: [iteration 42001] loss: 8.9225
2024-09-01 16:49:26,261: [iteration 43001] loss: 8.9228
2024-09-01 16:50:00,730: [iteration 44001] loss: 8.9226
2024-09-01 16:50:35,184: [iteration 45001] loss: 8.9219
2024-09-01 16:51:09,650: [iteration 46001] loss: 8.9226
2024-09-01 16:51:44,098: [iteration 47001] loss: 8.9228
2024-09-01 16:52:18,558: [iteration 48001] loss: 8.9224
2024-09-01 16:52:53,015: [iteration 49001] loss: 8.9228
2024-09-01 16:53:27,477: [iteration 50001] loss: 8.9224
2024-09-01 16:54:01,948: [iteration 51001] loss: 8.9225
2024-09-01 16:54:36,431: [iteration 52001] loss: 8.9232
2024-09-01 16:55:10,885: [iteration 53001] loss: 8.9223
2024-09-01 16:55:45,303: [iteration 54001] loss: 8.9224
2024-09-01 16:56:19,758: [iteration 55001] loss: 8.9228
2024-09-01 16:56:54,229: [iteration 56001] loss: 8.9221
2024-09-01 16:57:28,689: [iteration 57001] loss: 8.9214
2024-09-01 16:58:03,143: [iteration 58001] loss: 8.9223
2024-09-01 16:58:37,590: [iteration 59001] loss: 8.9222
2024-09-01 16:59:12,050: [iteration 60001] loss: 8.9227
2024-09-01 16:59:46,537: [iteration 61001] loss: 8.9219
2024-09-01 17:00:21,003: [iteration 62001] loss: 8.9227
2024-09-01 17:00:55,482: [iteration 63001] loss: 8.9227
2024-09-01 17:01:29,937: [iteration 64001] loss: 8.9223
2024-09-01 17:02:04,400: [iteration 65001] loss: 8.9221
2024-09-01 17:02:38,857: [iteration 66001] loss: 8.9221
2024-09-01 17:03:13,330: [iteration 67001] loss: 8.9231
2024-09-01 17:03:47,812: [iteration 68001] loss: 8.9207
2024-09-01 17:04:22,255: [iteration 69001] loss: 8.9221
2024-09-01 17:04:56,776: saved causal model in: models_save/cfpup.pt
2024-09-01 17:04:56,784: =========== evaluation for cfp_u predictor ================: {'RMSE': 0.9141801695895886, 'MAE': 0.738398195365291}
2024-09-01 17:04:56,861: elbo_loss:2340522.75, custom_loss:2222.903564453125
2024-09-01 17:04:56,875: [iteration 0001] loss: 191.2914
2024-09-01 17:05:57,655: elbo_loss:227315.234375, custom_loss:2800.1904296875
2024-09-01 17:06:58,451: elbo_loss:190958.5, custom_loss:2555.385498046875
2024-09-01 17:07:59,263: elbo_loss:171746.0625, custom_loss:4348.2529296875
2024-09-01 17:09:00,087: elbo_loss:161233.046875, custom_loss:4983.1904296875
2024-09-01 17:10:00,890: elbo_loss:154852.375, custom_loss:5073.60205078125
2024-09-01 17:11:01,691: elbo_loss:145930.359375, custom_loss:5105.154296875
2024-09-01 17:12:02,592: elbo_loss:134389.140625, custom_loss:5063.1337890625
2024-09-01 17:13:03,601: elbo_loss:125066.4140625, custom_loss:5172.556640625
2024-09-01 17:14:04,536: elbo_loss:120213.59375, custom_loss:5034.080078125
2024-09-01 17:15:05,497: elbo_loss:117942.4453125, custom_loss:4962.52197265625
2024-09-01 17:15:05,509: [iteration 10001] loss: 10.0355
2024-09-01 17:16:06,473: elbo_loss:117093.9140625, custom_loss:5204.5546875
2024-09-01 17:17:07,419: elbo_loss:116712.0546875, custom_loss:5078.560546875
2024-09-01 17:18:08,381: elbo_loss:116421.859375, custom_loss:5027.36328125
2024-09-01 17:19:09,361: elbo_loss:116353.6484375, custom_loss:5071.21875
2024-09-01 17:20:10,335: elbo_loss:116249.4453125, custom_loss:5002.6142578125
2024-09-01 17:21:15,246: elbo_loss:116203.5703125, custom_loss:5073.103515625
2024-09-01 17:22:23,772: elbo_loss:116164.2109375, custom_loss:5031.626953125
2024-09-01 17:23:32,202: elbo_loss:116314.6953125, custom_loss:5092.96435546875
2024-09-01 17:24:40,672: elbo_loss:116127.1171875, custom_loss:5123.71044921875
2024-09-01 17:25:49,074: elbo_loss:116203.5703125, custom_loss:5054.67724609375
2024-09-01 17:25:49,087: [iteration 20001] loss: 9.9011
2024-09-01 17:26:57,598: elbo_loss:116219.4609375, custom_loss:5174.986328125
2024-09-01 17:28:06,115: elbo_loss:116149.0234375, custom_loss:5066.5986328125
2024-09-01 17:29:15,478: elbo_loss:116213.6015625, custom_loss:5038.6201171875
2024-09-01 17:30:24,005: elbo_loss:116179.890625, custom_loss:5082.34130859375
2024-09-01 17:31:32,490: elbo_loss:116117.5625, custom_loss:5140.70654296875
2024-09-01 17:32:41,005: elbo_loss:116033.421875, custom_loss:5095.62158203125
2024-09-01 17:33:49,552: elbo_loss:116138.96875, custom_loss:4981.0380859375
2024-09-01 17:34:58,071: elbo_loss:116179.9296875, custom_loss:5066.11181640625
2024-09-01 17:36:06,564: elbo_loss:116182.03125, custom_loss:5167.0478515625
2024-09-01 17:37:16,565: elbo_loss:116164.6953125, custom_loss:5106.28466796875
2024-09-01 17:37:16,577: [iteration 30001] loss: 9.9021
2024-09-01 17:38:16,575: elbo_loss:116091.6328125, custom_loss:5048.41748046875
2024-09-01 17:39:16,604: elbo_loss:116167.2265625, custom_loss:5056.17138671875
2024-09-01 17:40:16,644: elbo_loss:116025.109375, custom_loss:5186.89697265625
2024-09-01 17:41:16,676: elbo_loss:116178.40625, custom_loss:5113.34765625
2024-09-01 17:42:16,708: elbo_loss:116083.328125, custom_loss:5237.55078125
2024-09-01 17:43:16,770: elbo_loss:116081.7734375, custom_loss:5046.11572265625
2024-09-01 17:44:16,802: elbo_loss:116034.8125, custom_loss:5025.333984375
2024-09-01 17:45:16,838: elbo_loss:115996.28125, custom_loss:5053.0888671875
2024-09-01 17:46:16,887: elbo_loss:116066.578125, custom_loss:5047.9267578125
2024-09-01 17:47:16,931: elbo_loss:115980.6640625, custom_loss:5050.7294921875
2024-09-01 17:47:16,942: [iteration 40001] loss: 9.8825
2024-09-01 17:48:16,968: elbo_loss:115984.4140625, custom_loss:5091.263671875
2024-09-01 17:49:17,013: elbo_loss:116023.5703125, custom_loss:5129.3759765625
2024-09-01 17:50:17,059: elbo_loss:116010.7109375, custom_loss:5046.37158203125
2024-09-01 17:51:17,085: elbo_loss:116004.359375, custom_loss:5137.04248046875
2024-09-01 17:52:17,106: elbo_loss:115981.6015625, custom_loss:5132.31982421875
2024-09-01 17:53:17,129: elbo_loss:116018.6171875, custom_loss:5000.8173828125
2024-09-01 17:54:17,149: elbo_loss:115963.859375, custom_loss:5173.2880859375
2024-09-01 17:55:17,165: elbo_loss:116026.765625, custom_loss:5017.85498046875
2024-09-01 17:56:17,190: elbo_loss:115954.09375, custom_loss:5163.35302734375
2024-09-01 17:57:17,212: elbo_loss:115967.421875, custom_loss:5153.02978515625
2024-09-01 17:57:17,224: [iteration 50001] loss: 9.8898
2024-09-01 17:58:17,235: elbo_loss:116051.2421875, custom_loss:5060.69970703125
2024-09-01 17:59:17,250: elbo_loss:115931.015625, custom_loss:5165.1318359375
2024-09-01 18:00:17,265: elbo_loss:116066.1484375, custom_loss:5158.46240234375
2024-09-01 18:01:17,277: elbo_loss:115978.390625, custom_loss:5103.5205078125
2024-09-01 18:02:17,298: elbo_loss:116057.2578125, custom_loss:5088.53564453125
2024-09-01 18:03:17,315: elbo_loss:115952.703125, custom_loss:5100.7060546875
2024-09-01 18:04:17,337: elbo_loss:116000.9765625, custom_loss:5117.30810546875
2024-09-01 18:05:17,389: elbo_loss:115975.015625, custom_loss:5205.26416015625
2024-09-01 18:06:17,427: elbo_loss:116065.1796875, custom_loss:5081.39111328125
2024-09-01 18:07:17,469: elbo_loss:115994.390625, custom_loss:5151.95947265625
2024-09-01 18:07:17,480: [iteration 60001] loss: 9.8919
2024-09-01 18:08:17,512: elbo_loss:115952.6171875, custom_loss:5160.34375
2024-09-01 18:09:17,541: elbo_loss:115967.0078125, custom_loss:5036.2431640625
2024-09-01 18:10:17,581: elbo_loss:115982.578125, custom_loss:5074.52001953125
2024-09-01 18:11:17,605: elbo_loss:115925.921875, custom_loss:5065.6201171875
2024-09-01 18:12:17,642: elbo_loss:115950.59375, custom_loss:5182.4677734375
2024-09-01 18:13:17,688: elbo_loss:116046.0078125, custom_loss:5016.041015625
2024-09-01 18:14:17,726: elbo_loss:115914.546875, custom_loss:5105.1669921875
2024-09-01 18:15:17,759: elbo_loss:116041.203125, custom_loss:5060.24365234375
2024-09-01 18:16:17,799: elbo_loss:116009.8046875, custom_loss:5238.2685546875
2024-09-01 18:17:12,409: saved causal model in: models_save/cfpup.pt
2024-09-01 18:17:12,413: =========== evaluation for cfp_up predictor ================: {'RMSE': 0.9080312538100315, 'MAE': 0.7326873118222899}
2024-09-01 18:17:12,746: saved VAE model in: models_save/vae.pt
2024-09-01 18:17:12,837: constant
2024-09-01 18:17:12,837: {'MMD': {'0_1': 0.0, '0_2': 0.0, '1_2': 0.0, 'Average': 0.0}, 'Wass': {'0_1': 0.6330661773681641, '0_2': 0.6330661773681641, '1_2': 0.6330661773681641, 'Average': 0.6330661773681641}}
2024-09-01 18:17:12,852: full
2024-09-01 18:17:12,852: {'MMD': {'0_1': 13904.228515625, '0_2': 56020.9375, '1_2': 14106.607421875, 'Average': 28010.591145833332}, 'Wass': {'0_1': 71.13634490966797, '0_2': 142.36846923828125, '1_2': 71.53038787841797, 'Average': 95.01173400878906}}
2024-09-01 18:17:12,867: unaware
2024-09-01 18:17:12,867: {'MMD': {'0_1': 2.6979544162750244, '0_2': 5.351706027984619, '1_2': 0.4500134587287903, 'Average': 2.833224634329478}, 'Wass': {'0_1': 1.4233388900756836, '0_2': 1.7725516557693481, '1_2': 0.9463372826576233, 'Average': 1.380742609500885}}
2024-09-01 18:17:12,882: cfpu
2024-09-01 18:17:12,882: {'MMD': {'0_1': 11.369404792785645, '0_2': 1.535027027130127, '1_2': 4.549231052398682, 'Average': 5.817887624104817}, 'Wass': {'0_1': 5.920808792114258, '0_2': 5.723886013031006, '1_2': 5.597463130950928, 'Average': 5.7473859786987305}}
2024-09-01 18:17:12,896: cfpup
2024-09-01 18:17:12,896: {'MMD': {'0_1': 20.676145553588867, '0_2': 2.7915618419647217, '1_2': 8.273136138916016, 'Average': 10.580281178156534}, 'Wass': {'0_1': 7.897048473358154, '0_2': 7.630756378173828, '1_2': 7.459585189819336, 'Average': 7.662463347117106}}
