2024-09-01 18:17:21,753: Namespace(cudanum=2, dataset='law', seed=52, training=1, pyromodel='models_save/cfpup.pt', pyroparam='models_save/cfpup_param.pt', lrcausalmodel=0.001, alpha=100000.0, num_iterations_causalmodel=70000, epochs_vae=10, decoder_type='together', lr=0.002)
2024-09-01 18:17:21,754: Namespace(cudanum=2, dataset='law', seed=52, training=1, pyromodel='models_save/cfpup.pt', pyroparam='models_save/cfpup_param.pt', lrcausalmodel=0.001, alpha=100000.0, num_iterations_causalmodel=70000, epochs_vae=10, decoder_type='together', lr=0.002)
2024-09-01 18:17:21,781: =========== evaluation for constant predictor ================: {'RMSE': 0.9242293614606009, 'MAE': 0.7420654844650884}
2024-09-01 18:17:21,784: =========== evaluation for full predictor ================: {'RMSE': 0.8732027023472552, 'MAE': 0.7005569256798195}
2024-09-01 18:17:21,786: =========== evaluation for unaware predictor ================: {'RMSE': 0.88326241873674, 'MAE': 0.7083086274068068}
2024-09-01 18:17:24,654: [iteration 0001] loss: 184.7659
2024-09-01 18:18:00,496: [iteration 1001] loss: 27.3136
2024-09-01 18:18:36,369: [iteration 2001] loss: 15.0483
2024-09-01 18:19:12,132: [iteration 3001] loss: 14.0222
2024-09-01 18:19:47,586: [iteration 4001] loss: 13.8366
2024-09-01 18:20:23,342: [iteration 5001] loss: 13.6933
2024-09-01 18:20:59,264: [iteration 6001] loss: 13.5201
2024-09-01 18:21:35,241: [iteration 7001] loss: 13.2874
2024-09-01 18:22:11,175: [iteration 8001] loss: 12.9324
2024-09-01 18:22:46,842: [iteration 9001] loss: 12.3133
2024-09-01 18:23:22,600: [iteration 10001] loss: 11.1181
2024-09-01 18:23:58,595: [iteration 11001] loss: 9.9141
2024-09-01 18:24:34,220: [iteration 12001] loss: 9.4445
2024-09-01 18:25:10,057: [iteration 13001] loss: 9.2150
2024-09-01 18:25:46,053: [iteration 14001] loss: 9.0892
2024-09-01 18:26:22,034: [iteration 15001] loss: 9.0204
2024-09-01 18:26:58,017: [iteration 16001] loss: 8.9801
2024-09-01 18:27:33,790: [iteration 17001] loss: 8.9562
2024-09-01 18:28:09,598: [iteration 18001] loss: 8.9419
2024-09-01 18:28:45,609: [iteration 19001] loss: 8.9339
2024-09-01 18:29:21,577: [iteration 20001] loss: 8.9299
2024-09-01 18:29:57,510: [iteration 21001] loss: 8.9275
2024-09-01 18:30:33,477: [iteration 22001] loss: 8.9269
2024-09-01 18:31:09,417: [iteration 23001] loss: 8.9241
2024-09-01 18:31:45,369: [iteration 24001] loss: 8.9232
2024-09-01 18:32:21,327: [iteration 25001] loss: 8.9229
2024-09-01 18:32:57,272: [iteration 26001] loss: 8.9230
2024-09-01 18:33:33,232: [iteration 27001] loss: 8.9225
2024-09-01 18:34:09,210: [iteration 28001] loss: 8.9221
2024-09-01 18:34:45,185: [iteration 29001] loss: 8.9219
2024-09-01 18:35:21,121: [iteration 30001] loss: 8.9220
2024-09-01 18:35:56,967: [iteration 31001] loss: 8.9223
2024-09-01 18:36:32,846: [iteration 32001] loss: 8.9225
2024-09-01 18:37:08,713: [iteration 33001] loss: 8.9239
2024-09-01 18:37:44,581: [iteration 34001] loss: 8.9234
2024-09-01 18:38:20,486: [iteration 35001] loss: 8.9227
2024-09-01 18:38:56,309: [iteration 36001] loss: 8.9228
2024-09-01 18:39:32,057: [iteration 37001] loss: 8.9229
2024-09-01 18:40:07,943: [iteration 38001] loss: 8.9227
2024-09-01 18:40:43,798: [iteration 39001] loss: 8.9226
2024-09-01 18:41:19,718: [iteration 40001] loss: 8.9227
2024-09-01 18:41:55,471: [iteration 41001] loss: 8.9225
2024-09-01 18:42:31,261: [iteration 42001] loss: 8.9221
2024-09-01 18:43:07,213: [iteration 43001] loss: 8.9218
2024-09-01 18:43:43,044: [iteration 44001] loss: 8.9221
2024-09-01 18:44:18,881: [iteration 45001] loss: 8.9225
2024-09-01 18:44:54,680: [iteration 46001] loss: 8.9237
2024-09-01 18:45:30,580: [iteration 47001] loss: 8.9224
2024-09-01 18:46:06,428: [iteration 48001] loss: 8.9220
2024-09-01 18:46:42,117: [iteration 49001] loss: 8.9229
2024-09-01 18:47:17,735: [iteration 50001] loss: 8.9230
2024-09-01 18:47:53,354: [iteration 51001] loss: 8.9230
2024-09-01 18:48:28,778: [iteration 52001] loss: 8.9219
2024-09-01 18:49:03,763: [iteration 53001] loss: 8.9225
2024-09-01 18:49:38,741: [iteration 54001] loss: 8.9235
2024-09-01 18:50:13,728: [iteration 55001] loss: 8.9221
2024-09-01 18:50:48,720: [iteration 56001] loss: 8.9225
2024-09-01 18:51:23,695: [iteration 57001] loss: 8.9232
2024-09-01 18:51:58,680: [iteration 58001] loss: 8.9218
2024-09-01 18:52:33,674: [iteration 59001] loss: 8.9229
2024-09-01 18:53:08,668: [iteration 60001] loss: 8.9223
2024-09-01 18:53:43,654: [iteration 61001] loss: 8.9221
2024-09-01 18:54:18,651: [iteration 62001] loss: 8.9237
2024-09-01 18:54:53,644: [iteration 63001] loss: 8.9221
2024-09-01 18:55:28,645: [iteration 64001] loss: 8.9224
2024-09-01 18:56:03,641: [iteration 65001] loss: 8.9230
2024-09-01 18:56:38,639: [iteration 66001] loss: 8.9226
2024-09-01 18:57:13,627: [iteration 67001] loss: 8.9220
2024-09-01 18:57:48,603: [iteration 68001] loss: 8.9226
2024-09-01 18:58:23,547: [iteration 69001] loss: 8.9223
2024-09-01 18:58:58,373: saved causal model in: models_save/cfpup.pt
2024-09-01 18:58:58,378: =========== evaluation for cfp_u predictor ================: {'RMSE': 0.9133857250630945, 'MAE': 0.7311511917271774}
2024-09-01 18:58:58,463: elbo_loss:2340775.5, custom_loss:22306.177734375
2024-09-01 18:58:58,476: [iteration 0001] loss: 192.9519
2024-09-01 18:59:59,261: elbo_loss:231028.015625, custom_loss:14832.1982421875
2024-09-01 19:01:00,083: elbo_loss:202236.859375, custom_loss:9014.7919921875
2024-09-01 19:02:00,905: elbo_loss:184968.875, custom_loss:9770.0234375
2024-09-01 19:03:01,724: elbo_loss:175463.265625, custom_loss:9763.2392578125
2024-09-01 19:04:02,538: elbo_loss:169336.96875, custom_loss:9676.6806640625
2024-09-01 19:05:03,377: elbo_loss:160615.0, custom_loss:9589.60546875
2024-09-01 19:06:04,192: elbo_loss:149121.390625, custom_loss:9338.7880859375
2024-09-01 19:07:05,014: elbo_loss:138892.78125, custom_loss:9348.2060546875
2024-09-01 19:08:05,826: elbo_loss:133401.0625, custom_loss:9362.8544921875
2024-09-01 19:09:06,640: elbo_loss:131171.640625, custom_loss:9535.296875
2024-09-01 19:09:06,652: [iteration 10001] loss: 11.4891
2024-09-01 19:10:07,484: elbo_loss:130315.6015625, custom_loss:9284.931640625
2024-09-01 19:11:08,349: elbo_loss:129693.2734375, custom_loss:9587.9521484375
2024-09-01 19:12:09,189: elbo_loss:129504.4453125, custom_loss:9339.076171875
2024-09-01 19:13:10,054: elbo_loss:129467.3359375, custom_loss:9580.4716796875
2024-09-01 19:14:10,895: elbo_loss:129253.53125, custom_loss:9481.4423828125
2024-09-01 19:15:11,709: elbo_loss:129216.9140625, custom_loss:9403.40625
2024-09-01 19:16:12,519: elbo_loss:129144.8203125, custom_loss:9364.896484375
2024-09-01 19:17:13,328: elbo_loss:129299.796875, custom_loss:9454.2060546875
2024-09-01 19:18:14,146: elbo_loss:129353.3984375, custom_loss:9328.0986328125
2024-09-01 19:19:14,974: elbo_loss:129395.859375, custom_loss:9542.66015625
2024-09-01 19:19:14,985: [iteration 20001] loss: 11.3447
2024-09-01 19:20:15,790: elbo_loss:129414.9921875, custom_loss:9440.1943359375
2024-09-01 19:21:16,624: elbo_loss:129396.15625, custom_loss:9464.873046875
2024-09-01 19:22:17,425: elbo_loss:129381.640625, custom_loss:9391.6767578125
2024-09-01 19:23:18,257: elbo_loss:129351.1953125, custom_loss:9421.1904296875
2024-09-01 19:24:19,098: elbo_loss:129321.5859375, custom_loss:9430.2373046875
2024-09-01 19:25:19,948: elbo_loss:129229.453125, custom_loss:9455.6650390625
2024-09-01 19:26:20,801: elbo_loss:129286.3359375, custom_loss:9437.623046875
2024-09-01 19:27:21,651: elbo_loss:129366.890625, custom_loss:9472.67578125
2024-09-01 19:28:22,478: elbo_loss:129333.21875, custom_loss:9378.390625
2024-09-01 19:29:23,302: elbo_loss:129172.0625, custom_loss:9408.3291015625
2024-09-01 19:29:23,314: [iteration 30001] loss: 11.3155
2024-09-01 19:30:24,134: elbo_loss:129213.9453125, custom_loss:9377.0234375
2024-09-01 19:31:24,965: elbo_loss:129378.8125, custom_loss:9329.037109375
2024-09-01 19:32:25,798: elbo_loss:129327.421875, custom_loss:9442.48046875
2024-09-01 19:33:26,649: elbo_loss:129281.0078125, custom_loss:9392.9677734375
2024-09-01 19:34:27,515: elbo_loss:129378.109375, custom_loss:9329.5888671875
2024-09-01 19:35:28,378: elbo_loss:129349.859375, custom_loss:9215.05859375
2024-09-01 19:36:29,237: elbo_loss:129159.3671875, custom_loss:9584.599609375
2024-09-01 19:37:30,106: elbo_loss:129263.734375, custom_loss:9511.87109375
2024-09-01 19:38:30,950: elbo_loss:129167.71875, custom_loss:9269.60546875
2024-09-01 19:39:31,806: elbo_loss:129231.609375, custom_loss:9235.54296875
2024-09-01 19:39:31,818: [iteration 40001] loss: 11.3062
2024-09-01 19:40:32,642: elbo_loss:129357.9765625, custom_loss:9204.2177734375
2024-09-01 19:41:33,483: elbo_loss:129143.421875, custom_loss:9427.2333984375
2024-09-01 19:42:34,351: elbo_loss:129174.65625, custom_loss:9371.2001953125
2024-09-01 19:43:35,231: elbo_loss:129238.234375, custom_loss:9459.671875
2024-09-01 19:44:36,133: elbo_loss:129244.421875, custom_loss:9396.0263671875
2024-09-01 19:45:37,006: elbo_loss:129185.8671875, custom_loss:9525.775390625
2024-09-01 19:46:37,887: elbo_loss:129134.5, custom_loss:9494.7275390625
2024-09-01 19:47:38,733: elbo_loss:129156.0390625, custom_loss:9521.43359375
2024-09-01 19:48:39,586: elbo_loss:129119.8046875, custom_loss:9453.2314453125
2024-09-01 19:49:40,469: elbo_loss:129228.71875, custom_loss:9548.6044921875
2024-09-01 19:49:40,480: [iteration 50001] loss: 11.3315
2024-09-01 19:50:41,288: elbo_loss:128990.625, custom_loss:9369.5712890625
2024-09-01 19:51:42,119: elbo_loss:129315.875, custom_loss:9548.10546875
2024-09-01 19:52:42,932: elbo_loss:129151.3671875, custom_loss:9441.1611328125
2024-09-01 19:53:43,760: elbo_loss:128965.9375, custom_loss:9433.4658203125
2024-09-01 19:54:44,628: elbo_loss:128956.9296875, custom_loss:9408.8662109375
2024-09-01 19:55:45,482: elbo_loss:129174.203125, custom_loss:9381.466796875
2024-09-01 19:56:46,303: elbo_loss:128995.765625, custom_loss:9510.7822265625
2024-09-01 19:57:47,149: elbo_loss:129080.9140625, custom_loss:9543.28125
2024-09-01 19:58:47,996: elbo_loss:129214.3125, custom_loss:9351.2001953125
2024-09-01 19:59:48,866: elbo_loss:129226.265625, custom_loss:9522.4189453125
2024-09-01 19:59:48,877: [iteration 60001] loss: 11.3292
2024-09-01 20:00:49,732: elbo_loss:129034.7734375, custom_loss:9429.810546875
2024-09-01 20:01:50,581: elbo_loss:129146.7578125, custom_loss:9404.0234375
2024-09-01 20:02:51,471: elbo_loss:129137.546875, custom_loss:9425.6904296875
2024-09-01 20:03:52,465: elbo_loss:129030.2109375, custom_loss:9475.9326171875
2024-09-01 20:04:53,525: elbo_loss:129056.5, custom_loss:9425.4365234375
2024-09-01 20:05:54,605: elbo_loss:129201.2265625, custom_loss:9360.7158203125
2024-09-01 20:06:55,659: elbo_loss:129026.4375, custom_loss:9390.6982421875
2024-09-01 20:07:56,673: elbo_loss:129095.828125, custom_loss:9387.455078125
2024-09-01 20:08:57,714: elbo_loss:129074.4765625, custom_loss:9518.005859375
2024-09-01 20:09:24,739: saved causal model in: models_save/cfpup.pt
2024-09-01 20:09:24,743: =========== evaluation for cfp_up predictor ================: {'RMSE': 0.9031442236114002, 'MAE': 0.7248959399206496}
2024-09-01 20:09:25,306: saved VAE model in: models_save/vae.pt
2024-09-01 20:09:25,324: constant
2024-09-01 20:09:25,324: {'MMD': {'0_1': 0.0, '0_2': 0.0, '1_2': 0.0, 'Average': 0.0}, 'Wass': {'0_1': 0.6330661773681641, '0_2': 0.6330661773681641, '1_2': 0.6330661773681641, 'Average': 0.6330661773681641}}
2024-09-01 20:09:25,339: full
2024-09-01 20:09:25,339: {'MMD': {'0_1': 3986.0498046875, '0_2': 15933.84765625, '1_2': 3980.875732421875, 'Average': 7966.924397786458}, 'Wass': {'0_1': 38.610023498535156, '0_2': 76.1322021484375, '1_2': 38.56502914428711, 'Average': 51.10241826375326}}
2024-09-01 20:09:25,354: unaware
2024-09-01 20:09:25,354: {'MMD': {'0_1': 3419.258056640625, '0_2': 13687.6806640625, '1_2': 3424.583740234375, 'Average': 6843.8408203125}, 'Wass': {'0_1': 35.962589263916016, '0_2': 70.93866729736328, '1_2': 36.070884704589844, 'Average': 47.65738042195638}}
2024-09-01 20:09:25,369: cfpu
2024-09-01 20:09:25,369: {'MMD': {'0_1': 0.0005058369715698063, '0_2': 0.0005166183109395206, '1_2': 0.0020448537543416023, 'Average': 0.0010224363456169765}, 'Wass': {'0_1': 4.964725494384766, '0_2': 4.987431049346924, '1_2': 4.966372489929199, 'Average': 4.972843011220296}}
2024-09-01 20:09:25,383: cfpup
2024-09-01 20:09:25,384: {'MMD': {'0_1': 0.0009386128513142467, '0_2': 0.0009631186258047819, '1_2': 0.003803304862231016, 'Average': 0.0019016787797833483}, 'Wass': {'0_1': 6.667559623718262, '0_2': 6.699195384979248, '1_2': 6.670109748840332, 'Average': 6.67895491917928}}
