2024-09-01 16:02:41,392: Namespace(cudanum=4, dataset='law', seed=50, training=1, pyromodel='models_save/cfpup.pt', pyroparam='models_save/cfpup_param.pt', lrcausalmodel=0.001, alpha=1000000.0, num_iterations_causalmodel=12000, epochs_vae=10, decoder_type='together', lr=0.002)
2024-09-01 16:02:41,394: Namespace(cudanum=4, dataset='law', seed=50, training=1, pyromodel='models_save/cfpup.pt', pyroparam='models_save/cfpup_param.pt', lrcausalmodel=0.001, alpha=1000000.0, num_iterations_causalmodel=12000, epochs_vae=10, decoder_type='together', lr=0.002)
2024-09-01 16:02:41,421: =========== evaluation for constant predictor ================: {'RMSE': 0.9167934668005728, 'MAE': 0.7334379971115002}
2024-09-01 16:02:41,424: =========== evaluation for full predictor ================: {'RMSE': 0.8642435038680293, 'MAE': 0.6928120504534926}
2024-09-01 16:02:41,426: =========== evaluation for unaware predictor ================: {'RMSE': 0.8772728680708756, 'MAE': 0.7028238004363482}
2024-09-01 16:02:43,832: [iteration 0001] loss: 184.7724
2024-09-01 16:03:18,357: [iteration 1001] loss: 27.2974
2024-09-01 16:03:53,224: [iteration 2001] loss: 15.0527
2024-09-01 16:04:28,107: [iteration 3001] loss: 14.0308
2024-09-01 16:05:03,015: [iteration 4001] loss: 13.8368
2024-09-01 16:05:37,913: [iteration 5001] loss: 13.6917
2024-09-01 16:06:12,798: [iteration 6001] loss: 13.5191
2024-09-01 16:06:47,696: [iteration 7001] loss: 13.2894
2024-09-01 16:07:22,584: [iteration 8001] loss: 12.9314
2024-09-01 16:07:57,483: [iteration 9001] loss: 12.3143
2024-09-01 16:08:32,380: [iteration 10001] loss: 11.1220
2024-09-01 16:09:07,269: [iteration 11001] loss: 9.9139
2024-09-01 16:09:42,129: saved causal model in: models_save/cfpup.pt
2024-09-01 16:09:42,138: =========== evaluation for cfp_u predictor ================: {'RMSE': 0.8936116526232927, 'MAE': 0.7152287126425221}
2024-09-01 16:09:42,214: elbo_loss:2340397.0, custom_loss:227149.015625
2024-09-01 16:09:42,227: [iteration 0001] loss: 209.6469
2024-09-01 16:10:42,853: elbo_loss:281768.875, custom_loss:30614.064453125
2024-09-01 16:11:43,510: elbo_loss:232194.421875, custom_loss:16004.5302734375
2024-09-01 16:12:44,125: elbo_loss:219199.609375, custom_loss:14176.1005859375
2024-09-01 16:13:44,730: elbo_loss:211046.859375, custom_loss:13193.2607421875
2024-09-01 16:14:45,307: elbo_loss:201489.5625, custom_loss:12056.564453125
2024-09-01 16:15:45,874: elbo_loss:195357.875, custom_loss:11770.982421875
2024-09-01 16:16:46,406: elbo_loss:186508.625, custom_loss:10995.3037109375
2024-09-01 16:17:46,927: elbo_loss:172321.984375, custom_loss:10859.537109375
2024-09-01 16:18:47,459: elbo_loss:161395.90625, custom_loss:10997.7509765625
2024-09-01 16:19:47,981: elbo_loss:156307.734375, custom_loss:10876.9287109375
2024-09-01 16:19:47,992: [iteration 10001] loss: 13.6511
2024-09-01 16:20:48,486: elbo_loss:154087.796875, custom_loss:10682.9892578125
2024-09-01 16:21:48,920: saved causal model in: models_save/cfpup.pt
2024-09-01 16:21:48,926: =========== evaluation for cfp_up predictor ================: {'RMSE': 0.8971425113233601, 'MAE': 0.7192928859269592}
2024-09-01 16:21:49,279: saved VAE model in: models_save/vae.pt
2024-09-01 16:21:49,297: constant
2024-09-01 16:21:49,297: {'MMD': {'0_1': 0.0, '0_2': 0.0, '1_2': 0.0, 'Average': 0.0}, 'Wass': {'0_1': 0.6330661773681641, '0_2': 0.6330661773681641, '1_2': 0.6330661773681641, 'Average': 0.6330661773681641}}
2024-09-01 16:21:49,312: full
2024-09-01 16:21:49,312: {'MMD': {'0_1': 7891.26953125, '0_2': 31583.564453125, '1_2': 7900.513671875, 'Average': 15791.782552083334}, 'Wass': {'0_1': 53.461002349853516, '0_2': 106.84083557128906, '1_2': 53.492183685302734, 'Average': 71.26467386881511}}
2024-09-01 16:21:49,327: unaware
2024-09-01 16:21:49,327: {'MMD': {'0_1': 733.2564697265625, '0_2': 2926.77978515625, '1_2': 730.1350708007812, 'Average': 1463.3904418945312}, 'Wass': {'0_1': 16.372556686401367, '0_2': 32.60752487182617, '1_2': 16.34420394897461, 'Average': 21.77476183573405}}
2024-09-01 16:21:49,342: cfpu
2024-09-01 16:21:49,342: {'MMD': {'0_1': 5.832184314727783, '0_2': 2.379363775253296, '1_2': 15.661887168884277, 'Average': 7.957811752955119}, 'Wass': {'0_1': 6.049633026123047, '0_2': 6.208582878112793, '1_2': 6.170118808746338, 'Average': 6.142778237660726}}
2024-09-01 16:21:49,357: cfpup
2024-09-01 16:21:49,357: {'MMD': {'0_1': 2.773237943649292, '0_2': 1.1314038038253784, '1_2': 7.447325706481934, 'Average': 3.783989151318868}, 'Wass': {'0_1': 4.261990547180176, '0_2': 4.370507717132568, '1_2': 4.344905376434326, 'Average': 4.3258012135823565}}
