2024-09-22 23:24:15,725: Namespace(cudanum=1, dataset='law', synthetic=0, seed=51, training=1, pyromodel='models_save/cfpup.pt', pyroparam='models_save/cfpup_param.pt', lrcausalmodel=0.001, alpha=0.0, num_iterations_causalmodel=20000, epochs_vae=10, decoder_type='together', lr=0.002)
2024-09-22 23:24:15,727: Namespace(cudanum=1, dataset='law', synthetic=0, seed=51, training=1, pyromodel='models_save/cfpup.pt', pyroparam='models_save/cfpup_param.pt', lrcausalmodel=0.001, alpha=0.0, num_iterations_causalmodel=20000, epochs_vae=10, decoder_type='together', lr=0.002)
2024-09-22 23:24:15,759: =========== evaluation for constant predictor ================: {'RMSE': 0.9165065931854675, 'MAE': 0.7382822818910539}
2024-09-22 23:24:15,763: =========== evaluation for full predictor ================: {'RMSE': 0.8616290672684878, 'MAE': 0.6912660632121225}
2024-09-22 23:24:15,765: =========== evaluation for unaware predictor ================: {'RMSE': 0.8731503900374782, 'MAE': 0.7014632909714762}
2024-09-22 23:24:17,669: [iteration 0001] loss: 138.5914
2024-09-22 23:24:25,835: [iteration 1001] loss: 20.3986
2024-09-22 23:24:33,919: [iteration 2001] loss: 11.2947
2024-09-22 23:24:41,505: [iteration 3001] loss: 10.5161
2024-09-22 23:24:48,909: [iteration 4001] loss: 10.3777
2024-09-22 23:24:56,343: [iteration 5001] loss: 10.2696
2024-09-22 23:25:03,773: [iteration 6001] loss: 10.1399
2024-09-22 23:25:11,193: [iteration 7001] loss: 9.9647
2024-09-22 23:25:18,590: [iteration 8001] loss: 9.6983
2024-09-22 23:25:26,406: [iteration 9001] loss: 9.2370
2024-09-22 23:25:34,151: [iteration 10001] loss: 8.3439
2024-09-22 23:25:41,912: [iteration 11001] loss: 7.4383
2024-09-22 23:25:49,640: [iteration 12001] loss: 7.0852
2024-09-22 23:25:57,376: [iteration 13001] loss: 6.9142
2024-09-22 23:26:05,134: [iteration 14001] loss: 6.8191
2024-09-22 23:26:12,870: [iteration 15001] loss: 6.7655
2024-09-22 23:26:20,615: [iteration 16001] loss: 6.7338
2024-09-22 23:26:28,359: [iteration 17001] loss: 6.7177
2024-09-22 23:26:36,121: [iteration 18001] loss: 6.7067
2024-09-22 23:26:43,845: [iteration 19001] loss: 6.7007
2024-09-22 23:26:51,547: saved causal model in: models_save/cfpup.pt
2024-09-22 23:26:51,554: =========== evaluation for cfp_u predictor ================: {'RMSE': 0.9041357630711065, 'MAE': 0.7235046259865502}
2024-09-22 23:26:51,569: elbo_loss:2340797.5, custom_loss:0.0
2024-09-22 23:26:51,575: [iteration 0001] loss: 143.3522
2024-09-22 23:27:05,043: elbo_loss:228811.6875, custom_loss:0.0
2024-09-22 23:27:18,569: elbo_loss:189342.8125, custom_loss:0.0
2024-09-22 23:27:31,957: elbo_loss:163125.578125, custom_loss:0.0
2024-09-22 23:27:45,026: elbo_loss:151414.84375, custom_loss:0.0
2024-09-22 23:27:58,062: elbo_loss:140826.671875, custom_loss:0.0
2024-09-22 23:28:11,155: elbo_loss:132650.78125, custom_loss:0.0
2024-09-22 23:28:24,244: elbo_loss:126104.15625, custom_loss:0.0
2024-09-22 23:28:37,314: elbo_loss:121306.4921875, custom_loss:0.0
2024-09-22 23:28:50,272: elbo_loss:118449.984375, custom_loss:0.0
2024-09-22 23:29:03,218: elbo_loss:116897.390625, custom_loss:0.0
2024-09-22 23:29:03,223: [iteration 10001] loss: 7.1589
2024-09-22 23:29:16,182: elbo_loss:115937.78125, custom_loss:0.0
2024-09-22 23:29:29,135: elbo_loss:115342.8515625, custom_loss:0.0
2024-09-22 23:29:45,802: elbo_loss:114870.6875, custom_loss:0.0
2024-09-22 23:30:06,247: elbo_loss:114565.1484375, custom_loss:0.0
2024-09-22 23:30:26,672: elbo_loss:114287.5703125, custom_loss:0.0
2024-09-22 23:30:47,091: elbo_loss:114172.453125, custom_loss:0.0
2024-09-22 23:31:07,510: elbo_loss:114043.1640625, custom_loss:0.0
2024-09-22 23:31:27,919: elbo_loss:113987.4921875, custom_loss:0.0
2024-09-22 23:31:48,343: elbo_loss:113893.421875, custom_loss:0.0
2024-09-22 23:32:08,758: saved causal model in: models_save/cfpup.pt
2024-09-22 23:32:08,763: =========== evaluation for cfp_up predictor ================: {'RMSE': 0.8813985316961198, 'MAE': 0.708963729139859}
2024-09-22 23:32:08,777: constant
2024-09-22 23:32:08,777: {'MMD': {'0_1': 0.0, '0_2': 0.0, '1_2': 0.0, 'Average': 0.0}, 'Wass': {'0_1': 0.6330674290657043, '0_2': 0.6330674290657043, '1_2': 0.6330679059028625, 'Average': 0.6330675880114237}}
2024-09-22 23:32:08,785: full
2024-09-22 23:32:08,785: {'MMD': {'0_1': 59300.640625, '0_2': 62880.62890625, '1_2': 52.45928955078125, 'Average': 40744.57627360026}, 'Wass': {'0_1': 146.76121520996094, '0_2': 151.1345977783203, '1_2': 10.48568344116211, 'Average': 102.79383214314778}}
2024-09-22 23:32:08,792: unaware
2024-09-22 23:32:08,792: {'MMD': {'0_1': 22743.830078125, '0_2': 947.4186401367188, '1_2': 14407.2978515625, 'Average': 12699.51552327474}, 'Wass': {'0_1': 91.71358489990234, '0_2': 21.829490661621094, '1_2': 73.65870666503906, 'Average': 62.400594075520836}}
2024-09-22 23:32:08,799: cfpu
2024-09-22 23:32:08,799: {'MMD': {'0_1': 1275.7952880859375, '0_2': 154.432373046875, '1_2': 2317.9755859375, 'Average': 1249.4010823567708}, 'Wass': {'0_1': 22.246158599853516, '0_2': 8.512269973754883, '1_2': 29.392629623413086, 'Average': 20.050352732340496}}
2024-09-22 23:32:08,807: cfpup
2024-09-22 23:32:08,807: {'MMD': {'0_1': 34802.28125, '0_2': 101689.96875, '1_2': 17512.541015625, 'Average': 51334.930338541664}, 'Wass': {'0_1': 112.55886840820312, '0_2': 192.6962127685547, '1_2': 80.2175521850586, 'Average': 128.49087778727213}}
