2024-09-22 23:10:48,016: Namespace(cudanum=6, dataset='adult', synthetic=0, seed=52, training=1, pyromodel='models_save/cfpup.pt', pyroparam='models_save/cfpup_param.pt', lrcausalmodel=0.001, alpha=100000.0, num_iterations_causalmodel=20000, epochs_vae=10, decoder_type='together', lr=0.002)
2024-09-22 23:10:48,018: Namespace(cudanum=6, dataset='adult', synthetic=0, seed=52, training=1, pyromodel='models_save/cfpup.pt', pyroparam='models_save/cfpup_param.pt', lrcausalmodel=0.001, alpha=100000.0, num_iterations_causalmodel=20000, epochs_vae=10, decoder_type='together', lr=0.002)
2024-09-22 23:10:48,190: =========== evaluation for constant predictor ================: {'F1-score': 0.0, 'Accuracy': 0.7565419012918185}
2024-09-22 23:10:48,330: =========== evaluation for full predictor ================: {'F1-score': 0.6428571428571429, 'Accuracy': 0.7780722093408413}
2024-09-22 23:10:48,465: =========== evaluation for unaware predictor ================: {'F1-score': 0.6400862068965517, 'Accuracy': 0.7787346803577343}
2024-09-22 23:10:51,205: [iteration 0001] loss: 1229.9450
2024-09-22 23:11:17,531: [iteration 1001] loss: 663.9560
2024-09-22 23:11:43,719: [iteration 2001] loss: 347.3659
2024-09-22 23:12:08,955: [iteration 3001] loss: 192.8833
2024-09-22 23:12:25,944: [iteration 4001] loss: 132.1103
2024-09-22 23:12:42,805: [iteration 5001] loss: 110.5497
2024-09-22 23:12:59,720: [iteration 6001] loss: 99.0271
2024-09-22 23:13:17,023: [iteration 7001] loss: 90.0199
2024-09-22 23:13:35,703: [iteration 8001] loss: 82.7056
2024-09-22 23:13:54,102: [iteration 9001] loss: 76.6383
2024-09-22 23:14:11,844: [iteration 10001] loss: 71.6633
2024-09-22 23:14:28,026: [iteration 11001] loss: 67.6522
2024-09-22 23:14:44,504: [iteration 12001] loss: 64.3692
2024-09-22 23:15:00,941: [iteration 13001] loss: 61.7938
2024-09-22 23:15:17,251: [iteration 14001] loss: 59.6847
2024-09-22 23:15:33,455: [iteration 15001] loss: 57.9494
2024-09-22 23:15:49,538: [iteration 16001] loss: 56.4735
2024-09-22 23:16:05,561: [iteration 17001] loss: 55.2332
2024-09-22 23:16:22,071: [iteration 18001] loss: 54.2016
2024-09-22 23:16:38,541: [iteration 19001] loss: 53.3202
2024-09-22 23:16:55,027: saved causal model in: models_save/cfpup.pt
2024-09-22 23:16:55,062: =========== evaluation for cfp_u predictor ================: {'F1-score': 0.4932330827067669, 'Accuracy': 0.665120900960583}
2024-09-22 23:16:55,090: elbo_loss:29819638.0, custom_loss:22424.685546875
2024-09-22 23:16:55,100: [iteration 0001] loss: 1235.8497
2024-09-22 23:17:19,663: elbo_loss:13942199.0, custom_loss:41932.07421875
2024-09-22 23:17:44,111: elbo_loss:5028677.5, custom_loss:50612.6328125
2024-09-22 23:18:08,574: elbo_loss:2091506.125, custom_loss:38767.0625
2024-09-22 23:18:32,875: elbo_loss:1276717.5, custom_loss:32173.78515625
2024-09-22 23:18:57,289: elbo_loss:915150.875, custom_loss:28055.494140625
2024-09-22 23:19:21,740: elbo_loss:711282.875, custom_loss:24985.931640625
2024-09-22 23:19:46,225: elbo_loss:594045.75, custom_loss:22940.169921875
2024-09-22 23:20:10,669: elbo_loss:522053.6875, custom_loss:21198.359375
2024-09-22 23:20:35,007: elbo_loss:476211.15625, custom_loss:20388.08984375
2024-09-22 23:20:59,414: elbo_loss:445903.0, custom_loss:19651.0
2024-09-22 23:20:59,422: [iteration 10001] loss: 19.2800
2024-09-22 23:21:23,668: elbo_loss:425830.25, custom_loss:19147.40625
2024-09-22 23:21:47,912: elbo_loss:412623.5, custom_loss:18529.56640625
2024-09-22 23:22:12,361: elbo_loss:403804.625, custom_loss:18157.1875
2024-09-22 23:22:36,713: elbo_loss:397605.125, custom_loss:17590.72265625
2024-09-22 23:23:01,116: elbo_loss:393277.65625, custom_loss:17316.134765625
2024-09-22 23:23:25,546: elbo_loss:390992.125, custom_loss:16904.720703125
2024-09-22 23:23:49,986: elbo_loss:389137.90625, custom_loss:16533.384765625
2024-09-22 23:24:14,454: elbo_loss:388079.625, custom_loss:16517.548828125
2024-09-22 23:24:51,539: elbo_loss:386935.15625, custom_loss:16401.498046875
2024-09-22 23:25:29,738: saved causal model in: models_save/cfpup.pt
2024-09-22 23:25:29,762: =========== evaluation for cfp_up predictor ================: {'F1-score': 0.5017632241813602, 'Accuracy': 0.6724080821464061}
2024-09-22 23:25:29,779: constant
2024-09-22 23:25:29,779: {'MMD': {'0_1': 0.0, '0_2': 0.0, '1_2': 0.0, 'Average': 0.0}, 'Wass': {'0_1': 0.6330670714378357, '0_2': 0.6330670118331909, '1_2': 0.6330674290657043, 'Average': 0.6330671707789103}}
2024-09-22 23:25:29,787: full
2024-09-22 23:25:29,787: {'MMD': {'0_1': 3334.577392578125, '0_2': 388.73419189453125, '1_2': 6000.3837890625, 'Average': 3241.2317911783853}, 'Wass': {'0_1': 32.8209114074707, '0_2': 10.205000877380371, '1_2': 47.671817779541016, 'Average': 30.232576688130695}}
2024-09-22 23:25:29,794: unaware
2024-09-22 23:25:29,794: {'MMD': {'0_1': 3054.67431640625, '0_2': 640.6253051757812, '1_2': 6493.08642578125, 'Average': 3396.1286824544272}, 'Wass': {'0_1': 30.381572723388672, '0_2': 10.623675346374512, '1_2': 49.479190826416016, 'Average': 30.161479632059734}}
2024-09-22 23:25:29,801: cfpu
2024-09-22 23:25:29,801: {'MMD': {'0_1': 116.16207122802734, '0_2': 94.0198745727539, '1_2': 419.1943359375, 'Average': 209.7920939127604}, 'Wass': {'0_1': 5.250571250915527, '0_2': 5.403459548950195, '1_2': 8.0377779006958, 'Average': 6.230602900187175}}
2024-09-22 23:25:29,809: cfpup
2024-09-22 23:25:29,809: {'MMD': {'0_1': 277.535888671875, '0_2': 0.571919858455658, '1_2': 303.3052978515625, 'Average': 193.8043687939644}, 'Wass': {'0_1': 6.242881774902344, '0_2': 4.886414051055908, '1_2': 7.650333404541016, 'Average': 6.259876410166423}}
