2024-09-01 18:17:21,760: Namespace(cudanum=0, dataset='law', seed=50, training=1, pyromodel='models_save/cfpup.pt', pyroparam='models_save/cfpup_param.pt', lrcausalmodel=0.001, alpha=100000.0, num_iterations_causalmodel=70000, epochs_vae=10, decoder_type='together', lr=0.002)
2024-09-01 18:17:21,762: Namespace(cudanum=0, dataset='law', seed=50, training=1, pyromodel='models_save/cfpup.pt', pyroparam='models_save/cfpup_param.pt', lrcausalmodel=0.001, alpha=100000.0, num_iterations_causalmodel=70000, epochs_vae=10, decoder_type='together', lr=0.002)
2024-09-01 18:17:21,791: =========== evaluation for constant predictor ================: {'RMSE': 0.9167934668005728, 'MAE': 0.7334379971115002}
2024-09-01 18:17:21,794: =========== evaluation for full predictor ================: {'RMSE': 0.8642435038680293, 'MAE': 0.6928120504534926}
2024-09-01 18:17:21,796: =========== evaluation for unaware predictor ================: {'RMSE': 0.8772728680708756, 'MAE': 0.7028238004363482}
2024-09-01 18:17:23,830: [iteration 0001] loss: 184.7724
2024-09-01 18:17:58,143: [iteration 1001] loss: 27.2974
2024-09-01 18:18:32,911: [iteration 2001] loss: 15.0527
2024-09-01 18:19:07,655: [iteration 3001] loss: 14.0308
2024-09-01 18:19:42,424: [iteration 4001] loss: 13.8368
2024-09-01 18:20:17,162: [iteration 5001] loss: 13.6917
2024-09-01 18:20:52,027: [iteration 6001] loss: 13.5191
2024-09-01 18:21:26,929: [iteration 7001] loss: 13.2894
2024-09-01 18:22:01,835: [iteration 8001] loss: 12.9314
2024-09-01 18:22:36,745: [iteration 9001] loss: 12.3143
2024-09-01 18:23:11,675: [iteration 10001] loss: 11.1220
2024-09-01 18:23:46,597: [iteration 11001] loss: 9.9139
2024-09-01 18:24:21,519: [iteration 12001] loss: 9.4440
2024-09-01 18:24:56,434: [iteration 13001] loss: 9.2145
2024-09-01 18:25:31,346: [iteration 14001] loss: 9.0880
2024-09-01 18:26:06,263: [iteration 15001] loss: 9.0188
2024-09-01 18:26:41,164: [iteration 16001] loss: 8.9814
2024-09-01 18:27:16,073: [iteration 17001] loss: 8.9553
2024-09-01 18:27:50,990: [iteration 18001] loss: 8.9421
2024-09-01 18:28:25,886: [iteration 19001] loss: 8.9349
2024-09-01 18:29:00,788: [iteration 20001] loss: 8.9305
2024-09-01 18:29:35,698: [iteration 21001] loss: 8.9273
2024-09-01 18:30:10,624: [iteration 22001] loss: 8.9258
2024-09-01 18:30:45,556: [iteration 23001] loss: 8.9234
2024-09-01 18:31:20,464: [iteration 24001] loss: 8.9228
2024-09-01 18:31:55,376: [iteration 25001] loss: 8.9230
2024-09-01 18:32:30,293: [iteration 26001] loss: 8.9234
2024-09-01 18:33:05,209: [iteration 27001] loss: 8.9231
2024-09-01 18:33:40,114: [iteration 28001] loss: 8.9229
2024-09-01 18:34:15,046: [iteration 29001] loss: 8.9224
2024-09-01 18:34:49,989: [iteration 30001] loss: 8.9224
2024-09-01 18:35:24,929: [iteration 31001] loss: 8.9226
2024-09-01 18:35:59,885: [iteration 32001] loss: 8.9224
2024-09-01 18:36:34,836: [iteration 33001] loss: 8.9218
2024-09-01 18:37:09,787: [iteration 34001] loss: 8.9228
2024-09-01 18:37:44,740: [iteration 35001] loss: 8.9232
2024-09-01 18:38:19,687: [iteration 36001] loss: 8.9226
2024-09-01 18:38:54,637: [iteration 37001] loss: 8.9228
2024-09-01 18:39:29,557: [iteration 38001] loss: 8.9226
2024-09-01 18:40:04,477: [iteration 39001] loss: 8.9225
2024-09-01 18:40:39,398: [iteration 40001] loss: 8.9217
2024-09-01 18:41:14,313: [iteration 41001] loss: 8.9220
2024-09-01 18:41:49,223: [iteration 42001] loss: 8.9223
2024-09-01 18:42:24,143: [iteration 43001] loss: 8.9223
2024-09-01 18:42:59,088: [iteration 44001] loss: 8.9216
2024-09-01 18:43:33,995: [iteration 45001] loss: 8.9219
2024-09-01 18:44:08,907: [iteration 46001] loss: 8.9226
2024-09-01 18:44:43,812: [iteration 47001] loss: 8.9217
2024-09-01 18:45:18,737: [iteration 48001] loss: 8.9227
2024-09-01 18:45:53,665: [iteration 49001] loss: 8.9232
2024-09-01 18:46:28,580: [iteration 50001] loss: 8.9232
2024-09-01 18:47:03,507: [iteration 51001] loss: 8.9220
2024-09-01 18:47:38,423: [iteration 52001] loss: 8.9228
2024-09-01 18:48:13,352: [iteration 53001] loss: 8.9224
2024-09-01 18:48:48,316: [iteration 54001] loss: 8.9234
2024-09-01 18:49:23,292: [iteration 55001] loss: 8.9231
2024-09-01 18:49:58,278: [iteration 56001] loss: 8.9228
2024-09-01 18:50:33,257: [iteration 57001] loss: 8.9219
2024-09-01 18:51:08,240: [iteration 58001] loss: 8.9227
2024-09-01 18:51:43,214: [iteration 59001] loss: 8.9230
2024-09-01 18:52:18,199: [iteration 60001] loss: 8.9221
2024-09-01 18:52:53,199: [iteration 61001] loss: 8.9223
2024-09-01 18:53:28,179: [iteration 62001] loss: 8.9222
2024-09-01 18:54:03,176: [iteration 63001] loss: 8.9225
2024-09-01 18:54:38,170: [iteration 64001] loss: 8.9212
2024-09-01 18:55:13,156: [iteration 65001] loss: 8.9231
2024-09-01 18:55:48,150: [iteration 66001] loss: 8.9229
2024-09-01 18:56:23,140: [iteration 67001] loss: 8.9238
2024-09-01 18:56:58,136: [iteration 68001] loss: 8.9235
2024-09-01 18:57:33,112: [iteration 69001] loss: 8.9222
2024-09-01 18:58:08,064: saved causal model in: models_save/cfpup.pt
2024-09-01 18:58:08,072: =========== evaluation for cfp_u predictor ================: {'RMSE': 0.9020018624877109, 'MAE': 0.7222331608446854}
2024-09-01 18:58:08,149: elbo_loss:2340507.25, custom_loss:22449.23046875
2024-09-01 18:58:08,161: [iteration 0001] loss: 192.9417
2024-09-01 18:59:08,956: elbo_loss:232310.4375, custom_loss:14980.1279296875
2024-09-01 19:00:09,763: elbo_loss:202577.828125, custom_loss:8935.8505859375
2024-09-01 19:01:10,580: elbo_loss:186032.640625, custom_loss:9861.9208984375
2024-09-01 19:02:11,402: elbo_loss:175687.03125, custom_loss:9850.5947265625
2024-09-01 19:03:12,218: elbo_loss:169547.046875, custom_loss:9660.0068359375
2024-09-01 19:04:13,024: elbo_loss:160717.34375, custom_loss:9299.4140625
2024-09-01 19:05:13,865: elbo_loss:148592.875, custom_loss:9564.1259765625
2024-09-01 19:06:14,671: elbo_loss:138574.609375, custom_loss:9420.3779296875
2024-09-01 19:07:15,505: elbo_loss:133508.5, custom_loss:9382.21484375
2024-09-01 19:08:16,315: elbo_loss:131146.078125, custom_loss:9568.662109375
2024-09-01 19:08:16,326: [iteration 10001] loss: 11.4897
2024-09-01 19:09:17,138: elbo_loss:130239.046875, custom_loss:9369.275390625
2024-09-01 19:10:17,979: elbo_loss:129656.640625, custom_loss:9362.732421875
2024-09-01 19:11:18,845: elbo_loss:129415.90625, custom_loss:9402.8447265625
2024-09-01 19:12:19,683: elbo_loss:129392.265625, custom_loss:9537.3642578125
2024-09-01 19:13:20,548: elbo_loss:129551.953125, custom_loss:9445.7099609375
2024-09-01 19:14:21,388: elbo_loss:129538.3125, custom_loss:9415.6494140625
2024-09-01 19:15:22,200: elbo_loss:129391.9609375, custom_loss:9484.3271484375
2024-09-01 19:16:23,006: elbo_loss:129465.78125, custom_loss:9348.1767578125
2024-09-01 19:17:23,813: elbo_loss:129276.3671875, custom_loss:9354.6328125
2024-09-01 19:18:24,633: elbo_loss:129375.5859375, custom_loss:9288.103515625
2024-09-01 19:18:24,645: [iteration 20001] loss: 11.3223
2024-09-01 19:19:25,461: elbo_loss:129435.5546875, custom_loss:9463.8984375
2024-09-01 19:20:26,281: elbo_loss:129293.90625, custom_loss:9250.0576171875
2024-09-01 19:21:27,099: elbo_loss:129280.0234375, custom_loss:9402.4287109375
2024-09-01 19:22:27,902: elbo_loss:129398.1328125, custom_loss:9463.98046875
2024-09-01 19:23:28,739: elbo_loss:129236.6640625, custom_loss:9424.5654296875
2024-09-01 19:24:29,569: elbo_loss:129299.71875, custom_loss:9489.9560546875
2024-09-01 19:25:30,424: elbo_loss:129313.9453125, custom_loss:9414.5029296875
2024-09-01 19:26:31,274: elbo_loss:129384.0234375, custom_loss:9386.6552734375
2024-09-01 19:27:32,117: elbo_loss:129504.6171875, custom_loss:9567.326171875
2024-09-01 19:28:32,942: elbo_loss:129198.46875, custom_loss:9337.478515625
2024-09-01 19:28:32,953: [iteration 30001] loss: 11.3118
2024-09-01 19:29:33,775: elbo_loss:129336.8515625, custom_loss:9255.7099609375
2024-09-01 19:30:34,606: elbo_loss:129134.359375, custom_loss:9554.8271484375
2024-09-01 19:31:35,433: elbo_loss:129362.2421875, custom_loss:9516.8447265625
2024-09-01 19:32:36,271: elbo_loss:129351.0078125, custom_loss:9371.96875
2024-09-01 19:33:37,119: elbo_loss:129409.9921875, custom_loss:9332.8125
2024-09-01 19:34:37,991: elbo_loss:129188.5859375, custom_loss:9468.5791015625
2024-09-01 19:35:38,847: elbo_loss:129343.7734375, custom_loss:9336.7080078125
2024-09-01 19:36:39,709: elbo_loss:129211.421875, custom_loss:9329.744140625
2024-09-01 19:37:40,553: elbo_loss:129297.796875, custom_loss:9577.564453125
2024-09-01 19:38:41,396: elbo_loss:129207.4453125, custom_loss:9570.9326171875
2024-09-01 19:38:41,407: [iteration 40001] loss: 11.3316
2024-09-01 19:39:42,251: elbo_loss:129285.6640625, custom_loss:9368.41015625
2024-09-01 19:40:43,086: elbo_loss:129136.6015625, custom_loss:9435.125
2024-09-01 19:41:43,927: elbo_loss:129154.984375, custom_loss:9513.904296875
2024-09-01 19:42:44,800: elbo_loss:129070.265625, custom_loss:9538.5703125
2024-09-01 19:43:45,663: elbo_loss:129171.9453125, custom_loss:9429.5400390625
2024-09-01 19:44:46,556: elbo_loss:129238.9609375, custom_loss:9492.4267578125
2024-09-01 19:45:47,420: elbo_loss:129089.03125, custom_loss:9525.3447265625
2024-09-01 19:46:48,304: elbo_loss:129121.40625, custom_loss:9426.0546875
2024-09-01 19:47:49,139: elbo_loss:129077.8984375, custom_loss:9558.1044921875
2024-09-01 19:48:50,042: elbo_loss:128986.328125, custom_loss:9347.2998046875
2024-09-01 19:48:50,054: [iteration 50001] loss: 11.2953
2024-09-01 19:49:50,887: elbo_loss:129185.875, custom_loss:9392.6943359375
2024-09-01 19:50:51,708: elbo_loss:129294.25, custom_loss:9382.3662109375
2024-09-01 19:51:52,523: elbo_loss:129090.6328125, custom_loss:9464.6005859375
2024-09-01 19:52:53,343: elbo_loss:129009.3515625, custom_loss:9359.5185546875
2024-09-01 19:53:54,173: elbo_loss:129100.46875, custom_loss:9462.984375
2024-09-01 19:54:55,052: elbo_loss:128997.53125, custom_loss:9404.728515625
2024-09-01 19:55:55,899: elbo_loss:128993.4765625, custom_loss:9517.564453125
2024-09-01 19:56:56,719: elbo_loss:129048.875, custom_loss:9442.6708984375
2024-09-01 19:57:57,563: elbo_loss:128910.8828125, custom_loss:9513.916015625
2024-09-01 19:58:58,399: elbo_loss:129168.5703125, custom_loss:9572.1728515625
2024-09-01 19:58:58,411: [iteration 60001] loss: 11.3285
2024-09-01 19:59:59,239: elbo_loss:129244.53125, custom_loss:9443.4541015625
2024-09-01 20:01:00,111: elbo_loss:129230.328125, custom_loss:9537.306640625
2024-09-01 20:02:00,971: elbo_loss:129222.2734375, custom_loss:9443.1572265625
2024-09-01 20:03:01,849: elbo_loss:128947.8125, custom_loss:9433.015625
2024-09-01 20:04:02,807: elbo_loss:129154.5, custom_loss:9489.1298828125
2024-09-01 20:05:03,862: elbo_loss:129112.4765625, custom_loss:9562.5390625
2024-09-01 20:06:04,854: elbo_loss:129108.1875, custom_loss:9315.7587890625
2024-09-01 20:07:05,891: elbo_loss:128984.3671875, custom_loss:9402.0654296875
2024-09-01 20:08:06,912: elbo_loss:129121.1484375, custom_loss:9476.212890625
2024-09-01 20:09:07,906: saved causal model in: models_save/cfpup.pt
2024-09-01 20:09:07,912: =========== evaluation for cfp_up predictor ================: {'RMSE': 0.8916056565233256, 'MAE': 0.7136955748518513}
2024-09-01 20:09:07,991: saved VAE model in: models_save/vae.pt
2024-09-01 20:09:08,029: constant
2024-09-01 20:09:08,029: {'MMD': {'0_1': 0.0, '0_2': 0.0, '1_2': 0.0, 'Average': 0.0}, 'Wass': {'0_1': 0.6330661773681641, '0_2': 0.6330661773681641, '1_2': 0.6330661773681641, 'Average': 0.6330661773681641}}
2024-09-01 20:09:08,064: full
2024-09-01 20:09:08,064: {'MMD': {'0_1': 7892.42041015625, '0_2': 31570.41796875, '1_2': 7892.78759765625, 'Average': 15785.208658854166}, 'Wass': {'0_1': 53.465450286865234, '0_2': 106.8216552734375, '1_2': 53.47417449951172, 'Average': 71.25376001993816}}
2024-09-01 20:09:08,100: unaware
2024-09-01 20:09:08,100: {'MMD': {'0_1': 732.869140625, '0_2': 2931.218505859375, '1_2': 732.7400512695312, 'Average': 1465.6092325846355}, 'Wass': {'0_1': 16.369098663330078, '0_2': 32.63066482543945, '1_2': 16.37492561340332, 'Average': 21.791563034057617}}
2024-09-01 20:09:08,134: cfpu
2024-09-01 20:09:08,134: {'MMD': {'0_1': 0.7826138138771057, '0_2': 2.6614792346954346, '1_2': 0.5576345920562744, 'Average': 1.3339092135429382}, 'Wass': {'0_1': 3.4643187522888184, '0_2': 3.4252562522888184, '1_2': 3.3787381649017334, 'Average': 3.4227710564931235}}
2024-09-01 20:09:08,168: cfpup
2024-09-01 20:09:08,168: {'MMD': {'0_1': 1.2953870296478271, '0_2': 4.405331611633301, '1_2': 0.9230164885520935, 'Average': 2.207911709944407}, 'Wass': {'0_1': 4.360641002655029, '0_2': 4.309430122375488, '1_2': 4.249960899353027, 'Average': 4.306677341461182}}
